[1.229s] Invoking command in '/home/ecd507/f1tenth_ws/src/f1tenth_system/teleop_tools/joy_teleop': AMENT_PREFIX_PATH=/home/ecd507/f1tenth_ws/install/teleop_tools_msgs CMAKE_PREFIX_PATH=/home/ecd507/f1tenth_ws/install/teleop_tools_msgs LD_LIBRARY_PATH=/home/ecd507/f1tenth_ws/install/teleop_tools_msgs/lib PYTHONPATH=/home/ecd507/f1tenth_ws/build/joy_teleop/prefix_override:/usr/lib/python3/dist-packages/colcon_core/task/python/colcon_distutils_commands:/home/ecd507/f1tenth_ws/install/joy_teleop/lib/python3.10/site-packages:/home/ecd507/f1tenth_ws/install/teleop_tools_msgs/local/lib/python3.10/dist-packages /usr/bin/python3 -W ignore:setup.py install is deprecated -W ignore:easy_install command is deprecated setup.py egg_info --egg-base ../../../../build/joy_teleop build --build-base /home/ecd507/f1tenth_ws/build/joy_teleop/build install --record /home/ecd507/f1tenth_ws/build/joy_teleop/install.log --install-scripts $base/lib/joy_teleop --single-version-externally-managed install_data
[1.610s] /usr/lib/python3/dist-packages/setuptools/dist.py:723: UserWarning: Usage of dash-separated 'script-dir' will not be supported in future versions. Please use the underscore name 'script_dir' instead
[1.610s]   warnings.warn(
[1.626s] running egg_info
[1.627s] writing ../../../../build/joy_teleop/joy_teleop.egg-info/PKG-INFO
[1.629s] writing dependency_links to ../../../../build/joy_teleop/joy_teleop.egg-info/dependency_links.txt
[1.630s] writing entry points to ../../../../build/joy_teleop/joy_teleop.egg-info/entry_points.txt
[1.630s] writing requirements to ../../../../build/joy_teleop/joy_teleop.egg-info/requires.txt
[1.630s] writing top-level names to ../../../../build/joy_teleop/joy_teleop.egg-info/top_level.txt
[1.634s] reading manifest file '../../../../build/joy_teleop/joy_teleop.egg-info/SOURCES.txt'
[1.636s] writing manifest file '../../../../build/joy_teleop/joy_teleop.egg-info/SOURCES.txt'
[1.636s] running build
[1.637s] running build_py
[1.639s] running install
[1.640s] running install_lib
[1.643s] running install_data
[1.646s] running install_egg_info
[1.649s] removing '/home/ecd507/f1tenth_ws/install/joy_teleop/lib/python3.10/site-packages/joy_teleop-0.3.0-py3.10.egg-info' (and everything under it)
[1.650s] Copying ../../../../build/joy_teleop/joy_teleop.egg-info to /home/ecd507/f1tenth_ws/install/joy_teleop/lib/python3.10/site-packages/joy_teleop-0.3.0-py3.10.egg-info
[1.652s] running install_scripts
[1.692s] Installing incrementer_server script to /home/ecd507/f1tenth_ws/install/joy_teleop/lib/joy_teleop
[1.693s] Installing joy_teleop script to /home/ecd507/f1tenth_ws/install/joy_teleop/lib/joy_teleop
[1.694s] writing list of installed files to '/home/ecd507/f1tenth_ws/build/joy_teleop/install.log'
[1.758s] Invoked command in '/home/ecd507/f1tenth_ws/src/f1tenth_system/teleop_tools/joy_teleop' returned '0': AMENT_PREFIX_PATH=/home/ecd507/f1tenth_ws/install/teleop_tools_msgs CMAKE_PREFIX_PATH=/home/ecd507/f1tenth_ws/install/teleop_tools_msgs LD_LIBRARY_PATH=/home/ecd507/f1tenth_ws/install/teleop_tools_msgs/lib PYTHONPATH=/home/ecd507/f1tenth_ws/build/joy_teleop/prefix_override:/usr/lib/python3/dist-packages/colcon_core/task/python/colcon_distutils_commands:/home/ecd507/f1tenth_ws/install/joy_teleop/lib/python3.10/site-packages:/home/ecd507/f1tenth_ws/install/teleop_tools_msgs/local/lib/python3.10/dist-packages /usr/bin/python3 -W ignore:setup.py install is deprecated -W ignore:easy_install command is deprecated setup.py egg_info --egg-base ../../../../build/joy_teleop build --build-base /home/ecd507/f1tenth_ws/build/joy_teleop/build install --record /home/ecd507/f1tenth_ws/build/joy_teleop/install.log --install-scripts $base/lib/joy_teleop --single-version-externally-managed install_data
