[2.792s] Invoking command in '/home/ecd507/f1tenth_ws/src/ros2_camera': PYTHONPATH=/home/ecd507/f1tenth_ws/build/ros2_camera/prefix_override:/usr/lib/python3/dist-packages/colcon_core/task/python/colcon_distutils_commands:/home/ecd507/f1tenth_ws/install/ros2_camera/lib/python3.10/site-packages:${PYTHONPATH} /usr/bin/python3 -W ignore:setup.py install is deprecated -W ignore:easy_install command is deprecated setup.py egg_info --egg-base ../../build/ros2_camera build --build-base /home/ecd507/f1tenth_ws/build/ros2_camera/build install --record /home/ecd507/f1tenth_ws/build/ros2_camera/install.log --single-version-externally-managed install_data
[3.399s] running egg_info
[3.401s] writing ../../build/ros2_camera/ros2_camera.egg-info/PKG-INFO
[3.402s] writing dependency_links to ../../build/ros2_camera/ros2_camera.egg-info/dependency_links.txt
[3.402s] writing entry points to ../../build/ros2_camera/ros2_camera.egg-info/entry_points.txt
[3.402s] writing requirements to ../../build/ros2_camera/ros2_camera.egg-info/requires.txt
[3.402s] writing top-level names to ../../build/ros2_camera/ros2_camera.egg-info/top_level.txt
[3.408s] reading manifest file '../../build/ros2_camera/ros2_camera.egg-info/SOURCES.txt'
[3.409s] adding license file 'LICENSE'
[3.418s] writing manifest file '../../build/ros2_camera/ros2_camera.egg-info/SOURCES.txt'
[3.419s] running build
[3.419s] running build_py
[3.420s] copying ros2_camera/camera_node.py -> /home/ecd507/f1tenth_ws/build/ros2_camera/build/lib/ros2_camera
[3.420s] running install
[3.421s] running install_lib
[3.421s] copying /home/ecd507/f1tenth_ws/build/ros2_camera/build/lib/ros2_camera/camera_node.py -> /home/ecd507/f1tenth_ws/install/ros2_camera/lib/python3.10/site-packages/ros2_camera
[3.422s] byte-compiling /home/ecd507/f1tenth_ws/install/ros2_camera/lib/python3.10/site-packages/ros2_camera/camera_node.py to camera_node.cpython-310.pyc
[3.422s] running install_data
[3.423s] running install_egg_info
[3.427s] removing '/home/ecd507/f1tenth_ws/install/ros2_camera/lib/python3.10/site-packages/ros2_camera-0.0.0-py3.10.egg-info' (and everything under it)
[3.427s] Copying ../../build/ros2_camera/ros2_camera.egg-info to /home/ecd507/f1tenth_ws/install/ros2_camera/lib/python3.10/site-packages/ros2_camera-0.0.0-py3.10.egg-info
[3.429s] running install_scripts
[3.477s] Installing camera_node script to /home/ecd507/f1tenth_ws/install/ros2_camera/lib/ros2_camera
[3.478s] writing list of installed files to '/home/ecd507/f1tenth_ws/build/ros2_camera/install.log'
[4.199s] Invoked command in '/home/ecd507/f1tenth_ws/src/ros2_camera' returned '0': PYTHONPATH=/home/ecd507/f1tenth_ws/build/ros2_camera/prefix_override:/usr/lib/python3/dist-packages/colcon_core/task/python/colcon_distutils_commands:/home/ecd507/f1tenth_ws/install/ros2_camera/lib/python3.10/site-packages:${PYTHONPATH} /usr/bin/python3 -W ignore:setup.py install is deprecated -W ignore:easy_install command is deprecated setup.py egg_info --egg-base ../../build/ros2_camera build --build-base /home/ecd507/f1tenth_ws/build/ros2_camera/build install --record /home/ecd507/f1tenth_ws/build/ros2_camera/install.log --single-version-externally-managed install_data
