[1.461s] Invoking command in '/home/ecd507/f1tenth_ws/build/vesc_ackermann': CMAKE_PREFIX_PATH=/home/ecd507/f1tenth_ws/install/vesc_msgs:/home/ecd507/f1tenth_ws/install/vesc:/home/ecd507/f1tenth_ws/install/vesc_driver:/home/ecd507/f1tenth_ws/install/vesc_ackermann:/home/ecd507/f1tenth_ws/install/teleop_tools:/home/ecd507/f1tenth_ws/install/teleop_tools_msgs:/home/ecd507/f1tenth_ws/install/ackermann_mux:/home/ecd507/f1tenth_ws/install/f1tenth_stack:/home/ecd507/f1tenth_ws/install/joy_teleop:/home/ecd507/f1tenth_ws/install/ros2_camera:/home/ecd507/f1tenth_ws/install/mouse_teleop:/home/ecd507/f1tenth_ws/install/ml_drive:/home/ecd507/f1tenth_ws/install/ml_algorithm_pkg:/home/ecd507/f1tenth_ws/install/ml_algorithm:/home/ecd507/f1tenth_ws/install/key_teleop:/home/ecd507/f1tenth_ws/install/data_logger:/opt/ros/humble LD_LIBRARY_PATH=/home/ecd507/f1tenth_ws/install/vesc_msgs/lib:/home/ecd507/f1tenth_ws/install/vesc_driver/lib:/home/ecd507/f1tenth_ws/install/vesc_ackermann/lib:/home/ecd507/f1tenth_ws/install/teleop_tools_msgs/lib:/opt/ros/humble/opt/rviz_ogre_vendor/lib:/opt/ros/humble/lib/aarch64-linux-gnu:/opt/ros/humble/lib:/usr/local/cuda/lib64 /usr/bin/cmake --build /home/ecd507/f1tenth_ws/build/vesc_ackermann -- -j6 -l6
[1.607s] [ 28%] Built target vesc_to_odom_node
[1.611s] [ 57%] Built target ackermann_to_vesc_node
[1.625s] [100%] Built target vesc_ackermann
[2.344s] Invoked command in '/home/ecd507/f1tenth_ws/build/vesc_ackermann' returned '0': CMAKE_PREFIX_PATH=/home/ecd507/f1tenth_ws/install/vesc_msgs:/home/ecd507/f1tenth_ws/install/vesc:/home/ecd507/f1tenth_ws/install/vesc_driver:/home/ecd507/f1tenth_ws/install/vesc_ackermann:/home/ecd507/f1tenth_ws/install/teleop_tools:/home/ecd507/f1tenth_ws/install/teleop_tools_msgs:/home/ecd507/f1tenth_ws/install/ackermann_mux:/home/ecd507/f1tenth_ws/install/f1tenth_stack:/home/ecd507/f1tenth_ws/install/joy_teleop:/home/ecd507/f1tenth_ws/install/ros2_camera:/home/ecd507/f1tenth_ws/install/mouse_teleop:/home/ecd507/f1tenth_ws/install/ml_drive:/home/ecd507/f1tenth_ws/install/ml_algorithm_pkg:/home/ecd507/f1tenth_ws/install/ml_algorithm:/home/ecd507/f1tenth_ws/install/key_teleop:/home/ecd507/f1tenth_ws/install/data_logger:/opt/ros/humble LD_LIBRARY_PATH=/home/ecd507/f1tenth_ws/install/vesc_msgs/lib:/home/ecd507/f1tenth_ws/install/vesc_driver/lib:/home/ecd507/f1tenth_ws/install/vesc_ackermann/lib:/home/ecd507/f1tenth_ws/install/teleop_tools_msgs/lib:/opt/ros/humble/opt/rviz_ogre_vendor/lib:/opt/ros/humble/lib/aarch64-linux-gnu:/opt/ros/humble/lib:/usr/local/cuda/lib64 /usr/bin/cmake --build /home/ecd507/f1tenth_ws/build/vesc_ackermann -- -j6 -l6
[2.347s] Invoking command in '/home/ecd507/f1tenth_ws/build/vesc_ackermann': CMAKE_PREFIX_PATH=/home/ecd507/f1tenth_ws/install/vesc_msgs:/home/ecd507/f1tenth_ws/install/vesc:/home/ecd507/f1tenth_ws/install/vesc_driver:/home/ecd507/f1tenth_ws/install/vesc_ackermann:/home/ecd507/f1tenth_ws/install/teleop_tools:/home/ecd507/f1tenth_ws/install/teleop_tools_msgs:/home/ecd507/f1tenth_ws/install/ackermann_mux:/home/ecd507/f1tenth_ws/install/f1tenth_stack:/home/ecd507/f1tenth_ws/install/joy_teleop:/home/ecd507/f1tenth_ws/install/ros2_camera:/home/ecd507/f1tenth_ws/install/mouse_teleop:/home/ecd507/f1tenth_ws/install/ml_drive:/home/ecd507/f1tenth_ws/install/ml_algorithm_pkg:/home/ecd507/f1tenth_ws/install/ml_algorithm:/home/ecd507/f1tenth_ws/install/key_teleop:/home/ecd507/f1tenth_ws/install/data_logger:/opt/ros/humble LD_LIBRARY_PATH=/home/ecd507/f1tenth_ws/install/vesc_msgs/lib:/home/ecd507/f1tenth_ws/install/vesc_driver/lib:/home/ecd507/f1tenth_ws/install/vesc_ackermann/lib:/home/ecd507/f1tenth_ws/install/teleop_tools_msgs/lib:/opt/ros/humble/opt/rviz_ogre_vendor/lib:/opt/ros/humble/lib/aarch64-linux-gnu:/opt/ros/humble/lib:/usr/local/cuda/lib64 /usr/bin/cmake --install /home/ecd507/f1tenth_ws/build/vesc_ackermann
[2.367s] -- Install configuration: ""
[2.367s] -- Up-to-date: /home/ecd507/f1tenth_ws/install/vesc_ackermann/lib/vesc_ackermann/ackermann_to_vesc_node
[2.368s] -- Up-to-date: /home/ecd507/f1tenth_ws/install/vesc_ackermann/lib/vesc_ackermann/vesc_to_odom_node
[2.368s] -- Up-to-date: /home/ecd507/f1tenth_ws/install/vesc_ackermann/include
[2.368s] -- Up-to-date: /home/ecd507/f1tenth_ws/install/vesc_ackermann/include/vesc_ackermann
[2.368s] -- Up-to-date: /home/ecd507/f1tenth_ws/install/vesc_ackermann/include/vesc_ackermann/vesc_to_odom.hpp
[2.368s] -- Up-to-date: /home/ecd507/f1tenth_ws/install/vesc_ackermann/include/vesc_ackermann/ackermann_to_vesc.hpp
[2.368s] -- Up-to-date: /home/ecd507/f1tenth_ws/install/vesc_ackermann/share/vesc_ackermann/environment/library_path.sh
[2.368s] -- Up-to-date: /home/ecd507/f1tenth_ws/install/vesc_ackermann/share/vesc_ackermann/environment/library_path.dsv
[2.369s] -- Up-to-date: /home/ecd507/f1tenth_ws/install/vesc_ackermann/lib/libvesc_ackermann.so
[2.369s] -- Up-to-date: /home/ecd507/f1tenth_ws/install/vesc_ackermann/share/vesc_ackermann/launch
[2.369s] -- Up-to-date: /home/ecd507/f1tenth_ws/install/vesc_ackermann/share/vesc_ackermann/launch/ackermann_to_vesc_node.launch.xml
[2.369s] -- Up-to-date: /home/ecd507/f1tenth_ws/install/vesc_ackermann/share/vesc_ackermann/launch/vesc_to_odom_node.launch.xml
[2.369s] -- Up-to-date: /home/ecd507/f1tenth_ws/install/vesc_ackermann/share/ament_index/resource_index/package_run_dependencies/vesc_ackermann
[2.370s] -- Up-to-date: /home/ecd507/f1tenth_ws/install/vesc_ackermann/share/ament_index/resource_index/parent_prefix_path/vesc_ackermann
[2.370s] -- Up-to-date: /home/ecd507/f1tenth_ws/install/vesc_ackermann/share/vesc_ackermann/environment/ament_prefix_path.sh
[2.370s] -- Up-to-date: /home/ecd507/f1tenth_ws/install/vesc_ackermann/share/vesc_ackermann/environment/ament_prefix_path.dsv
[2.370s] -- Up-to-date: /home/ecd507/f1tenth_ws/install/vesc_ackermann/share/vesc_ackermann/environment/path.sh
[2.370s] -- Up-to-date: /home/ecd507/f1tenth_ws/install/vesc_ackermann/share/vesc_ackermann/environment/path.dsv
[2.370s] -- Up-to-date: /home/ecd507/f1tenth_ws/install/vesc_ackermann/share/vesc_ackermann/local_setup.bash
[2.371s] -- Up-to-date: /home/ecd507/f1tenth_ws/install/vesc_ackermann/share/vesc_ackermann/local_setup.sh
[2.371s] -- Up-to-date: /home/ecd507/f1tenth_ws/install/vesc_ackermann/share/vesc_ackermann/local_setup.zsh
[2.371s] -- Up-to-date: /home/ecd507/f1tenth_ws/install/vesc_ackermann/share/vesc_ackermann/local_setup.dsv
[2.371s] -- Installing: /home/ecd507/f1tenth_ws/install/vesc_ackermann/share/vesc_ackermann/package.dsv
[2.371s] -- Up-to-date: /home/ecd507/f1tenth_ws/install/vesc_ackermann/share/ament_index/resource_index/packages/vesc_ackermann
[2.371s] -- Up-to-date: /home/ecd507/f1tenth_ws/install/vesc_ackermann/share/ament_index/resource_index/rclcpp_components/vesc_ackermann
[2.371s] -- Up-to-date: /home/ecd507/f1tenth_ws/install/vesc_ackermann/share/vesc_ackermann/cmake/ament_cmake_export_dependencies-extras.cmake
[2.371s] -- Up-to-date: /home/ecd507/f1tenth_ws/install/vesc_ackermann/share/vesc_ackermann/cmake/ament_cmake_export_include_directories-extras.cmake
[2.372s] -- Up-to-date: /home/ecd507/f1tenth_ws/install/vesc_ackermann/share/vesc_ackermann/cmake/ament_cmake_export_libraries-extras.cmake
[2.372s] -- Up-to-date: /home/ecd507/f1tenth_ws/install/vesc_ackermann/share/vesc_ackermann/cmake/vesc_ackermannConfig.cmake
[2.372s] -- Up-to-date: /home/ecd507/f1tenth_ws/install/vesc_ackermann/share/vesc_ackermann/cmake/vesc_ackermannConfig-version.cmake
[2.376s] -- Up-to-date: /home/ecd507/f1tenth_ws/install/vesc_ackermann/share/vesc_ackermann/package.xml
[2.395s] Invoked command in '/home/ecd507/f1tenth_ws/build/vesc_ackermann' returned '0': CMAKE_PREFIX_PATH=/home/ecd507/f1tenth_ws/install/vesc_msgs:/home/ecd507/f1tenth_ws/install/vesc:/home/ecd507/f1tenth_ws/install/vesc_driver:/home/ecd507/f1tenth_ws/install/vesc_ackermann:/home/ecd507/f1tenth_ws/install/teleop_tools:/home/ecd507/f1tenth_ws/install/teleop_tools_msgs:/home/ecd507/f1tenth_ws/install/ackermann_mux:/home/ecd507/f1tenth_ws/install/f1tenth_stack:/home/ecd507/f1tenth_ws/install/joy_teleop:/home/ecd507/f1tenth_ws/install/ros2_camera:/home/ecd507/f1tenth_ws/install/mouse_teleop:/home/ecd507/f1tenth_ws/install/ml_drive:/home/ecd507/f1tenth_ws/install/ml_algorithm_pkg:/home/ecd507/f1tenth_ws/install/ml_algorithm:/home/ecd507/f1tenth_ws/install/key_teleop:/home/ecd507/f1tenth_ws/install/data_logger:/opt/ros/humble LD_LIBRARY_PATH=/home/ecd507/f1tenth_ws/install/vesc_msgs/lib:/home/ecd507/f1tenth_ws/install/vesc_driver/lib:/home/ecd507/f1tenth_ws/install/vesc_ackermann/lib:/home/ecd507/f1tenth_ws/install/teleop_tools_msgs/lib:/opt/ros/humble/opt/rviz_ogre_vendor/lib:/opt/ros/humble/lib/aarch64-linux-gnu:/opt/ros/humble/lib:/usr/local/cuda/lib64 /usr/bin/cmake --install /home/ecd507/f1tenth_ws/build/vesc_ackermann
