[4.912s] Invoking command in '/home/ecd507/f1tenth_ws/src/data_logger': PYTHONPATH=/home/ecd507/f1tenth_ws/build/data_logger/prefix_override:/usr/lib/python3/dist-packages/colcon_core/task/python/colcon_distutils_commands:/home/ecd507/f1tenth_ws/install/data_logger/lib/python3.10/site-packages:${PYTHONPATH} /usr/bin/python3 -W ignore:setup.py install is deprecated -W ignore:easy_install command is deprecated setup.py egg_info --egg-base ../../build/data_logger build --build-base /home/ecd507/f1tenth_ws/build/data_logger/build install --record /home/ecd507/f1tenth_ws/build/data_logger/install.log --single-version-externally-managed install_data
[5.873s] running egg_info
[5.875s] writing ../../build/data_logger/data_logger.egg-info/PKG-INFO
[5.879s] writing dependency_links to ../../build/data_logger/data_logger.egg-info/dependency_links.txt
[5.880s] writing entry points to ../../build/data_logger/data_logger.egg-info/entry_points.txt
[5.881s] writing requirements to ../../build/data_logger/data_logger.egg-info/requires.txt
[5.881s] writing top-level names to ../../build/data_logger/data_logger.egg-info/top_level.txt
[5.892s] reading manifest file '../../build/data_logger/data_logger.egg-info/SOURCES.txt'
[5.899s] writing manifest file '../../build/data_logger/data_logger.egg-info/SOURCES.txt'
[5.899s] running build
[5.899s] running build_py
[5.900s] running install
[5.901s] running install_lib
[5.906s] running install_data
[5.907s] running install_egg_info
[5.912s] removing '/home/ecd507/f1tenth_ws/install/data_logger/lib/python3.10/site-packages/data_logger-0.0.0-py3.10.egg-info' (and everything under it)
[5.913s] Copying ../../build/data_logger/data_logger.egg-info to /home/ecd507/f1tenth_ws/install/data_logger/lib/python3.10/site-packages/data_logger-0.0.0-py3.10.egg-info
[5.915s] running install_scripts
[5.976s] Installing data_collector script to /home/ecd507/f1tenth_ws/install/data_logger/lib/data_logger
[5.977s] writing list of installed files to '/home/ecd507/f1tenth_ws/build/data_logger/install.log'
[6.086s] Invoked command in '/home/ecd507/f1tenth_ws/src/data_logger' returned '0': PYTHONPATH=/home/ecd507/f1tenth_ws/build/data_logger/prefix_override:/usr/lib/python3/dist-packages/colcon_core/task/python/colcon_distutils_commands:/home/ecd507/f1tenth_ws/install/data_logger/lib/python3.10/site-packages:${PYTHONPATH} /usr/bin/python3 -W ignore:setup.py install is deprecated -W ignore:easy_install command is deprecated setup.py egg_info --egg-base ../../build/data_logger build --build-base /home/ecd507/f1tenth_ws/build/data_logger/build install --record /home/ecd507/f1tenth_ws/build/data_logger/install.log --single-version-externally-managed install_data
