[0.080s] Invoking command in '/home/ecd507/f1tenth_ws/build/vesc_msgs': CMAKE_PREFIX_PATH=${CMAKE_PREFIX_PATH}:/home/ecd507/f1tenth_ws/install/f1tenth_stack:/home/ecd507/f1tenth_ws/install/joy_teleop:/home/ecd507/f1tenth_ws/install/ros2_camera:/home/ecd507/f1tenth_ws/install/mouse_teleop:/home/ecd507/f1tenth_ws/install/ml_algorithim_pkg:/home/ecd507/f1tenth_ws/install/key_teleop:/opt/ros/humble /usr/bin/cmake --build /home/ecd507/f1tenth_ws/build/vesc_msgs -- -j6 -l6
[1.521s] [  1%] Built target vesc_msgs__cpp
[1.521s] [ 12%] Built target vesc_msgs__rosidl_generator_c
[1.522s] [ 18%] Built target ament_cmake_python_copy_vesc_msgs
[1.524s] [ 29%] Built target vesc_msgs__rosidl_typesupport_fastrtps_cpp
[1.524s] [ 34%] Built target vesc_msgs__rosidl_typesupport_cpp
[1.525s] [ 45%] Built target vesc_msgs__rosidl_typesupport_introspection_cpp
[1.525s] [ 56%] Built target vesc_msgs__rosidl_typesupport_fastrtps_c
[1.525s] [ 67%] Built target vesc_msgs__rosidl_typesupport_c
[1.525s] [ 78%] Built target vesc_msgs__rosidl_typesupport_introspection_c
[1.525s] [ 78%] Built target vesc_msgs
[1.525s] [ 80%] Built target vesc_msgs__py
[1.526s] [ 89%] Built target vesc_msgs__rosidl_generator_py
[1.526s] [ 92%] Built target vesc_msgs__rosidl_typesupport_fastrtps_c__pyext
[1.526s] [ 96%] Built target vesc_msgs__rosidl_typesupport_introspection_c__pyext
[1.526s] [100%] Built target vesc_msgs__rosidl_typesupport_c__pyext
[1.526s] running egg_info
[1.527s] writing vesc_msgs.egg-info/PKG-INFO
[1.527s] writing dependency_links to vesc_msgs.egg-info/dependency_links.txt
[1.527s] writing top-level names to vesc_msgs.egg-info/top_level.txt
[1.527s] reading manifest file 'vesc_msgs.egg-info/SOURCES.txt'
[1.528s] writing manifest file 'vesc_msgs.egg-info/SOURCES.txt'
[1.528s] [100%] Built target ament_cmake_python_build_vesc_msgs_egg
