[2.412s] Invoking command in '/home/ecd507/f1tenth_ws/build/vesc_ackermann': CMAKE_PREFIX_PATH=/home/ecd507/f1tenth_ws/install/vesc_msgs:/home/ecd507/f1tenth_ws/install/vesc:/home/ecd507/f1tenth_ws/install/vesc_driver:/home/ecd507/f1tenth_ws/install/vesc_ackermann:/home/ecd507/f1tenth_ws/install/teleop_tools:/home/ecd507/f1tenth_ws/install/teleop_tools_msgs:/home/ecd507/f1tenth_ws/install/ackermann_mux:/home/ecd507/f1tenth_ws/install/f1tenth_stack:/home/ecd507/f1tenth_ws/install/joy_teleop:/home/ecd507/f1tenth_ws/install/ros2_camera:/home/ecd507/f1tenth_ws/install/mouse_teleop:/home/ecd507/f1tenth_ws/install/ml_drive:/home/ecd507/f1tenth_ws/install/ml_algorithm_pkg:/home/ecd507/f1tenth_ws/install/ml_algorithm:/home/ecd507/f1tenth_ws/install/key_teleop:/home/ecd507/f1tenth_ws/install/data_logger:/opt/ros/humble LD_LIBRARY_PATH=/home/ecd507/f1tenth_ws/install/vesc_msgs/lib:/home/ecd507/f1tenth_ws/install/vesc_driver/lib:/home/ecd507/f1tenth_ws/install/vesc_ackermann/lib:/home/ecd507/f1tenth_ws/install/teleop_tools_msgs/lib:/opt/ros/humble/opt/rviz_ogre_vendor/lib:/opt/ros/humble/lib/aarch64-linux-gnu:/opt/ros/humble/lib:/usr/local/cuda-12.6/lib64:/usr/local/cuda-12.6/lib64 /usr/bin/cmake --build /home/ecd507/f1tenth_ws/build/vesc_ackermann -- -j6 -l6
[2.858s] [ 28%] Built target vesc_to_odom_node
[2.908s] [ 71%] Built target vesc_ackermann
[2.946s] [100%] Built target ackermann_to_vesc_node
[3.935s] Invoked command in '/home/ecd507/f1tenth_ws/build/vesc_ackermann' returned '0': CMAKE_PREFIX_PATH=/home/ecd507/f1tenth_ws/install/vesc_msgs:/home/ecd507/f1tenth_ws/install/vesc:/home/ecd507/f1tenth_ws/install/vesc_driver:/home/ecd507/f1tenth_ws/install/vesc_ackermann:/home/ecd507/f1tenth_ws/install/teleop_tools:/home/ecd507/f1tenth_ws/install/teleop_tools_msgs:/home/ecd507/f1tenth_ws/install/ackermann_mux:/home/ecd507/f1tenth_ws/install/f1tenth_stack:/home/ecd507/f1tenth_ws/install/joy_teleop:/home/ecd507/f1tenth_ws/install/ros2_camera:/home/ecd507/f1tenth_ws/install/mouse_teleop:/home/ecd507/f1tenth_ws/install/ml_drive:/home/ecd507/f1tenth_ws/install/ml_algorithm_pkg:/home/ecd507/f1tenth_ws/install/ml_algorithm:/home/ecd507/f1tenth_ws/install/key_teleop:/home/ecd507/f1tenth_ws/install/data_logger:/opt/ros/humble LD_LIBRARY_PATH=/home/ecd507/f1tenth_ws/install/vesc_msgs/lib:/home/ecd507/f1tenth_ws/install/vesc_driver/lib:/home/ecd507/f1tenth_ws/install/vesc_ackermann/lib:/home/ecd507/f1tenth_ws/install/teleop_tools_msgs/lib:/opt/ros/humble/opt/rviz_ogre_vendor/lib:/opt/ros/humble/lib/aarch64-linux-gnu:/opt/ros/humble/lib:/usr/local/cuda-12.6/lib64:/usr/local/cuda-12.6/lib64 /usr/bin/cmake --build /home/ecd507/f1tenth_ws/build/vesc_ackermann -- -j6 -l6
[3.950s] Invoking command in '/home/ecd507/f1tenth_ws/build/vesc_ackermann': CMAKE_PREFIX_PATH=/home/ecd507/f1tenth_ws/install/vesc_msgs:/home/ecd507/f1tenth_ws/install/vesc:/home/ecd507/f1tenth_ws/install/vesc_driver:/home/ecd507/f1tenth_ws/install/vesc_ackermann:/home/ecd507/f1tenth_ws/install/teleop_tools:/home/ecd507/f1tenth_ws/install/teleop_tools_msgs:/home/ecd507/f1tenth_ws/install/ackermann_mux:/home/ecd507/f1tenth_ws/install/f1tenth_stack:/home/ecd507/f1tenth_ws/install/joy_teleop:/home/ecd507/f1tenth_ws/install/ros2_camera:/home/ecd507/f1tenth_ws/install/mouse_teleop:/home/ecd507/f1tenth_ws/install/ml_drive:/home/ecd507/f1tenth_ws/install/ml_algorithm_pkg:/home/ecd507/f1tenth_ws/install/ml_algorithm:/home/ecd507/f1tenth_ws/install/key_teleop:/home/ecd507/f1tenth_ws/install/data_logger:/opt/ros/humble LD_LIBRARY_PATH=/home/ecd507/f1tenth_ws/install/vesc_msgs/lib:/home/ecd507/f1tenth_ws/install/vesc_driver/lib:/home/ecd507/f1tenth_ws/install/vesc_ackermann/lib:/home/ecd507/f1tenth_ws/install/teleop_tools_msgs/lib:/opt/ros/humble/opt/rviz_ogre_vendor/lib:/opt/ros/humble/lib/aarch64-linux-gnu:/opt/ros/humble/lib:/usr/local/cuda-12.6/lib64:/usr/local/cuda-12.6/lib64 /usr/bin/cmake --install /home/ecd507/f1tenth_ws/build/vesc_ackermann
[4.012s] -- Install configuration: ""
[4.013s] -- Up-to-date: /home/ecd507/f1tenth_ws/install/vesc_ackermann/lib/vesc_ackermann/ackermann_to_vesc_node
[4.013s] -- Up-to-date: /home/ecd507/f1tenth_ws/install/vesc_ackermann/lib/vesc_ackermann/vesc_to_odom_node
[4.014s] -- Up-to-date: /home/ecd507/f1tenth_ws/install/vesc_ackermann/include
[4.015s] -- Up-to-date: /home/ecd507/f1tenth_ws/install/vesc_ackermann/include/vesc_ackermann
[4.016s] -- Up-to-date: /home/ecd507/f1tenth_ws/install/vesc_ackermann/include/vesc_ackermann/vesc_to_odom.hpp
[4.017s] -- Up-to-date: /home/ecd507/f1tenth_ws/install/vesc_ackermann/include/vesc_ackermann/ackermann_to_vesc.hpp
[4.021s] -- Up-to-date: /home/ecd507/f1tenth_ws/install/vesc_ackermann/share/vesc_ackermann/environment/library_path.sh
[4.021s] -- Up-to-date: /home/ecd507/f1tenth_ws/install/vesc_ackermann/share/vesc_ackermann/environment/library_path.dsv
[4.022s] -- Up-to-date: /home/ecd507/f1tenth_ws/install/vesc_ackermann/lib/libvesc_ackermann.so
[4.022s] -- Up-to-date: /home/ecd507/f1tenth_ws/install/vesc_ackermann/share/vesc_ackermann/launch
[4.022s] -- Up-to-date: /home/ecd507/f1tenth_ws/install/vesc_ackermann/share/vesc_ackermann/launch/ackermann_to_vesc_node.launch.xml
[4.022s] -- Up-to-date: /home/ecd507/f1tenth_ws/install/vesc_ackermann/share/vesc_ackermann/launch/vesc_to_odom_node.launch.xml
[4.022s] -- Up-to-date: /home/ecd507/f1tenth_ws/install/vesc_ackermann/share/ament_index/resource_index/package_run_dependencies/vesc_ackermann
[4.027s] -- Up-to-date: /home/ecd507/f1tenth_ws/install/vesc_ackermann/share/ament_index/resource_index/parent_prefix_path/vesc_ackermann
[4.028s] -- Up-to-date: /home/ecd507/f1tenth_ws/install/vesc_ackermann/share/vesc_ackermann/environment/ament_prefix_path.sh
[4.028s] -- Up-to-date: /home/ecd507/f1tenth_ws/install/vesc_ackermann/share/vesc_ackermann/environment/ament_prefix_path.dsv
[4.028s] -- Up-to-date: /home/ecd507/f1tenth_ws/install/vesc_ackermann/share/vesc_ackermann/environment/path.sh
[4.029s] -- Up-to-date: /home/ecd507/f1tenth_ws/install/vesc_ackermann/share/vesc_ackermann/environment/path.dsv
[4.029s] -- Up-to-date: /home/ecd507/f1tenth_ws/install/vesc_ackermann/share/vesc_ackermann/local_setup.bash
[4.029s] -- Up-to-date: /home/ecd507/f1tenth_ws/install/vesc_ackermann/share/vesc_ackermann/local_setup.sh
[4.029s] -- Up-to-date: /home/ecd507/f1tenth_ws/install/vesc_ackermann/share/vesc_ackermann/local_setup.zsh
[4.029s] -- Up-to-date: /home/ecd507/f1tenth_ws/install/vesc_ackermann/share/vesc_ackermann/local_setup.dsv
[4.029s] -- Installing: /home/ecd507/f1tenth_ws/install/vesc_ackermann/share/vesc_ackermann/package.dsv
[4.034s] -- Up-to-date: /home/ecd507/f1tenth_ws/install/vesc_ackermann/share/ament_index/resource_index/packages/vesc_ackermann
[4.034s] -- Up-to-date: /home/ecd507/f1tenth_ws/install/vesc_ackermann/share/ament_index/resource_index/rclcpp_components/vesc_ackermann
[4.034s] -- Up-to-date: /home/ecd507/f1tenth_ws/install/vesc_ackermann/share/vesc_ackermann/cmake/ament_cmake_export_dependencies-extras.cmake
[4.034s] -- Up-to-date: /home/ecd507/f1tenth_ws/install/vesc_ackermann/share/vesc_ackermann/cmake/ament_cmake_export_include_directories-extras.cmake
[4.035s] -- Up-to-date: /home/ecd507/f1tenth_ws/install/vesc_ackermann/share/vesc_ackermann/cmake/ament_cmake_export_libraries-extras.cmake
[4.035s] -- Up-to-date: /home/ecd507/f1tenth_ws/install/vesc_ackermann/share/vesc_ackermann/cmake/vesc_ackermannConfig.cmake
[4.035s] -- Up-to-date: /home/ecd507/f1tenth_ws/install/vesc_ackermann/share/vesc_ackermann/cmake/vesc_ackermannConfig-version.cmake
[4.035s] -- Up-to-date: /home/ecd507/f1tenth_ws/install/vesc_ackermann/share/vesc_ackermann/package.xml
[4.153s] Invoked command in '/home/ecd507/f1tenth_ws/build/vesc_ackermann' returned '0': CMAKE_PREFIX_PATH=/home/ecd507/f1tenth_ws/install/vesc_msgs:/home/ecd507/f1tenth_ws/install/vesc:/home/ecd507/f1tenth_ws/install/vesc_driver:/home/ecd507/f1tenth_ws/install/vesc_ackermann:/home/ecd507/f1tenth_ws/install/teleop_tools:/home/ecd507/f1tenth_ws/install/teleop_tools_msgs:/home/ecd507/f1tenth_ws/install/ackermann_mux:/home/ecd507/f1tenth_ws/install/f1tenth_stack:/home/ecd507/f1tenth_ws/install/joy_teleop:/home/ecd507/f1tenth_ws/install/ros2_camera:/home/ecd507/f1tenth_ws/install/mouse_teleop:/home/ecd507/f1tenth_ws/install/ml_drive:/home/ecd507/f1tenth_ws/install/ml_algorithm_pkg:/home/ecd507/f1tenth_ws/install/ml_algorithm:/home/ecd507/f1tenth_ws/install/key_teleop:/home/ecd507/f1tenth_ws/install/data_logger:/opt/ros/humble LD_LIBRARY_PATH=/home/ecd507/f1tenth_ws/install/vesc_msgs/lib:/home/ecd507/f1tenth_ws/install/vesc_driver/lib:/home/ecd507/f1tenth_ws/install/vesc_ackermann/lib:/home/ecd507/f1tenth_ws/install/teleop_tools_msgs/lib:/opt/ros/humble/opt/rviz_ogre_vendor/lib:/opt/ros/humble/lib/aarch64-linux-gnu:/opt/ros/humble/lib:/usr/local/cuda-12.6/lib64:/usr/local/cuda-12.6/lib64 /usr/bin/cmake --install /home/ecd507/f1tenth_ws/build/vesc_ackermann
