[0.055s] Invoking command in '/home/ecd507/f1tenth_ws/build/vesc_driver': CMAKE_PREFIX_PATH=/home/ecd507/f1tenth_ws/install/vesc_msgs:/home/ecd507/f1tenth_ws/install/vesc:/home/ecd507/f1tenth_ws/install/vesc_driver:/home/ecd507/f1tenth_ws/install/vesc_ackermann:/home/ecd507/f1tenth_ws/install/udp_driver:/home/ecd507/f1tenth_ws/install/teleop_tools:/home/ecd507/f1tenth_ws/install/teleop_tools_msgs:/home/ecd507/f1tenth_ws/install/serial_driver:/home/ecd507/f1tenth_ws/install/io_context:/home/ecd507/f1tenth_ws/install/asio_cmake_module:/home/ecd507/f1tenth_ws/install/ackermann_mux:/home/ecd507/f1tenth_ws/install/f1tenth_stack:/home/ecd507/f1tenth_ws/install/joy_teleop:/home/ecd507/f1tenth_ws/install/mouse_teleop:/home/ecd507/f1tenth_ws/install/key_teleop:/opt/ros/humble LD_LIBRARY_PATH=/home/ecd507/f1tenth_ws/install/vesc_msgs/lib:/home/ecd507/f1tenth_ws/install/vesc_driver/lib:/home/ecd507/f1tenth_ws/install/vesc_ackermann/lib:/home/ecd507/f1tenth_ws/install/udp_driver/lib:/home/ecd507/f1tenth_ws/install/teleop_tools_msgs/lib:/home/ecd507/f1tenth_ws/install/serial_driver/lib:/home/ecd507/f1tenth_ws/install/io_context/lib:/opt/ros/humble/opt/rviz_ogre_vendor/lib:/opt/ros/humble/lib/aarch64-linux-gnu:/opt/ros/humble/lib /usr/bin/cmake /home/ecd507/f1tenth_ws/src/f1tenth_system/vesc/vesc_driver -DCMAKE_INSTALL_PREFIX=/home/ecd507/f1tenth_ws/install/vesc_driver
[0.179s] -- The C compiler identification is GNU 11.4.0
[0.286s] -- The CXX compiler identification is GNU 11.4.0
[0.309s] -- Detecting C compiler ABI info
[0.460s] -- Detecting C compiler ABI info - done
[0.477s] -- Check for working C compiler: /usr/bin/cc - skipped
[0.477s] -- Detecting C compile features
[0.477s] -- Detecting C compile features - done
[0.481s] -- Detecting CXX compiler ABI info
[0.645s] -- Detecting CXX compiler ABI info - done
[0.659s] -- Check for working CXX compiler: /usr/bin/c++ - skipped
[0.659s] -- Detecting CXX compile features
[0.660s] -- Detecting CXX compile features - done
[0.665s] -- Found ament_cmake_auto: 1.3.11 (/opt/ros/humble/share/ament_cmake_auto/cmake)
[1.083s] -- Found Python3: /usr/bin/python3 (found version "3.10.12") found components: Interpreter 
[1.587s] -- Found rosidl_generator_c: 3.1.6 (/opt/ros/humble/share/rosidl_generator_c/cmake)
[1.597s] -- Found rosidl_adapter: 3.1.6 (/opt/ros/humble/share/rosidl_adapter/cmake)
[1.615s] -- Found rosidl_generator_cpp: 3.1.6 (/opt/ros/humble/share/rosidl_generator_cpp/cmake)
[1.642s] -- Using all available rosidl_typesupport_c: rosidl_typesupport_fastrtps_c;rosidl_typesupport_introspection_c
[1.676s] -- Using all available rosidl_typesupport_cpp: rosidl_typesupport_fastrtps_cpp;rosidl_typesupport_introspection_cpp
[1.772s] -- Found rmw_implementation_cmake: 6.1.2 (/opt/ros/humble/share/rmw_implementation_cmake/cmake)
[1.778s] -- Found rmw_fastrtps_cpp: 6.2.7 (/opt/ros/humble/share/rmw_fastrtps_cpp/cmake)
[1.955s] -- Found OpenSSL: /usr/lib/aarch64-linux-gnu/libcrypto.so (found version "3.0.2")  
[2.021s] -- Found FastRTPS: /opt/ros/humble/include  
[2.116s] -- Using RMW implementation 'rmw_fastrtps_cpp' as default
[2.137s] -- Looking for pthread.h
[2.282s] -- Looking for pthread.h - found
[2.282s] -- Performing Test CMAKE_HAVE_LIBC_PTHREAD
[2.430s] -- Performing Test CMAKE_HAVE_LIBC_PTHREAD - Success
[2.432s] -- Found Threads: TRUE  
[2.790s] [31mCMake Error at /opt/ros/humble/share/io_context/cmake/io_context-extras.cmake:17 (find_package):
[2.790s]   By not providing "Findasio_cmake_module.cmake" in CMAKE_MODULE_PATH this
[2.790s]   project has asked CMake to find a package configuration file provided by
[2.790s]   "asio_cmake_module", but CMake did not find one.
[2.791s] 
[2.791s]   Could not find a package configuration file provided by "asio_cmake_module"
[2.791s]   with any of the following names:
[2.791s] 
[2.791s]     asio_cmake_moduleConfig.cmake
[2.791s]     asio_cmake_module-config.cmake
[2.791s] 
[2.792s]   Add the installation prefix of "asio_cmake_module" to CMAKE_PREFIX_PATH or
[2.792s]   set "asio_cmake_module_DIR" to a directory containing one of the above
[2.792s]   files.  If "asio_cmake_module" provides a separate development package or
[2.792s]   SDK, be sure it has been installed.
[2.792s] Call Stack (most recent call first):
[2.792s]   /opt/ros/humble/share/io_context/cmake/io_contextConfig.cmake:41 (include)
[2.792s]   /opt/ros/humble/share/serial_driver/cmake/ament_cmake_export_dependencies-extras.cmake:21 (find_package)
[2.792s]   /opt/ros/humble/share/serial_driver/cmake/serial_driverConfig.cmake:41 (include)
[2.793s]   /opt/ros/humble/share/ament_cmake_auto/cmake/ament_auto_find_build_dependencies.cmake:67 (find_package)
[2.793s]   CMakeLists.txt:14 (ament_auto_find_build_dependencies)
[2.793s] 
[2.793s] [0m
[2.794s] -- Configuring incomplete, errors occurred!
[2.794s] See also "/home/ecd507/f1tenth_ws/build/vesc_driver/CMakeFiles/CMakeOutput.log".
[2.816s] Invoked command in '/home/ecd507/f1tenth_ws/build/vesc_driver' returned '1': CMAKE_PREFIX_PATH=/home/ecd507/f1tenth_ws/install/vesc_msgs:/home/ecd507/f1tenth_ws/install/vesc:/home/ecd507/f1tenth_ws/install/vesc_driver:/home/ecd507/f1tenth_ws/install/vesc_ackermann:/home/ecd507/f1tenth_ws/install/udp_driver:/home/ecd507/f1tenth_ws/install/teleop_tools:/home/ecd507/f1tenth_ws/install/teleop_tools_msgs:/home/ecd507/f1tenth_ws/install/serial_driver:/home/ecd507/f1tenth_ws/install/io_context:/home/ecd507/f1tenth_ws/install/asio_cmake_module:/home/ecd507/f1tenth_ws/install/ackermann_mux:/home/ecd507/f1tenth_ws/install/f1tenth_stack:/home/ecd507/f1tenth_ws/install/joy_teleop:/home/ecd507/f1tenth_ws/install/mouse_teleop:/home/ecd507/f1tenth_ws/install/key_teleop:/opt/ros/humble LD_LIBRARY_PATH=/home/ecd507/f1tenth_ws/install/vesc_msgs/lib:/home/ecd507/f1tenth_ws/install/vesc_driver/lib:/home/ecd507/f1tenth_ws/install/vesc_ackermann/lib:/home/ecd507/f1tenth_ws/install/udp_driver/lib:/home/ecd507/f1tenth_ws/install/teleop_tools_msgs/lib:/home/ecd507/f1tenth_ws/install/serial_driver/lib:/home/ecd507/f1tenth_ws/install/io_context/lib:/opt/ros/humble/opt/rviz_ogre_vendor/lib:/opt/ros/humble/lib/aarch64-linux-gnu:/opt/ros/humble/lib /usr/bin/cmake /home/ecd507/f1tenth_ws/src/f1tenth_system/vesc/vesc_driver -DCMAKE_INSTALL_PREFIX=/home/ecd507/f1tenth_ws/install/vesc_driver
