[0.074s] Invoking command in '/home/ecd507/f1tenth_ws/build/vesc_msgs': CMAKE_PREFIX_PATH=${CMAKE_PREFIX_PATH}:/home/ecd507/f1tenth_ws/install/f1tenth_stack:/home/ecd507/f1tenth_ws/install/joy_teleop:/home/ecd507/f1tenth_ws/install/ros2_camera:/home/ecd507/f1tenth_ws/install/mouse_teleop:/home/ecd507/f1tenth_ws/install/ml_algorithim_pkg:/home/ecd507/f1tenth_ws/install/key_teleop:/opt/ros/humble /usr/bin/cmake --build /home/ecd507/f1tenth_ws/build/vesc_msgs -- -j6 -l6
[1.378s] [  1%] Built target vesc_msgs__cpp
[1.378s] [ 12%] Built target vesc_msgs__rosidl_generator_c
[1.378s] [ 12%] Built target ament_cmake_python_copy_vesc_msgs
[1.379s] [ 23%] Built target vesc_msgs__rosidl_typesupport_cpp
[1.380s] [ 34%] Built target vesc_msgs__rosidl_typesupport_fastrtps_cpp
[1.380s] [ 45%] Built target vesc_msgs__rosidl_typesupport_fastrtps_c
[1.380s] [ 56%] Built target vesc_msgs__rosidl_typesupport_introspection_cpp
[1.380s] [ 67%] Built target vesc_msgs__rosidl_typesupport_introspection_c
[1.380s] [ 78%] Built target vesc_msgs__rosidl_typesupport_c
[1.380s] [ 78%] Built target vesc_msgs
[1.381s] [ 80%] Built target vesc_msgs__py
[1.381s] [ 89%] Built target vesc_msgs__rosidl_generator_py
[1.381s] [ 92%] Built target vesc_msgs__rosidl_typesupport_c__pyext
[1.381s] [ 96%] Built target vesc_msgs__rosidl_typesupport_fastrtps_c__pyext
[1.381s] [100%] Built target vesc_msgs__rosidl_typesupport_introspection_c__pyext
[1.381s] running egg_info
[1.381s] writing vesc_msgs.egg-info/PKG-INFO
[1.382s] writing dependency_links to vesc_msgs.egg-info/dependency_links.txt
[1.382s] writing top-level names to vesc_msgs.egg-info/top_level.txt
[1.382s] reading manifest file 'vesc_msgs.egg-info/SOURCES.txt'
[1.382s] writing manifest file 'vesc_msgs.egg-info/SOURCES.txt'
[1.382s] [100%] Built target ament_cmake_python_build_vesc_msgs_egg
[2.019s] Invoked command in '/home/ecd507/f1tenth_ws/build/vesc_msgs' returned '0': CMAKE_PREFIX_PATH=${CMAKE_PREFIX_PATH}:/home/ecd507/f1tenth_ws/install/f1tenth_stack:/home/ecd507/f1tenth_ws/install/joy_teleop:/home/ecd507/f1tenth_ws/install/ros2_camera:/home/ecd507/f1tenth_ws/install/mouse_teleop:/home/ecd507/f1tenth_ws/install/ml_algorithim_pkg:/home/ecd507/f1tenth_ws/install/key_teleop:/opt/ros/humble /usr/bin/cmake --build /home/ecd507/f1tenth_ws/build/vesc_msgs -- -j6 -l6
[2.021s] Invoking command in '/home/ecd507/f1tenth_ws/build/vesc_msgs': CMAKE_PREFIX_PATH=${CMAKE_PREFIX_PATH}:/home/ecd507/f1tenth_ws/install/f1tenth_stack:/home/ecd507/f1tenth_ws/install/joy_teleop:/home/ecd507/f1tenth_ws/install/ros2_camera:/home/ecd507/f1tenth_ws/install/mouse_teleop:/home/ecd507/f1tenth_ws/install/ml_algorithim_pkg:/home/ecd507/f1tenth_ws/install/key_teleop:/opt/ros/humble /usr/bin/cmake --install /home/ecd507/f1tenth_ws/build/vesc_msgs
[2.046s] -- Install configuration: ""
[2.046s] -- Up-to-date: /home/ecd507/f1tenth_ws/install/vesc_msgs/share/ament_index/resource_index/rosidl_interfaces/vesc_msgs
[2.058s] -- Up-to-date: /home/ecd507/f1tenth_ws/install/vesc_msgs/include/vesc_msgs/vesc_msgs
[2.059s] -- Up-to-date: /home/ecd507/f1tenth_ws/install/vesc_msgs/include/vesc_msgs/vesc_msgs/msg
[2.059s] -- Up-to-date: /home/ecd507/f1tenth_ws/install/vesc_msgs/include/vesc_msgs/vesc_msgs/msg/vesc_imu_stamped.h
[2.059s] -- Up-to-date: /home/ecd507/f1tenth_ws/install/vesc_msgs/include/vesc_msgs/vesc_msgs/msg/rosidl_generator_c__visibility_control.h
[2.060s] -- Up-to-date: /home/ecd507/f1tenth_ws/install/vesc_msgs/include/vesc_msgs/vesc_msgs/msg/vesc_imu.h
[2.060s] -- Up-to-date: /home/ecd507/f1tenth_ws/install/vesc_msgs/include/vesc_msgs/vesc_msgs/msg/detail
[2.060s] -- Up-to-date: /home/ecd507/f1tenth_ws/install/vesc_msgs/include/vesc_msgs/vesc_msgs/msg/detail/vesc_imu_stamped__functions.c
[2.060s] -- Up-to-date: /home/ecd507/f1tenth_ws/install/vesc_msgs/include/vesc_msgs/vesc_msgs/msg/detail/vesc_imu__functions.c
[2.060s] -- Up-to-date: /home/ecd507/f1tenth_ws/install/vesc_msgs/include/vesc_msgs/vesc_msgs/msg/detail/vesc_state__functions.c
[2.060s] -- Up-to-date: /home/ecd507/f1tenth_ws/install/vesc_msgs/include/vesc_msgs/vesc_msgs/msg/detail/vesc_state__functions.h
[2.060s] -- Up-to-date: /home/ecd507/f1tenth_ws/install/vesc_msgs/include/vesc_msgs/vesc_msgs/msg/detail/vesc_state_stamped__type_support.h
[2.061s] -- Up-to-date: /home/ecd507/f1tenth_ws/install/vesc_msgs/include/vesc_msgs/vesc_msgs/msg/detail/vesc_imu_stamped__type_support.h
[2.062s] -- Up-to-date: /home/ecd507/f1tenth_ws/install/vesc_msgs/include/vesc_msgs/vesc_msgs/msg/detail/vesc_state_stamped__functions.h
[2.062s] -- Up-to-date: /home/ecd507/f1tenth_ws/install/vesc_msgs/include/vesc_msgs/vesc_msgs/msg/detail/vesc_imu__type_support.h
[2.062s] -- Up-to-date: /home/ecd507/f1tenth_ws/install/vesc_msgs/include/vesc_msgs/vesc_msgs/msg/detail/vesc_state_stamped__functions.c
[2.062s] -- Up-to-date: /home/ecd507/f1tenth_ws/install/vesc_msgs/include/vesc_msgs/vesc_msgs/msg/detail/vesc_state__struct.h
[2.062s] -- Up-to-date: /home/ecd507/f1tenth_ws/install/vesc_msgs/include/vesc_msgs/vesc_msgs/msg/detail/vesc_state_stamped__struct.h
[2.062s] -- Up-to-date: /home/ecd507/f1tenth_ws/install/vesc_msgs/include/vesc_msgs/vesc_msgs/msg/detail/vesc_imu__struct.h
[2.063s] -- Up-to-date: /home/ecd507/f1tenth_ws/install/vesc_msgs/include/vesc_msgs/vesc_msgs/msg/detail/vesc_imu__functions.h
[2.063s] -- Up-to-date: /home/ecd507/f1tenth_ws/install/vesc_msgs/include/vesc_msgs/vesc_msgs/msg/detail/vesc_state__type_support.h
[2.063s] -- Up-to-date: /home/ecd507/f1tenth_ws/install/vesc_msgs/include/vesc_msgs/vesc_msgs/msg/detail/vesc_imu_stamped__functions.h
[2.063s] -- Up-to-date: /home/ecd507/f1tenth_ws/install/vesc_msgs/include/vesc_msgs/vesc_msgs/msg/detail/vesc_imu_stamped__struct.h
[2.063s] -- Up-to-date: /home/ecd507/f1tenth_ws/install/vesc_msgs/include/vesc_msgs/vesc_msgs/msg/vesc_state_stamped.h
[2.063s] -- Up-to-date: /home/ecd507/f1tenth_ws/install/vesc_msgs/include/vesc_msgs/vesc_msgs/msg/vesc_state.h
[2.063s] -- Up-to-date: /home/ecd507/f1tenth_ws/install/vesc_msgs/share/vesc_msgs/environment/library_path.sh
[2.063s] -- Up-to-date: /home/ecd507/f1tenth_ws/install/vesc_msgs/share/vesc_msgs/environment/library_path.dsv
[2.064s] -- Up-to-date: /home/ecd507/f1tenth_ws/install/vesc_msgs/lib/libvesc_msgs__rosidl_generator_c.so
[2.064s] -- Up-to-date: /home/ecd507/f1tenth_ws/install/vesc_msgs/include/vesc_msgs/vesc_msgs
[2.064s] -- Up-to-date: /home/ecd507/f1tenth_ws/install/vesc_msgs/include/vesc_msgs/vesc_msgs/msg
[2.064s] -- Up-to-date: /home/ecd507/f1tenth_ws/install/vesc_msgs/include/vesc_msgs/vesc_msgs/msg/detail
[2.064s] -- Up-to-date: /home/ecd507/f1tenth_ws/install/vesc_msgs/include/vesc_msgs/vesc_msgs/msg/detail/vesc_imu_stamped__rosidl_typesupport_fastrtps_c.h
[2.064s] -- Up-to-date: /home/ecd507/f1tenth_ws/install/vesc_msgs/include/vesc_msgs/vesc_msgs/msg/detail/vesc_state_stamped__rosidl_typesupport_fastrtps_c.h
[2.064s] -- Up-to-date: /home/ecd507/f1tenth_ws/install/vesc_msgs/include/vesc_msgs/vesc_msgs/msg/detail/vesc_state__rosidl_typesupport_fastrtps_c.h
[2.064s] -- Up-to-date: /home/ecd507/f1tenth_ws/install/vesc_msgs/include/vesc_msgs/vesc_msgs/msg/detail/vesc_imu__rosidl_typesupport_fastrtps_c.h
[2.065s] -- Up-to-date: /home/ecd507/f1tenth_ws/install/vesc_msgs/include/vesc_msgs/vesc_msgs/msg/rosidl_typesupport_fastrtps_c__visibility_control.h
[2.065s] -- Up-to-date: /home/ecd507/f1tenth_ws/install/vesc_msgs/lib/libvesc_msgs__rosidl_typesupport_fastrtps_c.so
[2.065s] -- Up-to-date: /home/ecd507/f1tenth_ws/install/vesc_msgs/include/vesc_msgs/vesc_msgs
[2.065s] -- Up-to-date: /home/ecd507/f1tenth_ws/install/vesc_msgs/include/vesc_msgs/vesc_msgs/msg
[2.073s] -- Up-to-date: /home/ecd507/f1tenth_ws/install/vesc_msgs/include/vesc_msgs/vesc_msgs/msg/detail
[2.074s] -- Up-to-date: /home/ecd507/f1tenth_ws/install/vesc_msgs/include/vesc_msgs/vesc_msgs/msg/detail/vesc_imu_stamped__rosidl_typesupport_introspection_c.h
[2.074s] -- Up-to-date: /home/ecd507/f1tenth_ws/install/vesc_msgs/include/vesc_msgs/vesc_msgs/msg/detail/vesc_imu__type_support.c
[2.074s] -- Up-to-date: /home/ecd507/f1tenth_ws/install/vesc_msgs/include/vesc_msgs/vesc_msgs/msg/detail/vesc_imu_stamped__type_support.c
[2.074s] -- Up-to-date: /home/ecd507/f1tenth_ws/install/vesc_msgs/include/vesc_msgs/vesc_msgs/msg/detail/vesc_state__rosidl_typesupport_introspection_c.h
[2.074s] -- Up-to-date: /home/ecd507/f1tenth_ws/install/vesc_msgs/include/vesc_msgs/vesc_msgs/msg/detail/vesc_state__type_support.c
[2.074s] -- Up-to-date: /home/ecd507/f1tenth_ws/install/vesc_msgs/include/vesc_msgs/vesc_msgs/msg/detail/vesc_state_stamped__type_support.c
[2.075s] -- Up-to-date: /home/ecd507/f1tenth_ws/install/vesc_msgs/include/vesc_msgs/vesc_msgs/msg/detail/vesc_imu__rosidl_typesupport_introspection_c.h
[2.075s] -- Up-to-date: /home/ecd507/f1tenth_ws/install/vesc_msgs/include/vesc_msgs/vesc_msgs/msg/detail/vesc_state_stamped__rosidl_typesupport_introspection_c.h
[2.075s] -- Up-to-date: /home/ecd507/f1tenth_ws/install/vesc_msgs/include/vesc_msgs/vesc_msgs/msg/rosidl_typesupport_introspection_c__visibility_control.h
[2.075s] -- Up-to-date: /home/ecd507/f1tenth_ws/install/vesc_msgs/lib/libvesc_msgs__rosidl_typesupport_introspection_c.so
[2.075s] -- Up-to-date: /home/ecd507/f1tenth_ws/install/vesc_msgs/lib/libvesc_msgs__rosidl_typesupport_c.so
[2.075s] -- Up-to-date: /home/ecd507/f1tenth_ws/install/vesc_msgs/include/vesc_msgs/vesc_msgs
[2.075s] -- Up-to-date: /home/ecd507/f1tenth_ws/install/vesc_msgs/include/vesc_msgs/vesc_msgs/msg
[2.076s] -- Up-to-date: /home/ecd507/f1tenth_ws/install/vesc_msgs/include/vesc_msgs/vesc_msgs/msg/vesc_imu_stamped.hpp
[2.076s] -- Up-to-date: /home/ecd507/f1tenth_ws/install/vesc_msgs/include/vesc_msgs/vesc_msgs/msg/detail
[2.076s] -- Up-to-date: /home/ecd507/f1tenth_ws/install/vesc_msgs/include/vesc_msgs/vesc_msgs/msg/detail/vesc_imu_stamped__type_support.hpp
[2.076s] -- Up-to-date: /home/ecd507/f1tenth_ws/install/vesc_msgs/include/vesc_msgs/vesc_msgs/msg/detail/vesc_state__struct.hpp
[2.076s] -- Up-to-date: /home/ecd507/f1tenth_ws/install/vesc_msgs/include/vesc_msgs/vesc_msgs/msg/detail/vesc_state_stamped__type_support.hpp
[2.076s] -- Up-to-date: /home/ecd507/f1tenth_ws/install/vesc_msgs/include/vesc_msgs/vesc_msgs/msg/detail/vesc_imu__type_support.hpp
[2.076s] -- Up-to-date: /home/ecd507/f1tenth_ws/install/vesc_msgs/include/vesc_msgs/vesc_msgs/msg/detail/vesc_imu_stamped__traits.hpp
[2.076s] -- Up-to-date: /home/ecd507/f1tenth_ws/install/vesc_msgs/include/vesc_msgs/vesc_msgs/msg/detail/vesc_state__traits.hpp
[2.077s] -- Up-to-date: /home/ecd507/f1tenth_ws/install/vesc_msgs/include/vesc_msgs/vesc_msgs/msg/detail/vesc_imu__builder.hpp
[2.077s] -- Up-to-date: /home/ecd507/f1tenth_ws/install/vesc_msgs/include/vesc_msgs/vesc_msgs/msg/detail/vesc_imu__struct.hpp
[2.077s] -- Up-to-date: /home/ecd507/f1tenth_ws/install/vesc_msgs/include/vesc_msgs/vesc_msgs/msg/detail/vesc_imu_stamped__builder.hpp
[2.077s] -- Up-to-date: /home/ecd507/f1tenth_ws/install/vesc_msgs/include/vesc_msgs/vesc_msgs/msg/detail/vesc_imu_stamped__struct.hpp
[2.077s] -- Up-to-date: /home/ecd507/f1tenth_ws/install/vesc_msgs/include/vesc_msgs/vesc_msgs/msg/detail/vesc_state__type_support.hpp
[2.077s] -- Up-to-date: /home/ecd507/f1tenth_ws/install/vesc_msgs/include/vesc_msgs/vesc_msgs/msg/detail/vesc_state_stamped__builder.hpp
[2.077s] -- Up-to-date: /home/ecd507/f1tenth_ws/install/vesc_msgs/include/vesc_msgs/vesc_msgs/msg/detail/vesc_state_stamped__traits.hpp
[2.077s] -- Up-to-date: /home/ecd507/f1tenth_ws/install/vesc_msgs/include/vesc_msgs/vesc_msgs/msg/detail/vesc_imu__traits.hpp
[2.078s] -- Up-to-date: /home/ecd507/f1tenth_ws/install/vesc_msgs/include/vesc_msgs/vesc_msgs/msg/detail/vesc_state__builder.hpp
[2.078s] -- Up-to-date: /home/ecd507/f1tenth_ws/install/vesc_msgs/include/vesc_msgs/vesc_msgs/msg/detail/vesc_state_stamped__struct.hpp
[2.078s] -- Up-to-date: /home/ecd507/f1tenth_ws/install/vesc_msgs/include/vesc_msgs/vesc_msgs/msg/vesc_state.hpp
[2.078s] -- Up-to-date: /home/ecd507/f1tenth_ws/install/vesc_msgs/include/vesc_msgs/vesc_msgs/msg/vesc_imu.hpp
[2.078s] -- Up-to-date: /home/ecd507/f1tenth_ws/install/vesc_msgs/include/vesc_msgs/vesc_msgs/msg/vesc_state_stamped.hpp
[2.078s] -- Up-to-date: /home/ecd507/f1tenth_ws/install/vesc_msgs/include/vesc_msgs/vesc_msgs/msg/rosidl_generator_cpp__visibility_control.hpp
[2.078s] -- Up-to-date: /home/ecd507/f1tenth_ws/install/vesc_msgs/include/vesc_msgs/vesc_msgs
[2.078s] -- Up-to-date: /home/ecd507/f1tenth_ws/install/vesc_msgs/include/vesc_msgs/vesc_msgs/msg
[2.079s] -- Up-to-date: /home/ecd507/f1tenth_ws/install/vesc_msgs/include/vesc_msgs/vesc_msgs/msg/detail
[2.079s] -- Up-to-date: /home/ecd507/f1tenth_ws/install/vesc_msgs/include/vesc_msgs/vesc_msgs/msg/detail/vesc_imu__rosidl_typesupport_fastrtps_cpp.hpp
[2.079s] -- Up-to-date: /home/ecd507/f1tenth_ws/install/vesc_msgs/include/vesc_msgs/vesc_msgs/msg/detail/dds_fastrtps
[2.079s] -- Up-to-date: /home/ecd507/f1tenth_ws/install/vesc_msgs/include/vesc_msgs/vesc_msgs/msg/detail/vesc_state__rosidl_typesupport_fastrtps_cpp.hpp
[2.079s] -- Up-to-date: /home/ecd507/f1tenth_ws/install/vesc_msgs/include/vesc_msgs/vesc_msgs/msg/detail/vesc_imu_stamped__rosidl_typesupport_fastrtps_cpp.hpp
[2.079s] -- Up-to-date: /home/ecd507/f1tenth_ws/install/vesc_msgs/include/vesc_msgs/vesc_msgs/msg/detail/vesc_state_stamped__rosidl_typesupport_fastrtps_cpp.hpp
[2.079s] -- Up-to-date: /home/ecd507/f1tenth_ws/install/vesc_msgs/include/vesc_msgs/vesc_msgs/msg/rosidl_typesupport_fastrtps_cpp__visibility_control.h
[2.102s] -- Up-to-date: /home/ecd507/f1tenth_ws/install/vesc_msgs/lib/libvesc_msgs__rosidl_typesupport_fastrtps_cpp.so
[2.102s] -- Up-to-date: /home/ecd507/f1tenth_ws/install/vesc_msgs/include/vesc_msgs/vesc_msgs
[2.102s] -- Up-to-date: /home/ecd507/f1tenth_ws/install/vesc_msgs/include/vesc_msgs/vesc_msgs/msg
[2.102s] -- Up-to-date: /home/ecd507/f1tenth_ws/install/vesc_msgs/include/vesc_msgs/vesc_msgs/msg/detail
[2.103s] -- Up-to-date: /home/ecd507/f1tenth_ws/install/vesc_msgs/include/vesc_msgs/vesc_msgs/msg/detail/vesc_state__type_support.cpp
[2.103s] -- Up-to-date: /home/ecd507/f1tenth_ws/install/vesc_msgs/include/vesc_msgs/vesc_msgs/msg/detail/vesc_imu__type_support.cpp
[2.103s] -- Up-to-date: /home/ecd507/f1tenth_ws/install/vesc_msgs/include/vesc_msgs/vesc_msgs/msg/detail/vesc_state_stamped__type_support.cpp
[2.103s] -- Up-to-date: /home/ecd507/f1tenth_ws/install/vesc_msgs/include/vesc_msgs/vesc_msgs/msg/detail/vesc_state_stamped__rosidl_typesupport_introspection_cpp.hpp
[2.103s] -- Up-to-date: /home/ecd507/f1tenth_ws/install/vesc_msgs/include/vesc_msgs/vesc_msgs/msg/detail/vesc_imu__rosidl_typesupport_introspection_cpp.hpp
[2.103s] -- Up-to-date: /home/ecd507/f1tenth_ws/install/vesc_msgs/include/vesc_msgs/vesc_msgs/msg/detail/vesc_state__rosidl_typesupport_introspection_cpp.hpp
[2.103s] -- Up-to-date: /home/ecd507/f1tenth_ws/install/vesc_msgs/include/vesc_msgs/vesc_msgs/msg/detail/vesc_imu_stamped__type_support.cpp
[2.103s] -- Up-to-date: /home/ecd507/f1tenth_ws/install/vesc_msgs/include/vesc_msgs/vesc_msgs/msg/detail/vesc_imu_stamped__rosidl_typesupport_introspection_cpp.hpp
[2.104s] -- Up-to-date: /home/ecd507/f1tenth_ws/install/vesc_msgs/lib/libvesc_msgs__rosidl_typesupport_introspection_cpp.so
[2.104s] -- Up-to-date: /home/ecd507/f1tenth_ws/install/vesc_msgs/lib/libvesc_msgs__rosidl_typesupport_cpp.so
[2.104s] -- Up-to-date: /home/ecd507/f1tenth_ws/install/vesc_msgs/share/vesc_msgs/environment/pythonpath.sh
[2.104s] -- Up-to-date: /home/ecd507/f1tenth_ws/install/vesc_msgs/share/vesc_msgs/environment/pythonpath.dsv
[2.104s] -- Up-to-date: /home/ecd507/f1tenth_ws/install/vesc_msgs/local/lib/python3.10/dist-packages/vesc_msgs-1.1.0-py3.10.egg-info
[2.104s] -- Installing: /home/ecd507/f1tenth_ws/install/vesc_msgs/local/lib/python3.10/dist-packages/vesc_msgs-1.1.0-py3.10.egg-info/dependency_links.txt
[2.104s] -- Installing: /home/ecd507/f1tenth_ws/install/vesc_msgs/local/lib/python3.10/dist-packages/vesc_msgs-1.1.0-py3.10.egg-info/PKG-INFO
[2.104s] -- Installing: /home/ecd507/f1tenth_ws/install/vesc_msgs/local/lib/python3.10/dist-packages/vesc_msgs-1.1.0-py3.10.egg-info/SOURCES.txt
[2.105s] -- Installing: /home/ecd507/f1tenth_ws/install/vesc_msgs/local/lib/python3.10/dist-packages/vesc_msgs-1.1.0-py3.10.egg-info/top_level.txt
[2.105s] -- Up-to-date: /home/ecd507/f1tenth_ws/install/vesc_msgs/local/lib/python3.10/dist-packages/vesc_msgs
[2.105s] -- Up-to-date: /home/ecd507/f1tenth_ws/install/vesc_msgs/local/lib/python3.10/dist-packages/vesc_msgs/_vesc_msgs_s.ep.rosidl_typesupport_fastrtps_c.c
[2.105s] -- Up-to-date: /home/ecd507/f1tenth_ws/install/vesc_msgs/local/lib/python3.10/dist-packages/vesc_msgs/vesc_msgs_s__rosidl_typesupport_c.cpython-310-aarch64-linux-gnu.so
[2.105s] -- Up-to-date: /home/ecd507/f1tenth_ws/install/vesc_msgs/local/lib/python3.10/dist-packages/vesc_msgs/libvesc_msgs__rosidl_generator_py.so
[2.105s] -- Up-to-date: /home/ecd507/f1tenth_ws/install/vesc_msgs/local/lib/python3.10/dist-packages/vesc_msgs/_vesc_msgs_s.ep.rosidl_typesupport_introspection_c.c
[2.105s] -- Up-to-date: /home/ecd507/f1tenth_ws/install/vesc_msgs/local/lib/python3.10/dist-packages/vesc_msgs/msg
[2.106s] -- Up-to-date: /home/ecd507/f1tenth_ws/install/vesc_msgs/local/lib/python3.10/dist-packages/vesc_msgs/msg/_vesc_state_stamped.py
[2.106s] -- Up-to-date: /home/ecd507/f1tenth_ws/install/vesc_msgs/local/lib/python3.10/dist-packages/vesc_msgs/msg/_vesc_imu.py
[2.106s] -- Up-to-date: /home/ecd507/f1tenth_ws/install/vesc_msgs/local/lib/python3.10/dist-packages/vesc_msgs/msg/_vesc_imu_stamped.py
[2.106s] -- Up-to-date: /home/ecd507/f1tenth_ws/install/vesc_msgs/local/lib/python3.10/dist-packages/vesc_msgs/msg/_vesc_imu_stamped_s.c
[2.106s] -- Up-to-date: /home/ecd507/f1tenth_ws/install/vesc_msgs/local/lib/python3.10/dist-packages/vesc_msgs/msg/_vesc_state.py
[2.106s] -- Up-to-date: /home/ecd507/f1tenth_ws/install/vesc_msgs/local/lib/python3.10/dist-packages/vesc_msgs/msg/_vesc_state_stamped_s.c
[2.106s] -- Up-to-date: /home/ecd507/f1tenth_ws/install/vesc_msgs/local/lib/python3.10/dist-packages/vesc_msgs/msg/__init__.py
[2.106s] -- Up-to-date: /home/ecd507/f1tenth_ws/install/vesc_msgs/local/lib/python3.10/dist-packages/vesc_msgs/msg/_vesc_state_s.c
[2.107s] -- Up-to-date: /home/ecd507/f1tenth_ws/install/vesc_msgs/local/lib/python3.10/dist-packages/vesc_msgs/msg/_vesc_imu_s.c
[2.107s] -- Up-to-date: /home/ecd507/f1tenth_ws/install/vesc_msgs/local/lib/python3.10/dist-packages/vesc_msgs/_vesc_msgs_s.ep.rosidl_typesupport_c.c
[2.107s] -- Up-to-date: /home/ecd507/f1tenth_ws/install/vesc_msgs/local/lib/python3.10/dist-packages/vesc_msgs/__init__.py
[2.107s] -- Up-to-date: /home/ecd507/f1tenth_ws/install/vesc_msgs/local/lib/python3.10/dist-packages/vesc_msgs/vesc_msgs_s__rosidl_typesupport_fastrtps_c.cpython-310-aarch64-linux-gnu.so
[2.107s] -- Up-to-date: /home/ecd507/f1tenth_ws/install/vesc_msgs/local/lib/python3.10/dist-packages/vesc_msgs/vesc_msgs_s__rosidl_typesupport_introspection_c.cpython-310-aarch64-linux-gnu.so
[2.149s] Listing '/home/ecd507/f1tenth_ws/install/vesc_msgs/local/lib/python3.10/dist-packages/vesc_msgs'...
[2.149s] Listing '/home/ecd507/f1tenth_ws/install/vesc_msgs/local/lib/python3.10/dist-packages/vesc_msgs/msg'...
[2.168s] -- Up-to-date: /home/ecd507/f1tenth_ws/install/vesc_msgs/local/lib/python3.10/dist-packages/vesc_msgs/vesc_msgs_s__rosidl_typesupport_fastrtps_c.cpython-310-aarch64-linux-gnu.so
[2.168s] -- Up-to-date: /home/ecd507/f1tenth_ws/install/vesc_msgs/local/lib/python3.10/dist-packages/vesc_msgs/vesc_msgs_s__rosidl_typesupport_introspection_c.cpython-310-aarch64-linux-gnu.so
[2.169s] -- Up-to-date: /home/ecd507/f1tenth_ws/install/vesc_msgs/local/lib/python3.10/dist-packages/vesc_msgs/vesc_msgs_s__rosidl_typesupport_c.cpython-310-aarch64-linux-gnu.so
[2.169s] -- Up-to-date: /home/ecd507/f1tenth_ws/install/vesc_msgs/lib/libvesc_msgs__rosidl_generator_py.so
[2.169s] -- Up-to-date: /home/ecd507/f1tenth_ws/install/vesc_msgs/share/vesc_msgs/msg/VescState.idl
[2.169s] -- Up-to-date: /home/ecd507/f1tenth_ws/install/vesc_msgs/share/vesc_msgs/msg/VescStateStamped.idl
[2.170s] -- Up-to-date: /home/ecd507/f1tenth_ws/install/vesc_msgs/share/vesc_msgs/msg/VescImu.idl
[2.170s] -- Up-to-date: /home/ecd507/f1tenth_ws/install/vesc_msgs/share/vesc_msgs/msg/VescImuStamped.idl
[2.170s] -- Up-to-date: /home/ecd507/f1tenth_ws/install/vesc_msgs/share/vesc_msgs/msg/VescState.msg
[2.170s] -- Up-to-date: /home/ecd507/f1tenth_ws/install/vesc_msgs/share/vesc_msgs/msg/VescStateStamped.msg
[2.171s] -- Up-to-date: /home/ecd507/f1tenth_ws/install/vesc_msgs/share/vesc_msgs/msg/VescImu.msg
[2.171s] -- Up-to-date: /home/ecd507/f1tenth_ws/install/vesc_msgs/share/vesc_msgs/msg/VescImuStamped.msg
[2.171s] -- Up-to-date: /home/ecd507/f1tenth_ws/install/vesc_msgs/share/ament_index/resource_index/package_run_dependencies/vesc_msgs
[2.171s] -- Up-to-date: /home/ecd507/f1tenth_ws/install/vesc_msgs/share/ament_index/resource_index/parent_prefix_path/vesc_msgs
[2.172s] -- Up-to-date: /home/ecd507/f1tenth_ws/install/vesc_msgs/share/vesc_msgs/environment/ament_prefix_path.sh
[2.172s] -- Up-to-date: /home/ecd507/f1tenth_ws/install/vesc_msgs/share/vesc_msgs/environment/ament_prefix_path.dsv
[2.172s] -- Up-to-date: /home/ecd507/f1tenth_ws/install/vesc_msgs/share/vesc_msgs/environment/path.sh
[2.172s] -- Up-to-date: /home/ecd507/f1tenth_ws/install/vesc_msgs/share/vesc_msgs/environment/path.dsv
[2.173s] -- Up-to-date: /home/ecd507/f1tenth_ws/install/vesc_msgs/share/vesc_msgs/local_setup.bash
[2.173s] -- Up-to-date: /home/ecd507/f1tenth_ws/install/vesc_msgs/share/vesc_msgs/local_setup.sh
[2.173s] -- Up-to-date: /home/ecd507/f1tenth_ws/install/vesc_msgs/share/vesc_msgs/local_setup.zsh
[2.173s] -- Up-to-date: /home/ecd507/f1tenth_ws/install/vesc_msgs/share/vesc_msgs/local_setup.dsv
[2.173s] -- Installing: /home/ecd507/f1tenth_ws/install/vesc_msgs/share/vesc_msgs/package.dsv
[2.174s] -- Up-to-date: /home/ecd507/f1tenth_ws/install/vesc_msgs/share/ament_index/resource_index/packages/vesc_msgs
[2.174s] -- Up-to-date: /home/ecd507/f1tenth_ws/install/vesc_msgs/share/vesc_msgs/cmake/export_vesc_msgs__rosidl_generator_cExport.cmake
[2.174s] -- Up-to-date: /home/ecd507/f1tenth_ws/install/vesc_msgs/share/vesc_msgs/cmake/export_vesc_msgs__rosidl_generator_cExport-noconfig.cmake
[2.174s] -- Up-to-date: /home/ecd507/f1tenth_ws/install/vesc_msgs/share/vesc_msgs/cmake/export_vesc_msgs__rosidl_typesupport_fastrtps_cExport.cmake
[2.174s] -- Up-to-date: /home/ecd507/f1tenth_ws/install/vesc_msgs/share/vesc_msgs/cmake/export_vesc_msgs__rosidl_typesupport_fastrtps_cExport-noconfig.cmake
[2.174s] -- Up-to-date: /home/ecd507/f1tenth_ws/install/vesc_msgs/share/vesc_msgs/cmake/vesc_msgs__rosidl_typesupport_introspection_cExport.cmake
[2.174s] -- Up-to-date: /home/ecd507/f1tenth_ws/install/vesc_msgs/share/vesc_msgs/cmake/vesc_msgs__rosidl_typesupport_introspection_cExport-noconfig.cmake
[2.174s] -- Up-to-date: /home/ecd507/f1tenth_ws/install/vesc_msgs/share/vesc_msgs/cmake/vesc_msgs__rosidl_typesupport_cExport.cmake
[2.175s] -- Up-to-date: /home/ecd507/f1tenth_ws/install/vesc_msgs/share/vesc_msgs/cmake/vesc_msgs__rosidl_typesupport_cExport-noconfig.cmake
[2.175s] -- Up-to-date: /home/ecd507/f1tenth_ws/install/vesc_msgs/share/vesc_msgs/cmake/export_vesc_msgs__rosidl_generator_cppExport.cmake
[2.175s] -- Up-to-date: /home/ecd507/f1tenth_ws/install/vesc_msgs/share/vesc_msgs/cmake/export_vesc_msgs__rosidl_typesupport_fastrtps_cppExport.cmake
[2.175s] -- Up-to-date: /home/ecd507/f1tenth_ws/install/vesc_msgs/share/vesc_msgs/cmake/export_vesc_msgs__rosidl_typesupport_fastrtps_cppExport-noconfig.cmake
[2.175s] -- Up-to-date: /home/ecd507/f1tenth_ws/install/vesc_msgs/share/vesc_msgs/cmake/vesc_msgs__rosidl_typesupport_introspection_cppExport.cmake
[2.175s] -- Up-to-date: /home/ecd507/f1tenth_ws/install/vesc_msgs/share/vesc_msgs/cmake/vesc_msgs__rosidl_typesupport_introspection_cppExport-noconfig.cmake
[2.175s] -- Up-to-date: /home/ecd507/f1tenth_ws/install/vesc_msgs/share/vesc_msgs/cmake/vesc_msgs__rosidl_typesupport_cppExport.cmake
[2.175s] -- Up-to-date: /home/ecd507/f1tenth_ws/install/vesc_msgs/share/vesc_msgs/cmake/vesc_msgs__rosidl_typesupport_cppExport-noconfig.cmake
[2.176s] -- Up-to-date: /home/ecd507/f1tenth_ws/install/vesc_msgs/share/vesc_msgs/cmake/export_vesc_msgs__rosidl_generator_pyExport.cmake
[2.176s] -- Up-to-date: /home/ecd507/f1tenth_ws/install/vesc_msgs/share/vesc_msgs/cmake/export_vesc_msgs__rosidl_generator_pyExport-noconfig.cmake
[2.176s] -- Up-to-date: /home/ecd507/f1tenth_ws/install/vesc_msgs/share/vesc_msgs/cmake/rosidl_cmake-extras.cmake
[2.176s] -- Up-to-date: /home/ecd507/f1tenth_ws/install/vesc_msgs/share/vesc_msgs/cmake/ament_cmake_export_dependencies-extras.cmake
[2.176s] -- Up-to-date: /home/ecd507/f1tenth_ws/install/vesc_msgs/share/vesc_msgs/cmake/ament_cmake_export_include_directories-extras.cmake
[2.176s] -- Up-to-date: /home/ecd507/f1tenth_ws/install/vesc_msgs/share/vesc_msgs/cmake/ament_cmake_export_libraries-extras.cmake
[2.176s] -- Up-to-date: /home/ecd507/f1tenth_ws/install/vesc_msgs/share/vesc_msgs/cmake/ament_cmake_export_targets-extras.cmake
[2.176s] -- Up-to-date: /home/ecd507/f1tenth_ws/install/vesc_msgs/share/vesc_msgs/cmake/rosidl_cmake_export_typesupport_targets-extras.cmake
[2.177s] -- Up-to-date: /home/ecd507/f1tenth_ws/install/vesc_msgs/share/vesc_msgs/cmake/rosidl_cmake_export_typesupport_libraries-extras.cmake
[2.177s] -- Up-to-date: /home/ecd507/f1tenth_ws/install/vesc_msgs/share/vesc_msgs/cmake/vesc_msgsConfig.cmake
[2.177s] -- Up-to-date: /home/ecd507/f1tenth_ws/install/vesc_msgs/share/vesc_msgs/cmake/vesc_msgsConfig-version.cmake
[2.177s] -- Up-to-date: /home/ecd507/f1tenth_ws/install/vesc_msgs/share/vesc_msgs/package.xml
[2.291s] Invoked command in '/home/ecd507/f1tenth_ws/build/vesc_msgs' returned '0': CMAKE_PREFIX_PATH=${CMAKE_PREFIX_PATH}:/home/ecd507/f1tenth_ws/install/f1tenth_stack:/home/ecd507/f1tenth_ws/install/joy_teleop:/home/ecd507/f1tenth_ws/install/ros2_camera:/home/ecd507/f1tenth_ws/install/mouse_teleop:/home/ecd507/f1tenth_ws/install/ml_algorithim_pkg:/home/ecd507/f1tenth_ws/install/key_teleop:/opt/ros/humble /usr/bin/cmake --install /home/ecd507/f1tenth_ws/build/vesc_msgs
