[4.317s] Invoking command in '/home/ecd507/f1tenth_ws/src/data_logger': PYTHONPATH=/home/ecd507/f1tenth_ws/build/data_logger/prefix_override:/usr/lib/python3/dist-packages/colcon_core/task/python/colcon_distutils_commands:/home/ecd507/f1tenth_ws/install/data_logger/lib/python3.10/site-packages:${PYTHONPATH} /usr/bin/python3 -W ignore:setup.py install is deprecated -W ignore:easy_install command is deprecated setup.py egg_info --egg-base ../../build/data_logger build --build-base /home/ecd507/f1tenth_ws/build/data_logger/build install --record /home/ecd507/f1tenth_ws/build/data_logger/install.log --single-version-externally-managed install_data
[5.305s] running egg_info
[5.308s] writing ../../build/data_logger/data_logger.egg-info/PKG-INFO
[5.310s] writing dependency_links to ../../build/data_logger/data_logger.egg-info/dependency_links.txt
[5.311s] writing entry points to ../../build/data_logger/data_logger.egg-info/entry_points.txt
[5.312s] writing requirements to ../../build/data_logger/data_logger.egg-info/requires.txt
[5.312s] writing top-level names to ../../build/data_logger/data_logger.egg-info/top_level.txt
[5.319s] reading manifest file '../../build/data_logger/data_logger.egg-info/SOURCES.txt'
[5.322s] writing manifest file '../../build/data_logger/data_logger.egg-info/SOURCES.txt'
[5.325s] running build
[5.326s] running build_py
[5.327s] running install
[5.328s] running install_lib
[5.333s] running install_data
[5.334s] running install_egg_info
[5.340s] removing '/home/ecd507/f1tenth_ws/install/data_logger/lib/python3.10/site-packages/data_logger-0.0.0-py3.10.egg-info' (and everything under it)
[5.341s] Copying ../../build/data_logger/data_logger.egg-info to /home/ecd507/f1tenth_ws/install/data_logger/lib/python3.10/site-packages/data_logger-0.0.0-py3.10.egg-info
[5.344s] running install_scripts
[5.409s] Installing data_collector script to /home/ecd507/f1tenth_ws/install/data_logger/lib/data_logger
[5.411s] writing list of installed files to '/home/ecd507/f1tenth_ws/build/data_logger/install.log'
[5.537s] Invoked command in '/home/ecd507/f1tenth_ws/src/data_logger' returned '0': PYTHONPATH=/home/ecd507/f1tenth_ws/build/data_logger/prefix_override:/usr/lib/python3/dist-packages/colcon_core/task/python/colcon_distutils_commands:/home/ecd507/f1tenth_ws/install/data_logger/lib/python3.10/site-packages:${PYTHONPATH} /usr/bin/python3 -W ignore:setup.py install is deprecated -W ignore:easy_install command is deprecated setup.py egg_info --egg-base ../../build/data_logger build --build-base /home/ecd507/f1tenth_ws/build/data_logger/build install --record /home/ecd507/f1tenth_ws/build/data_logger/install.log --single-version-externally-managed install_data
