[1.475s] Invoking command in '/home/ecd507/f1tenth_ws/src/f1tenth_system/f1tenth_stack': AMENT_PREFIX_PATH=/home/ecd507/f1tenth_ws/install/joy_teleop:/home/ecd507/f1tenth_ws/install/f1tenth_stack:/home/ecd507/f1tenth_ws/install/vesc:/home/ecd507/f1tenth_ws/install/vesc_driver:/home/ecd507/f1tenth_ws/install/vesc_ackermann:/home/ecd507/f1tenth_ws/install/vesc_msgs:/home/ecd507/f1tenth_ws/install/teleop_tools:/home/ecd507/f1tenth_ws/install/teleop_tools_msgs:/home/ecd507/f1tenth_ws/install/ros2_camera:/home/ecd507/f1tenth_ws/install/mouse_teleop:/home/ecd507/f1tenth_ws/install/ml_drive:/home/ecd507/f1tenth_ws/install/ml_algorithm_pkg:/home/ecd507/f1tenth_ws/install/key_teleop:/home/ecd507/f1tenth_ws/install/data_logger:/home/ecd507/f1tenth_ws/install/ackermann_mux:/opt/ros/humble CMAKE_PREFIX_PATH=/home/ecd507/f1tenth_ws/install/vesc:/home/ecd507/f1tenth_ws/install/vesc_driver:/home/ecd507/f1tenth_ws/install/vesc_ackermann:/home/ecd507/f1tenth_ws/install/vesc_msgs:/home/ecd507/f1tenth_ws/install/teleop_tools_msgs:/home/ecd507/f1tenth_ws/install/ackermann_mux:/home/ecd507/f1tenth_ws/install/teleop_tools PYTHONPATH=/home/ecd507/f1tenth_ws/build/f1tenth_stack/prefix_override:/usr/lib/python3/dist-packages/colcon_core/task/python/colcon_distutils_commands:/home/ecd507/f1tenth_ws/install/f1tenth_stack/lib/python3.10/site-packages:/home/ecd507/f1tenth_ws/install/joy_teleop/lib/python3.10/site-packages:/home/ecd507/f1tenth_ws/install/f1tenth_stack/lib/python3.10/site-packages:/home/ecd507/f1tenth_ws/install/vesc_msgs/local/lib/python3.10/dist-packages:/home/ecd507/f1tenth_ws/install/teleop_tools_msgs/local/lib/python3.10/dist-packages:/home/ecd507/f1tenth_ws/install/ros2_camera/lib/python3.10/site-packages:/home/ecd507/f1tenth_ws/install/mouse_teleop/lib/python3.10/site-packages:/home/ecd507/f1tenth_ws/install/ml_drive/lib/python3.10/site-packages:/home/ecd507/f1tenth_ws/install/ml_algorithm_pkg/lib/python3.10/site-packages:/home/ecd507/f1tenth_ws/install/key_teleop/lib/python3.10/site-packages:/home/ecd507/f1tenth_ws/install/data_logger/lib/python3.10/site-packages:/opt/ros/humble/lib/python3.10/site-packages:/opt/ros/humble/local/lib/python3.10/dist-packages /usr/bin/python3 -W ignore:setup.py install is deprecated -W ignore:easy_install command is deprecated setup.py egg_info --egg-base ../../../build/f1tenth_stack build --build-base /home/ecd507/f1tenth_ws/build/f1tenth_stack/build install --record /home/ecd507/f1tenth_ws/build/f1tenth_stack/install.log --install-scripts $base/lib/f1tenth_stack --single-version-externally-managed install_data
[2.005s] /usr/lib/python3/dist-packages/setuptools/dist.py:723: UserWarning: Usage of dash-separated 'script-dir' will not be supported in future versions. Please use the underscore name 'script_dir' instead
[2.006s]   warnings.warn(
[2.023s] running egg_info
[2.025s] writing ../../../build/f1tenth_stack/f1tenth_stack.egg-info/PKG-INFO
[2.025s] writing dependency_links to ../../../build/f1tenth_stack/f1tenth_stack.egg-info/dependency_links.txt
[2.026s] writing entry points to ../../../build/f1tenth_stack/f1tenth_stack.egg-info/entry_points.txt
[2.026s] writing requirements to ../../../build/f1tenth_stack/f1tenth_stack.egg-info/requires.txt
[2.026s] writing top-level names to ../../../build/f1tenth_stack/f1tenth_stack.egg-info/top_level.txt
[2.030s] reading manifest file '../../../build/f1tenth_stack/f1tenth_stack.egg-info/SOURCES.txt'
[2.033s] writing manifest file '../../../build/f1tenth_stack/f1tenth_stack.egg-info/SOURCES.txt'
[2.033s] running build
[2.033s] running build_py
[2.034s] running install
[2.034s] running install_lib
[2.037s] running install_data
[2.037s] running install_egg_info
[2.043s] removing '/home/ecd507/f1tenth_ws/install/f1tenth_stack/lib/python3.10/site-packages/f1tenth_stack-0.0.1-py3.10.egg-info' (and everything under it)
[2.044s] Copying ../../../build/f1tenth_stack/f1tenth_stack.egg-info to /home/ecd507/f1tenth_ws/install/f1tenth_stack/lib/python3.10/site-packages/f1tenth_stack-0.0.1-py3.10.egg-info
[2.046s] running install_scripts
[2.089s] Installing tf_publisher script to /home/ecd507/f1tenth_ws/install/f1tenth_stack/lib/f1tenth_stack
[2.089s] Installing throttle_interpolator script to /home/ecd507/f1tenth_ws/install/f1tenth_stack/lib/f1tenth_stack
[2.090s] writing list of installed files to '/home/ecd507/f1tenth_ws/build/f1tenth_stack/install.log'
[2.165s] Invoked command in '/home/ecd507/f1tenth_ws/src/f1tenth_system/f1tenth_stack' returned '0': AMENT_PREFIX_PATH=/home/ecd507/f1tenth_ws/install/joy_teleop:/home/ecd507/f1tenth_ws/install/f1tenth_stack:/home/ecd507/f1tenth_ws/install/vesc:/home/ecd507/f1tenth_ws/install/vesc_driver:/home/ecd507/f1tenth_ws/install/vesc_ackermann:/home/ecd507/f1tenth_ws/install/vesc_msgs:/home/ecd507/f1tenth_ws/install/teleop_tools:/home/ecd507/f1tenth_ws/install/teleop_tools_msgs:/home/ecd507/f1tenth_ws/install/ros2_camera:/home/ecd507/f1tenth_ws/install/mouse_teleop:/home/ecd507/f1tenth_ws/install/ml_drive:/home/ecd507/f1tenth_ws/install/ml_algorithm_pkg:/home/ecd507/f1tenth_ws/install/key_teleop:/home/ecd507/f1tenth_ws/install/data_logger:/home/ecd507/f1tenth_ws/install/ackermann_mux:/opt/ros/humble CMAKE_PREFIX_PATH=/home/ecd507/f1tenth_ws/install/vesc:/home/ecd507/f1tenth_ws/install/vesc_driver:/home/ecd507/f1tenth_ws/install/vesc_ackermann:/home/ecd507/f1tenth_ws/install/vesc_msgs:/home/ecd507/f1tenth_ws/install/teleop_tools_msgs:/home/ecd507/f1tenth_ws/install/ackermann_mux:/home/ecd507/f1tenth_ws/install/teleop_tools PYTHONPATH=/home/ecd507/f1tenth_ws/build/f1tenth_stack/prefix_override:/usr/lib/python3/dist-packages/colcon_core/task/python/colcon_distutils_commands:/home/ecd507/f1tenth_ws/install/f1tenth_stack/lib/python3.10/site-packages:/home/ecd507/f1tenth_ws/install/joy_teleop/lib/python3.10/site-packages:/home/ecd507/f1tenth_ws/install/f1tenth_stack/lib/python3.10/site-packages:/home/ecd507/f1tenth_ws/install/vesc_msgs/local/lib/python3.10/dist-packages:/home/ecd507/f1tenth_ws/install/teleop_tools_msgs/local/lib/python3.10/dist-packages:/home/ecd507/f1tenth_ws/install/ros2_camera/lib/python3.10/site-packages:/home/ecd507/f1tenth_ws/install/mouse_teleop/lib/python3.10/site-packages:/home/ecd507/f1tenth_ws/install/ml_drive/lib/python3.10/site-packages:/home/ecd507/f1tenth_ws/install/ml_algorithm_pkg/lib/python3.10/site-packages:/home/ecd507/f1tenth_ws/install/key_teleop/lib/python3.10/site-packages:/home/ecd507/f1tenth_ws/install/data_logger/lib/python3.10/site-packages:/opt/ros/humble/lib/python3.10/site-packages:/opt/ros/humble/local/lib/python3.10/dist-packages /usr/bin/python3 -W ignore:setup.py install is deprecated -W ignore:easy_install command is deprecated setup.py egg_info --egg-base ../../../build/f1tenth_stack build --build-base /home/ecd507/f1tenth_ws/build/f1tenth_stack/build install --record /home/ecd507/f1tenth_ws/build/f1tenth_stack/install.log --install-scripts $base/lib/f1tenth_stack --single-version-externally-managed install_data
