[0.066s] Invoking command in '/home/ecd507/f1tenth_ws/build/vesc_driver': AMENT_PREFIX_PATH=/home/ecd507/f1tenth_ws/install/vesc_msgs CMAKE_PREFIX_PATH=/home/ecd507/f1tenth_ws/install/vesc_msgs LD_LIBRARY_PATH=/home/ecd507/f1tenth_ws/install/vesc_msgs/lib PYTHONPATH=/home/ecd507/f1tenth_ws/install/vesc_msgs/local/lib/python3.10/dist-packages /usr/bin/cmake --build /home/ecd507/f1tenth_ws/build/vesc_driver -- -j6 -l6
[0.190s] [ 20%] Built target vesc_driver_node
[0.205s] [ 70%] Built target vesc_driver
[0.247s] [100%] Built target vesc_device_namer
[0.538s] Invoked command in '/home/ecd507/f1tenth_ws/build/vesc_driver' returned '0': AMENT_PREFIX_PATH=/home/ecd507/f1tenth_ws/install/vesc_msgs CMAKE_PREFIX_PATH=/home/ecd507/f1tenth_ws/install/vesc_msgs LD_LIBRARY_PATH=/home/ecd507/f1tenth_ws/install/vesc_msgs/lib PYTHONPATH=/home/ecd507/f1tenth_ws/install/vesc_msgs/local/lib/python3.10/dist-packages /usr/bin/cmake --build /home/ecd507/f1tenth_ws/build/vesc_driver -- -j6 -l6
[0.541s] Invoking command in '/home/ecd507/f1tenth_ws/build/vesc_driver': AMENT_PREFIX_PATH=/home/ecd507/f1tenth_ws/install/vesc_msgs CMAKE_PREFIX_PATH=/home/ecd507/f1tenth_ws/install/vesc_msgs LD_LIBRARY_PATH=/home/ecd507/f1tenth_ws/install/vesc_msgs/lib PYTHONPATH=/home/ecd507/f1tenth_ws/install/vesc_msgs/local/lib/python3.10/dist-packages /usr/bin/cmake --install /home/ecd507/f1tenth_ws/build/vesc_driver
[0.556s] -- Install configuration: ""
[0.557s] -- Up-to-date: /home/ecd507/f1tenth_ws/install/vesc_driver/lib/vesc_driver/vesc_driver_node
[0.557s] -- Up-to-date: /home/ecd507/f1tenth_ws/install/vesc_driver/include
[0.558s] -- Up-to-date: /home/ecd507/f1tenth_ws/install/vesc_driver/include/vesc_driver
[0.559s] -- Up-to-date: /home/ecd507/f1tenth_ws/install/vesc_driver/include/vesc_driver/vesc_packet.hpp
[0.560s] -- Up-to-date: /home/ecd507/f1tenth_ws/install/vesc_driver/include/vesc_driver/datatypes.hpp
[0.562s] -- Up-to-date: /home/ecd507/f1tenth_ws/install/vesc_driver/include/vesc_driver/vesc_interface.hpp
[0.564s] -- Up-to-date: /home/ecd507/f1tenth_ws/install/vesc_driver/include/vesc_driver/vesc_driver.hpp
[0.564s] -- Up-to-date: /home/ecd507/f1tenth_ws/install/vesc_driver/include/vesc_driver/crc.hpp
[0.565s] -- Up-to-date: /home/ecd507/f1tenth_ws/install/vesc_driver/include/vesc_driver/vesc_packet_factory.hpp
[0.565s] -- Up-to-date: /home/ecd507/f1tenth_ws/install/vesc_driver/include/vesc_driver/vesc_device_uuid_lookup.hpp
[0.567s] -- Up-to-date: /home/ecd507/f1tenth_ws/install/vesc_driver/share/vesc_driver/environment/library_path.sh
[0.567s] -- Up-to-date: /home/ecd507/f1tenth_ws/install/vesc_driver/share/vesc_driver/environment/library_path.dsv
[0.568s] -- Up-to-date: /home/ecd507/f1tenth_ws/install/vesc_driver/lib/libvesc_driver.so
[0.572s] -- Up-to-date: /home/ecd507/f1tenth_ws/install/vesc_driver/lib/vesc_driver/vesc_device_namer
[0.574s] -- Up-to-date: /home/ecd507/f1tenth_ws/install/vesc_driver/share/vesc_driver/launch
[0.575s] -- Up-to-date: /home/ecd507/f1tenth_ws/install/vesc_driver/share/vesc_driver/launch/vesc_driver_node.launch.py
[0.575s] -- Up-to-date: /home/ecd507/f1tenth_ws/install/vesc_driver/share/vesc_driver/params
[0.575s] -- Up-to-date: /home/ecd507/f1tenth_ws/install/vesc_driver/share/vesc_driver/params/vesc_config.yaml
[0.575s] -- Up-to-date: /home/ecd507/f1tenth_ws/install/vesc_driver/share/ament_index/resource_index/package_run_dependencies/vesc_driver
[0.575s] -- Up-to-date: /home/ecd507/f1tenth_ws/install/vesc_driver/share/ament_index/resource_index/parent_prefix_path/vesc_driver
[0.576s] -- Up-to-date: /home/ecd507/f1tenth_ws/install/vesc_driver/share/vesc_driver/environment/ament_prefix_path.sh
[0.576s] -- Up-to-date: /home/ecd507/f1tenth_ws/install/vesc_driver/share/vesc_driver/environment/ament_prefix_path.dsv
[0.576s] -- Up-to-date: /home/ecd507/f1tenth_ws/install/vesc_driver/share/vesc_driver/environment/path.sh
[0.576s] -- Up-to-date: /home/ecd507/f1tenth_ws/install/vesc_driver/share/vesc_driver/environment/path.dsv
[0.576s] -- Up-to-date: /home/ecd507/f1tenth_ws/install/vesc_driver/share/vesc_driver/local_setup.bash
[0.576s] -- Up-to-date: /home/ecd507/f1tenth_ws/install/vesc_driver/share/vesc_driver/local_setup.sh
[0.576s] -- Up-to-date: /home/ecd507/f1tenth_ws/install/vesc_driver/share/vesc_driver/local_setup.zsh
[0.576s] -- Up-to-date: /home/ecd507/f1tenth_ws/install/vesc_driver/share/vesc_driver/local_setup.dsv
[0.577s] -- Installing: /home/ecd507/f1tenth_ws/install/vesc_driver/share/vesc_driver/package.dsv
[0.577s] -- Up-to-date: /home/ecd507/f1tenth_ws/install/vesc_driver/share/ament_index/resource_index/packages/vesc_driver
[0.577s] -- Up-to-date: /home/ecd507/f1tenth_ws/install/vesc_driver/share/ament_index/resource_index/rclcpp_components/vesc_driver
[0.577s] -- Up-to-date: /home/ecd507/f1tenth_ws/install/vesc_driver/share/vesc_driver/cmake/ament_cmake_export_dependencies-extras.cmake
[0.577s] -- Up-to-date: /home/ecd507/f1tenth_ws/install/vesc_driver/share/vesc_driver/cmake/ament_cmake_export_include_directories-extras.cmake
[0.577s] -- Up-to-date: /home/ecd507/f1tenth_ws/install/vesc_driver/share/vesc_driver/cmake/ament_cmake_export_libraries-extras.cmake
[0.577s] -- Up-to-date: /home/ecd507/f1tenth_ws/install/vesc_driver/share/vesc_driver/cmake/vesc_driverConfig.cmake
[0.577s] -- Up-to-date: /home/ecd507/f1tenth_ws/install/vesc_driver/share/vesc_driver/cmake/vesc_driverConfig-version.cmake
[0.578s] -- Up-to-date: /home/ecd507/f1tenth_ws/install/vesc_driver/share/vesc_driver/package.xml
[0.619s] Invoked command in '/home/ecd507/f1tenth_ws/build/vesc_driver' returned '0': AMENT_PREFIX_PATH=/home/ecd507/f1tenth_ws/install/vesc_msgs CMAKE_PREFIX_PATH=/home/ecd507/f1tenth_ws/install/vesc_msgs LD_LIBRARY_PATH=/home/ecd507/f1tenth_ws/install/vesc_msgs/lib PYTHONPATH=/home/ecd507/f1tenth_ws/install/vesc_msgs/local/lib/python3.10/dist-packages /usr/bin/cmake --install /home/ecd507/f1tenth_ws/build/vesc_driver
