[1.440s] Invoking command in '/home/ecd507/f1tenth_ws/src/data_logger': PYTHONPATH=/home/ecd507/f1tenth_ws/build/data_logger/prefix_override:/usr/lib/python3/dist-packages/colcon_core/task/python/colcon_distutils_commands:/home/ecd507/f1tenth_ws/install/data_logger/lib/python3.10/site-packages:${PYTHONPATH} /usr/bin/python3 -W ignore:setup.py install is deprecated -W ignore:easy_install command is deprecated setup.py egg_info --egg-base ../../build/data_logger build --build-base /home/ecd507/f1tenth_ws/build/data_logger/build install --record /home/ecd507/f1tenth_ws/build/data_logger/install.log --single-version-externally-managed install_data
[1.987s] running egg_info
[1.988s] creating ../../build/data_logger/data_logger.egg-info
[1.989s] writing ../../build/data_logger/data_logger.egg-info/PKG-INFO
[1.989s] writing dependency_links to ../../build/data_logger/data_logger.egg-info/dependency_links.txt
[1.989s] writing entry points to ../../build/data_logger/data_logger.egg-info/entry_points.txt
[1.990s] writing requirements to ../../build/data_logger/data_logger.egg-info/requires.txt
[1.990s] writing top-level names to ../../build/data_logger/data_logger.egg-info/top_level.txt
[1.990s] writing manifest file '../../build/data_logger/data_logger.egg-info/SOURCES.txt'
[1.993s] reading manifest file '../../build/data_logger/data_logger.egg-info/SOURCES.txt'
[1.995s] writing manifest file '../../build/data_logger/data_logger.egg-info/SOURCES.txt'
[1.995s] running build
[1.995s] running build_py
[1.995s] creating /home/ecd507/f1tenth_ws/build/data_logger/build
[1.995s] creating /home/ecd507/f1tenth_ws/build/data_logger/build/lib
[1.996s] creating /home/ecd507/f1tenth_ws/build/data_logger/build/lib/data_logger
[1.996s] copying data_logger/data_collector.py -> /home/ecd507/f1tenth_ws/build/data_logger/build/lib/data_logger
[1.996s] copying data_logger/__init__.py -> /home/ecd507/f1tenth_ws/build/data_logger/build/lib/data_logger
[1.996s] running install
[1.999s] running install_lib
[2.001s] creating /home/ecd507/f1tenth_ws/install/data_logger/lib/python3.10/site-packages/data_logger
[2.001s] copying /home/ecd507/f1tenth_ws/build/data_logger/build/lib/data_logger/data_collector.py -> /home/ecd507/f1tenth_ws/install/data_logger/lib/python3.10/site-packages/data_logger
[2.001s] copying /home/ecd507/f1tenth_ws/build/data_logger/build/lib/data_logger/__init__.py -> /home/ecd507/f1tenth_ws/install/data_logger/lib/python3.10/site-packages/data_logger
[2.002s] byte-compiling /home/ecd507/f1tenth_ws/install/data_logger/lib/python3.10/site-packages/data_logger/data_collector.py to data_collector.cpython-310.pyc
[2.004s] byte-compiling /home/ecd507/f1tenth_ws/install/data_logger/lib/python3.10/site-packages/data_logger/__init__.py to __init__.cpython-310.pyc
[2.004s] running install_data
[2.004s] creating /home/ecd507/f1tenth_ws/install/data_logger/share/ament_index
[2.004s] creating /home/ecd507/f1tenth_ws/install/data_logger/share/ament_index/resource_index
[2.005s] creating /home/ecd507/f1tenth_ws/install/data_logger/share/ament_index/resource_index/packages
[2.005s] copying resource/data_logger -> /home/ecd507/f1tenth_ws/install/data_logger/share/ament_index/resource_index/packages
[2.005s] copying package.xml -> /home/ecd507/f1tenth_ws/install/data_logger/share/data_logger
[2.005s] running install_egg_info
[2.009s] Copying ../../build/data_logger/data_logger.egg-info to /home/ecd507/f1tenth_ws/install/data_logger/lib/python3.10/site-packages/data_logger-0.0.0-py3.10.egg-info
[2.011s] running install_scripts
[2.052s] Installing data_collector script to /home/ecd507/f1tenth_ws/install/data_logger/lib/data_logger
[2.053s] writing list of installed files to '/home/ecd507/f1tenth_ws/build/data_logger/install.log'
[2.118s] Invoked command in '/home/ecd507/f1tenth_ws/src/data_logger' returned '0': PYTHONPATH=/home/ecd507/f1tenth_ws/build/data_logger/prefix_override:/usr/lib/python3/dist-packages/colcon_core/task/python/colcon_distutils_commands:/home/ecd507/f1tenth_ws/install/data_logger/lib/python3.10/site-packages:${PYTHONPATH} /usr/bin/python3 -W ignore:setup.py install is deprecated -W ignore:easy_install command is deprecated setup.py egg_info --egg-base ../../build/data_logger build --build-base /home/ecd507/f1tenth_ws/build/data_logger/build install --record /home/ecd507/f1tenth_ws/build/data_logger/install.log --single-version-externally-managed install_data
