[3.026s] Invoking command in '/home/ecd507/f1tenth_ws/src/ml_algorithim_pkg': PYTHONPATH=/home/ecd507/f1tenth_ws/build/ml_algorithim_pkg/prefix_override:/usr/lib/python3/dist-packages/colcon_core/task/python/colcon_distutils_commands:/home/ecd507/f1tenth_ws/install/ml_algorithim_pkg/lib/python3.10/site-packages:${PYTHONPATH} /usr/bin/python3 -W ignore:setup.py install is deprecated -W ignore:easy_install command is deprecated setup.py egg_info --egg-base ../../build/ml_algorithim_pkg build --build-base /home/ecd507/f1tenth_ws/build/ml_algorithim_pkg/build install --record /home/ecd507/f1tenth_ws/build/ml_algorithim_pkg/install.log --single-version-externally-managed install_data
[3.587s] running egg_info
[3.588s] writing ../../build/ml_algorithim_pkg/ml_algorithim_pkg.egg-info/PKG-INFO
[3.589s] writing dependency_links to ../../build/ml_algorithim_pkg/ml_algorithim_pkg.egg-info/dependency_links.txt
[3.589s] writing entry points to ../../build/ml_algorithim_pkg/ml_algorithim_pkg.egg-info/entry_points.txt
[3.589s] writing requirements to ../../build/ml_algorithim_pkg/ml_algorithim_pkg.egg-info/requires.txt
[3.590s] writing top-level names to ../../build/ml_algorithim_pkg/ml_algorithim_pkg.egg-info/top_level.txt
[3.595s] reading manifest file '../../build/ml_algorithim_pkg/ml_algorithim_pkg.egg-info/SOURCES.txt'
[3.597s] writing manifest file '../../build/ml_algorithim_pkg/ml_algorithim_pkg.egg-info/SOURCES.txt'
[3.597s] running build
[3.597s] running build_py
[3.600s] running install
[3.601s] running install_lib
[3.604s] running install_data
[3.605s] running install_egg_info
[3.609s] removing '/home/ecd507/f1tenth_ws/install/ml_algorithim_pkg/lib/python3.10/site-packages/ml_algorithim_pkg-0.0.0-py3.10.egg-info' (and everything under it)
[3.610s] Copying ../../build/ml_algorithim_pkg/ml_algorithim_pkg.egg-info to /home/ecd507/f1tenth_ws/install/ml_algorithim_pkg/lib/python3.10/site-packages/ml_algorithim_pkg-0.0.0-py3.10.egg-info
[3.612s] running install_scripts
[3.658s] writing list of installed files to '/home/ecd507/f1tenth_ws/build/ml_algorithim_pkg/install.log'
[3.825s] Invoked command in '/home/ecd507/f1tenth_ws/src/ml_algorithim_pkg' returned '0': PYTHONPATH=/home/ecd507/f1tenth_ws/build/ml_algorithim_pkg/prefix_override:/usr/lib/python3/dist-packages/colcon_core/task/python/colcon_distutils_commands:/home/ecd507/f1tenth_ws/install/ml_algorithim_pkg/lib/python3.10/site-packages:${PYTHONPATH} /usr/bin/python3 -W ignore:setup.py install is deprecated -W ignore:easy_install command is deprecated setup.py egg_info --egg-base ../../build/ml_algorithim_pkg build --build-base /home/ecd507/f1tenth_ws/build/ml_algorithim_pkg/build install --record /home/ecd507/f1tenth_ws/build/ml_algorithim_pkg/install.log --single-version-externally-managed install_data
