[0.164s] Invoking command in '/home/ecd507/f1tenth_ws/build/vesc_driver': CMAKE_PREFIX_PATH=/home/ecd507/f1tenth_ws/install/vesc_msgs:/home/ecd507/f1tenth_ws/install/vesc:/home/ecd507/f1tenth_ws/install/vesc_driver:/home/ecd507/f1tenth_ws/install/vesc_ackermann:/home/ecd507/f1tenth_ws/install/teleop_tools:/home/ecd507/f1tenth_ws/install/teleop_tools_msgs:/home/ecd507/f1tenth_ws/install/ackermann_mux:/home/ecd507/f1tenth_ws/install/f1tenth_stack:/home/ecd507/f1tenth_ws/install/joy_teleop:/home/ecd507/f1tenth_ws/install/ros2_camera:/home/ecd507/f1tenth_ws/install/mouse_teleop:/home/ecd507/f1tenth_ws/install/ml_drive:/home/ecd507/f1tenth_ws/install/ml_algorithm_pkg:/home/ecd507/f1tenth_ws/install/ml_algorithm:/home/ecd507/f1tenth_ws/install/key_teleop:/home/ecd507/f1tenth_ws/install/data_logger:/opt/ros/humble LD_LIBRARY_PATH=/home/ecd507/f1tenth_ws/install/vesc_msgs/lib:/home/ecd507/f1tenth_ws/install/vesc_driver/lib:/home/ecd507/f1tenth_ws/install/vesc_ackermann/lib:/home/ecd507/f1tenth_ws/install/teleop_tools_msgs/lib:/opt/ros/humble/opt/rviz_ogre_vendor/lib:/opt/ros/humble/lib/aarch64-linux-gnu:/opt/ros/humble/lib /usr/bin/cmake --build /home/ecd507/f1tenth_ws/build/vesc_driver -- -j6 -l6
[0.942s] [ 50%] Built target vesc_driver
[0.943s] [ 70%] Built target vesc_driver_node
[0.944s] [100%] Built target vesc_device_namer
[0.952s] Invoked command in '/home/ecd507/f1tenth_ws/build/vesc_driver' returned '0': CMAKE_PREFIX_PATH=/home/ecd507/f1tenth_ws/install/vesc_msgs:/home/ecd507/f1tenth_ws/install/vesc:/home/ecd507/f1tenth_ws/install/vesc_driver:/home/ecd507/f1tenth_ws/install/vesc_ackermann:/home/ecd507/f1tenth_ws/install/teleop_tools:/home/ecd507/f1tenth_ws/install/teleop_tools_msgs:/home/ecd507/f1tenth_ws/install/ackermann_mux:/home/ecd507/f1tenth_ws/install/f1tenth_stack:/home/ecd507/f1tenth_ws/install/joy_teleop:/home/ecd507/f1tenth_ws/install/ros2_camera:/home/ecd507/f1tenth_ws/install/mouse_teleop:/home/ecd507/f1tenth_ws/install/ml_drive:/home/ecd507/f1tenth_ws/install/ml_algorithm_pkg:/home/ecd507/f1tenth_ws/install/ml_algorithm:/home/ecd507/f1tenth_ws/install/key_teleop:/home/ecd507/f1tenth_ws/install/data_logger:/opt/ros/humble LD_LIBRARY_PATH=/home/ecd507/f1tenth_ws/install/vesc_msgs/lib:/home/ecd507/f1tenth_ws/install/vesc_driver/lib:/home/ecd507/f1tenth_ws/install/vesc_ackermann/lib:/home/ecd507/f1tenth_ws/install/teleop_tools_msgs/lib:/opt/ros/humble/opt/rviz_ogre_vendor/lib:/opt/ros/humble/lib/aarch64-linux-gnu:/opt/ros/humble/lib /usr/bin/cmake --build /home/ecd507/f1tenth_ws/build/vesc_driver -- -j6 -l6
[0.953s] Invoking command in '/home/ecd507/f1tenth_ws/build/vesc_driver': CMAKE_PREFIX_PATH=/home/ecd507/f1tenth_ws/install/vesc_msgs:/home/ecd507/f1tenth_ws/install/vesc:/home/ecd507/f1tenth_ws/install/vesc_driver:/home/ecd507/f1tenth_ws/install/vesc_ackermann:/home/ecd507/f1tenth_ws/install/teleop_tools:/home/ecd507/f1tenth_ws/install/teleop_tools_msgs:/home/ecd507/f1tenth_ws/install/ackermann_mux:/home/ecd507/f1tenth_ws/install/f1tenth_stack:/home/ecd507/f1tenth_ws/install/joy_teleop:/home/ecd507/f1tenth_ws/install/ros2_camera:/home/ecd507/f1tenth_ws/install/mouse_teleop:/home/ecd507/f1tenth_ws/install/ml_drive:/home/ecd507/f1tenth_ws/install/ml_algorithm_pkg:/home/ecd507/f1tenth_ws/install/ml_algorithm:/home/ecd507/f1tenth_ws/install/key_teleop:/home/ecd507/f1tenth_ws/install/data_logger:/opt/ros/humble LD_LIBRARY_PATH=/home/ecd507/f1tenth_ws/install/vesc_msgs/lib:/home/ecd507/f1tenth_ws/install/vesc_driver/lib:/home/ecd507/f1tenth_ws/install/vesc_ackermann/lib:/home/ecd507/f1tenth_ws/install/teleop_tools_msgs/lib:/opt/ros/humble/opt/rviz_ogre_vendor/lib:/opt/ros/humble/lib/aarch64-linux-gnu:/opt/ros/humble/lib /usr/bin/cmake --install /home/ecd507/f1tenth_ws/build/vesc_driver
[0.971s] -- Install configuration: ""
[0.972s] -- Up-to-date: /home/ecd507/f1tenth_ws/install/vesc_driver/lib/vesc_driver/vesc_driver_node
[0.972s] -- Up-to-date: /home/ecd507/f1tenth_ws/install/vesc_driver/include
[0.972s] -- Up-to-date: /home/ecd507/f1tenth_ws/install/vesc_driver/include/vesc_driver
[0.972s] -- Up-to-date: /home/ecd507/f1tenth_ws/install/vesc_driver/include/vesc_driver/vesc_packet.hpp
[0.972s] -- Up-to-date: /home/ecd507/f1tenth_ws/install/vesc_driver/include/vesc_driver/datatypes.hpp
[0.972s] -- Up-to-date: /home/ecd507/f1tenth_ws/install/vesc_driver/include/vesc_driver/vesc_interface.hpp
[0.973s] -- Up-to-date: /home/ecd507/f1tenth_ws/install/vesc_driver/include/vesc_driver/vesc_driver.hpp
[0.973s] -- Up-to-date: /home/ecd507/f1tenth_ws/install/vesc_driver/include/vesc_driver/crc.hpp
[0.973s] -- Up-to-date: /home/ecd507/f1tenth_ws/install/vesc_driver/include/vesc_driver/vesc_packet_factory.hpp
[0.973s] -- Up-to-date: /home/ecd507/f1tenth_ws/install/vesc_driver/include/vesc_driver/vesc_device_uuid_lookup.hpp
[0.973s] -- Up-to-date: /home/ecd507/f1tenth_ws/install/vesc_driver/share/vesc_driver/environment/library_path.sh
[0.973s] -- Up-to-date: /home/ecd507/f1tenth_ws/install/vesc_driver/share/vesc_driver/environment/library_path.dsv
[0.973s] -- Up-to-date: /home/ecd507/f1tenth_ws/install/vesc_driver/lib/libvesc_driver.so
[0.974s] -- Up-to-date: /home/ecd507/f1tenth_ws/install/vesc_driver/lib/vesc_driver/vesc_device_namer
[0.974s] -- Up-to-date: /home/ecd507/f1tenth_ws/install/vesc_driver/share/vesc_driver/launch
[0.974s] -- Up-to-date: /home/ecd507/f1tenth_ws/install/vesc_driver/share/vesc_driver/launch/vesc_driver_node.launch.py
[0.974s] -- Up-to-date: /home/ecd507/f1tenth_ws/install/vesc_driver/share/vesc_driver/params
[0.974s] -- Up-to-date: /home/ecd507/f1tenth_ws/install/vesc_driver/share/vesc_driver/params/vesc_config.yaml
[0.974s] -- Up-to-date: /home/ecd507/f1tenth_ws/install/vesc_driver/share/ament_index/resource_index/package_run_dependencies/vesc_driver
[0.974s] -- Up-to-date: /home/ecd507/f1tenth_ws/install/vesc_driver/share/ament_index/resource_index/parent_prefix_path/vesc_driver
[0.974s] -- Up-to-date: /home/ecd507/f1tenth_ws/install/vesc_driver/share/vesc_driver/environment/ament_prefix_path.sh
[0.975s] -- Up-to-date: /home/ecd507/f1tenth_ws/install/vesc_driver/share/vesc_driver/environment/ament_prefix_path.dsv
[0.975s] -- Up-to-date: /home/ecd507/f1tenth_ws/install/vesc_driver/share/vesc_driver/environment/path.sh
[0.976s] -- Up-to-date: /home/ecd507/f1tenth_ws/install/vesc_driver/share/vesc_driver/environment/path.dsv
[0.977s] -- Up-to-date: /home/ecd507/f1tenth_ws/install/vesc_driver/share/vesc_driver/local_setup.bash
[0.978s] -- Up-to-date: /home/ecd507/f1tenth_ws/install/vesc_driver/share/vesc_driver/local_setup.sh
[0.979s] -- Up-to-date: /home/ecd507/f1tenth_ws/install/vesc_driver/share/vesc_driver/local_setup.zsh
[0.979s] -- Up-to-date: /home/ecd507/f1tenth_ws/install/vesc_driver/share/vesc_driver/local_setup.dsv
[0.979s] -- Installing: /home/ecd507/f1tenth_ws/install/vesc_driver/share/vesc_driver/package.dsv
[0.979s] -- Up-to-date: /home/ecd507/f1tenth_ws/install/vesc_driver/share/ament_index/resource_index/packages/vesc_driver
[0.980s] -- Up-to-date: /home/ecd507/f1tenth_ws/install/vesc_driver/share/ament_index/resource_index/rclcpp_components/vesc_driver
[0.980s] -- Up-to-date: /home/ecd507/f1tenth_ws/install/vesc_driver/share/vesc_driver/cmake/ament_cmake_export_dependencies-extras.cmake
[0.980s] -- Up-to-date: /home/ecd507/f1tenth_ws/install/vesc_driver/share/vesc_driver/cmake/ament_cmake_export_include_directories-extras.cmake
[0.981s] -- Up-to-date: /home/ecd507/f1tenth_ws/install/vesc_driver/share/vesc_driver/cmake/ament_cmake_export_libraries-extras.cmake
[0.981s] -- Up-to-date: /home/ecd507/f1tenth_ws/install/vesc_driver/share/vesc_driver/cmake/vesc_driverConfig.cmake
[0.981s] -- Up-to-date: /home/ecd507/f1tenth_ws/install/vesc_driver/share/vesc_driver/cmake/vesc_driverConfig-version.cmake
[0.982s] -- Up-to-date: /home/ecd507/f1tenth_ws/install/vesc_driver/share/vesc_driver/package.xml
[0.982s] Invoked command in '/home/ecd507/f1tenth_ws/build/vesc_driver' returned '0': CMAKE_PREFIX_PATH=/home/ecd507/f1tenth_ws/install/vesc_msgs:/home/ecd507/f1tenth_ws/install/vesc:/home/ecd507/f1tenth_ws/install/vesc_driver:/home/ecd507/f1tenth_ws/install/vesc_ackermann:/home/ecd507/f1tenth_ws/install/teleop_tools:/home/ecd507/f1tenth_ws/install/teleop_tools_msgs:/home/ecd507/f1tenth_ws/install/ackermann_mux:/home/ecd507/f1tenth_ws/install/f1tenth_stack:/home/ecd507/f1tenth_ws/install/joy_teleop:/home/ecd507/f1tenth_ws/install/ros2_camera:/home/ecd507/f1tenth_ws/install/mouse_teleop:/home/ecd507/f1tenth_ws/install/ml_drive:/home/ecd507/f1tenth_ws/install/ml_algorithm_pkg:/home/ecd507/f1tenth_ws/install/ml_algorithm:/home/ecd507/f1tenth_ws/install/key_teleop:/home/ecd507/f1tenth_ws/install/data_logger:/opt/ros/humble LD_LIBRARY_PATH=/home/ecd507/f1tenth_ws/install/vesc_msgs/lib:/home/ecd507/f1tenth_ws/install/vesc_driver/lib:/home/ecd507/f1tenth_ws/install/vesc_ackermann/lib:/home/ecd507/f1tenth_ws/install/teleop_tools_msgs/lib:/opt/ros/humble/opt/rviz_ogre_vendor/lib:/opt/ros/humble/lib/aarch64-linux-gnu:/opt/ros/humble/lib /usr/bin/cmake --install /home/ecd507/f1tenth_ws/build/vesc_driver
