[4.705s] Invoking command in '/home/ecd507/f1tenth_ws/src/f1tenth_system/teleop_tools/mouse_teleop': PYTHONPATH=/home/ecd507/f1tenth_ws/build/mouse_teleop/prefix_override:/usr/lib/python3/dist-packages/colcon_core/task/python/colcon_distutils_commands:/home/ecd507/f1tenth_ws/install/mouse_teleop/lib/python3.10/site-packages:${PYTHONPATH} /usr/bin/python3 -W ignore:setup.py install is deprecated -W ignore:easy_install command is deprecated setup.py egg_info --egg-base ../../../../build/mouse_teleop build --build-base /home/ecd507/f1tenth_ws/build/mouse_teleop/build install --record /home/ecd507/f1tenth_ws/build/mouse_teleop/install.log --install-scripts $base/lib/mouse_teleop --single-version-externally-managed install_data
[6.401s] /usr/lib/python3/dist-packages/setuptools/dist.py:723: UserWarning: Usage of dash-separated 'script-dir' will not be supported in future versions. Please use the underscore name 'script_dir' instead
[6.401s]   warnings.warn(
[6.430s] running egg_info
[6.435s] writing ../../../../build/mouse_teleop/mouse_teleop.egg-info/PKG-INFO
[6.438s] writing dependency_links to ../../../../build/mouse_teleop/mouse_teleop.egg-info/dependency_links.txt
[6.442s] writing entry points to ../../../../build/mouse_teleop/mouse_teleop.egg-info/entry_points.txt
[6.445s] writing requirements to ../../../../build/mouse_teleop/mouse_teleop.egg-info/requires.txt
[6.447s] writing top-level names to ../../../../build/mouse_teleop/mouse_teleop.egg-info/top_level.txt
[6.455s] reading manifest file '../../../../build/mouse_teleop/mouse_teleop.egg-info/SOURCES.txt'
[6.463s] adding license file 'LICENSE'
[6.466s] writing manifest file '../../../../build/mouse_teleop/mouse_teleop.egg-info/SOURCES.txt'
[6.469s] running build
[6.469s] running build_py
[6.474s] running install
[6.476s] running install_lib
[6.485s] running install_data
[6.485s] running install_egg_info
[6.501s] removing '/home/ecd507/f1tenth_ws/install/mouse_teleop/lib/python3.10/site-packages/mouse_teleop-0.3.0-py3.10.egg-info' (and everything under it)
[6.520s] Copying ../../../../build/mouse_teleop/mouse_teleop.egg-info to /home/ecd507/f1tenth_ws/install/mouse_teleop/lib/python3.10/site-packages/mouse_teleop-0.3.0-py3.10.egg-info
[6.547s] running install_scripts
[6.612s] Installing mouse_teleop script to /home/ecd507/f1tenth_ws/install/mouse_teleop/lib/mouse_teleop
[6.616s] writing list of installed files to '/home/ecd507/f1tenth_ws/build/mouse_teleop/install.log'
[7.345s] Invoked command in '/home/ecd507/f1tenth_ws/src/f1tenth_system/teleop_tools/mouse_teleop' returned '0': PYTHONPATH=/home/ecd507/f1tenth_ws/build/mouse_teleop/prefix_override:/usr/lib/python3/dist-packages/colcon_core/task/python/colcon_distutils_commands:/home/ecd507/f1tenth_ws/install/mouse_teleop/lib/python3.10/site-packages:${PYTHONPATH} /usr/bin/python3 -W ignore:setup.py install is deprecated -W ignore:easy_install command is deprecated setup.py egg_info --egg-base ../../../../build/mouse_teleop build --build-base /home/ecd507/f1tenth_ws/build/mouse_teleop/build install --record /home/ecd507/f1tenth_ws/build/mouse_teleop/install.log --install-scripts $base/lib/mouse_teleop --single-version-externally-managed install_data
