[4.734s] Invoking command in '/home/ecd507/f1tenth_ws/src/data_logger': PYTHONPATH=/home/ecd507/f1tenth_ws/build/data_logger/prefix_override:/usr/lib/python3/dist-packages/colcon_core/task/python/colcon_distutils_commands:/home/ecd507/f1tenth_ws/install/data_logger/lib/python3.10/site-packages:${PYTHONPATH} /usr/bin/python3 -W ignore:setup.py install is deprecated -W ignore:easy_install command is deprecated setup.py egg_info --egg-base ../../build/data_logger build --build-base /home/ecd507/f1tenth_ws/build/data_logger/build install --record /home/ecd507/f1tenth_ws/build/data_logger/install.log --single-version-externally-managed install_data
[6.205s] running egg_info
[6.215s] writing ../../build/data_logger/data_logger.egg-info/PKG-INFO
[6.219s] writing dependency_links to ../../build/data_logger/data_logger.egg-info/dependency_links.txt
[6.223s] writing entry points to ../../build/data_logger/data_logger.egg-info/entry_points.txt
[6.230s] writing requirements to ../../build/data_logger/data_logger.egg-info/requires.txt
[6.230s] writing top-level names to ../../build/data_logger/data_logger.egg-info/top_level.txt
[6.248s] reading manifest file '../../build/data_logger/data_logger.egg-info/SOURCES.txt'
[6.255s] writing manifest file '../../build/data_logger/data_logger.egg-info/SOURCES.txt'
[6.260s] running build
[6.260s] running build_py
[6.267s] running install
[6.271s] running install_lib
[6.280s] running install_data
[6.280s] running install_egg_info
[6.288s] removing '/home/ecd507/f1tenth_ws/install/data_logger/lib/python3.10/site-packages/data_logger-0.0.0-py3.10.egg-info' (and everything under it)
[6.315s] Copying ../../build/data_logger/data_logger.egg-info to /home/ecd507/f1tenth_ws/install/data_logger/lib/python3.10/site-packages/data_logger-0.0.0-py3.10.egg-info
[6.345s] running install_scripts
[6.513s] Installing data_collector script to /home/ecd507/f1tenth_ws/install/data_logger/lib/data_logger
[6.514s] writing list of installed files to '/home/ecd507/f1tenth_ws/build/data_logger/install.log'
[7.707s] Invoked command in '/home/ecd507/f1tenth_ws/src/data_logger' returned '0': PYTHONPATH=/home/ecd507/f1tenth_ws/build/data_logger/prefix_override:/usr/lib/python3/dist-packages/colcon_core/task/python/colcon_distutils_commands:/home/ecd507/f1tenth_ws/install/data_logger/lib/python3.10/site-packages:${PYTHONPATH} /usr/bin/python3 -W ignore:setup.py install is deprecated -W ignore:easy_install command is deprecated setup.py egg_info --egg-base ../../build/data_logger build --build-base /home/ecd507/f1tenth_ws/build/data_logger/build install --record /home/ecd507/f1tenth_ws/build/data_logger/install.log --single-version-externally-managed install_data
