[3.608s] Invoking command in '/home/ecd507/f1tenth_ws/src/ml_algorithim_pkg': PYTHONPATH=/home/ecd507/f1tenth_ws/build/ml_algorithim_pkg/prefix_override:/usr/lib/python3/dist-packages/colcon_core/task/python/colcon_distutils_commands:/home/ecd507/f1tenth_ws/install/ml_algorithim_pkg/lib/python3.10/site-packages:${PYTHONPATH} /usr/bin/python3 -W ignore:setup.py install is deprecated -W ignore:easy_install command is deprecated setup.py egg_info --egg-base ../../build/ml_algorithim_pkg build --build-base /home/ecd507/f1tenth_ws/build/ml_algorithim_pkg/build install --record /home/ecd507/f1tenth_ws/build/ml_algorithim_pkg/install.log --single-version-externally-managed install_data
[4.269s] running egg_info
[4.271s] writing ../../build/ml_algorithim_pkg/ml_algorithim_pkg.egg-info/PKG-INFO
[4.272s] writing dependency_links to ../../build/ml_algorithim_pkg/ml_algorithim_pkg.egg-info/dependency_links.txt
[4.273s] writing entry points to ../../build/ml_algorithim_pkg/ml_algorithim_pkg.egg-info/entry_points.txt
[4.274s] writing requirements to ../../build/ml_algorithim_pkg/ml_algorithim_pkg.egg-info/requires.txt
[4.275s] writing top-level names to ../../build/ml_algorithim_pkg/ml_algorithim_pkg.egg-info/top_level.txt
[4.280s] reading manifest file '../../build/ml_algorithim_pkg/ml_algorithim_pkg.egg-info/SOURCES.txt'
[4.285s] writing manifest file '../../build/ml_algorithim_pkg/ml_algorithim_pkg.egg-info/SOURCES.txt'
[4.286s] running build
[4.286s] running build_py
[4.286s] copying ml_algorithim_pkg/test.py -> /home/ecd507/f1tenth_ws/build/ml_algorithim_pkg/build/lib/ml_algorithim_pkg
[4.290s] running install
[4.291s] running install_lib
[4.293s] copying /home/ecd507/f1tenth_ws/build/ml_algorithim_pkg/build/lib/ml_algorithim_pkg/test.py -> /home/ecd507/f1tenth_ws/install/ml_algorithim_pkg/lib/python3.10/site-packages/ml_algorithim_pkg
[4.294s] byte-compiling /home/ecd507/f1tenth_ws/install/ml_algorithim_pkg/lib/python3.10/site-packages/ml_algorithim_pkg/test.py to test.cpython-310.pyc
[4.299s] running install_data
[4.299s] running install_egg_info
[4.307s] removing '/home/ecd507/f1tenth_ws/install/ml_algorithim_pkg/lib/python3.10/site-packages/ml_algorithim_pkg-0.0.0-py3.10.egg-info' (and everything under it)
[4.308s] Copying ../../build/ml_algorithim_pkg/ml_algorithim_pkg.egg-info to /home/ecd507/f1tenth_ws/install/ml_algorithim_pkg/lib/python3.10/site-packages/ml_algorithim_pkg-0.0.0-py3.10.egg-info
[4.311s] running install_scripts
[4.364s] writing list of installed files to '/home/ecd507/f1tenth_ws/build/ml_algorithim_pkg/install.log'
[4.476s] Invoked command in '/home/ecd507/f1tenth_ws/src/ml_algorithim_pkg' returned '0': PYTHONPATH=/home/ecd507/f1tenth_ws/build/ml_algorithim_pkg/prefix_override:/usr/lib/python3/dist-packages/colcon_core/task/python/colcon_distutils_commands:/home/ecd507/f1tenth_ws/install/ml_algorithim_pkg/lib/python3.10/site-packages:${PYTHONPATH} /usr/bin/python3 -W ignore:setup.py install is deprecated -W ignore:easy_install command is deprecated setup.py egg_info --egg-base ../../build/ml_algorithim_pkg build --build-base /home/ecd507/f1tenth_ws/build/ml_algorithim_pkg/build install --record /home/ecd507/f1tenth_ws/build/ml_algorithim_pkg/install.log --single-version-externally-managed install_data
