running egg_info
creating ../../build/ros2_camera/ros2_camera.egg-info
writing ../../build/ros2_camera/ros2_camera.egg-info/PKG-INFO
writing dependency_links to ../../build/ros2_camera/ros2_camera.egg-info/dependency_links.txt
writing entry points to ../../build/ros2_camera/ros2_camera.egg-info/entry_points.txt
writing requirements to ../../build/ros2_camera/ros2_camera.egg-info/requires.txt
writing top-level names to ../../build/ros2_camera/ros2_camera.egg-info/top_level.txt
writing manifest file '../../build/ros2_camera/ros2_camera.egg-info/SOURCES.txt'
reading manifest file '../../build/ros2_camera/ros2_camera.egg-info/SOURCES.txt'
adding license file 'LICENSE'
writing manifest file '../../build/ros2_camera/ros2_camera.egg-info/SOURCES.txt'
running build
running build_py
creating /home/ecd507/f1tenth_ws/build/ros2_camera/build
creating /home/ecd507/f1tenth_ws/build/ros2_camera/build/lib
creating /home/ecd507/f1tenth_ws/build/ros2_camera/build/lib/ros2_camera
copying ros2_camera/camera_node.py -> /home/ecd507/f1tenth_ws/build/ros2_camera/build/lib/ros2_camera
copying ros2_camera/__init__.py -> /home/ecd507/f1tenth_ws/build/ros2_camera/build/lib/ros2_camera
running install
running install_lib
creating /home/ecd507/f1tenth_ws/install/ros2_camera/lib/python3.10/site-packages/ros2_camera
copying /home/ecd507/f1tenth_ws/build/ros2_camera/build/lib/ros2_camera/camera_node.py -> /home/ecd507/f1tenth_ws/install/ros2_camera/lib/python3.10/site-packages/ros2_camera
copying /home/ecd507/f1tenth_ws/build/ros2_camera/build/lib/ros2_camera/__init__.py -> /home/ecd507/f1tenth_ws/install/ros2_camera/lib/python3.10/site-packages/ros2_camera
byte-compiling /home/ecd507/f1tenth_ws/install/ros2_camera/lib/python3.10/site-packages/ros2_camera/camera_node.py to camera_node.cpython-310.pyc
byte-compiling /home/ecd507/f1tenth_ws/install/ros2_camera/lib/python3.10/site-packages/ros2_camera/__init__.py to __init__.cpython-310.pyc
running install_data
creating /home/ecd507/f1tenth_ws/install/ros2_camera/share/ament_index
creating /home/ecd507/f1tenth_ws/install/ros2_camera/share/ament_index/resource_index
creating /home/ecd507/f1tenth_ws/install/ros2_camera/share/ament_index/resource_index/packages
copying resource/ros2_camera -> /home/ecd507/f1tenth_ws/install/ros2_camera/share/ament_index/resource_index/packages
copying package.xml -> /home/ecd507/f1tenth_ws/install/ros2_camera/share/ros2_camera
running install_egg_info
Copying ../../build/ros2_camera/ros2_camera.egg-info to /home/ecd507/f1tenth_ws/install/ros2_camera/lib/python3.10/site-packages/ros2_camera-0.0.0-py3.10.egg-info
running install_scripts
Installing camera_node script to /home/ecd507/f1tenth_ws/install/ros2_camera/lib/ros2_camera
writing list of installed files to '/home/ecd507/f1tenth_ws/build/ros2_camera/install.log'
