running egg_info
creating ../../build/ml_algorithim_pkg/ml_algorithim_pkg.egg-info
writing ../../build/ml_algorithim_pkg/ml_algorithim_pkg.egg-info/PKG-INFO
writing dependency_links to ../../build/ml_algorithim_pkg/ml_algorithim_pkg.egg-info/dependency_links.txt
writing entry points to ../../build/ml_algorithim_pkg/ml_algorithim_pkg.egg-info/entry_points.txt
writing requirements to ../../build/ml_algorithim_pkg/ml_algorithim_pkg.egg-info/requires.txt
writing top-level names to ../../build/ml_algorithim_pkg/ml_algorithim_pkg.egg-info/top_level.txt
writing manifest file '../../build/ml_algorithim_pkg/ml_algorithim_pkg.egg-info/SOURCES.txt'
reading manifest file '../../build/ml_algorithim_pkg/ml_algorithim_pkg.egg-info/SOURCES.txt'
writing manifest file '../../build/ml_algorithim_pkg/ml_algorithim_pkg.egg-info/SOURCES.txt'
running build
running build_py
creating /home/ecd507/f1tenth_ws/build/ml_algorithim_pkg/build
creating /home/ecd507/f1tenth_ws/build/ml_algorithim_pkg/build/lib
creating /home/ecd507/f1tenth_ws/build/ml_algorithim_pkg/build/lib/ml_algorithim_pkg
copying ml_algorithim_pkg/__init__.py -> /home/ecd507/f1tenth_ws/build/ml_algorithim_pkg/build/lib/ml_algorithim_pkg
running install
running install_lib
creating /home/ecd507/f1tenth_ws/install/ml_algorithim_pkg/lib/python3.10/site-packages/ml_algorithim_pkg
copying /home/ecd507/f1tenth_ws/build/ml_algorithim_pkg/build/lib/ml_algorithim_pkg/__init__.py -> /home/ecd507/f1tenth_ws/install/ml_algorithim_pkg/lib/python3.10/site-packages/ml_algorithim_pkg
byte-compiling /home/ecd507/f1tenth_ws/install/ml_algorithim_pkg/lib/python3.10/site-packages/ml_algorithim_pkg/__init__.py to __init__.cpython-310.pyc
running install_data
creating /home/ecd507/f1tenth_ws/install/ml_algorithim_pkg/share/ament_index
creating /home/ecd507/f1tenth_ws/install/ml_algorithim_pkg/share/ament_index/resource_index
creating /home/ecd507/f1tenth_ws/install/ml_algorithim_pkg/share/ament_index/resource_index/packages
copying resource/ml_algorithim_pkg -> /home/ecd507/f1tenth_ws/install/ml_algorithim_pkg/share/ament_index/resource_index/packages
copying package.xml -> /home/ecd507/f1tenth_ws/install/ml_algorithim_pkg/share/ml_algorithim_pkg
running install_egg_info
Copying ../../build/ml_algorithim_pkg/ml_algorithim_pkg.egg-info to /home/ecd507/f1tenth_ws/install/ml_algorithim_pkg/lib/python3.10/site-packages/ml_algorithim_pkg-0.0.0-py3.10.egg-info
running install_scripts
writing list of installed files to '/home/ecd507/f1tenth_ws/build/ml_algorithim_pkg/install.log'
