[0.076s] Invoking command in '/home/ecd507/f1tenth_ws/build/vesc_msgs': CMAKE_PREFIX_PATH=/opt/ros/humble /usr/bin/cmake --build /home/ecd507/f1tenth_ws/build/vesc_msgs -- -j6 -l6
[1.502s] [  1%] Built target vesc_msgs__cpp
[1.502s] [  1%] Built target ament_cmake_python_copy_vesc_msgs
[1.502s] [ 12%] Built target vesc_msgs__rosidl_typesupport_introspection_cpp
[1.503s] [ 23%] Built target vesc_msgs__rosidl_typesupport_cpp
[1.503s] [ 34%] Built target vesc_msgs__rosidl_generator_c
[1.503s] [ 45%] Built target vesc_msgs__rosidl_typesupport_fastrtps_cpp
[1.503s] [ 56%] Built target vesc_msgs__rosidl_typesupport_fastrtps_c
[1.503s] [ 67%] Built target vesc_msgs__rosidl_typesupport_introspection_c
[1.503s] [ 78%] Built target vesc_msgs__rosidl_typesupport_c
[1.503s] [ 78%] Built target vesc_msgs
[1.503s] [ 80%] Built target vesc_msgs__py
[1.504s] [ 89%] Built target vesc_msgs__rosidl_generator_py
[1.504s] [ 92%] Built target vesc_msgs__rosidl_typesupport_fastrtps_c__pyext
[1.504s] [ 96%] Built target vesc_msgs__rosidl_typesupport_introspection_c__pyext
[1.504s] [100%] Built target vesc_msgs__rosidl_typesupport_c__pyext
[1.504s] running egg_info
[1.504s] writing vesc_msgs.egg-info/PKG-INFO
[1.504s] writing dependency_links to vesc_msgs.egg-info/dependency_links.txt
[1.504s] writing top-level names to vesc_msgs.egg-info/top_level.txt
[1.505s] reading manifest file 'vesc_msgs.egg-info/SOURCES.txt'
[1.505s] writing manifest file 'vesc_msgs.egg-info/SOURCES.txt'
[1.505s] [100%] Built target ament_cmake_python_build_vesc_msgs_egg
[2.160s] Invoked command in '/home/ecd507/f1tenth_ws/build/vesc_msgs' returned '0': CMAKE_PREFIX_PATH=/opt/ros/humble /usr/bin/cmake --build /home/ecd507/f1tenth_ws/build/vesc_msgs -- -j6 -l6
[2.166s] Invoking command in '/home/ecd507/f1tenth_ws/build/vesc_msgs': CMAKE_PREFIX_PATH=/opt/ros/humble /usr/bin/cmake --install /home/ecd507/f1tenth_ws/build/vesc_msgs
[2.187s] -- Install configuration: ""
[2.191s] -- Up-to-date: /home/ecd507/f1tenth_ws/install/vesc_msgs/share/ament_index/resource_index/rosidl_interfaces/vesc_msgs
[2.194s] -- Up-to-date: /home/ecd507/f1tenth_ws/install/vesc_msgs/include/vesc_msgs/vesc_msgs
[2.196s] -- Up-to-date: /home/ecd507/f1tenth_ws/install/vesc_msgs/include/vesc_msgs/vesc_msgs/msg
[2.198s] -- Up-to-date: /home/ecd507/f1tenth_ws/install/vesc_msgs/include/vesc_msgs/vesc_msgs/msg/vesc_imu_stamped.h
[2.198s] -- Up-to-date: /home/ecd507/f1tenth_ws/install/vesc_msgs/include/vesc_msgs/vesc_msgs/msg/rosidl_generator_c__visibility_control.h
[2.198s] -- Up-to-date: /home/ecd507/f1tenth_ws/install/vesc_msgs/include/vesc_msgs/vesc_msgs/msg/vesc_imu.h
[2.198s] -- Up-to-date: /home/ecd507/f1tenth_ws/install/vesc_msgs/include/vesc_msgs/vesc_msgs/msg/detail
[2.199s] -- Up-to-date: /home/ecd507/f1tenth_ws/install/vesc_msgs/include/vesc_msgs/vesc_msgs/msg/detail/vesc_imu_stamped__functions.c
[2.199s] -- Up-to-date: /home/ecd507/f1tenth_ws/install/vesc_msgs/include/vesc_msgs/vesc_msgs/msg/detail/vesc_imu__functions.c
[2.199s] -- Up-to-date: /home/ecd507/f1tenth_ws/install/vesc_msgs/include/vesc_msgs/vesc_msgs/msg/detail/vesc_state__functions.c
[2.199s] -- Up-to-date: /home/ecd507/f1tenth_ws/install/vesc_msgs/include/vesc_msgs/vesc_msgs/msg/detail/vesc_state__functions.h
[2.199s] -- Up-to-date: /home/ecd507/f1tenth_ws/install/vesc_msgs/include/vesc_msgs/vesc_msgs/msg/detail/vesc_state_stamped__type_support.h
[2.200s] -- Up-to-date: /home/ecd507/f1tenth_ws/install/vesc_msgs/include/vesc_msgs/vesc_msgs/msg/detail/vesc_imu_stamped__type_support.h
[2.201s] -- Up-to-date: /home/ecd507/f1tenth_ws/install/vesc_msgs/include/vesc_msgs/vesc_msgs/msg/detail/vesc_state_stamped__functions.h
[2.202s] -- Up-to-date: /home/ecd507/f1tenth_ws/install/vesc_msgs/include/vesc_msgs/vesc_msgs/msg/detail/vesc_imu__type_support.h
[2.203s] -- Up-to-date: /home/ecd507/f1tenth_ws/install/vesc_msgs/include/vesc_msgs/vesc_msgs/msg/detail/vesc_state_stamped__functions.c
[2.204s] -- Up-to-date: /home/ecd507/f1tenth_ws/install/vesc_msgs/include/vesc_msgs/vesc_msgs/msg/detail/vesc_state__struct.h
[2.204s] -- Up-to-date: /home/ecd507/f1tenth_ws/install/vesc_msgs/include/vesc_msgs/vesc_msgs/msg/detail/vesc_state_stamped__struct.h
[2.205s] -- Up-to-date: /home/ecd507/f1tenth_ws/install/vesc_msgs/include/vesc_msgs/vesc_msgs/msg/detail/vesc_imu__struct.h
[2.206s] -- Up-to-date: /home/ecd507/f1tenth_ws/install/vesc_msgs/include/vesc_msgs/vesc_msgs/msg/detail/vesc_imu__functions.h
[2.206s] -- Up-to-date: /home/ecd507/f1tenth_ws/install/vesc_msgs/include/vesc_msgs/vesc_msgs/msg/detail/vesc_state__type_support.h
[2.206s] -- Up-to-date: /home/ecd507/f1tenth_ws/install/vesc_msgs/include/vesc_msgs/vesc_msgs/msg/detail/vesc_imu_stamped__functions.h
[2.206s] -- Up-to-date: /home/ecd507/f1tenth_ws/install/vesc_msgs/include/vesc_msgs/vesc_msgs/msg/detail/vesc_imu_stamped__struct.h
[2.206s] -- Up-to-date: /home/ecd507/f1tenth_ws/install/vesc_msgs/include/vesc_msgs/vesc_msgs/msg/vesc_state_stamped.h
[2.207s] -- Up-to-date: /home/ecd507/f1tenth_ws/install/vesc_msgs/include/vesc_msgs/vesc_msgs/msg/vesc_state.h
[2.207s] -- Up-to-date: /home/ecd507/f1tenth_ws/install/vesc_msgs/share/vesc_msgs/environment/library_path.sh
[2.208s] -- Up-to-date: /home/ecd507/f1tenth_ws/install/vesc_msgs/share/vesc_msgs/environment/library_path.dsv
[2.208s] -- Up-to-date: /home/ecd507/f1tenth_ws/install/vesc_msgs/lib/libvesc_msgs__rosidl_generator_c.so
[2.208s] -- Up-to-date: /home/ecd507/f1tenth_ws/install/vesc_msgs/include/vesc_msgs/vesc_msgs
[2.209s] -- Up-to-date: /home/ecd507/f1tenth_ws/install/vesc_msgs/include/vesc_msgs/vesc_msgs/msg
[2.209s] -- Up-to-date: /home/ecd507/f1tenth_ws/install/vesc_msgs/include/vesc_msgs/vesc_msgs/msg/detail
[2.209s] -- Up-to-date: /home/ecd507/f1tenth_ws/install/vesc_msgs/include/vesc_msgs/vesc_msgs/msg/detail/vesc_imu_stamped__rosidl_typesupport_fastrtps_c.h
[2.209s] -- Up-to-date: /home/ecd507/f1tenth_ws/install/vesc_msgs/include/vesc_msgs/vesc_msgs/msg/detail/vesc_state_stamped__rosidl_typesupport_fastrtps_c.h
[2.209s] -- Up-to-date: /home/ecd507/f1tenth_ws/install/vesc_msgs/include/vesc_msgs/vesc_msgs/msg/detail/vesc_state__rosidl_typesupport_fastrtps_c.h
[2.210s] -- Up-to-date: /home/ecd507/f1tenth_ws/install/vesc_msgs/include/vesc_msgs/vesc_msgs/msg/detail/vesc_imu__rosidl_typesupport_fastrtps_c.h
[2.211s] -- Up-to-date: /home/ecd507/f1tenth_ws/install/vesc_msgs/include/vesc_msgs/vesc_msgs/msg/rosidl_typesupport_fastrtps_c__visibility_control.h
[2.215s] -- Up-to-date: /home/ecd507/f1tenth_ws/install/vesc_msgs/lib/libvesc_msgs__rosidl_typesupport_fastrtps_c.so
[2.215s] -- Up-to-date: /home/ecd507/f1tenth_ws/install/vesc_msgs/include/vesc_msgs/vesc_msgs
[2.216s] -- Up-to-date: /home/ecd507/f1tenth_ws/install/vesc_msgs/include/vesc_msgs/vesc_msgs/msg
[2.216s] -- Up-to-date: /home/ecd507/f1tenth_ws/install/vesc_msgs/include/vesc_msgs/vesc_msgs/msg/detail
[2.217s] -- Up-to-date: /home/ecd507/f1tenth_ws/install/vesc_msgs/include/vesc_msgs/vesc_msgs/msg/detail/vesc_imu_stamped__rosidl_typesupport_introspection_c.h
[2.217s] -- Up-to-date: /home/ecd507/f1tenth_ws/install/vesc_msgs/include/vesc_msgs/vesc_msgs/msg/detail/vesc_imu__type_support.c
[2.217s] -- Up-to-date: /home/ecd507/f1tenth_ws/install/vesc_msgs/include/vesc_msgs/vesc_msgs/msg/detail/vesc_imu_stamped__type_support.c
[2.217s] -- Up-to-date: /home/ecd507/f1tenth_ws/install/vesc_msgs/include/vesc_msgs/vesc_msgs/msg/detail/vesc_state__rosidl_typesupport_introspection_c.h
[2.217s] -- Up-to-date: /home/ecd507/f1tenth_ws/install/vesc_msgs/include/vesc_msgs/vesc_msgs/msg/detail/vesc_state__type_support.c
[2.218s] -- Up-to-date: /home/ecd507/f1tenth_ws/install/vesc_msgs/include/vesc_msgs/vesc_msgs/msg/detail/vesc_state_stamped__type_support.c
[2.218s] -- Up-to-date: /home/ecd507/f1tenth_ws/install/vesc_msgs/include/vesc_msgs/vesc_msgs/msg/detail/vesc_imu__rosidl_typesupport_introspection_c.h
[2.218s] -- Up-to-date: /home/ecd507/f1tenth_ws/install/vesc_msgs/include/vesc_msgs/vesc_msgs/msg/detail/vesc_state_stamped__rosidl_typesupport_introspection_c.h
[2.218s] -- Up-to-date: /home/ecd507/f1tenth_ws/install/vesc_msgs/include/vesc_msgs/vesc_msgs/msg/rosidl_typesupport_introspection_c__visibility_control.h
[2.220s] -- Up-to-date: /home/ecd507/f1tenth_ws/install/vesc_msgs/lib/libvesc_msgs__rosidl_typesupport_introspection_c.so
[2.220s] -- Up-to-date: /home/ecd507/f1tenth_ws/install/vesc_msgs/lib/libvesc_msgs__rosidl_typesupport_c.so
[2.220s] -- Up-to-date: /home/ecd507/f1tenth_ws/install/vesc_msgs/include/vesc_msgs/vesc_msgs
[2.220s] -- Up-to-date: /home/ecd507/f1tenth_ws/install/vesc_msgs/include/vesc_msgs/vesc_msgs/msg
[2.220s] -- Up-to-date: /home/ecd507/f1tenth_ws/install/vesc_msgs/include/vesc_msgs/vesc_msgs/msg/vesc_imu_stamped.hpp
[2.220s] -- Up-to-date: /home/ecd507/f1tenth_ws/install/vesc_msgs/include/vesc_msgs/vesc_msgs/msg/detail
[2.221s] -- Up-to-date: /home/ecd507/f1tenth_ws/install/vesc_msgs/include/vesc_msgs/vesc_msgs/msg/detail/vesc_imu_stamped__type_support.hpp
[2.222s] -- Up-to-date: /home/ecd507/f1tenth_ws/install/vesc_msgs/include/vesc_msgs/vesc_msgs/msg/detail/vesc_state__struct.hpp
[2.224s] -- Up-to-date: /home/ecd507/f1tenth_ws/install/vesc_msgs/include/vesc_msgs/vesc_msgs/msg/detail/vesc_state_stamped__type_support.hpp
[2.224s] -- Up-to-date: /home/ecd507/f1tenth_ws/install/vesc_msgs/include/vesc_msgs/vesc_msgs/msg/detail/vesc_imu__type_support.hpp
[2.224s] -- Up-to-date: /home/ecd507/f1tenth_ws/install/vesc_msgs/include/vesc_msgs/vesc_msgs/msg/detail/vesc_imu_stamped__traits.hpp
[2.224s] -- Up-to-date: /home/ecd507/f1tenth_ws/install/vesc_msgs/include/vesc_msgs/vesc_msgs/msg/detail/vesc_state__traits.hpp
[2.225s] -- Up-to-date: /home/ecd507/f1tenth_ws/install/vesc_msgs/include/vesc_msgs/vesc_msgs/msg/detail/vesc_imu__builder.hpp
[2.225s] -- Up-to-date: /home/ecd507/f1tenth_ws/install/vesc_msgs/include/vesc_msgs/vesc_msgs/msg/detail/vesc_imu__struct.hpp
[2.225s] -- Up-to-date: /home/ecd507/f1tenth_ws/install/vesc_msgs/include/vesc_msgs/vesc_msgs/msg/detail/vesc_imu_stamped__builder.hpp
[2.225s] -- Up-to-date: /home/ecd507/f1tenth_ws/install/vesc_msgs/include/vesc_msgs/vesc_msgs/msg/detail/vesc_imu_stamped__struct.hpp
[2.226s] -- Up-to-date: /home/ecd507/f1tenth_ws/install/vesc_msgs/include/vesc_msgs/vesc_msgs/msg/detail/vesc_state__type_support.hpp
[2.226s] -- Up-to-date: /home/ecd507/f1tenth_ws/install/vesc_msgs/include/vesc_msgs/vesc_msgs/msg/detail/vesc_state_stamped__builder.hpp
[2.226s] -- Up-to-date: /home/ecd507/f1tenth_ws/install/vesc_msgs/include/vesc_msgs/vesc_msgs/msg/detail/vesc_state_stamped__traits.hpp
[2.226s] -- Up-to-date: /home/ecd507/f1tenth_ws/install/vesc_msgs/include/vesc_msgs/vesc_msgs/msg/detail/vesc_imu__traits.hpp
[2.226s] -- Up-to-date: /home/ecd507/f1tenth_ws/install/vesc_msgs/include/vesc_msgs/vesc_msgs/msg/detail/vesc_state__builder.hpp
[2.227s] -- Up-to-date: /home/ecd507/f1tenth_ws/install/vesc_msgs/include/vesc_msgs/vesc_msgs/msg/detail/vesc_state_stamped__struct.hpp
[2.227s] -- Up-to-date: /home/ecd507/f1tenth_ws/install/vesc_msgs/include/vesc_msgs/vesc_msgs/msg/vesc_state.hpp
[2.227s] -- Up-to-date: /home/ecd507/f1tenth_ws/install/vesc_msgs/include/vesc_msgs/vesc_msgs/msg/vesc_imu.hpp
[2.227s] -- Up-to-date: /home/ecd507/f1tenth_ws/install/vesc_msgs/include/vesc_msgs/vesc_msgs/msg/vesc_state_stamped.hpp
[2.229s] -- Up-to-date: /home/ecd507/f1tenth_ws/install/vesc_msgs/include/vesc_msgs/vesc_msgs/msg/rosidl_generator_cpp__visibility_control.hpp
[2.231s] -- Up-to-date: /home/ecd507/f1tenth_ws/install/vesc_msgs/include/vesc_msgs/vesc_msgs
[2.231s] -- Up-to-date: /home/ecd507/f1tenth_ws/install/vesc_msgs/include/vesc_msgs/vesc_msgs/msg
[2.231s] -- Up-to-date: /home/ecd507/f1tenth_ws/install/vesc_msgs/include/vesc_msgs/vesc_msgs/msg/detail
[2.233s] -- Up-to-date: /home/ecd507/f1tenth_ws/install/vesc_msgs/include/vesc_msgs/vesc_msgs/msg/detail/vesc_imu__rosidl_typesupport_fastrtps_cpp.hpp
[2.233s] -- Up-to-date: /home/ecd507/f1tenth_ws/install/vesc_msgs/include/vesc_msgs/vesc_msgs/msg/detail/dds_fastrtps
[2.233s] -- Up-to-date: /home/ecd507/f1tenth_ws/install/vesc_msgs/include/vesc_msgs/vesc_msgs/msg/detail/vesc_state__rosidl_typesupport_fastrtps_cpp.hpp
[2.234s] -- Up-to-date: /home/ecd507/f1tenth_ws/install/vesc_msgs/include/vesc_msgs/vesc_msgs/msg/detail/vesc_imu_stamped__rosidl_typesupport_fastrtps_cpp.hpp
[2.234s] -- Up-to-date: /home/ecd507/f1tenth_ws/install/vesc_msgs/include/vesc_msgs/vesc_msgs/msg/detail/vesc_state_stamped__rosidl_typesupport_fastrtps_cpp.hpp
[2.234s] -- Up-to-date: /home/ecd507/f1tenth_ws/install/vesc_msgs/include/vesc_msgs/vesc_msgs/msg/rosidl_typesupport_fastrtps_cpp__visibility_control.h
[2.243s] -- Up-to-date: /home/ecd507/f1tenth_ws/install/vesc_msgs/lib/libvesc_msgs__rosidl_typesupport_fastrtps_cpp.so
[2.243s] -- Up-to-date: /home/ecd507/f1tenth_ws/install/vesc_msgs/include/vesc_msgs/vesc_msgs
[2.243s] -- Up-to-date: /home/ecd507/f1tenth_ws/install/vesc_msgs/include/vesc_msgs/vesc_msgs/msg
[2.243s] -- Up-to-date: /home/ecd507/f1tenth_ws/install/vesc_msgs/include/vesc_msgs/vesc_msgs/msg/detail
[2.244s] -- Up-to-date: /home/ecd507/f1tenth_ws/install/vesc_msgs/include/vesc_msgs/vesc_msgs/msg/detail/vesc_state__type_support.cpp
[2.244s] -- Up-to-date: /home/ecd507/f1tenth_ws/install/vesc_msgs/include/vesc_msgs/vesc_msgs/msg/detail/vesc_imu__type_support.cpp
[2.244s] -- Up-to-date: /home/ecd507/f1tenth_ws/install/vesc_msgs/include/vesc_msgs/vesc_msgs/msg/detail/vesc_state_stamped__type_support.cpp
[2.246s] -- Up-to-date: /home/ecd507/f1tenth_ws/install/vesc_msgs/include/vesc_msgs/vesc_msgs/msg/detail/vesc_state_stamped__rosidl_typesupport_introspection_cpp.hpp
[2.248s] -- Up-to-date: /home/ecd507/f1tenth_ws/install/vesc_msgs/include/vesc_msgs/vesc_msgs/msg/detail/vesc_imu__rosidl_typesupport_introspection_cpp.hpp
[2.249s] -- Up-to-date: /home/ecd507/f1tenth_ws/install/vesc_msgs/include/vesc_msgs/vesc_msgs/msg/detail/vesc_state__rosidl_typesupport_introspection_cpp.hpp
[2.249s] -- Up-to-date: /home/ecd507/f1tenth_ws/install/vesc_msgs/include/vesc_msgs/vesc_msgs/msg/detail/vesc_imu_stamped__type_support.cpp
[2.250s] -- Up-to-date: /home/ecd507/f1tenth_ws/install/vesc_msgs/include/vesc_msgs/vesc_msgs/msg/detail/vesc_imu_stamped__rosidl_typesupport_introspection_cpp.hpp
[2.261s] -- Up-to-date: /home/ecd507/f1tenth_ws/install/vesc_msgs/lib/libvesc_msgs__rosidl_typesupport_introspection_cpp.so
[2.261s] -- Up-to-date: /home/ecd507/f1tenth_ws/install/vesc_msgs/lib/libvesc_msgs__rosidl_typesupport_cpp.so
[2.261s] -- Up-to-date: /home/ecd507/f1tenth_ws/install/vesc_msgs/share/vesc_msgs/environment/pythonpath.sh
[2.261s] -- Up-to-date: /home/ecd507/f1tenth_ws/install/vesc_msgs/share/vesc_msgs/environment/pythonpath.dsv
[2.261s] -- Up-to-date: /home/ecd507/f1tenth_ws/install/vesc_msgs/local/lib/python3.10/dist-packages/vesc_msgs-1.1.0-py3.10.egg-info
[2.262s] -- Installing: /home/ecd507/f1tenth_ws/install/vesc_msgs/local/lib/python3.10/dist-packages/vesc_msgs-1.1.0-py3.10.egg-info/dependency_links.txt
[2.262s] -- Installing: /home/ecd507/f1tenth_ws/install/vesc_msgs/local/lib/python3.10/dist-packages/vesc_msgs-1.1.0-py3.10.egg-info/PKG-INFO
[2.262s] -- Installing: /home/ecd507/f1tenth_ws/install/vesc_msgs/local/lib/python3.10/dist-packages/vesc_msgs-1.1.0-py3.10.egg-info/SOURCES.txt
[2.263s] -- Installing: /home/ecd507/f1tenth_ws/install/vesc_msgs/local/lib/python3.10/dist-packages/vesc_msgs-1.1.0-py3.10.egg-info/top_level.txt
[2.263s] -- Up-to-date: /home/ecd507/f1tenth_ws/install/vesc_msgs/local/lib/python3.10/dist-packages/vesc_msgs
[2.264s] -- Up-to-date: /home/ecd507/f1tenth_ws/install/vesc_msgs/local/lib/python3.10/dist-packages/vesc_msgs/_vesc_msgs_s.ep.rosidl_typesupport_fastrtps_c.c
[2.265s] -- Up-to-date: /home/ecd507/f1tenth_ws/install/vesc_msgs/local/lib/python3.10/dist-packages/vesc_msgs/vesc_msgs_s__rosidl_typesupport_c.cpython-310-aarch64-linux-gnu.so
[2.265s] -- Up-to-date: /home/ecd507/f1tenth_ws/install/vesc_msgs/local/lib/python3.10/dist-packages/vesc_msgs/libvesc_msgs__rosidl_generator_py.so
[2.266s] -- Up-to-date: /home/ecd507/f1tenth_ws/install/vesc_msgs/local/lib/python3.10/dist-packages/vesc_msgs/_vesc_msgs_s.ep.rosidl_typesupport_introspection_c.c
[2.267s] -- Up-to-date: /home/ecd507/f1tenth_ws/install/vesc_msgs/local/lib/python3.10/dist-packages/vesc_msgs/msg
[2.268s] -- Up-to-date: /home/ecd507/f1tenth_ws/install/vesc_msgs/local/lib/python3.10/dist-packages/vesc_msgs/msg/_vesc_state_stamped.py
[2.268s] -- Up-to-date: /home/ecd507/f1tenth_ws/install/vesc_msgs/local/lib/python3.10/dist-packages/vesc_msgs/msg/_vesc_imu.py
[2.269s] -- Up-to-date: /home/ecd507/f1tenth_ws/install/vesc_msgs/local/lib/python3.10/dist-packages/vesc_msgs/msg/_vesc_imu_stamped.py
[2.269s] -- Up-to-date: /home/ecd507/f1tenth_ws/install/vesc_msgs/local/lib/python3.10/dist-packages/vesc_msgs/msg/_vesc_imu_stamped_s.c
[2.269s] -- Up-to-date: /home/ecd507/f1tenth_ws/install/vesc_msgs/local/lib/python3.10/dist-packages/vesc_msgs/msg/_vesc_state.py
[2.269s] -- Up-to-date: /home/ecd507/f1tenth_ws/install/vesc_msgs/local/lib/python3.10/dist-packages/vesc_msgs/msg/_vesc_state_stamped_s.c
[2.270s] -- Up-to-date: /home/ecd507/f1tenth_ws/install/vesc_msgs/local/lib/python3.10/dist-packages/vesc_msgs/msg/__init__.py
[2.271s] -- Up-to-date: /home/ecd507/f1tenth_ws/install/vesc_msgs/local/lib/python3.10/dist-packages/vesc_msgs/msg/_vesc_state_s.c
[2.271s] -- Up-to-date: /home/ecd507/f1tenth_ws/install/vesc_msgs/local/lib/python3.10/dist-packages/vesc_msgs/msg/_vesc_imu_s.c
[2.271s] -- Up-to-date: /home/ecd507/f1tenth_ws/install/vesc_msgs/local/lib/python3.10/dist-packages/vesc_msgs/_vesc_msgs_s.ep.rosidl_typesupport_c.c
[2.271s] -- Up-to-date: /home/ecd507/f1tenth_ws/install/vesc_msgs/local/lib/python3.10/dist-packages/vesc_msgs/__init__.py
[2.272s] -- Up-to-date: /home/ecd507/f1tenth_ws/install/vesc_msgs/local/lib/python3.10/dist-packages/vesc_msgs/vesc_msgs_s__rosidl_typesupport_fastrtps_c.cpython-310-aarch64-linux-gnu.so
[2.272s] -- Up-to-date: /home/ecd507/f1tenth_ws/install/vesc_msgs/local/lib/python3.10/dist-packages/vesc_msgs/vesc_msgs_s__rosidl_typesupport_introspection_c.cpython-310-aarch64-linux-gnu.so
[2.324s] Listing '/home/ecd507/f1tenth_ws/install/vesc_msgs/local/lib/python3.10/dist-packages/vesc_msgs'...
[2.324s] Listing '/home/ecd507/f1tenth_ws/install/vesc_msgs/local/lib/python3.10/dist-packages/vesc_msgs/msg'...
[2.338s] -- Up-to-date: /home/ecd507/f1tenth_ws/install/vesc_msgs/local/lib/python3.10/dist-packages/vesc_msgs/vesc_msgs_s__rosidl_typesupport_fastrtps_c.cpython-310-aarch64-linux-gnu.so
[2.341s] -- Up-to-date: /home/ecd507/f1tenth_ws/install/vesc_msgs/local/lib/python3.10/dist-packages/vesc_msgs/vesc_msgs_s__rosidl_typesupport_introspection_c.cpython-310-aarch64-linux-gnu.so
[2.344s] -- Up-to-date: /home/ecd507/f1tenth_ws/install/vesc_msgs/local/lib/python3.10/dist-packages/vesc_msgs/vesc_msgs_s__rosidl_typesupport_c.cpython-310-aarch64-linux-gnu.so
[2.346s] -- Up-to-date: /home/ecd507/f1tenth_ws/install/vesc_msgs/lib/libvesc_msgs__rosidl_generator_py.so
[2.348s] -- Up-to-date: /home/ecd507/f1tenth_ws/install/vesc_msgs/share/vesc_msgs/msg/VescState.idl
[2.350s] -- Up-to-date: /home/ecd507/f1tenth_ws/install/vesc_msgs/share/vesc_msgs/msg/VescStateStamped.idl
[2.351s] -- Up-to-date: /home/ecd507/f1tenth_ws/install/vesc_msgs/share/vesc_msgs/msg/VescImu.idl
[2.353s] -- Up-to-date: /home/ecd507/f1tenth_ws/install/vesc_msgs/share/vesc_msgs/msg/VescImuStamped.idl
[2.353s] -- Up-to-date: /home/ecd507/f1tenth_ws/install/vesc_msgs/share/vesc_msgs/msg/VescState.msg
[2.353s] -- Up-to-date: /home/ecd507/f1tenth_ws/install/vesc_msgs/share/vesc_msgs/msg/VescStateStamped.msg
[2.356s] -- Up-to-date: /home/ecd507/f1tenth_ws/install/vesc_msgs/share/vesc_msgs/msg/VescImu.msg
[2.356s] -- Up-to-date: /home/ecd507/f1tenth_ws/install/vesc_msgs/share/vesc_msgs/msg/VescImuStamped.msg
[2.357s] -- Up-to-date: /home/ecd507/f1tenth_ws/install/vesc_msgs/share/ament_index/resource_index/package_run_dependencies/vesc_msgs
[2.357s] -- Up-to-date: /home/ecd507/f1tenth_ws/install/vesc_msgs/share/ament_index/resource_index/parent_prefix_path/vesc_msgs
[2.357s] -- Up-to-date: /home/ecd507/f1tenth_ws/install/vesc_msgs/share/vesc_msgs/environment/ament_prefix_path.sh
[2.360s] -- Up-to-date: /home/ecd507/f1tenth_ws/install/vesc_msgs/share/vesc_msgs/environment/ament_prefix_path.dsv
[2.361s] -- Up-to-date: /home/ecd507/f1tenth_ws/install/vesc_msgs/share/vesc_msgs/environment/path.sh
[2.361s] -- Up-to-date: /home/ecd507/f1tenth_ws/install/vesc_msgs/share/vesc_msgs/environment/path.dsv
[2.361s] -- Up-to-date: /home/ecd507/f1tenth_ws/install/vesc_msgs/share/vesc_msgs/local_setup.bash
[2.361s] -- Up-to-date: /home/ecd507/f1tenth_ws/install/vesc_msgs/share/vesc_msgs/local_setup.sh
[2.362s] -- Up-to-date: /home/ecd507/f1tenth_ws/install/vesc_msgs/share/vesc_msgs/local_setup.zsh
[2.362s] -- Up-to-date: /home/ecd507/f1tenth_ws/install/vesc_msgs/share/vesc_msgs/local_setup.dsv
[2.362s] -- Installing: /home/ecd507/f1tenth_ws/install/vesc_msgs/share/vesc_msgs/package.dsv
[2.362s] -- Up-to-date: /home/ecd507/f1tenth_ws/install/vesc_msgs/share/ament_index/resource_index/packages/vesc_msgs
[2.366s] -- Up-to-date: /home/ecd507/f1tenth_ws/install/vesc_msgs/share/vesc_msgs/cmake/export_vesc_msgs__rosidl_generator_cExport.cmake
[2.367s] -- Up-to-date: /home/ecd507/f1tenth_ws/install/vesc_msgs/share/vesc_msgs/cmake/export_vesc_msgs__rosidl_generator_cExport-noconfig.cmake
[2.371s] -- Up-to-date: /home/ecd507/f1tenth_ws/install/vesc_msgs/share/vesc_msgs/cmake/export_vesc_msgs__rosidl_typesupport_fastrtps_cExport.cmake
[2.372s] -- Up-to-date: /home/ecd507/f1tenth_ws/install/vesc_msgs/share/vesc_msgs/cmake/export_vesc_msgs__rosidl_typesupport_fastrtps_cExport-noconfig.cmake
[2.374s] -- Up-to-date: /home/ecd507/f1tenth_ws/install/vesc_msgs/share/vesc_msgs/cmake/vesc_msgs__rosidl_typesupport_introspection_cExport.cmake
[2.374s] -- Up-to-date: /home/ecd507/f1tenth_ws/install/vesc_msgs/share/vesc_msgs/cmake/vesc_msgs__rosidl_typesupport_introspection_cExport-noconfig.cmake
[2.379s] -- Up-to-date: /home/ecd507/f1tenth_ws/install/vesc_msgs/share/vesc_msgs/cmake/vesc_msgs__rosidl_typesupport_cExport.cmake
[2.381s] -- Up-to-date: /home/ecd507/f1tenth_ws/install/vesc_msgs/share/vesc_msgs/cmake/vesc_msgs__rosidl_typesupport_cExport-noconfig.cmake
[2.383s] -- Up-to-date: /home/ecd507/f1tenth_ws/install/vesc_msgs/share/vesc_msgs/cmake/export_vesc_msgs__rosidl_generator_cppExport.cmake
[2.386s] -- Up-to-date: /home/ecd507/f1tenth_ws/install/vesc_msgs/share/vesc_msgs/cmake/export_vesc_msgs__rosidl_typesupport_fastrtps_cppExport.cmake
[2.386s] -- Up-to-date: /home/ecd507/f1tenth_ws/install/vesc_msgs/share/vesc_msgs/cmake/export_vesc_msgs__rosidl_typesupport_fastrtps_cppExport-noconfig.cmake
[2.388s] -- Up-to-date: /home/ecd507/f1tenth_ws/install/vesc_msgs/share/vesc_msgs/cmake/vesc_msgs__rosidl_typesupport_introspection_cppExport.cmake
[2.388s] -- Up-to-date: /home/ecd507/f1tenth_ws/install/vesc_msgs/share/vesc_msgs/cmake/vesc_msgs__rosidl_typesupport_introspection_cppExport-noconfig.cmake
[2.390s] -- Up-to-date: /home/ecd507/f1tenth_ws/install/vesc_msgs/share/vesc_msgs/cmake/vesc_msgs__rosidl_typesupport_cppExport.cmake
[2.390s] -- Up-to-date: /home/ecd507/f1tenth_ws/install/vesc_msgs/share/vesc_msgs/cmake/vesc_msgs__rosidl_typesupport_cppExport-noconfig.cmake
[2.393s] -- Up-to-date: /home/ecd507/f1tenth_ws/install/vesc_msgs/share/vesc_msgs/cmake/export_vesc_msgs__rosidl_generator_pyExport.cmake
[2.393s] -- Up-to-date: /home/ecd507/f1tenth_ws/install/vesc_msgs/share/vesc_msgs/cmake/export_vesc_msgs__rosidl_generator_pyExport-noconfig.cmake
[2.394s] -- Up-to-date: /home/ecd507/f1tenth_ws/install/vesc_msgs/share/vesc_msgs/cmake/rosidl_cmake-extras.cmake
[2.394s] -- Up-to-date: /home/ecd507/f1tenth_ws/install/vesc_msgs/share/vesc_msgs/cmake/ament_cmake_export_dependencies-extras.cmake
[2.394s] -- Up-to-date: /home/ecd507/f1tenth_ws/install/vesc_msgs/share/vesc_msgs/cmake/ament_cmake_export_include_directories-extras.cmake
[2.394s] -- Up-to-date: /home/ecd507/f1tenth_ws/install/vesc_msgs/share/vesc_msgs/cmake/ament_cmake_export_libraries-extras.cmake
[2.394s] -- Up-to-date: /home/ecd507/f1tenth_ws/install/vesc_msgs/share/vesc_msgs/cmake/ament_cmake_export_targets-extras.cmake
[2.394s] -- Up-to-date: /home/ecd507/f1tenth_ws/install/vesc_msgs/share/vesc_msgs/cmake/rosidl_cmake_export_typesupport_targets-extras.cmake
[2.394s] -- Up-to-date: /home/ecd507/f1tenth_ws/install/vesc_msgs/share/vesc_msgs/cmake/rosidl_cmake_export_typesupport_libraries-extras.cmake
[2.395s] -- Up-to-date: /home/ecd507/f1tenth_ws/install/vesc_msgs/share/vesc_msgs/cmake/vesc_msgsConfig.cmake
[2.395s] -- Up-to-date: /home/ecd507/f1tenth_ws/install/vesc_msgs/share/vesc_msgs/cmake/vesc_msgsConfig-version.cmake
[2.395s] -- Up-to-date: /home/ecd507/f1tenth_ws/install/vesc_msgs/share/vesc_msgs/package.xml
[3.002s] Invoked command in '/home/ecd507/f1tenth_ws/build/vesc_msgs' returned '0': CMAKE_PREFIX_PATH=/opt/ros/humble /usr/bin/cmake --install /home/ecd507/f1tenth_ws/build/vesc_msgs
