[3.026s] Invoking command in '/home/ecd507/f1tenth_ws/src/f1tenth_system/teleop_tools/key_teleop': PYTHONPATH=/home/ecd507/f1tenth_ws/build/key_teleop/prefix_override:/usr/lib/python3/dist-packages/colcon_core/task/python/colcon_distutils_commands:/home/ecd507/f1tenth_ws/install/key_teleop/lib/python3.10/site-packages:${PYTHONPATH} /usr/bin/python3 -W ignore:setup.py install is deprecated -W ignore:easy_install command is deprecated setup.py egg_info --egg-base ../../../../build/key_teleop build --build-base /home/ecd507/f1tenth_ws/build/key_teleop/build install --record /home/ecd507/f1tenth_ws/build/key_teleop/install.log --install-scripts $base/lib/key_teleop --single-version-externally-managed install_data
[3.586s] /usr/lib/python3/dist-packages/setuptools/dist.py:723: UserWarning: Usage of dash-separated 'script-dir' will not be supported in future versions. Please use the underscore name 'script_dir' instead
[3.586s]   warnings.warn(
[3.605s] running egg_info
[3.608s] writing ../../../../build/key_teleop/key_teleop.egg-info/PKG-INFO
[3.608s] writing dependency_links to ../../../../build/key_teleop/key_teleop.egg-info/dependency_links.txt
[3.609s] writing entry points to ../../../../build/key_teleop/key_teleop.egg-info/entry_points.txt
[3.609s] writing requirements to ../../../../build/key_teleop/key_teleop.egg-info/requires.txt
[3.610s] writing top-level names to ../../../../build/key_teleop/key_teleop.egg-info/top_level.txt
[3.615s] reading manifest file '../../../../build/key_teleop/key_teleop.egg-info/SOURCES.txt'
[3.615s] adding license file 'LICENSE'
[3.616s] writing manifest file '../../../../build/key_teleop/key_teleop.egg-info/SOURCES.txt'
[3.617s] running build
[3.617s] running build_py
[3.617s] running install
[3.618s] running install_lib
[3.621s] running install_data
[3.621s] running install_egg_info
[3.629s] removing '/home/ecd507/f1tenth_ws/install/key_teleop/lib/python3.10/site-packages/key_teleop-0.3.0-py3.10.egg-info' (and everything under it)
[3.630s] Copying ../../../../build/key_teleop/key_teleop.egg-info to /home/ecd507/f1tenth_ws/install/key_teleop/lib/python3.10/site-packages/key_teleop-0.3.0-py3.10.egg-info
[3.632s] running install_scripts
[3.681s] Installing key_teleop script to /home/ecd507/f1tenth_ws/install/key_teleop/lib/key_teleop
[3.682s] writing list of installed files to '/home/ecd507/f1tenth_ws/build/key_teleop/install.log'
[3.884s] Invoked command in '/home/ecd507/f1tenth_ws/src/f1tenth_system/teleop_tools/key_teleop' returned '0': PYTHONPATH=/home/ecd507/f1tenth_ws/build/key_teleop/prefix_override:/usr/lib/python3/dist-packages/colcon_core/task/python/colcon_distutils_commands:/home/ecd507/f1tenth_ws/install/key_teleop/lib/python3.10/site-packages:${PYTHONPATH} /usr/bin/python3 -W ignore:setup.py install is deprecated -W ignore:easy_install command is deprecated setup.py egg_info --egg-base ../../../../build/key_teleop build --build-base /home/ecd507/f1tenth_ws/build/key_teleop/build install --record /home/ecd507/f1tenth_ws/build/key_teleop/install.log --install-scripts $base/lib/key_teleop --single-version-externally-managed install_data
