[3.585s] Invoking command in '/home/ecd507/f1tenth_ws/src/f1tenth_system/teleop_tools/mouse_teleop': PYTHONPATH=/home/ecd507/f1tenth_ws/build/mouse_teleop/prefix_override:/usr/lib/python3/dist-packages/colcon_core/task/python/colcon_distutils_commands:/home/ecd507/f1tenth_ws/install/mouse_teleop/lib/python3.10/site-packages:${PYTHONPATH} /usr/bin/python3 -W ignore:setup.py install is deprecated -W ignore:easy_install command is deprecated setup.py egg_info --egg-base ../../../../build/mouse_teleop build --build-base /home/ecd507/f1tenth_ws/build/mouse_teleop/build install --record /home/ecd507/f1tenth_ws/build/mouse_teleop/install.log --install-scripts $base/lib/mouse_teleop --single-version-externally-managed install_data
[4.313s] /usr/lib/python3/dist-packages/setuptools/dist.py:723: UserWarning: Usage of dash-separated 'script-dir' will not be supported in future versions. Please use the underscore name 'script_dir' instead
[4.313s]   warnings.warn(
[4.334s] running egg_info
[4.340s] writing ../../../../build/mouse_teleop/mouse_teleop.egg-info/PKG-INFO
[4.341s] writing dependency_links to ../../../../build/mouse_teleop/mouse_teleop.egg-info/dependency_links.txt
[4.342s] writing entry points to ../../../../build/mouse_teleop/mouse_teleop.egg-info/entry_points.txt
[4.342s] writing requirements to ../../../../build/mouse_teleop/mouse_teleop.egg-info/requires.txt
[4.342s] writing top-level names to ../../../../build/mouse_teleop/mouse_teleop.egg-info/top_level.txt
[4.347s] reading manifest file '../../../../build/mouse_teleop/mouse_teleop.egg-info/SOURCES.txt'
[4.352s] adding license file 'LICENSE'
[4.354s] writing manifest file '../../../../build/mouse_teleop/mouse_teleop.egg-info/SOURCES.txt'
[4.354s] running build
[4.354s] running build_py
[4.355s] running install
[4.356s] running install_lib
[4.359s] running install_data
[4.359s] running install_egg_info
[4.368s] removing '/home/ecd507/f1tenth_ws/install/mouse_teleop/lib/python3.10/site-packages/mouse_teleop-0.3.0-py3.10.egg-info' (and everything under it)
[4.369s] Copying ../../../../build/mouse_teleop/mouse_teleop.egg-info to /home/ecd507/f1tenth_ws/install/mouse_teleop/lib/python3.10/site-packages/mouse_teleop-0.3.0-py3.10.egg-info
[4.371s] running install_scripts
[4.420s] Installing mouse_teleop script to /home/ecd507/f1tenth_ws/install/mouse_teleop/lib/mouse_teleop
[4.421s] writing list of installed files to '/home/ecd507/f1tenth_ws/build/mouse_teleop/install.log'
[4.591s] Invoked command in '/home/ecd507/f1tenth_ws/src/f1tenth_system/teleop_tools/mouse_teleop' returned '0': PYTHONPATH=/home/ecd507/f1tenth_ws/build/mouse_teleop/prefix_override:/usr/lib/python3/dist-packages/colcon_core/task/python/colcon_distutils_commands:/home/ecd507/f1tenth_ws/install/mouse_teleop/lib/python3.10/site-packages:${PYTHONPATH} /usr/bin/python3 -W ignore:setup.py install is deprecated -W ignore:easy_install command is deprecated setup.py egg_info --egg-base ../../../../build/mouse_teleop build --build-base /home/ecd507/f1tenth_ws/build/mouse_teleop/build install --record /home/ecd507/f1tenth_ws/build/mouse_teleop/install.log --install-scripts $base/lib/mouse_teleop --single-version-externally-managed install_data
