[1.549s] Invoking command in '/home/ecd507/f1tenth_ws/src/ml_algorithm': PYTHONPATH=/home/ecd507/f1tenth_ws/build/ml_algorithm/prefix_override:/usr/lib/python3/dist-packages/colcon_core/task/python/colcon_distutils_commands:/home/ecd507/f1tenth_ws/install/ml_algorithm/lib/python3.10/site-packages:${PYTHONPATH} /usr/bin/python3 -W ignore:setup.py install is deprecated -W ignore:easy_install command is deprecated setup.py egg_info --egg-base ../../build/ml_algorithm build --build-base /home/ecd507/f1tenth_ws/build/ml_algorithm/build install --record /home/ecd507/f1tenth_ws/build/ml_algorithm/install.log --single-version-externally-managed install_data
[2.146s] running egg_info
[2.147s] writing ../../build/ml_algorithm/ml_algorithm.egg-info/PKG-INFO
[2.148s] writing dependency_links to ../../build/ml_algorithm/ml_algorithm.egg-info/dependency_links.txt
[2.148s] writing entry points to ../../build/ml_algorithm/ml_algorithm.egg-info/entry_points.txt
[2.148s] writing requirements to ../../build/ml_algorithm/ml_algorithm.egg-info/requires.txt
[2.149s] writing top-level names to ../../build/ml_algorithm/ml_algorithm.egg-info/top_level.txt
[2.153s] reading manifest file '../../build/ml_algorithm/ml_algorithm.egg-info/SOURCES.txt'
[2.154s] writing manifest file '../../build/ml_algorithm/ml_algorithm.egg-info/SOURCES.txt'
[2.155s] running build
[2.155s] running build_py
[2.155s] copying ml_algorithm/ml_algorithm_node.py -> /home/ecd507/f1tenth_ws/build/ml_algorithm/build/lib/ml_algorithm
[2.156s] running install
[2.156s] running install_lib
[2.158s] copying /home/ecd507/f1tenth_ws/build/ml_algorithm/build/lib/ml_algorithm/ml_algorithm_node.py -> /home/ecd507/f1tenth_ws/install/ml_algorithm/lib/python3.10/site-packages/ml_algorithm
[2.160s] byte-compiling /home/ecd507/f1tenth_ws/install/ml_algorithm/lib/python3.10/site-packages/ml_algorithm/ml_algorithm_node.py to ml_algorithm_node.cpython-310.pyc
[2.160s]   File "/home/ecd507/f1tenth_ws/install/ml_algorithm/lib/python3.10/site-packages/ml_algorithm/ml_algorithm_node.py", line 18
[2.161s]     self.model = torch.load(os.path.expanduser('~/f1tenth_ws/model.pth'),weights_only=True map_location=torch.device(self.device))
[2.161s]                                                                                       ^^^^^^^^^^^^^^^^^
[2.161s] SyntaxError: invalid syntax. Perhaps you forgot a comma?
[2.161s] 
[2.161s] running install_data
[2.161s] running install_egg_info
[2.165s] removing '/home/ecd507/f1tenth_ws/install/ml_algorithm/lib/python3.10/site-packages/ml_algorithm-0.0.0-py3.10.egg-info' (and everything under it)
[2.165s] Copying ../../build/ml_algorithm/ml_algorithm.egg-info to /home/ecd507/f1tenth_ws/install/ml_algorithm/lib/python3.10/site-packages/ml_algorithm-0.0.0-py3.10.egg-info
[2.167s] running install_scripts
[2.211s] Installing ml_algorithm_node script to /home/ecd507/f1tenth_ws/install/ml_algorithm/lib/ml_algorithm
[2.212s] writing list of installed files to '/home/ecd507/f1tenth_ws/build/ml_algorithm/install.log'
[2.280s] Invoked command in '/home/ecd507/f1tenth_ws/src/ml_algorithm' returned '0': PYTHONPATH=/home/ecd507/f1tenth_ws/build/ml_algorithm/prefix_override:/usr/lib/python3/dist-packages/colcon_core/task/python/colcon_distutils_commands:/home/ecd507/f1tenth_ws/install/ml_algorithm/lib/python3.10/site-packages:${PYTHONPATH} /usr/bin/python3 -W ignore:setup.py install is deprecated -W ignore:easy_install command is deprecated setup.py egg_info --egg-base ../../build/ml_algorithm build --build-base /home/ecd507/f1tenth_ws/build/ml_algorithm/build install --record /home/ecd507/f1tenth_ws/build/ml_algorithm/install.log --single-version-externally-managed install_data
