[4.783s] Invoking command in '/home/ecd507/f1tenth_ws/src/data_logger': PYTHONPATH=/home/ecd507/f1tenth_ws/build/data_logger/prefix_override:/usr/lib/python3/dist-packages/colcon_core/task/python/colcon_distutils_commands:/home/ecd507/f1tenth_ws/install/data_logger/lib/python3.10/site-packages:${PYTHONPATH} /usr/bin/python3 -W ignore:setup.py install is deprecated -W ignore:easy_install command is deprecated setup.py egg_info --egg-base ../../build/data_logger build --build-base /home/ecd507/f1tenth_ws/build/data_logger/build install --record /home/ecd507/f1tenth_ws/build/data_logger/install.log --single-version-externally-managed install_data
[5.618s] running egg_info
[5.619s] writing ../../build/data_logger/data_logger.egg-info/PKG-INFO
[5.619s] writing dependency_links to ../../build/data_logger/data_logger.egg-info/dependency_links.txt
[5.619s] writing entry points to ../../build/data_logger/data_logger.egg-info/entry_points.txt
[5.620s] writing requirements to ../../build/data_logger/data_logger.egg-info/requires.txt
[5.620s] writing top-level names to ../../build/data_logger/data_logger.egg-info/top_level.txt
[5.646s] reading manifest file '../../build/data_logger/data_logger.egg-info/SOURCES.txt'
[5.652s] writing manifest file '../../build/data_logger/data_logger.egg-info/SOURCES.txt'
[5.653s] running build
[5.653s] running build_py
[5.655s] running install
[5.656s] running install_lib
[5.662s] running install_data
[5.662s] running install_egg_info
[5.670s] removing '/home/ecd507/f1tenth_ws/install/data_logger/lib/python3.10/site-packages/data_logger-0.0.0-py3.10.egg-info' (and everything under it)
[5.684s] Copying ../../build/data_logger/data_logger.egg-info to /home/ecd507/f1tenth_ws/install/data_logger/lib/python3.10/site-packages/data_logger-0.0.0-py3.10.egg-info
[5.697s] running install_scripts
[5.795s] Installing data_collector script to /home/ecd507/f1tenth_ws/install/data_logger/lib/data_logger
[5.797s] writing list of installed files to '/home/ecd507/f1tenth_ws/build/data_logger/install.log'
[6.056s] Invoked command in '/home/ecd507/f1tenth_ws/src/data_logger' returned '0': PYTHONPATH=/home/ecd507/f1tenth_ws/build/data_logger/prefix_override:/usr/lib/python3/dist-packages/colcon_core/task/python/colcon_distutils_commands:/home/ecd507/f1tenth_ws/install/data_logger/lib/python3.10/site-packages:${PYTHONPATH} /usr/bin/python3 -W ignore:setup.py install is deprecated -W ignore:easy_install command is deprecated setup.py egg_info --egg-base ../../build/data_logger build --build-base /home/ecd507/f1tenth_ws/build/data_logger/build install --record /home/ecd507/f1tenth_ws/build/data_logger/install.log --single-version-externally-managed install_data
