[6.841s] Invoking command in '/home/ecd507/f1tenth_ws/src/f1tenth_system/teleop_tools/key_teleop': PYTHONPATH=/home/ecd507/f1tenth_ws/build/key_teleop/prefix_override:/usr/lib/python3/dist-packages/colcon_core/task/python/colcon_distutils_commands:/home/ecd507/f1tenth_ws/install/key_teleop/lib/python3.10/site-packages:${PYTHONPATH} /usr/bin/python3 -W ignore:setup.py install is deprecated -W ignore:easy_install command is deprecated setup.py egg_info --egg-base ../../../../build/key_teleop build --build-base /home/ecd507/f1tenth_ws/build/key_teleop/build install --record /home/ecd507/f1tenth_ws/build/key_teleop/install.log --install-scripts $base/lib/key_teleop --single-version-externally-managed install_data
[8.487s] /usr/lib/python3/dist-packages/setuptools/dist.py:723: UserWarning: Usage of dash-separated 'script-dir' will not be supported in future versions. Please use the underscore name 'script_dir' instead
[8.487s]   warnings.warn(
[8.553s] running egg_info
[8.560s] writing ../../../../build/key_teleop/key_teleop.egg-info/PKG-INFO
[8.560s] writing dependency_links to ../../../../build/key_teleop/key_teleop.egg-info/dependency_links.txt
[8.562s] writing entry points to ../../../../build/key_teleop/key_teleop.egg-info/entry_points.txt
[8.562s] writing requirements to ../../../../build/key_teleop/key_teleop.egg-info/requires.txt
[8.562s] writing top-level names to ../../../../build/key_teleop/key_teleop.egg-info/top_level.txt
[8.570s] reading manifest file '../../../../build/key_teleop/key_teleop.egg-info/SOURCES.txt'
[8.573s] adding license file 'LICENSE'
[8.574s] writing manifest file '../../../../build/key_teleop/key_teleop.egg-info/SOURCES.txt'
[8.574s] running build
[8.575s] running build_py
[8.575s] running install
[8.576s] running install_lib
[8.581s] running install_data
[8.581s] running install_egg_info
[8.587s] removing '/home/ecd507/f1tenth_ws/install/key_teleop/lib/python3.10/site-packages/key_teleop-0.3.0-py3.10.egg-info' (and everything under it)
[8.588s] Copying ../../../../build/key_teleop/key_teleop.egg-info to /home/ecd507/f1tenth_ws/install/key_teleop/lib/python3.10/site-packages/key_teleop-0.3.0-py3.10.egg-info
[8.591s] running install_scripts
[8.681s] Installing key_teleop script to /home/ecd507/f1tenth_ws/install/key_teleop/lib/key_teleop
[8.682s] writing list of installed files to '/home/ecd507/f1tenth_ws/build/key_teleop/install.log'
[10.026s] Invoked command in '/home/ecd507/f1tenth_ws/src/f1tenth_system/teleop_tools/key_teleop' returned '0': PYTHONPATH=/home/ecd507/f1tenth_ws/build/key_teleop/prefix_override:/usr/lib/python3/dist-packages/colcon_core/task/python/colcon_distutils_commands:/home/ecd507/f1tenth_ws/install/key_teleop/lib/python3.10/site-packages:${PYTHONPATH} /usr/bin/python3 -W ignore:setup.py install is deprecated -W ignore:easy_install command is deprecated setup.py egg_info --egg-base ../../../../build/key_teleop build --build-base /home/ecd507/f1tenth_ws/build/key_teleop/build install --record /home/ecd507/f1tenth_ws/build/key_teleop/install.log --install-scripts $base/lib/key_teleop --single-version-externally-managed install_data
