[6.770s] Invoking command in '/home/ecd507/f1tenth_ws/src/data_logger': PYTHONPATH=/home/ecd507/f1tenth_ws/build/data_logger/prefix_override:/usr/lib/python3/dist-packages/colcon_core/task/python/colcon_distutils_commands:/home/ecd507/f1tenth_ws/install/data_logger/lib/python3.10/site-packages:${PYTHONPATH} /usr/bin/python3 -W ignore:setup.py install is deprecated -W ignore:easy_install command is deprecated setup.py egg_info --egg-base ../../build/data_logger build --build-base /home/ecd507/f1tenth_ws/build/data_logger/build install --record /home/ecd507/f1tenth_ws/build/data_logger/install.log --single-version-externally-managed install_data
[8.123s] running egg_info
[8.126s] writing ../../build/data_logger/data_logger.egg-info/PKG-INFO
[8.128s] writing dependency_links to ../../build/data_logger/data_logger.egg-info/dependency_links.txt
[8.130s] writing entry points to ../../build/data_logger/data_logger.egg-info/entry_points.txt
[8.131s] writing requirements to ../../build/data_logger/data_logger.egg-info/requires.txt
[8.131s] writing top-level names to ../../build/data_logger/data_logger.egg-info/top_level.txt
[8.140s] reading manifest file '../../build/data_logger/data_logger.egg-info/SOURCES.txt'
[8.160s] writing manifest file '../../build/data_logger/data_logger.egg-info/SOURCES.txt'
[8.160s] running build
[8.161s] running build_py
[8.161s] running install
[8.161s] running install_lib
[8.168s] running install_data
[8.170s] running install_egg_info
[8.196s] removing '/home/ecd507/f1tenth_ws/install/data_logger/lib/python3.10/site-packages/data_logger-0.0.0-py3.10.egg-info' (and everything under it)
[8.204s] Copying ../../build/data_logger/data_logger.egg-info to /home/ecd507/f1tenth_ws/install/data_logger/lib/python3.10/site-packages/data_logger-0.0.0-py3.10.egg-info
[8.211s] running install_scripts
[8.324s] Installing data_collector script to /home/ecd507/f1tenth_ws/install/data_logger/lib/data_logger
[8.328s] writing list of installed files to '/home/ecd507/f1tenth_ws/build/data_logger/install.log'
[8.650s] Invoked command in '/home/ecd507/f1tenth_ws/src/data_logger' returned '0': PYTHONPATH=/home/ecd507/f1tenth_ws/build/data_logger/prefix_override:/usr/lib/python3/dist-packages/colcon_core/task/python/colcon_distutils_commands:/home/ecd507/f1tenth_ws/install/data_logger/lib/python3.10/site-packages:${PYTHONPATH} /usr/bin/python3 -W ignore:setup.py install is deprecated -W ignore:easy_install command is deprecated setup.py egg_info --egg-base ../../build/data_logger build --build-base /home/ecd507/f1tenth_ws/build/data_logger/build install --record /home/ecd507/f1tenth_ws/build/data_logger/install.log --single-version-externally-managed install_data
