running egg_info
writing ../../build/ros2_camera/ros2_camera.egg-info/PKG-INFO
writing dependency_links to ../../build/ros2_camera/ros2_camera.egg-info/dependency_links.txt
writing entry points to ../../build/ros2_camera/ros2_camera.egg-info/entry_points.txt
writing requirements to ../../build/ros2_camera/ros2_camera.egg-info/requires.txt
writing top-level names to ../../build/ros2_camera/ros2_camera.egg-info/top_level.txt
reading manifest file '../../build/ros2_camera/ros2_camera.egg-info/SOURCES.txt'
adding license file 'LICENSE'
writing manifest file '../../build/ros2_camera/ros2_camera.egg-info/SOURCES.txt'
running build
running build_py
copying ros2_camera/camera_node.py -> /home/ecd507/f1tenth_ws/build/ros2_camera/build/lib/ros2_camera
running install
running install_lib
copying /home/ecd507/f1tenth_ws/build/ros2_camera/build/lib/ros2_camera/camera_node.py -> /home/ecd507/f1tenth_ws/install/ros2_camera/lib/python3.10/site-packages/ros2_camera
byte-compiling /home/ecd507/f1tenth_ws/install/ros2_camera/lib/python3.10/site-packages/ros2_camera/camera_node.py to camera_node.cpython-310.pyc
running install_data
running install_egg_info
removing '/home/ecd507/f1tenth_ws/install/ros2_camera/lib/python3.10/site-packages/ros2_camera-0.0.0-py3.10.egg-info' (and everything under it)
Copying ../../build/ros2_camera/ros2_camera.egg-info to /home/ecd507/f1tenth_ws/install/ros2_camera/lib/python3.10/site-packages/ros2_camera-0.0.0-py3.10.egg-info
running install_scripts
Installing camera_node script to /home/ecd507/f1tenth_ws/install/ros2_camera/lib/ros2_camera
writing list of installed files to '/home/ecd507/f1tenth_ws/build/ros2_camera/install.log'
