[0.078s] Invoking command in '/home/ecd507/f1tenth_ws/build/teleop_tools_msgs': CMAKE_PREFIX_PATH=${CMAKE_PREFIX_PATH}:/home/ecd507/f1tenth_ws/install/f1tenth_stack:/home/ecd507/f1tenth_ws/install/joy_teleop:/home/ecd507/f1tenth_ws/install/ros2_camera:/home/ecd507/f1tenth_ws/install/mouse_teleop:/home/ecd507/f1tenth_ws/install/ml_drive:/home/ecd507/f1tenth_ws/install/ml_algorithm_pkg:/home/ecd507/f1tenth_ws/install/ml_algorithm:/home/ecd507/f1tenth_ws/install/key_teleop:/home/ecd507/f1tenth_ws/install/data_logger:/opt/ros/humble /usr/bin/cmake --build /home/ecd507/f1tenth_ws/build/teleop_tools_msgs -- -j6 -l6
[1.580s] [  3%] Built target teleop_tools_msgs__cpp
[1.581s] [ 12%] Built target teleop_tools_msgs__rosidl_generator_c
[1.582s] [ 12%] Built target ament_cmake_python_copy_teleop_tools_msgs
[1.582s] [ 22%] Built target teleop_tools_msgs__rosidl_typesupport_fastrtps_c
[1.583s] [ 32%] Built target teleop_tools_msgs__rosidl_typesupport_c
[1.583s] [ 41%] Built target teleop_tools_msgs__rosidl_typesupport_cpp
[1.584s] [ 51%] Built target teleop_tools_msgs__rosidl_typesupport_introspection_cpp
[1.584s] [ 61%] Built target teleop_tools_msgs__rosidl_typesupport_fastrtps_cpp
[1.584s] [ 70%] Built target teleop_tools_msgs__rosidl_typesupport_introspection_c
[1.584s] [ 70%] Built target teleop_tools_msgs
[1.584s] [ 74%] Built target teleop_tools_msgs__py
[1.584s] [ 80%] Built target teleop_tools_msgs__rosidl_generator_py
[1.585s] [ 90%] Built target teleop_tools_msgs__rosidl_typesupport_c__pyext
[1.585s] [ 93%] Built target teleop_tools_msgs__rosidl_typesupport_fastrtps_c__pyext
[1.585s] [100%] Built target teleop_tools_msgs__rosidl_typesupport_introspection_c__pyext
[1.585s] running egg_info
[1.585s] writing teleop_tools_msgs.egg-info/PKG-INFO
[1.585s] writing dependency_links to teleop_tools_msgs.egg-info/dependency_links.txt
[1.586s] writing top-level names to teleop_tools_msgs.egg-info/top_level.txt
[1.586s] reading manifest file 'teleop_tools_msgs.egg-info/SOURCES.txt'
[1.586s] writing manifest file 'teleop_tools_msgs.egg-info/SOURCES.txt'
[1.586s] [100%] Built target ament_cmake_python_build_teleop_tools_msgs_egg
[2.293s] Invoked command in '/home/ecd507/f1tenth_ws/build/teleop_tools_msgs' returned '0': CMAKE_PREFIX_PATH=${CMAKE_PREFIX_PATH}:/home/ecd507/f1tenth_ws/install/f1tenth_stack:/home/ecd507/f1tenth_ws/install/joy_teleop:/home/ecd507/f1tenth_ws/install/ros2_camera:/home/ecd507/f1tenth_ws/install/mouse_teleop:/home/ecd507/f1tenth_ws/install/ml_drive:/home/ecd507/f1tenth_ws/install/ml_algorithm_pkg:/home/ecd507/f1tenth_ws/install/ml_algorithm:/home/ecd507/f1tenth_ws/install/key_teleop:/home/ecd507/f1tenth_ws/install/data_logger:/opt/ros/humble /usr/bin/cmake --build /home/ecd507/f1tenth_ws/build/teleop_tools_msgs -- -j6 -l6
[2.299s] Invoking command in '/home/ecd507/f1tenth_ws/build/teleop_tools_msgs': CMAKE_PREFIX_PATH=${CMAKE_PREFIX_PATH}:/home/ecd507/f1tenth_ws/install/f1tenth_stack:/home/ecd507/f1tenth_ws/install/joy_teleop:/home/ecd507/f1tenth_ws/install/ros2_camera:/home/ecd507/f1tenth_ws/install/mouse_teleop:/home/ecd507/f1tenth_ws/install/ml_drive:/home/ecd507/f1tenth_ws/install/ml_algorithm_pkg:/home/ecd507/f1tenth_ws/install/ml_algorithm:/home/ecd507/f1tenth_ws/install/key_teleop:/home/ecd507/f1tenth_ws/install/data_logger:/opt/ros/humble /usr/bin/cmake --install /home/ecd507/f1tenth_ws/build/teleop_tools_msgs
[2.344s] -- Install configuration: ""
[2.363s] -- Up-to-date: /home/ecd507/f1tenth_ws/install/teleop_tools_msgs/share/ament_index/resource_index/rosidl_interfaces/teleop_tools_msgs
[2.364s] -- Up-to-date: /home/ecd507/f1tenth_ws/install/teleop_tools_msgs/include/teleop_tools_msgs/teleop_tools_msgs
[2.364s] -- Up-to-date: /home/ecd507/f1tenth_ws/install/teleop_tools_msgs/include/teleop_tools_msgs/teleop_tools_msgs/msg
[2.364s] -- Up-to-date: /home/ecd507/f1tenth_ws/install/teleop_tools_msgs/include/teleop_tools_msgs/teleop_tools_msgs/msg/rosidl_generator_c__visibility_control.h
[2.364s] -- Up-to-date: /home/ecd507/f1tenth_ws/install/teleop_tools_msgs/include/teleop_tools_msgs/teleop_tools_msgs/action
[2.364s] -- Up-to-date: /home/ecd507/f1tenth_ws/install/teleop_tools_msgs/include/teleop_tools_msgs/teleop_tools_msgs/action/detail
[2.364s] -- Up-to-date: /home/ecd507/f1tenth_ws/install/teleop_tools_msgs/include/teleop_tools_msgs/teleop_tools_msgs/action/detail/increment__functions.h
[2.365s] -- Up-to-date: /home/ecd507/f1tenth_ws/install/teleop_tools_msgs/include/teleop_tools_msgs/teleop_tools_msgs/action/detail/increment__struct.h
[2.365s] -- Up-to-date: /home/ecd507/f1tenth_ws/install/teleop_tools_msgs/include/teleop_tools_msgs/teleop_tools_msgs/action/detail/increment__functions.c
[2.365s] -- Up-to-date: /home/ecd507/f1tenth_ws/install/teleop_tools_msgs/include/teleop_tools_msgs/teleop_tools_msgs/action/detail/increment__type_support.h
[2.365s] -- Up-to-date: /home/ecd507/f1tenth_ws/install/teleop_tools_msgs/include/teleop_tools_msgs/teleop_tools_msgs/action/increment.h
[2.365s] -- Up-to-date: /home/ecd507/f1tenth_ws/install/teleop_tools_msgs/share/teleop_tools_msgs/environment/library_path.sh
[2.365s] -- Up-to-date: /home/ecd507/f1tenth_ws/install/teleop_tools_msgs/share/teleop_tools_msgs/environment/library_path.dsv
[2.403s] -- Up-to-date: /home/ecd507/f1tenth_ws/install/teleop_tools_msgs/lib/libteleop_tools_msgs__rosidl_generator_c.so
[2.403s] -- Up-to-date: /home/ecd507/f1tenth_ws/install/teleop_tools_msgs/include/teleop_tools_msgs/teleop_tools_msgs
[2.404s] -- Up-to-date: /home/ecd507/f1tenth_ws/install/teleop_tools_msgs/include/teleop_tools_msgs/teleop_tools_msgs/msg
[2.404s] -- Up-to-date: /home/ecd507/f1tenth_ws/install/teleop_tools_msgs/include/teleop_tools_msgs/teleop_tools_msgs/msg/rosidl_typesupport_fastrtps_c__visibility_control.h
[2.404s] -- Up-to-date: /home/ecd507/f1tenth_ws/install/teleop_tools_msgs/include/teleop_tools_msgs/teleop_tools_msgs/action
[2.405s] -- Up-to-date: /home/ecd507/f1tenth_ws/install/teleop_tools_msgs/include/teleop_tools_msgs/teleop_tools_msgs/action/detail
[2.405s] -- Up-to-date: /home/ecd507/f1tenth_ws/install/teleop_tools_msgs/include/teleop_tools_msgs/teleop_tools_msgs/action/detail/increment__rosidl_typesupport_fastrtps_c.h
[2.405s] -- Up-to-date: /home/ecd507/f1tenth_ws/install/teleop_tools_msgs/lib/libteleop_tools_msgs__rosidl_typesupport_fastrtps_c.so
[2.412s] -- Up-to-date: /home/ecd507/f1tenth_ws/install/teleop_tools_msgs/include/teleop_tools_msgs/teleop_tools_msgs
[2.412s] -- Up-to-date: /home/ecd507/f1tenth_ws/install/teleop_tools_msgs/include/teleop_tools_msgs/teleop_tools_msgs/msg
[2.412s] -- Up-to-date: /home/ecd507/f1tenth_ws/install/teleop_tools_msgs/include/teleop_tools_msgs/teleop_tools_msgs/msg/rosidl_typesupport_introspection_c__visibility_control.h
[2.412s] -- Up-to-date: /home/ecd507/f1tenth_ws/install/teleop_tools_msgs/include/teleop_tools_msgs/teleop_tools_msgs/action
[2.413s] -- Up-to-date: /home/ecd507/f1tenth_ws/install/teleop_tools_msgs/include/teleop_tools_msgs/teleop_tools_msgs/action/detail
[2.413s] -- Up-to-date: /home/ecd507/f1tenth_ws/install/teleop_tools_msgs/include/teleop_tools_msgs/teleop_tools_msgs/action/detail/increment__type_support.c
[2.413s] -- Up-to-date: /home/ecd507/f1tenth_ws/install/teleop_tools_msgs/include/teleop_tools_msgs/teleop_tools_msgs/action/detail/increment__rosidl_typesupport_introspection_c.h
[2.413s] -- Up-to-date: /home/ecd507/f1tenth_ws/install/teleop_tools_msgs/lib/libteleop_tools_msgs__rosidl_typesupport_introspection_c.so
[2.413s] -- Up-to-date: /home/ecd507/f1tenth_ws/install/teleop_tools_msgs/lib/libteleop_tools_msgs__rosidl_typesupport_c.so
[2.413s] -- Up-to-date: /home/ecd507/f1tenth_ws/install/teleop_tools_msgs/include/teleop_tools_msgs/teleop_tools_msgs
[2.414s] -- Up-to-date: /home/ecd507/f1tenth_ws/install/teleop_tools_msgs/include/teleop_tools_msgs/teleop_tools_msgs/msg
[2.414s] -- Up-to-date: /home/ecd507/f1tenth_ws/install/teleop_tools_msgs/include/teleop_tools_msgs/teleop_tools_msgs/msg/rosidl_generator_cpp__visibility_control.hpp
[2.414s] -- Up-to-date: /home/ecd507/f1tenth_ws/install/teleop_tools_msgs/include/teleop_tools_msgs/teleop_tools_msgs/action
[2.414s] -- Up-to-date: /home/ecd507/f1tenth_ws/install/teleop_tools_msgs/include/teleop_tools_msgs/teleop_tools_msgs/action/detail
[2.414s] -- Up-to-date: /home/ecd507/f1tenth_ws/install/teleop_tools_msgs/include/teleop_tools_msgs/teleop_tools_msgs/action/detail/increment__builder.hpp
[2.414s] -- Up-to-date: /home/ecd507/f1tenth_ws/install/teleop_tools_msgs/include/teleop_tools_msgs/teleop_tools_msgs/action/detail/increment__traits.hpp
[2.414s] -- Up-to-date: /home/ecd507/f1tenth_ws/install/teleop_tools_msgs/include/teleop_tools_msgs/teleop_tools_msgs/action/detail/increment__type_support.hpp
[2.415s] -- Up-to-date: /home/ecd507/f1tenth_ws/install/teleop_tools_msgs/include/teleop_tools_msgs/teleop_tools_msgs/action/detail/increment__struct.hpp
[2.415s] -- Up-to-date: /home/ecd507/f1tenth_ws/install/teleop_tools_msgs/include/teleop_tools_msgs/teleop_tools_msgs/action/increment.hpp
[2.438s] -- Up-to-date: /home/ecd507/f1tenth_ws/install/teleop_tools_msgs/include/teleop_tools_msgs/teleop_tools_msgs
[2.438s] -- Up-to-date: /home/ecd507/f1tenth_ws/install/teleop_tools_msgs/include/teleop_tools_msgs/teleop_tools_msgs/msg
[2.438s] -- Up-to-date: /home/ecd507/f1tenth_ws/install/teleop_tools_msgs/include/teleop_tools_msgs/teleop_tools_msgs/msg/rosidl_typesupport_fastrtps_cpp__visibility_control.h
[2.438s] -- Up-to-date: /home/ecd507/f1tenth_ws/install/teleop_tools_msgs/include/teleop_tools_msgs/teleop_tools_msgs/action
[2.439s] -- Up-to-date: /home/ecd507/f1tenth_ws/install/teleop_tools_msgs/include/teleop_tools_msgs/teleop_tools_msgs/action/detail
[2.439s] -- Up-to-date: /home/ecd507/f1tenth_ws/install/teleop_tools_msgs/include/teleop_tools_msgs/teleop_tools_msgs/action/detail/dds_fastrtps
[2.439s] -- Up-to-date: /home/ecd507/f1tenth_ws/install/teleop_tools_msgs/include/teleop_tools_msgs/teleop_tools_msgs/action/detail/increment__rosidl_typesupport_fastrtps_cpp.hpp
[2.439s] -- Up-to-date: /home/ecd507/f1tenth_ws/install/teleop_tools_msgs/lib/libteleop_tools_msgs__rosidl_typesupport_fastrtps_cpp.so
[2.439s] -- Up-to-date: /home/ecd507/f1tenth_ws/install/teleop_tools_msgs/include/teleop_tools_msgs/teleop_tools_msgs
[2.439s] -- Up-to-date: /home/ecd507/f1tenth_ws/install/teleop_tools_msgs/include/teleop_tools_msgs/teleop_tools_msgs/action
[2.440s] -- Up-to-date: /home/ecd507/f1tenth_ws/install/teleop_tools_msgs/include/teleop_tools_msgs/teleop_tools_msgs/action/detail
[2.440s] -- Up-to-date: /home/ecd507/f1tenth_ws/install/teleop_tools_msgs/include/teleop_tools_msgs/teleop_tools_msgs/action/detail/increment__type_support.cpp
[2.440s] -- Up-to-date: /home/ecd507/f1tenth_ws/install/teleop_tools_msgs/include/teleop_tools_msgs/teleop_tools_msgs/action/detail/increment__rosidl_typesupport_introspection_cpp.hpp
[2.440s] -- Up-to-date: /home/ecd507/f1tenth_ws/install/teleop_tools_msgs/lib/libteleop_tools_msgs__rosidl_typesupport_introspection_cpp.so
[2.440s] -- Up-to-date: /home/ecd507/f1tenth_ws/install/teleop_tools_msgs/lib/libteleop_tools_msgs__rosidl_typesupport_cpp.so
[2.440s] -- Up-to-date: /home/ecd507/f1tenth_ws/install/teleop_tools_msgs/share/teleop_tools_msgs/environment/pythonpath.sh
[2.441s] -- Up-to-date: /home/ecd507/f1tenth_ws/install/teleop_tools_msgs/share/teleop_tools_msgs/environment/pythonpath.dsv
[2.441s] -- Up-to-date: /home/ecd507/f1tenth_ws/install/teleop_tools_msgs/local/lib/python3.10/dist-packages/teleop_tools_msgs-1.2.1-py3.10.egg-info
[2.441s] -- Installing: /home/ecd507/f1tenth_ws/install/teleop_tools_msgs/local/lib/python3.10/dist-packages/teleop_tools_msgs-1.2.1-py3.10.egg-info/dependency_links.txt
[2.441s] -- Installing: /home/ecd507/f1tenth_ws/install/teleop_tools_msgs/local/lib/python3.10/dist-packages/teleop_tools_msgs-1.2.1-py3.10.egg-info/PKG-INFO
[2.441s] -- Installing: /home/ecd507/f1tenth_ws/install/teleop_tools_msgs/local/lib/python3.10/dist-packages/teleop_tools_msgs-1.2.1-py3.10.egg-info/SOURCES.txt
[2.441s] -- Installing: /home/ecd507/f1tenth_ws/install/teleop_tools_msgs/local/lib/python3.10/dist-packages/teleop_tools_msgs-1.2.1-py3.10.egg-info/top_level.txt
[2.442s] -- Up-to-date: /home/ecd507/f1tenth_ws/install/teleop_tools_msgs/local/lib/python3.10/dist-packages/teleop_tools_msgs
[2.442s] -- Up-to-date: /home/ecd507/f1tenth_ws/install/teleop_tools_msgs/local/lib/python3.10/dist-packages/teleop_tools_msgs/libteleop_tools_msgs__rosidl_generator_py.so
[2.442s] -- Up-to-date: /home/ecd507/f1tenth_ws/install/teleop_tools_msgs/local/lib/python3.10/dist-packages/teleop_tools_msgs/_teleop_tools_msgs_s.ep.rosidl_typesupport_introspection_c.c
[2.442s] -- Up-to-date: /home/ecd507/f1tenth_ws/install/teleop_tools_msgs/local/lib/python3.10/dist-packages/teleop_tools_msgs/_teleop_tools_msgs_s.ep.rosidl_typesupport_fastrtps_c.c
[2.442s] -- Up-to-date: /home/ecd507/f1tenth_ws/install/teleop_tools_msgs/local/lib/python3.10/dist-packages/teleop_tools_msgs/__init__.py
[2.442s] -- Up-to-date: /home/ecd507/f1tenth_ws/install/teleop_tools_msgs/local/lib/python3.10/dist-packages/teleop_tools_msgs/teleop_tools_msgs_s__rosidl_typesupport_introspection_c.cpython-310-aarch64-linux-gnu.so
[2.443s] -- Up-to-date: /home/ecd507/f1tenth_ws/install/teleop_tools_msgs/local/lib/python3.10/dist-packages/teleop_tools_msgs/teleop_tools_msgs_s__rosidl_typesupport_c.cpython-310-aarch64-linux-gnu.so
[2.443s] -- Up-to-date: /home/ecd507/f1tenth_ws/install/teleop_tools_msgs/local/lib/python3.10/dist-packages/teleop_tools_msgs/_teleop_tools_msgs_s.ep.rosidl_typesupport_c.c
[2.443s] -- Up-to-date: /home/ecd507/f1tenth_ws/install/teleop_tools_msgs/local/lib/python3.10/dist-packages/teleop_tools_msgs/action
[2.443s] -- Up-to-date: /home/ecd507/f1tenth_ws/install/teleop_tools_msgs/local/lib/python3.10/dist-packages/teleop_tools_msgs/action/_increment.py
[2.443s] -- Up-to-date: /home/ecd507/f1tenth_ws/install/teleop_tools_msgs/local/lib/python3.10/dist-packages/teleop_tools_msgs/action/_increment_s.c
[2.443s] -- Up-to-date: /home/ecd507/f1tenth_ws/install/teleop_tools_msgs/local/lib/python3.10/dist-packages/teleop_tools_msgs/action/__init__.py
[2.444s] -- Up-to-date: /home/ecd507/f1tenth_ws/install/teleop_tools_msgs/local/lib/python3.10/dist-packages/teleop_tools_msgs/teleop_tools_msgs_s__rosidl_typesupport_fastrtps_c.cpython-310-aarch64-linux-gnu.so
[2.444s] Listing '/home/ecd507/f1tenth_ws/install/teleop_tools_msgs/local/lib/python3.10/dist-packages/teleop_tools_msgs'...
[2.444s] Listing '/home/ecd507/f1tenth_ws/install/teleop_tools_msgs/local/lib/python3.10/dist-packages/teleop_tools_msgs/action'...
[2.444s] -- Up-to-date: /home/ecd507/f1tenth_ws/install/teleop_tools_msgs/local/lib/python3.10/dist-packages/teleop_tools_msgs/teleop_tools_msgs_s__rosidl_typesupport_fastrtps_c.cpython-310-aarch64-linux-gnu.so
[2.445s] -- Up-to-date: /home/ecd507/f1tenth_ws/install/teleop_tools_msgs/local/lib/python3.10/dist-packages/teleop_tools_msgs/teleop_tools_msgs_s__rosidl_typesupport_introspection_c.cpython-310-aarch64-linux-gnu.so
[2.445s] -- Up-to-date: /home/ecd507/f1tenth_ws/install/teleop_tools_msgs/local/lib/python3.10/dist-packages/teleop_tools_msgs/teleop_tools_msgs_s__rosidl_typesupport_c.cpython-310-aarch64-linux-gnu.so
[2.445s] -- Up-to-date: /home/ecd507/f1tenth_ws/install/teleop_tools_msgs/lib/libteleop_tools_msgs__rosidl_generator_py.so
[2.446s] -- Up-to-date: /home/ecd507/f1tenth_ws/install/teleop_tools_msgs/share/teleop_tools_msgs/action/Increment.idl
[2.446s] -- Up-to-date: /home/ecd507/f1tenth_ws/install/teleop_tools_msgs/share/teleop_tools_msgs/action/Increment.action
[2.446s] -- Up-to-date: /home/ecd507/f1tenth_ws/install/teleop_tools_msgs/share/ament_index/resource_index/package_run_dependencies/teleop_tools_msgs
[2.446s] -- Up-to-date: /home/ecd507/f1tenth_ws/install/teleop_tools_msgs/share/ament_index/resource_index/parent_prefix_path/teleop_tools_msgs
[2.460s] -- Up-to-date: /home/ecd507/f1tenth_ws/install/teleop_tools_msgs/share/teleop_tools_msgs/environment/ament_prefix_path.sh
[2.460s] -- Up-to-date: /home/ecd507/f1tenth_ws/install/teleop_tools_msgs/share/teleop_tools_msgs/environment/ament_prefix_path.dsv
[2.461s] -- Up-to-date: /home/ecd507/f1tenth_ws/install/teleop_tools_msgs/share/teleop_tools_msgs/environment/path.sh
[2.461s] -- Up-to-date: /home/ecd507/f1tenth_ws/install/teleop_tools_msgs/share/teleop_tools_msgs/environment/path.dsv
[2.462s] -- Up-to-date: /home/ecd507/f1tenth_ws/install/teleop_tools_msgs/share/teleop_tools_msgs/local_setup.bash
[2.463s] -- Up-to-date: /home/ecd507/f1tenth_ws/install/teleop_tools_msgs/share/teleop_tools_msgs/local_setup.sh
[2.463s] -- Up-to-date: /home/ecd507/f1tenth_ws/install/teleop_tools_msgs/share/teleop_tools_msgs/local_setup.zsh
[2.464s] -- Up-to-date: /home/ecd507/f1tenth_ws/install/teleop_tools_msgs/share/teleop_tools_msgs/local_setup.dsv
[2.465s] -- Installing: /home/ecd507/f1tenth_ws/install/teleop_tools_msgs/share/teleop_tools_msgs/package.dsv
[2.465s] -- Up-to-date: /home/ecd507/f1tenth_ws/install/teleop_tools_msgs/share/ament_index/resource_index/packages/teleop_tools_msgs
[2.466s] -- Up-to-date: /home/ecd507/f1tenth_ws/install/teleop_tools_msgs/share/teleop_tools_msgs/cmake/export_teleop_tools_msgs__rosidl_generator_cExport.cmake
[2.467s] -- Up-to-date: /home/ecd507/f1tenth_ws/install/teleop_tools_msgs/share/teleop_tools_msgs/cmake/export_teleop_tools_msgs__rosidl_generator_cExport-noconfig.cmake
[2.468s] -- Up-to-date: /home/ecd507/f1tenth_ws/install/teleop_tools_msgs/share/teleop_tools_msgs/cmake/export_teleop_tools_msgs__rosidl_typesupport_fastrtps_cExport.cmake
[2.468s] -- Up-to-date: /home/ecd507/f1tenth_ws/install/teleop_tools_msgs/share/teleop_tools_msgs/cmake/export_teleop_tools_msgs__rosidl_typesupport_fastrtps_cExport-noconfig.cmake
[2.469s] -- Up-to-date: /home/ecd507/f1tenth_ws/install/teleop_tools_msgs/share/teleop_tools_msgs/cmake/teleop_tools_msgs__rosidl_typesupport_introspection_cExport.cmake
[2.469s] -- Up-to-date: /home/ecd507/f1tenth_ws/install/teleop_tools_msgs/share/teleop_tools_msgs/cmake/teleop_tools_msgs__rosidl_typesupport_introspection_cExport-noconfig.cmake
[2.469s] -- Up-to-date: /home/ecd507/f1tenth_ws/install/teleop_tools_msgs/share/teleop_tools_msgs/cmake/teleop_tools_msgs__rosidl_typesupport_cExport.cmake
[2.469s] -- Up-to-date: /home/ecd507/f1tenth_ws/install/teleop_tools_msgs/share/teleop_tools_msgs/cmake/teleop_tools_msgs__rosidl_typesupport_cExport-noconfig.cmake
[2.469s] -- Up-to-date: /home/ecd507/f1tenth_ws/install/teleop_tools_msgs/share/teleop_tools_msgs/cmake/export_teleop_tools_msgs__rosidl_generator_cppExport.cmake
[2.469s] -- Up-to-date: /home/ecd507/f1tenth_ws/install/teleop_tools_msgs/share/teleop_tools_msgs/cmake/export_teleop_tools_msgs__rosidl_typesupport_fastrtps_cppExport.cmake
[2.470s] -- Up-to-date: /home/ecd507/f1tenth_ws/install/teleop_tools_msgs/share/teleop_tools_msgs/cmake/export_teleop_tools_msgs__rosidl_typesupport_fastrtps_cppExport-noconfig.cmake
[2.470s] -- Up-to-date: /home/ecd507/f1tenth_ws/install/teleop_tools_msgs/share/teleop_tools_msgs/cmake/teleop_tools_msgs__rosidl_typesupport_introspection_cppExport.cmake
[2.470s] -- Up-to-date: /home/ecd507/f1tenth_ws/install/teleop_tools_msgs/share/teleop_tools_msgs/cmake/teleop_tools_msgs__rosidl_typesupport_introspection_cppExport-noconfig.cmake
[2.470s] -- Up-to-date: /home/ecd507/f1tenth_ws/install/teleop_tools_msgs/share/teleop_tools_msgs/cmake/teleop_tools_msgs__rosidl_typesupport_cppExport.cmake
[2.470s] -- Up-to-date: /home/ecd507/f1tenth_ws/install/teleop_tools_msgs/share/teleop_tools_msgs/cmake/teleop_tools_msgs__rosidl_typesupport_cppExport-noconfig.cmake
[2.471s] -- Up-to-date: /home/ecd507/f1tenth_ws/install/teleop_tools_msgs/share/teleop_tools_msgs/cmake/export_teleop_tools_msgs__rosidl_generator_pyExport.cmake
[2.471s] -- Up-to-date: /home/ecd507/f1tenth_ws/install/teleop_tools_msgs/share/teleop_tools_msgs/cmake/export_teleop_tools_msgs__rosidl_generator_pyExport-noconfig.cmake
[2.471s] -- Up-to-date: /home/ecd507/f1tenth_ws/install/teleop_tools_msgs/share/teleop_tools_msgs/cmake/rosidl_cmake-extras.cmake
[2.473s] -- Up-to-date: /home/ecd507/f1tenth_ws/install/teleop_tools_msgs/share/teleop_tools_msgs/cmake/ament_cmake_export_dependencies-extras.cmake
[2.473s] -- Up-to-date: /home/ecd507/f1tenth_ws/install/teleop_tools_msgs/share/teleop_tools_msgs/cmake/ament_cmake_export_include_directories-extras.cmake
[2.473s] -- Up-to-date: /home/ecd507/f1tenth_ws/install/teleop_tools_msgs/share/teleop_tools_msgs/cmake/ament_cmake_export_libraries-extras.cmake
[2.474s] -- Up-to-date: /home/ecd507/f1tenth_ws/install/teleop_tools_msgs/share/teleop_tools_msgs/cmake/ament_cmake_export_targets-extras.cmake
[2.475s] -- Up-to-date: /home/ecd507/f1tenth_ws/install/teleop_tools_msgs/share/teleop_tools_msgs/cmake/rosidl_cmake_export_typesupport_targets-extras.cmake
[2.476s] -- Up-to-date: /home/ecd507/f1tenth_ws/install/teleop_tools_msgs/share/teleop_tools_msgs/cmake/rosidl_cmake_export_typesupport_libraries-extras.cmake
[2.476s] -- Up-to-date: /home/ecd507/f1tenth_ws/install/teleop_tools_msgs/share/teleop_tools_msgs/cmake/teleop_tools_msgsConfig.cmake
[2.476s] -- Up-to-date: /home/ecd507/f1tenth_ws/install/teleop_tools_msgs/share/teleop_tools_msgs/cmake/teleop_tools_msgsConfig-version.cmake
[2.476s] -- Up-to-date: /home/ecd507/f1tenth_ws/install/teleop_tools_msgs/share/teleop_tools_msgs/package.xml
[2.654s] Invoked command in '/home/ecd507/f1tenth_ws/build/teleop_tools_msgs' returned '0': CMAKE_PREFIX_PATH=${CMAKE_PREFIX_PATH}:/home/ecd507/f1tenth_ws/install/f1tenth_stack:/home/ecd507/f1tenth_ws/install/joy_teleop:/home/ecd507/f1tenth_ws/install/ros2_camera:/home/ecd507/f1tenth_ws/install/mouse_teleop:/home/ecd507/f1tenth_ws/install/ml_drive:/home/ecd507/f1tenth_ws/install/ml_algorithm_pkg:/home/ecd507/f1tenth_ws/install/ml_algorithm:/home/ecd507/f1tenth_ws/install/key_teleop:/home/ecd507/f1tenth_ws/install/data_logger:/opt/ros/humble /usr/bin/cmake --install /home/ecd507/f1tenth_ws/build/teleop_tools_msgs
