[5.371s] Invoking command in '/home/ecd507/f1tenth_ws/src/ml_algorithm': PYTHONPATH=/home/ecd507/f1tenth_ws/build/ml_algorithm/prefix_override:/usr/lib/python3/dist-packages/colcon_core/task/python/colcon_distutils_commands:/home/ecd507/f1tenth_ws/install/ml_algorithm/lib/python3.10/site-packages:${PYTHONPATH} /usr/bin/python3 -W ignore:setup.py install is deprecated -W ignore:easy_install command is deprecated setup.py egg_info --egg-base ../../build/ml_algorithm build --build-base /home/ecd507/f1tenth_ws/build/ml_algorithm/build install --record /home/ecd507/f1tenth_ws/build/ml_algorithm/install.log --single-version-externally-managed install_data
[6.145s] running egg_info
[6.145s] writing ../../build/ml_algorithm/ml_algorithm.egg-info/PKG-INFO
[6.146s] writing dependency_links to ../../build/ml_algorithm/ml_algorithm.egg-info/dependency_links.txt
[6.146s] writing entry points to ../../build/ml_algorithm/ml_algorithm.egg-info/entry_points.txt
[6.146s] writing requirements to ../../build/ml_algorithm/ml_algorithm.egg-info/requires.txt
[6.146s] writing top-level names to ../../build/ml_algorithm/ml_algorithm.egg-info/top_level.txt
[6.147s] reading manifest file '../../build/ml_algorithm/ml_algorithm.egg-info/SOURCES.txt'
[6.149s] writing manifest file '../../build/ml_algorithm/ml_algorithm.egg-info/SOURCES.txt'
[6.149s] running build
[6.150s] running build_py
[6.150s] running install
[6.151s] running install_lib
[6.154s] running install_data
[6.155s] running install_egg_info
[6.159s] removing '/home/ecd507/f1tenth_ws/install/ml_algorithm/lib/python3.10/site-packages/ml_algorithm-0.0.0-py3.10.egg-info' (and everything under it)
[6.160s] Copying ../../build/ml_algorithm/ml_algorithm.egg-info to /home/ecd507/f1tenth_ws/install/ml_algorithm/lib/python3.10/site-packages/ml_algorithm-0.0.0-py3.10.egg-info
[6.162s] running install_scripts
[6.213s] Installing ml_algorithm_node script to /home/ecd507/f1tenth_ws/install/ml_algorithm/lib/ml_algorithm
[6.214s] writing list of installed files to '/home/ecd507/f1tenth_ws/build/ml_algorithm/install.log'
[6.502s] Invoked command in '/home/ecd507/f1tenth_ws/src/ml_algorithm' returned '0': PYTHONPATH=/home/ecd507/f1tenth_ws/build/ml_algorithm/prefix_override:/usr/lib/python3/dist-packages/colcon_core/task/python/colcon_distutils_commands:/home/ecd507/f1tenth_ws/install/ml_algorithm/lib/python3.10/site-packages:${PYTHONPATH} /usr/bin/python3 -W ignore:setup.py install is deprecated -W ignore:easy_install command is deprecated setup.py egg_info --egg-base ../../build/ml_algorithm build --build-base /home/ecd507/f1tenth_ws/build/ml_algorithm/build install --record /home/ecd507/f1tenth_ws/build/ml_algorithm/install.log --single-version-externally-managed install_data
