running egg_info
creating ../../build/ml_drive/ml_drive.egg-info
writing ../../build/ml_drive/ml_drive.egg-info/PKG-INFO
writing dependency_links to ../../build/ml_drive/ml_drive.egg-info/dependency_links.txt
writing entry points to ../../build/ml_drive/ml_drive.egg-info/entry_points.txt
writing requirements to ../../build/ml_drive/ml_drive.egg-info/requires.txt
writing top-level names to ../../build/ml_drive/ml_drive.egg-info/top_level.txt
writing manifest file '../../build/ml_drive/ml_drive.egg-info/SOURCES.txt'
reading manifest file '../../build/ml_drive/ml_drive.egg-info/SOURCES.txt'
writing manifest file '../../build/ml_drive/ml_drive.egg-info/SOURCES.txt'
running build
running build_py
creating /home/ecd507/f1tenth_ws/build/ml_drive/build
creating /home/ecd507/f1tenth_ws/build/ml_drive/build/lib
creating /home/ecd507/f1tenth_ws/build/ml_drive/build/lib/ml_drive
copying ml_drive/ml_drive.py -> /home/ecd507/f1tenth_ws/build/ml_drive/build/lib/ml_drive
copying ml_drive/__init__.py -> /home/ecd507/f1tenth_ws/build/ml_drive/build/lib/ml_drive
running install
running install_lib
creating /home/ecd507/f1tenth_ws/install/ml_drive/lib/python3.10/site-packages/ml_drive
copying /home/ecd507/f1tenth_ws/build/ml_drive/build/lib/ml_drive/ml_drive.py -> /home/ecd507/f1tenth_ws/install/ml_drive/lib/python3.10/site-packages/ml_drive
copying /home/ecd507/f1tenth_ws/build/ml_drive/build/lib/ml_drive/__init__.py -> /home/ecd507/f1tenth_ws/install/ml_drive/lib/python3.10/site-packages/ml_drive
byte-compiling /home/ecd507/f1tenth_ws/install/ml_drive/lib/python3.10/site-packages/ml_drive/ml_drive.py to ml_drive.cpython-310.pyc
byte-compiling /home/ecd507/f1tenth_ws/install/ml_drive/lib/python3.10/site-packages/ml_drive/__init__.py to __init__.cpython-310.pyc
running install_data
creating /home/ecd507/f1tenth_ws/install/ml_drive/share/ament_index
creating /home/ecd507/f1tenth_ws/install/ml_drive/share/ament_index/resource_index
creating /home/ecd507/f1tenth_ws/install/ml_drive/share/ament_index/resource_index/packages
copying resource/ml_drive -> /home/ecd507/f1tenth_ws/install/ml_drive/share/ament_index/resource_index/packages
copying package.xml -> /home/ecd507/f1tenth_ws/install/ml_drive/share/ml_drive
running install_egg_info
Copying ../../build/ml_drive/ml_drive.egg-info to /home/ecd507/f1tenth_ws/install/ml_drive/lib/python3.10/site-packages/ml_drive-0.0.0-py3.10.egg-info
running install_scripts
Installing camera_subscriber script to /home/ecd507/f1tenth_ws/install/ml_drive/lib/ml_drive
writing list of installed files to '/home/ecd507/f1tenth_ws/build/ml_drive/install.log'
