[1.438s] Invoking command in '/home/ecd507/f1tenth_ws/src/ml_drive': PYTHONPATH=/home/ecd507/f1tenth_ws/build/ml_drive/prefix_override:/usr/lib/python3/dist-packages/colcon_core/task/python/colcon_distutils_commands:/home/ecd507/f1tenth_ws/install/ml_drive/lib/python3.10/site-packages:${PYTHONPATH} /usr/bin/python3 -W ignore:setup.py install is deprecated -W ignore:easy_install command is deprecated setup.py egg_info --egg-base ../../build/ml_drive build --build-base /home/ecd507/f1tenth_ws/build/ml_drive/build install --record /home/ecd507/f1tenth_ws/build/ml_drive/install.log --single-version-externally-managed install_data
[1.976s] running egg_info
[1.977s] creating ../../build/ml_drive/ml_drive.egg-info
[1.977s] writing ../../build/ml_drive/ml_drive.egg-info/PKG-INFO
[1.978s] writing dependency_links to ../../build/ml_drive/ml_drive.egg-info/dependency_links.txt
[1.978s] writing entry points to ../../build/ml_drive/ml_drive.egg-info/entry_points.txt
[1.978s] writing requirements to ../../build/ml_drive/ml_drive.egg-info/requires.txt
[1.978s] writing top-level names to ../../build/ml_drive/ml_drive.egg-info/top_level.txt
[1.979s] writing manifest file '../../build/ml_drive/ml_drive.egg-info/SOURCES.txt'
[1.982s] reading manifest file '../../build/ml_drive/ml_drive.egg-info/SOURCES.txt'
[1.983s] writing manifest file '../../build/ml_drive/ml_drive.egg-info/SOURCES.txt'
[1.984s] running build
[1.984s] running build_py
[1.985s] creating /home/ecd507/f1tenth_ws/build/ml_drive/build
[1.985s] creating /home/ecd507/f1tenth_ws/build/ml_drive/build/lib
[1.985s] creating /home/ecd507/f1tenth_ws/build/ml_drive/build/lib/ml_drive
[1.985s] copying ml_drive/ml_drive.py -> /home/ecd507/f1tenth_ws/build/ml_drive/build/lib/ml_drive
[1.986s] copying ml_drive/__init__.py -> /home/ecd507/f1tenth_ws/build/ml_drive/build/lib/ml_drive
[1.986s] running install
[1.986s] running install_lib
[1.990s] creating /home/ecd507/f1tenth_ws/install/ml_drive/lib/python3.10/site-packages/ml_drive
[1.990s] copying /home/ecd507/f1tenth_ws/build/ml_drive/build/lib/ml_drive/ml_drive.py -> /home/ecd507/f1tenth_ws/install/ml_drive/lib/python3.10/site-packages/ml_drive
[1.990s] copying /home/ecd507/f1tenth_ws/build/ml_drive/build/lib/ml_drive/__init__.py -> /home/ecd507/f1tenth_ws/install/ml_drive/lib/python3.10/site-packages/ml_drive
[1.991s] byte-compiling /home/ecd507/f1tenth_ws/install/ml_drive/lib/python3.10/site-packages/ml_drive/ml_drive.py to ml_drive.cpython-310.pyc
[1.992s] byte-compiling /home/ecd507/f1tenth_ws/install/ml_drive/lib/python3.10/site-packages/ml_drive/__init__.py to __init__.cpython-310.pyc
[1.993s] running install_data
[1.993s] creating /home/ecd507/f1tenth_ws/install/ml_drive/share/ament_index
[1.993s] creating /home/ecd507/f1tenth_ws/install/ml_drive/share/ament_index/resource_index
[1.994s] creating /home/ecd507/f1tenth_ws/install/ml_drive/share/ament_index/resource_index/packages
[1.994s] copying resource/ml_drive -> /home/ecd507/f1tenth_ws/install/ml_drive/share/ament_index/resource_index/packages
[1.994s] copying package.xml -> /home/ecd507/f1tenth_ws/install/ml_drive/share/ml_drive
[1.994s] running install_egg_info
[1.998s] Copying ../../build/ml_drive/ml_drive.egg-info to /home/ecd507/f1tenth_ws/install/ml_drive/lib/python3.10/site-packages/ml_drive-0.0.0-py3.10.egg-info
[2.000s] running install_scripts
[2.041s] Installing camera_subscriber script to /home/ecd507/f1tenth_ws/install/ml_drive/lib/ml_drive
[2.041s] writing list of installed files to '/home/ecd507/f1tenth_ws/build/ml_drive/install.log'
[2.107s] Invoked command in '/home/ecd507/f1tenth_ws/src/ml_drive' returned '0': PYTHONPATH=/home/ecd507/f1tenth_ws/build/ml_drive/prefix_override:/usr/lib/python3/dist-packages/colcon_core/task/python/colcon_distutils_commands:/home/ecd507/f1tenth_ws/install/ml_drive/lib/python3.10/site-packages:${PYTHONPATH} /usr/bin/python3 -W ignore:setup.py install is deprecated -W ignore:easy_install command is deprecated setup.py egg_info --egg-base ../../build/ml_drive build --build-base /home/ecd507/f1tenth_ws/build/ml_drive/build install --record /home/ecd507/f1tenth_ws/build/ml_drive/install.log --single-version-externally-managed install_data
