[0.306s] Invoking command in '/home/ecd507/f1tenth_ws/build/teleop_tools_msgs': CMAKE_PREFIX_PATH=${CMAKE_PREFIX_PATH}:/home/ecd507/f1tenth_ws/install/f1tenth_stack:/home/ecd507/f1tenth_ws/install/joy_teleop:/home/ecd507/f1tenth_ws/install/ros2_camera:/home/ecd507/f1tenth_ws/install/mouse_teleop:/home/ecd507/f1tenth_ws/install/ml_drive:/home/ecd507/f1tenth_ws/install/ml_algorithm_pkg:/home/ecd507/f1tenth_ws/install/ml_algorithm:/home/ecd507/f1tenth_ws/install/key_teleop:/home/ecd507/f1tenth_ws/install/data_logger:/opt/ros/humble /usr/bin/cmake --build /home/ecd507/f1tenth_ws/build/teleop_tools_msgs -- -j6 -l6
[2.255s] [  3%] Built target teleop_tools_msgs__cpp
[2.255s] [ 12%] Built target teleop_tools_msgs__rosidl_generator_c
[2.255s] [ 12%] Built target ament_cmake_python_copy_teleop_tools_msgs
[2.255s] [ 22%] Built target teleop_tools_msgs__rosidl_typesupport_cpp
[2.255s] [ 32%] Built target teleop_tools_msgs__rosidl_typesupport_fastrtps_cpp
[2.256s] [ 41%] Built target teleop_tools_msgs__rosidl_typesupport_introspection_c
[2.256s] [ 51%] Built target teleop_tools_msgs__rosidl_typesupport_introspection_cpp
[2.256s] [ 61%] Built target teleop_tools_msgs__rosidl_typesupport_fastrtps_c
[2.256s] [ 70%] Built target teleop_tools_msgs__rosidl_typesupport_c
[2.256s] [ 70%] Built target teleop_tools_msgs
[2.257s] [ 74%] Built target teleop_tools_msgs__py
[2.257s] [ 80%] Built target teleop_tools_msgs__rosidl_generator_py
[2.257s] [ 87%] Built target teleop_tools_msgs__rosidl_typesupport_fastrtps_c__pyext
[2.257s] [ 93%] Built target teleop_tools_msgs__rosidl_typesupport_introspection_c__pyext
[2.257s] [100%] Built target teleop_tools_msgs__rosidl_typesupport_c__pyext
[2.257s] running egg_info
[2.257s] writing teleop_tools_msgs.egg-info/PKG-INFO
[2.258s] writing dependency_links to teleop_tools_msgs.egg-info/dependency_links.txt
[2.258s] writing top-level names to teleop_tools_msgs.egg-info/top_level.txt
[2.266s] reading manifest file 'teleop_tools_msgs.egg-info/SOURCES.txt'
[2.267s] writing manifest file 'teleop_tools_msgs.egg-info/SOURCES.txt'
[2.330s] [100%] Built target ament_cmake_python_build_teleop_tools_msgs_egg
[3.320s] Invoked command in '/home/ecd507/f1tenth_ws/build/teleop_tools_msgs' returned '0': CMAKE_PREFIX_PATH=${CMAKE_PREFIX_PATH}:/home/ecd507/f1tenth_ws/install/f1tenth_stack:/home/ecd507/f1tenth_ws/install/joy_teleop:/home/ecd507/f1tenth_ws/install/ros2_camera:/home/ecd507/f1tenth_ws/install/mouse_teleop:/home/ecd507/f1tenth_ws/install/ml_drive:/home/ecd507/f1tenth_ws/install/ml_algorithm_pkg:/home/ecd507/f1tenth_ws/install/ml_algorithm:/home/ecd507/f1tenth_ws/install/key_teleop:/home/ecd507/f1tenth_ws/install/data_logger:/opt/ros/humble /usr/bin/cmake --build /home/ecd507/f1tenth_ws/build/teleop_tools_msgs -- -j6 -l6
[3.369s] Invoking command in '/home/ecd507/f1tenth_ws/build/teleop_tools_msgs': CMAKE_PREFIX_PATH=${CMAKE_PREFIX_PATH}:/home/ecd507/f1tenth_ws/install/f1tenth_stack:/home/ecd507/f1tenth_ws/install/joy_teleop:/home/ecd507/f1tenth_ws/install/ros2_camera:/home/ecd507/f1tenth_ws/install/mouse_teleop:/home/ecd507/f1tenth_ws/install/ml_drive:/home/ecd507/f1tenth_ws/install/ml_algorithm_pkg:/home/ecd507/f1tenth_ws/install/ml_algorithm:/home/ecd507/f1tenth_ws/install/key_teleop:/home/ecd507/f1tenth_ws/install/data_logger:/opt/ros/humble /usr/bin/cmake --install /home/ecd507/f1tenth_ws/build/teleop_tools_msgs
[3.482s] -- Install configuration: ""
[3.487s] -- Up-to-date: /home/ecd507/f1tenth_ws/install/teleop_tools_msgs/share/ament_index/resource_index/rosidl_interfaces/teleop_tools_msgs
[3.487s] -- Up-to-date: /home/ecd507/f1tenth_ws/install/teleop_tools_msgs/include/teleop_tools_msgs/teleop_tools_msgs
[3.487s] -- Up-to-date: /home/ecd507/f1tenth_ws/install/teleop_tools_msgs/include/teleop_tools_msgs/teleop_tools_msgs/msg
[3.488s] -- Up-to-date: /home/ecd507/f1tenth_ws/install/teleop_tools_msgs/include/teleop_tools_msgs/teleop_tools_msgs/msg/rosidl_generator_c__visibility_control.h
[3.488s] -- Up-to-date: /home/ecd507/f1tenth_ws/install/teleop_tools_msgs/include/teleop_tools_msgs/teleop_tools_msgs/action
[3.491s] -- Up-to-date: /home/ecd507/f1tenth_ws/install/teleop_tools_msgs/include/teleop_tools_msgs/teleop_tools_msgs/action/detail
[3.491s] -- Up-to-date: /home/ecd507/f1tenth_ws/install/teleop_tools_msgs/include/teleop_tools_msgs/teleop_tools_msgs/action/detail/increment__functions.h
[3.491s] -- Up-to-date: /home/ecd507/f1tenth_ws/install/teleop_tools_msgs/include/teleop_tools_msgs/teleop_tools_msgs/action/detail/increment__struct.h
[3.491s] -- Up-to-date: /home/ecd507/f1tenth_ws/install/teleop_tools_msgs/include/teleop_tools_msgs/teleop_tools_msgs/action/detail/increment__functions.c
[3.491s] -- Up-to-date: /home/ecd507/f1tenth_ws/install/teleop_tools_msgs/include/teleop_tools_msgs/teleop_tools_msgs/action/detail/increment__type_support.h
[3.491s] -- Up-to-date: /home/ecd507/f1tenth_ws/install/teleop_tools_msgs/include/teleop_tools_msgs/teleop_tools_msgs/action/increment.h
[3.492s] -- Up-to-date: /home/ecd507/f1tenth_ws/install/teleop_tools_msgs/share/teleop_tools_msgs/environment/library_path.sh
[3.512s] -- Up-to-date: /home/ecd507/f1tenth_ws/install/teleop_tools_msgs/share/teleop_tools_msgs/environment/library_path.dsv
[3.513s] -- Up-to-date: /home/ecd507/f1tenth_ws/install/teleop_tools_msgs/lib/libteleop_tools_msgs__rosidl_generator_c.so
[3.514s] -- Up-to-date: /home/ecd507/f1tenth_ws/install/teleop_tools_msgs/include/teleop_tools_msgs/teleop_tools_msgs
[3.514s] -- Up-to-date: /home/ecd507/f1tenth_ws/install/teleop_tools_msgs/include/teleop_tools_msgs/teleop_tools_msgs/msg
[3.514s] -- Up-to-date: /home/ecd507/f1tenth_ws/install/teleop_tools_msgs/include/teleop_tools_msgs/teleop_tools_msgs/msg/rosidl_typesupport_fastrtps_c__visibility_control.h
[3.520s] -- Up-to-date: /home/ecd507/f1tenth_ws/install/teleop_tools_msgs/include/teleop_tools_msgs/teleop_tools_msgs/action
[3.520s] -- Up-to-date: /home/ecd507/f1tenth_ws/install/teleop_tools_msgs/include/teleop_tools_msgs/teleop_tools_msgs/action/detail
[3.523s] -- Up-to-date: /home/ecd507/f1tenth_ws/install/teleop_tools_msgs/include/teleop_tools_msgs/teleop_tools_msgs/action/detail/increment__rosidl_typesupport_fastrtps_c.h
[3.539s] -- Up-to-date: /home/ecd507/f1tenth_ws/install/teleop_tools_msgs/lib/libteleop_tools_msgs__rosidl_typesupport_fastrtps_c.so
[3.539s] -- Up-to-date: /home/ecd507/f1tenth_ws/install/teleop_tools_msgs/include/teleop_tools_msgs/teleop_tools_msgs
[3.540s] -- Up-to-date: /home/ecd507/f1tenth_ws/install/teleop_tools_msgs/include/teleop_tools_msgs/teleop_tools_msgs/msg
[3.540s] -- Up-to-date: /home/ecd507/f1tenth_ws/install/teleop_tools_msgs/include/teleop_tools_msgs/teleop_tools_msgs/msg/rosidl_typesupport_introspection_c__visibility_control.h
[3.540s] -- Up-to-date: /home/ecd507/f1tenth_ws/install/teleop_tools_msgs/include/teleop_tools_msgs/teleop_tools_msgs/action
[3.540s] -- Up-to-date: /home/ecd507/f1tenth_ws/install/teleop_tools_msgs/include/teleop_tools_msgs/teleop_tools_msgs/action/detail
[3.540s] -- Up-to-date: /home/ecd507/f1tenth_ws/install/teleop_tools_msgs/include/teleop_tools_msgs/teleop_tools_msgs/action/detail/increment__type_support.c
[3.545s] -- Up-to-date: /home/ecd507/f1tenth_ws/install/teleop_tools_msgs/include/teleop_tools_msgs/teleop_tools_msgs/action/detail/increment__rosidl_typesupport_introspection_c.h
[3.547s] -- Up-to-date: /home/ecd507/f1tenth_ws/install/teleop_tools_msgs/lib/libteleop_tools_msgs__rosidl_typesupport_introspection_c.so
[3.547s] -- Up-to-date: /home/ecd507/f1tenth_ws/install/teleop_tools_msgs/lib/libteleop_tools_msgs__rosidl_typesupport_c.so
[3.550s] -- Up-to-date: /home/ecd507/f1tenth_ws/install/teleop_tools_msgs/include/teleop_tools_msgs/teleop_tools_msgs
[3.553s] -- Up-to-date: /home/ecd507/f1tenth_ws/install/teleop_tools_msgs/include/teleop_tools_msgs/teleop_tools_msgs/msg
[3.553s] -- Up-to-date: /home/ecd507/f1tenth_ws/install/teleop_tools_msgs/include/teleop_tools_msgs/teleop_tools_msgs/msg/rosidl_generator_cpp__visibility_control.hpp
[3.553s] -- Up-to-date: /home/ecd507/f1tenth_ws/install/teleop_tools_msgs/include/teleop_tools_msgs/teleop_tools_msgs/action
[3.553s] -- Up-to-date: /home/ecd507/f1tenth_ws/install/teleop_tools_msgs/include/teleop_tools_msgs/teleop_tools_msgs/action/detail
[3.576s] -- Up-to-date: /home/ecd507/f1tenth_ws/install/teleop_tools_msgs/include/teleop_tools_msgs/teleop_tools_msgs/action/detail/increment__builder.hpp
[3.576s] -- Up-to-date: /home/ecd507/f1tenth_ws/install/teleop_tools_msgs/include/teleop_tools_msgs/teleop_tools_msgs/action/detail/increment__traits.hpp
[3.577s] -- Up-to-date: /home/ecd507/f1tenth_ws/install/teleop_tools_msgs/include/teleop_tools_msgs/teleop_tools_msgs/action/detail/increment__type_support.hpp
[3.577s] -- Up-to-date: /home/ecd507/f1tenth_ws/install/teleop_tools_msgs/include/teleop_tools_msgs/teleop_tools_msgs/action/detail/increment__struct.hpp
[3.577s] -- Up-to-date: /home/ecd507/f1tenth_ws/install/teleop_tools_msgs/include/teleop_tools_msgs/teleop_tools_msgs/action/increment.hpp
[3.577s] -- Up-to-date: /home/ecd507/f1tenth_ws/install/teleop_tools_msgs/include/teleop_tools_msgs/teleop_tools_msgs
[3.577s] -- Up-to-date: /home/ecd507/f1tenth_ws/install/teleop_tools_msgs/include/teleop_tools_msgs/teleop_tools_msgs/msg
[3.577s] -- Up-to-date: /home/ecd507/f1tenth_ws/install/teleop_tools_msgs/include/teleop_tools_msgs/teleop_tools_msgs/msg/rosidl_typesupport_fastrtps_cpp__visibility_control.h
[3.577s] -- Up-to-date: /home/ecd507/f1tenth_ws/install/teleop_tools_msgs/include/teleop_tools_msgs/teleop_tools_msgs/action
[3.578s] -- Up-to-date: /home/ecd507/f1tenth_ws/install/teleop_tools_msgs/include/teleop_tools_msgs/teleop_tools_msgs/action/detail
[3.620s] -- Up-to-date: /home/ecd507/f1tenth_ws/install/teleop_tools_msgs/include/teleop_tools_msgs/teleop_tools_msgs/action/detail/dds_fastrtps
[3.623s] -- Up-to-date: /home/ecd507/f1tenth_ws/install/teleop_tools_msgs/include/teleop_tools_msgs/teleop_tools_msgs/action/detail/increment__rosidl_typesupport_fastrtps_cpp.hpp
[3.631s] -- Up-to-date: /home/ecd507/f1tenth_ws/install/teleop_tools_msgs/lib/libteleop_tools_msgs__rosidl_typesupport_fastrtps_cpp.so
[3.631s] -- Up-to-date: /home/ecd507/f1tenth_ws/install/teleop_tools_msgs/include/teleop_tools_msgs/teleop_tools_msgs
[3.631s] -- Up-to-date: /home/ecd507/f1tenth_ws/install/teleop_tools_msgs/include/teleop_tools_msgs/teleop_tools_msgs/action
[3.631s] -- Up-to-date: /home/ecd507/f1tenth_ws/install/teleop_tools_msgs/include/teleop_tools_msgs/teleop_tools_msgs/action/detail
[3.631s] -- Up-to-date: /home/ecd507/f1tenth_ws/install/teleop_tools_msgs/include/teleop_tools_msgs/teleop_tools_msgs/action/detail/increment__type_support.cpp
[3.632s] -- Up-to-date: /home/ecd507/f1tenth_ws/install/teleop_tools_msgs/include/teleop_tools_msgs/teleop_tools_msgs/action/detail/increment__rosidl_typesupport_introspection_cpp.hpp
[3.632s] -- Up-to-date: /home/ecd507/f1tenth_ws/install/teleop_tools_msgs/lib/libteleop_tools_msgs__rosidl_typesupport_introspection_cpp.so
[3.632s] -- Up-to-date: /home/ecd507/f1tenth_ws/install/teleop_tools_msgs/lib/libteleop_tools_msgs__rosidl_typesupport_cpp.so
[3.632s] -- Up-to-date: /home/ecd507/f1tenth_ws/install/teleop_tools_msgs/share/teleop_tools_msgs/environment/pythonpath.sh
[3.632s] -- Up-to-date: /home/ecd507/f1tenth_ws/install/teleop_tools_msgs/share/teleop_tools_msgs/environment/pythonpath.dsv
[3.633s] -- Up-to-date: /home/ecd507/f1tenth_ws/install/teleop_tools_msgs/local/lib/python3.10/dist-packages/teleop_tools_msgs-1.2.1-py3.10.egg-info
[3.633s] -- Installing: /home/ecd507/f1tenth_ws/install/teleop_tools_msgs/local/lib/python3.10/dist-packages/teleop_tools_msgs-1.2.1-py3.10.egg-info/dependency_links.txt
[3.633s] -- Installing: /home/ecd507/f1tenth_ws/install/teleop_tools_msgs/local/lib/python3.10/dist-packages/teleop_tools_msgs-1.2.1-py3.10.egg-info/PKG-INFO
[3.633s] -- Installing: /home/ecd507/f1tenth_ws/install/teleop_tools_msgs/local/lib/python3.10/dist-packages/teleop_tools_msgs-1.2.1-py3.10.egg-info/SOURCES.txt
[3.633s] -- Installing: /home/ecd507/f1tenth_ws/install/teleop_tools_msgs/local/lib/python3.10/dist-packages/teleop_tools_msgs-1.2.1-py3.10.egg-info/top_level.txt
[3.633s] -- Up-to-date: /home/ecd507/f1tenth_ws/install/teleop_tools_msgs/local/lib/python3.10/dist-packages/teleop_tools_msgs
[3.633s] -- Up-to-date: /home/ecd507/f1tenth_ws/install/teleop_tools_msgs/local/lib/python3.10/dist-packages/teleop_tools_msgs/libteleop_tools_msgs__rosidl_generator_py.so
[3.634s] -- Up-to-date: /home/ecd507/f1tenth_ws/install/teleop_tools_msgs/local/lib/python3.10/dist-packages/teleop_tools_msgs/_teleop_tools_msgs_s.ep.rosidl_typesupport_introspection_c.c
[3.634s] -- Up-to-date: /home/ecd507/f1tenth_ws/install/teleop_tools_msgs/local/lib/python3.10/dist-packages/teleop_tools_msgs/_teleop_tools_msgs_s.ep.rosidl_typesupport_fastrtps_c.c
[3.634s] -- Up-to-date: /home/ecd507/f1tenth_ws/install/teleop_tools_msgs/local/lib/python3.10/dist-packages/teleop_tools_msgs/__init__.py
[3.634s] -- Up-to-date: /home/ecd507/f1tenth_ws/install/teleop_tools_msgs/local/lib/python3.10/dist-packages/teleop_tools_msgs/teleop_tools_msgs_s__rosidl_typesupport_introspection_c.cpython-310-aarch64-linux-gnu.so
[3.634s] -- Up-to-date: /home/ecd507/f1tenth_ws/install/teleop_tools_msgs/local/lib/python3.10/dist-packages/teleop_tools_msgs/teleop_tools_msgs_s__rosidl_typesupport_c.cpython-310-aarch64-linux-gnu.so
[3.634s] -- Up-to-date: /home/ecd507/f1tenth_ws/install/teleop_tools_msgs/local/lib/python3.10/dist-packages/teleop_tools_msgs/_teleop_tools_msgs_s.ep.rosidl_typesupport_c.c
[3.634s] -- Up-to-date: /home/ecd507/f1tenth_ws/install/teleop_tools_msgs/local/lib/python3.10/dist-packages/teleop_tools_msgs/action
[3.635s] -- Up-to-date: /home/ecd507/f1tenth_ws/install/teleop_tools_msgs/local/lib/python3.10/dist-packages/teleop_tools_msgs/action/_increment.py
[3.635s] -- Up-to-date: /home/ecd507/f1tenth_ws/install/teleop_tools_msgs/local/lib/python3.10/dist-packages/teleop_tools_msgs/action/_increment_s.c
[3.635s] -- Up-to-date: /home/ecd507/f1tenth_ws/install/teleop_tools_msgs/local/lib/python3.10/dist-packages/teleop_tools_msgs/action/__init__.py
[3.635s] -- Up-to-date: /home/ecd507/f1tenth_ws/install/teleop_tools_msgs/local/lib/python3.10/dist-packages/teleop_tools_msgs/teleop_tools_msgs_s__rosidl_typesupport_fastrtps_c.cpython-310-aarch64-linux-gnu.so
[4.560s] Listing '/home/ecd507/f1tenth_ws/install/teleop_tools_msgs/local/lib/python3.10/dist-packages/teleop_tools_msgs'...
[4.561s] Listing '/home/ecd507/f1tenth_ws/install/teleop_tools_msgs/local/lib/python3.10/dist-packages/teleop_tools_msgs/action'...
[4.601s] -- Up-to-date: /home/ecd507/f1tenth_ws/install/teleop_tools_msgs/local/lib/python3.10/dist-packages/teleop_tools_msgs/teleop_tools_msgs_s__rosidl_typesupport_fastrtps_c.cpython-310-aarch64-linux-gnu.so
[4.604s] -- Up-to-date: /home/ecd507/f1tenth_ws/install/teleop_tools_msgs/local/lib/python3.10/dist-packages/teleop_tools_msgs/teleop_tools_msgs_s__rosidl_typesupport_introspection_c.cpython-310-aarch64-linux-gnu.so
[4.604s] -- Up-to-date: /home/ecd507/f1tenth_ws/install/teleop_tools_msgs/local/lib/python3.10/dist-packages/teleop_tools_msgs/teleop_tools_msgs_s__rosidl_typesupport_c.cpython-310-aarch64-linux-gnu.so
[4.607s] -- Up-to-date: /home/ecd507/f1tenth_ws/install/teleop_tools_msgs/lib/libteleop_tools_msgs__rosidl_generator_py.so
[4.616s] -- Up-to-date: /home/ecd507/f1tenth_ws/install/teleop_tools_msgs/share/teleop_tools_msgs/action/Increment.idl
[4.617s] -- Up-to-date: /home/ecd507/f1tenth_ws/install/teleop_tools_msgs/share/teleop_tools_msgs/action/Increment.action
[4.617s] -- Up-to-date: /home/ecd507/f1tenth_ws/install/teleop_tools_msgs/share/ament_index/resource_index/package_run_dependencies/teleop_tools_msgs
[4.617s] -- Up-to-date: /home/ecd507/f1tenth_ws/install/teleop_tools_msgs/share/ament_index/resource_index/parent_prefix_path/teleop_tools_msgs
[4.617s] -- Up-to-date: /home/ecd507/f1tenth_ws/install/teleop_tools_msgs/share/teleop_tools_msgs/environment/ament_prefix_path.sh
[4.617s] -- Up-to-date: /home/ecd507/f1tenth_ws/install/teleop_tools_msgs/share/teleop_tools_msgs/environment/ament_prefix_path.dsv
[4.618s] -- Up-to-date: /home/ecd507/f1tenth_ws/install/teleop_tools_msgs/share/teleop_tools_msgs/environment/path.sh
[4.618s] -- Up-to-date: /home/ecd507/f1tenth_ws/install/teleop_tools_msgs/share/teleop_tools_msgs/environment/path.dsv
[4.618s] -- Up-to-date: /home/ecd507/f1tenth_ws/install/teleop_tools_msgs/share/teleop_tools_msgs/local_setup.bash
[4.618s] -- Up-to-date: /home/ecd507/f1tenth_ws/install/teleop_tools_msgs/share/teleop_tools_msgs/local_setup.sh
[4.619s] -- Up-to-date: /home/ecd507/f1tenth_ws/install/teleop_tools_msgs/share/teleop_tools_msgs/local_setup.zsh
[4.619s] -- Up-to-date: /home/ecd507/f1tenth_ws/install/teleop_tools_msgs/share/teleop_tools_msgs/local_setup.dsv
[4.619s] -- Installing: /home/ecd507/f1tenth_ws/install/teleop_tools_msgs/share/teleop_tools_msgs/package.dsv
[4.619s] -- Up-to-date: /home/ecd507/f1tenth_ws/install/teleop_tools_msgs/share/ament_index/resource_index/packages/teleop_tools_msgs
[4.619s] -- Up-to-date: /home/ecd507/f1tenth_ws/install/teleop_tools_msgs/share/teleop_tools_msgs/cmake/export_teleop_tools_msgs__rosidl_generator_cExport.cmake
[4.621s] -- Up-to-date: /home/ecd507/f1tenth_ws/install/teleop_tools_msgs/share/teleop_tools_msgs/cmake/export_teleop_tools_msgs__rosidl_generator_cExport-noconfig.cmake
[4.623s] -- Up-to-date: /home/ecd507/f1tenth_ws/install/teleop_tools_msgs/share/teleop_tools_msgs/cmake/export_teleop_tools_msgs__rosidl_typesupport_fastrtps_cExport.cmake
[4.626s] -- Up-to-date: /home/ecd507/f1tenth_ws/install/teleop_tools_msgs/share/teleop_tools_msgs/cmake/export_teleop_tools_msgs__rosidl_typesupport_fastrtps_cExport-noconfig.cmake
[4.626s] -- Up-to-date: /home/ecd507/f1tenth_ws/install/teleop_tools_msgs/share/teleop_tools_msgs/cmake/teleop_tools_msgs__rosidl_typesupport_introspection_cExport.cmake
[4.626s] -- Up-to-date: /home/ecd507/f1tenth_ws/install/teleop_tools_msgs/share/teleop_tools_msgs/cmake/teleop_tools_msgs__rosidl_typesupport_introspection_cExport-noconfig.cmake
[4.626s] -- Up-to-date: /home/ecd507/f1tenth_ws/install/teleop_tools_msgs/share/teleop_tools_msgs/cmake/teleop_tools_msgs__rosidl_typesupport_cExport.cmake
[4.627s] -- Up-to-date: /home/ecd507/f1tenth_ws/install/teleop_tools_msgs/share/teleop_tools_msgs/cmake/teleop_tools_msgs__rosidl_typesupport_cExport-noconfig.cmake
[4.627s] -- Up-to-date: /home/ecd507/f1tenth_ws/install/teleop_tools_msgs/share/teleop_tools_msgs/cmake/export_teleop_tools_msgs__rosidl_generator_cppExport.cmake
[4.627s] -- Up-to-date: /home/ecd507/f1tenth_ws/install/teleop_tools_msgs/share/teleop_tools_msgs/cmake/export_teleop_tools_msgs__rosidl_typesupport_fastrtps_cppExport.cmake
[4.627s] -- Up-to-date: /home/ecd507/f1tenth_ws/install/teleop_tools_msgs/share/teleop_tools_msgs/cmake/export_teleop_tools_msgs__rosidl_typesupport_fastrtps_cppExport-noconfig.cmake
[4.628s] -- Up-to-date: /home/ecd507/f1tenth_ws/install/teleop_tools_msgs/share/teleop_tools_msgs/cmake/teleop_tools_msgs__rosidl_typesupport_introspection_cppExport.cmake
[4.628s] -- Up-to-date: /home/ecd507/f1tenth_ws/install/teleop_tools_msgs/share/teleop_tools_msgs/cmake/teleop_tools_msgs__rosidl_typesupport_introspection_cppExport-noconfig.cmake
[4.628s] -- Up-to-date: /home/ecd507/f1tenth_ws/install/teleop_tools_msgs/share/teleop_tools_msgs/cmake/teleop_tools_msgs__rosidl_typesupport_cppExport.cmake
[4.628s] -- Up-to-date: /home/ecd507/f1tenth_ws/install/teleop_tools_msgs/share/teleop_tools_msgs/cmake/teleop_tools_msgs__rosidl_typesupport_cppExport-noconfig.cmake
[4.629s] -- Up-to-date: /home/ecd507/f1tenth_ws/install/teleop_tools_msgs/share/teleop_tools_msgs/cmake/export_teleop_tools_msgs__rosidl_generator_pyExport.cmake
[4.629s] -- Up-to-date: /home/ecd507/f1tenth_ws/install/teleop_tools_msgs/share/teleop_tools_msgs/cmake/export_teleop_tools_msgs__rosidl_generator_pyExport-noconfig.cmake
[4.629s] -- Up-to-date: /home/ecd507/f1tenth_ws/install/teleop_tools_msgs/share/teleop_tools_msgs/cmake/rosidl_cmake-extras.cmake
[4.629s] -- Up-to-date: /home/ecd507/f1tenth_ws/install/teleop_tools_msgs/share/teleop_tools_msgs/cmake/ament_cmake_export_dependencies-extras.cmake
[4.630s] -- Up-to-date: /home/ecd507/f1tenth_ws/install/teleop_tools_msgs/share/teleop_tools_msgs/cmake/ament_cmake_export_include_directories-extras.cmake
[4.630s] -- Up-to-date: /home/ecd507/f1tenth_ws/install/teleop_tools_msgs/share/teleop_tools_msgs/cmake/ament_cmake_export_libraries-extras.cmake
[4.630s] -- Up-to-date: /home/ecd507/f1tenth_ws/install/teleop_tools_msgs/share/teleop_tools_msgs/cmake/ament_cmake_export_targets-extras.cmake
[4.631s] -- Up-to-date: /home/ecd507/f1tenth_ws/install/teleop_tools_msgs/share/teleop_tools_msgs/cmake/rosidl_cmake_export_typesupport_targets-extras.cmake
[4.631s] -- Up-to-date: /home/ecd507/f1tenth_ws/install/teleop_tools_msgs/share/teleop_tools_msgs/cmake/rosidl_cmake_export_typesupport_libraries-extras.cmake
[4.638s] -- Up-to-date: /home/ecd507/f1tenth_ws/install/teleop_tools_msgs/share/teleop_tools_msgs/cmake/teleop_tools_msgsConfig.cmake
[4.638s] -- Up-to-date: /home/ecd507/f1tenth_ws/install/teleop_tools_msgs/share/teleop_tools_msgs/cmake/teleop_tools_msgsConfig-version.cmake
[4.638s] -- Up-to-date: /home/ecd507/f1tenth_ws/install/teleop_tools_msgs/share/teleop_tools_msgs/package.xml
[5.466s] Invoked command in '/home/ecd507/f1tenth_ws/build/teleop_tools_msgs' returned '0': CMAKE_PREFIX_PATH=${CMAKE_PREFIX_PATH}:/home/ecd507/f1tenth_ws/install/f1tenth_stack:/home/ecd507/f1tenth_ws/install/joy_teleop:/home/ecd507/f1tenth_ws/install/ros2_camera:/home/ecd507/f1tenth_ws/install/mouse_teleop:/home/ecd507/f1tenth_ws/install/ml_drive:/home/ecd507/f1tenth_ws/install/ml_algorithm_pkg:/home/ecd507/f1tenth_ws/install/ml_algorithm:/home/ecd507/f1tenth_ws/install/key_teleop:/home/ecd507/f1tenth_ws/install/data_logger:/opt/ros/humble /usr/bin/cmake --install /home/ecd507/f1tenth_ws/build/teleop_tools_msgs
