[0.137s] Invoking command in '/home/ecd507/f1tenth_ws/build/vesc_ackermann': CMAKE_PREFIX_PATH=/home/ecd507/f1tenth_ws/install/vesc_msgs:/home/ecd507/f1tenth_ws/install/vesc:/home/ecd507/f1tenth_ws/install/vesc_driver:/home/ecd507/f1tenth_ws/install/vesc_ackermann:/home/ecd507/f1tenth_ws/install/teleop_tools:/home/ecd507/f1tenth_ws/install/teleop_tools_msgs:/home/ecd507/f1tenth_ws/install/ackermann_mux:/home/ecd507/f1tenth_ws/install/f1tenth_stack:/home/ecd507/f1tenth_ws/install/joy_teleop:/home/ecd507/f1tenth_ws/install/ros2_camera:/home/ecd507/f1tenth_ws/install/mouse_teleop:/home/ecd507/f1tenth_ws/install/ml_drive:/home/ecd507/f1tenth_ws/install/ml_algorithm_pkg:/home/ecd507/f1tenth_ws/install/ml_algorithm:/home/ecd507/f1tenth_ws/install/key_teleop:/home/ecd507/f1tenth_ws/install/data_logger:/opt/ros/humble LD_LIBRARY_PATH=/home/ecd507/f1tenth_ws/install/vesc_msgs/lib:/home/ecd507/f1tenth_ws/install/vesc_driver/lib:/home/ecd507/f1tenth_ws/install/vesc_ackermann/lib:/home/ecd507/f1tenth_ws/install/teleop_tools_msgs/lib:/opt/ros/humble/opt/rviz_ogre_vendor/lib:/opt/ros/humble/lib/aarch64-linux-gnu:/opt/ros/humble/lib:/usr/local/cuda-12.6/lib64:/usr/local/cuda-12.6/lib64 /usr/bin/cmake --build /home/ecd507/f1tenth_ws/build/vesc_ackermann -- -j6 -l6
[0.657s] [ 57%] Built target vesc_ackermann
[0.657s] [ 71%] Built target vesc_to_odom_node
[0.657s] [100%] Built target ackermann_to_vesc_node
[0.746s] Invoked command in '/home/ecd507/f1tenth_ws/build/vesc_ackermann' returned '0': CMAKE_PREFIX_PATH=/home/ecd507/f1tenth_ws/install/vesc_msgs:/home/ecd507/f1tenth_ws/install/vesc:/home/ecd507/f1tenth_ws/install/vesc_driver:/home/ecd507/f1tenth_ws/install/vesc_ackermann:/home/ecd507/f1tenth_ws/install/teleop_tools:/home/ecd507/f1tenth_ws/install/teleop_tools_msgs:/home/ecd507/f1tenth_ws/install/ackermann_mux:/home/ecd507/f1tenth_ws/install/f1tenth_stack:/home/ecd507/f1tenth_ws/install/joy_teleop:/home/ecd507/f1tenth_ws/install/ros2_camera:/home/ecd507/f1tenth_ws/install/mouse_teleop:/home/ecd507/f1tenth_ws/install/ml_drive:/home/ecd507/f1tenth_ws/install/ml_algorithm_pkg:/home/ecd507/f1tenth_ws/install/ml_algorithm:/home/ecd507/f1tenth_ws/install/key_teleop:/home/ecd507/f1tenth_ws/install/data_logger:/opt/ros/humble LD_LIBRARY_PATH=/home/ecd507/f1tenth_ws/install/vesc_msgs/lib:/home/ecd507/f1tenth_ws/install/vesc_driver/lib:/home/ecd507/f1tenth_ws/install/vesc_ackermann/lib:/home/ecd507/f1tenth_ws/install/teleop_tools_msgs/lib:/opt/ros/humble/opt/rviz_ogre_vendor/lib:/opt/ros/humble/lib/aarch64-linux-gnu:/opt/ros/humble/lib:/usr/local/cuda-12.6/lib64:/usr/local/cuda-12.6/lib64 /usr/bin/cmake --build /home/ecd507/f1tenth_ws/build/vesc_ackermann -- -j6 -l6
[0.749s] Invoking command in '/home/ecd507/f1tenth_ws/build/vesc_ackermann': CMAKE_PREFIX_PATH=/home/ecd507/f1tenth_ws/install/vesc_msgs:/home/ecd507/f1tenth_ws/install/vesc:/home/ecd507/f1tenth_ws/install/vesc_driver:/home/ecd507/f1tenth_ws/install/vesc_ackermann:/home/ecd507/f1tenth_ws/install/teleop_tools:/home/ecd507/f1tenth_ws/install/teleop_tools_msgs:/home/ecd507/f1tenth_ws/install/ackermann_mux:/home/ecd507/f1tenth_ws/install/f1tenth_stack:/home/ecd507/f1tenth_ws/install/joy_teleop:/home/ecd507/f1tenth_ws/install/ros2_camera:/home/ecd507/f1tenth_ws/install/mouse_teleop:/home/ecd507/f1tenth_ws/install/ml_drive:/home/ecd507/f1tenth_ws/install/ml_algorithm_pkg:/home/ecd507/f1tenth_ws/install/ml_algorithm:/home/ecd507/f1tenth_ws/install/key_teleop:/home/ecd507/f1tenth_ws/install/data_logger:/opt/ros/humble LD_LIBRARY_PATH=/home/ecd507/f1tenth_ws/install/vesc_msgs/lib:/home/ecd507/f1tenth_ws/install/vesc_driver/lib:/home/ecd507/f1tenth_ws/install/vesc_ackermann/lib:/home/ecd507/f1tenth_ws/install/teleop_tools_msgs/lib:/opt/ros/humble/opt/rviz_ogre_vendor/lib:/opt/ros/humble/lib/aarch64-linux-gnu:/opt/ros/humble/lib:/usr/local/cuda-12.6/lib64:/usr/local/cuda-12.6/lib64 /usr/bin/cmake --install /home/ecd507/f1tenth_ws/build/vesc_ackermann
[0.789s] -- Install configuration: ""
[0.792s] -- Up-to-date: /home/ecd507/f1tenth_ws/install/vesc_ackermann/lib/vesc_ackermann/ackermann_to_vesc_node
[0.795s] -- Up-to-date: /home/ecd507/f1tenth_ws/install/vesc_ackermann/lib/vesc_ackermann/vesc_to_odom_node
[0.799s] -- Up-to-date: /home/ecd507/f1tenth_ws/install/vesc_ackermann/include
[0.800s] -- Up-to-date: /home/ecd507/f1tenth_ws/install/vesc_ackermann/include/vesc_ackermann
[0.802s] -- Up-to-date: /home/ecd507/f1tenth_ws/install/vesc_ackermann/include/vesc_ackermann/vesc_to_odom.hpp
[0.803s] -- Up-to-date: /home/ecd507/f1tenth_ws/install/vesc_ackermann/include/vesc_ackermann/ackermann_to_vesc.hpp
[0.805s] -- Up-to-date: /home/ecd507/f1tenth_ws/install/vesc_ackermann/share/vesc_ackermann/environment/library_path.sh
[0.807s] -- Up-to-date: /home/ecd507/f1tenth_ws/install/vesc_ackermann/share/vesc_ackermann/environment/library_path.dsv
[0.809s] -- Up-to-date: /home/ecd507/f1tenth_ws/install/vesc_ackermann/lib/libvesc_ackermann.so
[0.812s] -- Up-to-date: /home/ecd507/f1tenth_ws/install/vesc_ackermann/share/vesc_ackermann/launch
[0.814s] -- Up-to-date: /home/ecd507/f1tenth_ws/install/vesc_ackermann/share/vesc_ackermann/launch/ackermann_to_vesc_node.launch.xml
[0.815s] -- Up-to-date: /home/ecd507/f1tenth_ws/install/vesc_ackermann/share/vesc_ackermann/launch/vesc_to_odom_node.launch.xml
[0.817s] -- Up-to-date: /home/ecd507/f1tenth_ws/install/vesc_ackermann/share/ament_index/resource_index/package_run_dependencies/vesc_ackermann
[0.819s] -- Up-to-date: /home/ecd507/f1tenth_ws/install/vesc_ackermann/share/ament_index/resource_index/parent_prefix_path/vesc_ackermann
[0.820s] -- Up-to-date: /home/ecd507/f1tenth_ws/install/vesc_ackermann/share/vesc_ackermann/environment/ament_prefix_path.sh
[0.822s] -- Up-to-date: /home/ecd507/f1tenth_ws/install/vesc_ackermann/share/vesc_ackermann/environment/ament_prefix_path.dsv
[0.824s] -- Up-to-date: /home/ecd507/f1tenth_ws/install/vesc_ackermann/share/vesc_ackermann/environment/path.sh
[0.825s] -- Up-to-date: /home/ecd507/f1tenth_ws/install/vesc_ackermann/share/vesc_ackermann/environment/path.dsv
[0.827s] -- Up-to-date: /home/ecd507/f1tenth_ws/install/vesc_ackermann/share/vesc_ackermann/local_setup.bash
[0.829s] -- Up-to-date: /home/ecd507/f1tenth_ws/install/vesc_ackermann/share/vesc_ackermann/local_setup.sh
[0.830s] -- Up-to-date: /home/ecd507/f1tenth_ws/install/vesc_ackermann/share/vesc_ackermann/local_setup.zsh
[0.832s] -- Up-to-date: /home/ecd507/f1tenth_ws/install/vesc_ackermann/share/vesc_ackermann/local_setup.dsv
[0.834s] -- Installing: /home/ecd507/f1tenth_ws/install/vesc_ackermann/share/vesc_ackermann/package.dsv
[0.840s] -- Up-to-date: /home/ecd507/f1tenth_ws/install/vesc_ackermann/share/ament_index/resource_index/packages/vesc_ackermann
[0.841s] -- Up-to-date: /home/ecd507/f1tenth_ws/install/vesc_ackermann/share/ament_index/resource_index/rclcpp_components/vesc_ackermann
[0.842s] -- Up-to-date: /home/ecd507/f1tenth_ws/install/vesc_ackermann/share/vesc_ackermann/cmake/ament_cmake_export_dependencies-extras.cmake
[0.845s] -- Up-to-date: /home/ecd507/f1tenth_ws/install/vesc_ackermann/share/vesc_ackermann/cmake/ament_cmake_export_include_directories-extras.cmake
[0.847s] -- Up-to-date: /home/ecd507/f1tenth_ws/install/vesc_ackermann/share/vesc_ackermann/cmake/ament_cmake_export_libraries-extras.cmake
[0.847s] -- Up-to-date: /home/ecd507/f1tenth_ws/install/vesc_ackermann/share/vesc_ackermann/cmake/vesc_ackermannConfig.cmake
[0.847s] -- Up-to-date: /home/ecd507/f1tenth_ws/install/vesc_ackermann/share/vesc_ackermann/cmake/vesc_ackermannConfig-version.cmake
[0.847s] -- Up-to-date: /home/ecd507/f1tenth_ws/install/vesc_ackermann/share/vesc_ackermann/package.xml
[0.868s] Invoked command in '/home/ecd507/f1tenth_ws/build/vesc_ackermann' returned '0': CMAKE_PREFIX_PATH=/home/ecd507/f1tenth_ws/install/vesc_msgs:/home/ecd507/f1tenth_ws/install/vesc:/home/ecd507/f1tenth_ws/install/vesc_driver:/home/ecd507/f1tenth_ws/install/vesc_ackermann:/home/ecd507/f1tenth_ws/install/teleop_tools:/home/ecd507/f1tenth_ws/install/teleop_tools_msgs:/home/ecd507/f1tenth_ws/install/ackermann_mux:/home/ecd507/f1tenth_ws/install/f1tenth_stack:/home/ecd507/f1tenth_ws/install/joy_teleop:/home/ecd507/f1tenth_ws/install/ros2_camera:/home/ecd507/f1tenth_ws/install/mouse_teleop:/home/ecd507/f1tenth_ws/install/ml_drive:/home/ecd507/f1tenth_ws/install/ml_algorithm_pkg:/home/ecd507/f1tenth_ws/install/ml_algorithm:/home/ecd507/f1tenth_ws/install/key_teleop:/home/ecd507/f1tenth_ws/install/data_logger:/opt/ros/humble LD_LIBRARY_PATH=/home/ecd507/f1tenth_ws/install/vesc_msgs/lib:/home/ecd507/f1tenth_ws/install/vesc_driver/lib:/home/ecd507/f1tenth_ws/install/vesc_ackermann/lib:/home/ecd507/f1tenth_ws/install/teleop_tools_msgs/lib:/opt/ros/humble/opt/rviz_ogre_vendor/lib:/opt/ros/humble/lib/aarch64-linux-gnu:/opt/ros/humble/lib:/usr/local/cuda-12.6/lib64:/usr/local/cuda-12.6/lib64 /usr/bin/cmake --install /home/ecd507/f1tenth_ws/build/vesc_ackermann
