[0.072s] Invoking command in '/home/ecd507/f1tenth_ws/build/vesc': CMAKE_PREFIX_PATH=/home/ecd507/f1tenth_ws/install/vesc_driver:/home/ecd507/f1tenth_ws/install/vesc_ackermann:/home/ecd507/f1tenth_ws/install/vesc_msgs:/home/ecd507/f1tenth_ws/install/vesc:/home/ecd507/f1tenth_ws/install/teleop_tools:/home/ecd507/f1tenth_ws/install/teleop_tools_msgs:/home/ecd507/f1tenth_ws/install/ackermann_mux:/home/ecd507/f1tenth_ws/install/f1tenth_stack:/home/ecd507/f1tenth_ws/install/joy_teleop:/home/ecd507/f1tenth_ws/install/ros2_camera:/home/ecd507/f1tenth_ws/install/mouse_teleop:/home/ecd507/f1tenth_ws/install/ml_drive:/home/ecd507/f1tenth_ws/install/ml_algorithm_pkg:/home/ecd507/f1tenth_ws/install/ml_algorithm:/home/ecd507/f1tenth_ws/install/key_teleop:/home/ecd507/f1tenth_ws/install/data_logger:/opt/ros/humble /usr/bin/cmake --build /home/ecd507/f1tenth_ws/build/vesc -- -j6 -l6
[0.180s] Invoked command in '/home/ecd507/f1tenth_ws/build/vesc' returned '0': CMAKE_PREFIX_PATH=/home/ecd507/f1tenth_ws/install/vesc_driver:/home/ecd507/f1tenth_ws/install/vesc_ackermann:/home/ecd507/f1tenth_ws/install/vesc_msgs:/home/ecd507/f1tenth_ws/install/vesc:/home/ecd507/f1tenth_ws/install/teleop_tools:/home/ecd507/f1tenth_ws/install/teleop_tools_msgs:/home/ecd507/f1tenth_ws/install/ackermann_mux:/home/ecd507/f1tenth_ws/install/f1tenth_stack:/home/ecd507/f1tenth_ws/install/joy_teleop:/home/ecd507/f1tenth_ws/install/ros2_camera:/home/ecd507/f1tenth_ws/install/mouse_teleop:/home/ecd507/f1tenth_ws/install/ml_drive:/home/ecd507/f1tenth_ws/install/ml_algorithm_pkg:/home/ecd507/f1tenth_ws/install/ml_algorithm:/home/ecd507/f1tenth_ws/install/key_teleop:/home/ecd507/f1tenth_ws/install/data_logger:/opt/ros/humble /usr/bin/cmake --build /home/ecd507/f1tenth_ws/build/vesc -- -j6 -l6
[0.181s] Invoking command in '/home/ecd507/f1tenth_ws/build/vesc': CMAKE_PREFIX_PATH=/home/ecd507/f1tenth_ws/install/vesc_driver:/home/ecd507/f1tenth_ws/install/vesc_ackermann:/home/ecd507/f1tenth_ws/install/vesc_msgs:/home/ecd507/f1tenth_ws/install/vesc:/home/ecd507/f1tenth_ws/install/teleop_tools:/home/ecd507/f1tenth_ws/install/teleop_tools_msgs:/home/ecd507/f1tenth_ws/install/ackermann_mux:/home/ecd507/f1tenth_ws/install/f1tenth_stack:/home/ecd507/f1tenth_ws/install/joy_teleop:/home/ecd507/f1tenth_ws/install/ros2_camera:/home/ecd507/f1tenth_ws/install/mouse_teleop:/home/ecd507/f1tenth_ws/install/ml_drive:/home/ecd507/f1tenth_ws/install/ml_algorithm_pkg:/home/ecd507/f1tenth_ws/install/ml_algorithm:/home/ecd507/f1tenth_ws/install/key_teleop:/home/ecd507/f1tenth_ws/install/data_logger:/opt/ros/humble /usr/bin/cmake --install /home/ecd507/f1tenth_ws/build/vesc
[0.197s] -- Install configuration: ""
[0.197s] -- Up-to-date: /home/ecd507/f1tenth_ws/install/vesc/share/ament_index/resource_index/package_run_dependencies/vesc
[0.198s] -- Up-to-date: /home/ecd507/f1tenth_ws/install/vesc/share/ament_index/resource_index/parent_prefix_path/vesc
[0.200s] -- Up-to-date: /home/ecd507/f1tenth_ws/install/vesc/share/vesc/environment/ament_prefix_path.sh
[0.200s] -- Up-to-date: /home/ecd507/f1tenth_ws/install/vesc/share/vesc/environment/ament_prefix_path.dsv
[0.200s] -- Up-to-date: /home/ecd507/f1tenth_ws/install/vesc/share/vesc/environment/path.sh
[0.201s] -- Up-to-date: /home/ecd507/f1tenth_ws/install/vesc/share/vesc/environment/path.dsv
[0.201s] -- Up-to-date: /home/ecd507/f1tenth_ws/install/vesc/share/vesc/local_setup.bash
[0.202s] -- Up-to-date: /home/ecd507/f1tenth_ws/install/vesc/share/vesc/local_setup.sh
[0.203s] -- Up-to-date: /home/ecd507/f1tenth_ws/install/vesc/share/vesc/local_setup.zsh
[0.203s] -- Up-to-date: /home/ecd507/f1tenth_ws/install/vesc/share/vesc/local_setup.dsv
[0.204s] -- Installing: /home/ecd507/f1tenth_ws/install/vesc/share/vesc/package.dsv
[0.206s] -- Up-to-date: /home/ecd507/f1tenth_ws/install/vesc/share/ament_index/resource_index/packages/vesc
[0.206s] -- Up-to-date: /home/ecd507/f1tenth_ws/install/vesc/share/vesc/cmake/vescConfig.cmake
[0.207s] -- Up-to-date: /home/ecd507/f1tenth_ws/install/vesc/share/vesc/cmake/vescConfig-version.cmake
[0.208s] -- Up-to-date: /home/ecd507/f1tenth_ws/install/vesc/share/vesc/package.xml
[0.217s] Invoked command in '/home/ecd507/f1tenth_ws/build/vesc' returned '0': CMAKE_PREFIX_PATH=/home/ecd507/f1tenth_ws/install/vesc_driver:/home/ecd507/f1tenth_ws/install/vesc_ackermann:/home/ecd507/f1tenth_ws/install/vesc_msgs:/home/ecd507/f1tenth_ws/install/vesc:/home/ecd507/f1tenth_ws/install/teleop_tools:/home/ecd507/f1tenth_ws/install/teleop_tools_msgs:/home/ecd507/f1tenth_ws/install/ackermann_mux:/home/ecd507/f1tenth_ws/install/f1tenth_stack:/home/ecd507/f1tenth_ws/install/joy_teleop:/home/ecd507/f1tenth_ws/install/ros2_camera:/home/ecd507/f1tenth_ws/install/mouse_teleop:/home/ecd507/f1tenth_ws/install/ml_drive:/home/ecd507/f1tenth_ws/install/ml_algorithm_pkg:/home/ecd507/f1tenth_ws/install/ml_algorithm:/home/ecd507/f1tenth_ws/install/key_teleop:/home/ecd507/f1tenth_ws/install/data_logger:/opt/ros/humble /usr/bin/cmake --install /home/ecd507/f1tenth_ws/build/vesc
