[1.591s] Invoking command in '/home/ecd507/f1tenth_ws/src/ml_algorithm': PYTHONPATH=/home/ecd507/f1tenth_ws/build/ml_algorithm/prefix_override:/usr/lib/python3/dist-packages/colcon_core/task/python/colcon_distutils_commands:/home/ecd507/f1tenth_ws/install/ml_algorithm/lib/python3.10/site-packages:${PYTHONPATH} /usr/bin/python3 -W ignore:setup.py install is deprecated -W ignore:easy_install command is deprecated setup.py egg_info --egg-base ../../build/ml_algorithm build --build-base /home/ecd507/f1tenth_ws/build/ml_algorithm/build install --record /home/ecd507/f1tenth_ws/build/ml_algorithm/install.log --single-version-externally-managed install_data
[2.194s] running egg_info
[2.196s] writing ../../build/ml_algorithm/ml_algorithm.egg-info/PKG-INFO
[2.197s] writing dependency_links to ../../build/ml_algorithm/ml_algorithm.egg-info/dependency_links.txt
[2.198s] writing entry points to ../../build/ml_algorithm/ml_algorithm.egg-info/entry_points.txt
[2.199s] writing requirements to ../../build/ml_algorithm/ml_algorithm.egg-info/requires.txt
[2.200s] writing top-level names to ../../build/ml_algorithm/ml_algorithm.egg-info/top_level.txt
[2.203s] reading manifest file '../../build/ml_algorithm/ml_algorithm.egg-info/SOURCES.txt'
[2.205s] writing manifest file '../../build/ml_algorithm/ml_algorithm.egg-info/SOURCES.txt'
[2.206s] running build
[2.206s] running build_py
[2.208s] running install
[2.208s] running install_lib
[2.209s] running install_data
[2.210s] running install_egg_info
[2.214s] removing '/home/ecd507/f1tenth_ws/install/ml_algorithm/lib/python3.10/site-packages/ml_algorithm-0.0.0-py3.10.egg-info' (and everything under it)
[2.221s] Copying ../../build/ml_algorithm/ml_algorithm.egg-info to /home/ecd507/f1tenth_ws/install/ml_algorithm/lib/python3.10/site-packages/ml_algorithm-0.0.0-py3.10.egg-info
[2.222s] running install_scripts
[2.262s] Installing ml_algorithm_node script to /home/ecd507/f1tenth_ws/install/ml_algorithm/lib/ml_algorithm
[2.264s] writing list of installed files to '/home/ecd507/f1tenth_ws/build/ml_algorithm/install.log'
[2.332s] Invoked command in '/home/ecd507/f1tenth_ws/src/ml_algorithm' returned '0': PYTHONPATH=/home/ecd507/f1tenth_ws/build/ml_algorithm/prefix_override:/usr/lib/python3/dist-packages/colcon_core/task/python/colcon_distutils_commands:/home/ecd507/f1tenth_ws/install/ml_algorithm/lib/python3.10/site-packages:${PYTHONPATH} /usr/bin/python3 -W ignore:setup.py install is deprecated -W ignore:easy_install command is deprecated setup.py egg_info --egg-base ../../build/ml_algorithm build --build-base /home/ecd507/f1tenth_ws/build/ml_algorithm/build install --record /home/ecd507/f1tenth_ws/build/ml_algorithm/install.log --single-version-externally-managed install_data
