[0.058s] Invoking command in '/home/ecd507/f1tenth_ws/build/vesc': AMENT_PREFIX_PATH=/home/ecd507/f1tenth_ws/install/vesc_driver:/home/ecd507/f1tenth_ws/install/vesc_ackermann:/home/ecd507/f1tenth_ws/install/vesc_msgs CMAKE_PREFIX_PATH=/home/ecd507/f1tenth_ws/install/vesc_driver:/home/ecd507/f1tenth_ws/install/vesc_ackermann:/home/ecd507/f1tenth_ws/install/vesc_msgs LD_LIBRARY_PATH=/home/ecd507/f1tenth_ws/install/vesc_driver/lib:/home/ecd507/f1tenth_ws/install/vesc_ackermann/lib:/home/ecd507/f1tenth_ws/install/vesc_msgs/lib PYTHONPATH=/home/ecd507/f1tenth_ws/install/vesc_msgs/local/lib/python3.10/dist-packages /usr/bin/cmake --build /home/ecd507/f1tenth_ws/build/vesc -- -j6 -l6
[0.147s] Invoked command in '/home/ecd507/f1tenth_ws/build/vesc' returned '0': AMENT_PREFIX_PATH=/home/ecd507/f1tenth_ws/install/vesc_driver:/home/ecd507/f1tenth_ws/install/vesc_ackermann:/home/ecd507/f1tenth_ws/install/vesc_msgs CMAKE_PREFIX_PATH=/home/ecd507/f1tenth_ws/install/vesc_driver:/home/ecd507/f1tenth_ws/install/vesc_ackermann:/home/ecd507/f1tenth_ws/install/vesc_msgs LD_LIBRARY_PATH=/home/ecd507/f1tenth_ws/install/vesc_driver/lib:/home/ecd507/f1tenth_ws/install/vesc_ackermann/lib:/home/ecd507/f1tenth_ws/install/vesc_msgs/lib PYTHONPATH=/home/ecd507/f1tenth_ws/install/vesc_msgs/local/lib/python3.10/dist-packages /usr/bin/cmake --build /home/ecd507/f1tenth_ws/build/vesc -- -j6 -l6
[0.149s] Invoking command in '/home/ecd507/f1tenth_ws/build/vesc': AMENT_PREFIX_PATH=/home/ecd507/f1tenth_ws/install/vesc_driver:/home/ecd507/f1tenth_ws/install/vesc_ackermann:/home/ecd507/f1tenth_ws/install/vesc_msgs CMAKE_PREFIX_PATH=/home/ecd507/f1tenth_ws/install/vesc_driver:/home/ecd507/f1tenth_ws/install/vesc_ackermann:/home/ecd507/f1tenth_ws/install/vesc_msgs LD_LIBRARY_PATH=/home/ecd507/f1tenth_ws/install/vesc_driver/lib:/home/ecd507/f1tenth_ws/install/vesc_ackermann/lib:/home/ecd507/f1tenth_ws/install/vesc_msgs/lib PYTHONPATH=/home/ecd507/f1tenth_ws/install/vesc_msgs/local/lib/python3.10/dist-packages /usr/bin/cmake --install /home/ecd507/f1tenth_ws/build/vesc
[0.171s] -- Install configuration: ""
[0.171s] -- Up-to-date: /home/ecd507/f1tenth_ws/install/vesc/share/ament_index/resource_index/package_run_dependencies/vesc
[0.171s] -- Up-to-date: /home/ecd507/f1tenth_ws/install/vesc/share/ament_index/resource_index/parent_prefix_path/vesc
[0.171s] -- Up-to-date: /home/ecd507/f1tenth_ws/install/vesc/share/vesc/environment/ament_prefix_path.sh
[0.172s] -- Up-to-date: /home/ecd507/f1tenth_ws/install/vesc/share/vesc/environment/ament_prefix_path.dsv
[0.172s] -- Up-to-date: /home/ecd507/f1tenth_ws/install/vesc/share/vesc/environment/path.sh
[0.172s] -- Up-to-date: /home/ecd507/f1tenth_ws/install/vesc/share/vesc/environment/path.dsv
[0.172s] -- Up-to-date: /home/ecd507/f1tenth_ws/install/vesc/share/vesc/local_setup.bash
[0.172s] -- Up-to-date: /home/ecd507/f1tenth_ws/install/vesc/share/vesc/local_setup.sh
[0.172s] -- Up-to-date: /home/ecd507/f1tenth_ws/install/vesc/share/vesc/local_setup.zsh
[0.172s] -- Up-to-date: /home/ecd507/f1tenth_ws/install/vesc/share/vesc/local_setup.dsv
[0.172s] -- Installing: /home/ecd507/f1tenth_ws/install/vesc/share/vesc/package.dsv
[0.173s] -- Up-to-date: /home/ecd507/f1tenth_ws/install/vesc/share/ament_index/resource_index/packages/vesc
[0.173s] -- Up-to-date: /home/ecd507/f1tenth_ws/install/vesc/share/vesc/cmake/vescConfig.cmake
[0.173s] -- Up-to-date: /home/ecd507/f1tenth_ws/install/vesc/share/vesc/cmake/vescConfig-version.cmake
[0.173s] -- Up-to-date: /home/ecd507/f1tenth_ws/install/vesc/share/vesc/package.xml
[0.176s] Invoked command in '/home/ecd507/f1tenth_ws/build/vesc' returned '0': AMENT_PREFIX_PATH=/home/ecd507/f1tenth_ws/install/vesc_driver:/home/ecd507/f1tenth_ws/install/vesc_ackermann:/home/ecd507/f1tenth_ws/install/vesc_msgs CMAKE_PREFIX_PATH=/home/ecd507/f1tenth_ws/install/vesc_driver:/home/ecd507/f1tenth_ws/install/vesc_ackermann:/home/ecd507/f1tenth_ws/install/vesc_msgs LD_LIBRARY_PATH=/home/ecd507/f1tenth_ws/install/vesc_driver/lib:/home/ecd507/f1tenth_ws/install/vesc_ackermann/lib:/home/ecd507/f1tenth_ws/install/vesc_msgs/lib PYTHONPATH=/home/ecd507/f1tenth_ws/install/vesc_msgs/local/lib/python3.10/dist-packages /usr/bin/cmake --install /home/ecd507/f1tenth_ws/build/vesc
