[3.916s] Invoking command in '/home/ecd507/f1tenth_ws/src/data_logger': PYTHONPATH=/home/ecd507/f1tenth_ws/build/data_logger/prefix_override:/usr/lib/python3/dist-packages/colcon_core/task/python/colcon_distutils_commands:/home/ecd507/f1tenth_ws/install/data_logger/lib/python3.10/site-packages:${PYTHONPATH} /usr/bin/python3 -W ignore:setup.py install is deprecated -W ignore:easy_install command is deprecated setup.py egg_info --egg-base ../../build/data_logger build --build-base /home/ecd507/f1tenth_ws/build/data_logger/build install --record /home/ecd507/f1tenth_ws/build/data_logger/install.log --single-version-externally-managed install_data
[4.589s] running egg_info
[4.591s] writing ../../build/data_logger/data_logger.egg-info/PKG-INFO
[4.591s] writing dependency_links to ../../build/data_logger/data_logger.egg-info/dependency_links.txt
[4.592s] writing entry points to ../../build/data_logger/data_logger.egg-info/entry_points.txt
[4.592s] writing requirements to ../../build/data_logger/data_logger.egg-info/requires.txt
[4.593s] writing top-level names to ../../build/data_logger/data_logger.egg-info/top_level.txt
[4.598s] reading manifest file '../../build/data_logger/data_logger.egg-info/SOURCES.txt'
[4.601s] writing manifest file '../../build/data_logger/data_logger.egg-info/SOURCES.txt'
[4.601s] running build
[4.601s] running build_py
[4.602s] copying data_logger/data_collector.py -> /home/ecd507/f1tenth_ws/build/data_logger/build/lib/data_logger
[4.603s] running install
[4.604s] running install_lib
[4.604s] copying /home/ecd507/f1tenth_ws/build/data_logger/build/lib/data_logger/data_collector.py -> /home/ecd507/f1tenth_ws/install/data_logger/lib/python3.10/site-packages/data_logger
[4.605s] byte-compiling /home/ecd507/f1tenth_ws/install/data_logger/lib/python3.10/site-packages/data_logger/data_collector.py to data_collector.cpython-310.pyc
[4.607s] running install_data
[4.607s] running install_egg_info
[4.612s] removing '/home/ecd507/f1tenth_ws/install/data_logger/lib/python3.10/site-packages/data_logger-0.0.0-py3.10.egg-info' (and everything under it)
[4.613s] Copying ../../build/data_logger/data_logger.egg-info to /home/ecd507/f1tenth_ws/install/data_logger/lib/python3.10/site-packages/data_logger-0.0.0-py3.10.egg-info
[4.615s] running install_scripts
[4.666s] Installing data_collector script to /home/ecd507/f1tenth_ws/install/data_logger/lib/data_logger
[4.667s] writing list of installed files to '/home/ecd507/f1tenth_ws/build/data_logger/install.log'
[4.770s] Invoked command in '/home/ecd507/f1tenth_ws/src/data_logger' returned '0': PYTHONPATH=/home/ecd507/f1tenth_ws/build/data_logger/prefix_override:/usr/lib/python3/dist-packages/colcon_core/task/python/colcon_distutils_commands:/home/ecd507/f1tenth_ws/install/data_logger/lib/python3.10/site-packages:${PYTHONPATH} /usr/bin/python3 -W ignore:setup.py install is deprecated -W ignore:easy_install command is deprecated setup.py egg_info --egg-base ../../build/data_logger build --build-base /home/ecd507/f1tenth_ws/build/data_logger/build install --record /home/ecd507/f1tenth_ws/build/data_logger/install.log --single-version-externally-managed install_data
