[0.048s] Invoking command in '/home/ecd507/f1tenth_ws/build/vesc': AMENT_PREFIX_PATH=/home/ecd507/f1tenth_ws/install/vesc_driver:/home/ecd507/f1tenth_ws/install/vesc_ackermann:/home/ecd507/f1tenth_ws/install/vesc_msgs:${AMENT_PREFIX_PATH} CMAKE_PREFIX_PATH=/home/ecd507/f1tenth_ws/install/vesc_driver:/home/ecd507/f1tenth_ws/install/vesc_ackermann:/home/ecd507/f1tenth_ws/install/vesc_msgs:/opt/ros/humble LD_LIBRARY_PATH=/home/ecd507/f1tenth_ws/install/vesc_driver/lib:/home/ecd507/f1tenth_ws/install/vesc_ackermann/lib:/home/ecd507/f1tenth_ws/install/vesc_msgs/lib:/opt/ros/humble/opt/rviz_ogre_vendor/lib:/opt/ros/humble/lib/aarch64-linux-gnu:/opt/ros/humble/lib:/usr/local/cuda-12.6/lib64 PYTHONPATH=/home/ecd507/f1tenth_ws/install/vesc_msgs/local/lib/python3.10/dist-packages:${PYTHONPATH} /usr/bin/cmake --build /home/ecd507/f1tenth_ws/build/vesc -- -j6 -l6
[0.174s] Invoked command in '/home/ecd507/f1tenth_ws/build/vesc' returned '0': AMENT_PREFIX_PATH=/home/ecd507/f1tenth_ws/install/vesc_driver:/home/ecd507/f1tenth_ws/install/vesc_ackermann:/home/ecd507/f1tenth_ws/install/vesc_msgs:${AMENT_PREFIX_PATH} CMAKE_PREFIX_PATH=/home/ecd507/f1tenth_ws/install/vesc_driver:/home/ecd507/f1tenth_ws/install/vesc_ackermann:/home/ecd507/f1tenth_ws/install/vesc_msgs:/opt/ros/humble LD_LIBRARY_PATH=/home/ecd507/f1tenth_ws/install/vesc_driver/lib:/home/ecd507/f1tenth_ws/install/vesc_ackermann/lib:/home/ecd507/f1tenth_ws/install/vesc_msgs/lib:/opt/ros/humble/opt/rviz_ogre_vendor/lib:/opt/ros/humble/lib/aarch64-linux-gnu:/opt/ros/humble/lib:/usr/local/cuda-12.6/lib64 PYTHONPATH=/home/ecd507/f1tenth_ws/install/vesc_msgs/local/lib/python3.10/dist-packages:${PYTHONPATH} /usr/bin/cmake --build /home/ecd507/f1tenth_ws/build/vesc -- -j6 -l6
[0.181s] Invoking command in '/home/ecd507/f1tenth_ws/build/vesc': AMENT_PREFIX_PATH=/home/ecd507/f1tenth_ws/install/vesc_driver:/home/ecd507/f1tenth_ws/install/vesc_ackermann:/home/ecd507/f1tenth_ws/install/vesc_msgs:${AMENT_PREFIX_PATH} CMAKE_PREFIX_PATH=/home/ecd507/f1tenth_ws/install/vesc_driver:/home/ecd507/f1tenth_ws/install/vesc_ackermann:/home/ecd507/f1tenth_ws/install/vesc_msgs:/opt/ros/humble LD_LIBRARY_PATH=/home/ecd507/f1tenth_ws/install/vesc_driver/lib:/home/ecd507/f1tenth_ws/install/vesc_ackermann/lib:/home/ecd507/f1tenth_ws/install/vesc_msgs/lib:/opt/ros/humble/opt/rviz_ogre_vendor/lib:/opt/ros/humble/lib/aarch64-linux-gnu:/opt/ros/humble/lib:/usr/local/cuda-12.6/lib64 PYTHONPATH=/home/ecd507/f1tenth_ws/install/vesc_msgs/local/lib/python3.10/dist-packages:${PYTHONPATH} /usr/bin/cmake --install /home/ecd507/f1tenth_ws/build/vesc
[0.201s] -- Install configuration: ""
[0.202s] -- Up-to-date: /home/ecd507/f1tenth_ws/install/vesc/share/ament_index/resource_index/package_run_dependencies/vesc
[0.204s] -- Up-to-date: /home/ecd507/f1tenth_ws/install/vesc/share/ament_index/resource_index/parent_prefix_path/vesc
[0.205s] -- Up-to-date: /home/ecd507/f1tenth_ws/install/vesc/share/vesc/environment/ament_prefix_path.sh
[0.205s] -- Up-to-date: /home/ecd507/f1tenth_ws/install/vesc/share/vesc/environment/ament_prefix_path.dsv
[0.205s] -- Up-to-date: /home/ecd507/f1tenth_ws/install/vesc/share/vesc/environment/path.sh
[0.205s] -- Up-to-date: /home/ecd507/f1tenth_ws/install/vesc/share/vesc/environment/path.dsv
[0.207s] -- Up-to-date: /home/ecd507/f1tenth_ws/install/vesc/share/vesc/local_setup.bash
[0.207s] -- Up-to-date: /home/ecd507/f1tenth_ws/install/vesc/share/vesc/local_setup.sh
[0.207s] -- Up-to-date: /home/ecd507/f1tenth_ws/install/vesc/share/vesc/local_setup.zsh
[0.207s] -- Up-to-date: /home/ecd507/f1tenth_ws/install/vesc/share/vesc/local_setup.dsv
[0.207s] -- Installing: /home/ecd507/f1tenth_ws/install/vesc/share/vesc/package.dsv
[0.212s] -- Up-to-date: /home/ecd507/f1tenth_ws/install/vesc/share/ament_index/resource_index/packages/vesc
[0.213s] -- Up-to-date: /home/ecd507/f1tenth_ws/install/vesc/share/vesc/cmake/vescConfig.cmake
[0.214s] -- Up-to-date: /home/ecd507/f1tenth_ws/install/vesc/share/vesc/cmake/vescConfig-version.cmake
[0.214s] -- Up-to-date: /home/ecd507/f1tenth_ws/install/vesc/share/vesc/package.xml
[0.224s] Invoked command in '/home/ecd507/f1tenth_ws/build/vesc' returned '0': AMENT_PREFIX_PATH=/home/ecd507/f1tenth_ws/install/vesc_driver:/home/ecd507/f1tenth_ws/install/vesc_ackermann:/home/ecd507/f1tenth_ws/install/vesc_msgs:${AMENT_PREFIX_PATH} CMAKE_PREFIX_PATH=/home/ecd507/f1tenth_ws/install/vesc_driver:/home/ecd507/f1tenth_ws/install/vesc_ackermann:/home/ecd507/f1tenth_ws/install/vesc_msgs:/opt/ros/humble LD_LIBRARY_PATH=/home/ecd507/f1tenth_ws/install/vesc_driver/lib:/home/ecd507/f1tenth_ws/install/vesc_ackermann/lib:/home/ecd507/f1tenth_ws/install/vesc_msgs/lib:/opt/ros/humble/opt/rviz_ogre_vendor/lib:/opt/ros/humble/lib/aarch64-linux-gnu:/opt/ros/humble/lib:/usr/local/cuda-12.6/lib64 PYTHONPATH=/home/ecd507/f1tenth_ws/install/vesc_msgs/local/lib/python3.10/dist-packages:${PYTHONPATH} /usr/bin/cmake --install /home/ecd507/f1tenth_ws/build/vesc
