[0.679s] Invoking command in '/home/ecd507/f1tenth_ws/build/vesc_ackermann': AMENT_PREFIX_PATH=/home/ecd507/f1tenth_ws/install/vesc_msgs CMAKE_PREFIX_PATH=/home/ecd507/f1tenth_ws/install/vesc_msgs LD_LIBRARY_PATH=/home/ecd507/f1tenth_ws/install/vesc_msgs/lib PYTHONPATH=/home/ecd507/f1tenth_ws/install/vesc_msgs/local/lib/python3.10/dist-packages /usr/bin/cmake --build /home/ecd507/f1tenth_ws/build/vesc_ackermann -- -j6 -l6
[1.117s] [ 28%] Built target vesc_to_odom_node
[1.128s] [ 57%] Built target ackermann_to_vesc_node
[1.150s] [100%] Built target vesc_ackermann
[1.215s] Invoked command in '/home/ecd507/f1tenth_ws/build/vesc_ackermann' returned '0': AMENT_PREFIX_PATH=/home/ecd507/f1tenth_ws/install/vesc_msgs CMAKE_PREFIX_PATH=/home/ecd507/f1tenth_ws/install/vesc_msgs LD_LIBRARY_PATH=/home/ecd507/f1tenth_ws/install/vesc_msgs/lib PYTHONPATH=/home/ecd507/f1tenth_ws/install/vesc_msgs/local/lib/python3.10/dist-packages /usr/bin/cmake --build /home/ecd507/f1tenth_ws/build/vesc_ackermann -- -j6 -l6
[1.250s] Invoking command in '/home/ecd507/f1tenth_ws/build/vesc_ackermann': AMENT_PREFIX_PATH=/home/ecd507/f1tenth_ws/install/vesc_msgs CMAKE_PREFIX_PATH=/home/ecd507/f1tenth_ws/install/vesc_msgs LD_LIBRARY_PATH=/home/ecd507/f1tenth_ws/install/vesc_msgs/lib PYTHONPATH=/home/ecd507/f1tenth_ws/install/vesc_msgs/local/lib/python3.10/dist-packages /usr/bin/cmake --install /home/ecd507/f1tenth_ws/build/vesc_ackermann
[1.277s] -- Install configuration: ""
[1.295s] -- Up-to-date: /home/ecd507/f1tenth_ws/install/vesc_ackermann/lib/vesc_ackermann/ackermann_to_vesc_node
[1.295s] -- Up-to-date: /home/ecd507/f1tenth_ws/install/vesc_ackermann/lib/vesc_ackermann/vesc_to_odom_node
[1.295s] -- Up-to-date: /home/ecd507/f1tenth_ws/install/vesc_ackermann/include
[1.296s] -- Up-to-date: /home/ecd507/f1tenth_ws/install/vesc_ackermann/include/vesc_ackermann
[1.296s] -- Up-to-date: /home/ecd507/f1tenth_ws/install/vesc_ackermann/include/vesc_ackermann/vesc_to_odom.hpp
[1.297s] -- Up-to-date: /home/ecd507/f1tenth_ws/install/vesc_ackermann/include/vesc_ackermann/ackermann_to_vesc.hpp
[1.298s] -- Up-to-date: /home/ecd507/f1tenth_ws/install/vesc_ackermann/share/vesc_ackermann/environment/library_path.sh
[1.299s] -- Up-to-date: /home/ecd507/f1tenth_ws/install/vesc_ackermann/share/vesc_ackermann/environment/library_path.dsv
[1.309s] -- Up-to-date: /home/ecd507/f1tenth_ws/install/vesc_ackermann/lib/libvesc_ackermann.so
[1.309s] -- Up-to-date: /home/ecd507/f1tenth_ws/install/vesc_ackermann/share/vesc_ackermann/launch
[1.310s] -- Up-to-date: /home/ecd507/f1tenth_ws/install/vesc_ackermann/share/vesc_ackermann/launch/ackermann_to_vesc_node.launch.xml
[1.310s] -- Up-to-date: /home/ecd507/f1tenth_ws/install/vesc_ackermann/share/vesc_ackermann/launch/vesc_to_odom_node.launch.xml
[1.310s] -- Up-to-date: /home/ecd507/f1tenth_ws/install/vesc_ackermann/share/ament_index/resource_index/package_run_dependencies/vesc_ackermann
[1.310s] -- Up-to-date: /home/ecd507/f1tenth_ws/install/vesc_ackermann/share/ament_index/resource_index/parent_prefix_path/vesc_ackermann
[1.310s] -- Up-to-date: /home/ecd507/f1tenth_ws/install/vesc_ackermann/share/vesc_ackermann/environment/ament_prefix_path.sh
[1.311s] -- Up-to-date: /home/ecd507/f1tenth_ws/install/vesc_ackermann/share/vesc_ackermann/environment/ament_prefix_path.dsv
[1.311s] -- Up-to-date: /home/ecd507/f1tenth_ws/install/vesc_ackermann/share/vesc_ackermann/environment/path.sh
[1.311s] -- Up-to-date: /home/ecd507/f1tenth_ws/install/vesc_ackermann/share/vesc_ackermann/environment/path.dsv
[1.311s] -- Up-to-date: /home/ecd507/f1tenth_ws/install/vesc_ackermann/share/vesc_ackermann/local_setup.bash
[1.311s] -- Up-to-date: /home/ecd507/f1tenth_ws/install/vesc_ackermann/share/vesc_ackermann/local_setup.sh
[1.311s] -- Up-to-date: /home/ecd507/f1tenth_ws/install/vesc_ackermann/share/vesc_ackermann/local_setup.zsh
[1.311s] -- Up-to-date: /home/ecd507/f1tenth_ws/install/vesc_ackermann/share/vesc_ackermann/local_setup.dsv
[1.312s] -- Installing: /home/ecd507/f1tenth_ws/install/vesc_ackermann/share/vesc_ackermann/package.dsv
[1.318s] -- Up-to-date: /home/ecd507/f1tenth_ws/install/vesc_ackermann/share/ament_index/resource_index/packages/vesc_ackermann
[1.318s] -- Up-to-date: /home/ecd507/f1tenth_ws/install/vesc_ackermann/share/ament_index/resource_index/rclcpp_components/vesc_ackermann
[1.318s] -- Up-to-date: /home/ecd507/f1tenth_ws/install/vesc_ackermann/share/vesc_ackermann/cmake/ament_cmake_export_dependencies-extras.cmake
[1.319s] -- Up-to-date: /home/ecd507/f1tenth_ws/install/vesc_ackermann/share/vesc_ackermann/cmake/ament_cmake_export_include_directories-extras.cmake
[1.319s] -- Up-to-date: /home/ecd507/f1tenth_ws/install/vesc_ackermann/share/vesc_ackermann/cmake/ament_cmake_export_libraries-extras.cmake
[1.319s] -- Up-to-date: /home/ecd507/f1tenth_ws/install/vesc_ackermann/share/vesc_ackermann/cmake/vesc_ackermannConfig.cmake
[1.319s] -- Up-to-date: /home/ecd507/f1tenth_ws/install/vesc_ackermann/share/vesc_ackermann/cmake/vesc_ackermannConfig-version.cmake
[1.319s] -- Up-to-date: /home/ecd507/f1tenth_ws/install/vesc_ackermann/share/vesc_ackermann/package.xml
[1.326s] Invoked command in '/home/ecd507/f1tenth_ws/build/vesc_ackermann' returned '0': AMENT_PREFIX_PATH=/home/ecd507/f1tenth_ws/install/vesc_msgs CMAKE_PREFIX_PATH=/home/ecd507/f1tenth_ws/install/vesc_msgs LD_LIBRARY_PATH=/home/ecd507/f1tenth_ws/install/vesc_msgs/lib PYTHONPATH=/home/ecd507/f1tenth_ws/install/vesc_msgs/local/lib/python3.10/dist-packages /usr/bin/cmake --install /home/ecd507/f1tenth_ws/build/vesc_ackermann
