[3.938s] Invoking command in '/home/ecd507/f1tenth_ws/src/ml_algorithm_pkg': PYTHONPATH=/home/ecd507/f1tenth_ws/build/ml_algorithm_pkg/prefix_override:/usr/lib/python3/dist-packages/colcon_core/task/python/colcon_distutils_commands:/home/ecd507/f1tenth_ws/install/ml_algorithm_pkg/lib/python3.10/site-packages:${PYTHONPATH} /usr/bin/python3 -W ignore:setup.py install is deprecated -W ignore:easy_install command is deprecated setup.py egg_info --egg-base ../../build/ml_algorithm_pkg build --build-base /home/ecd507/f1tenth_ws/build/ml_algorithm_pkg/build install --record /home/ecd507/f1tenth_ws/build/ml_algorithm_pkg/install.log --single-version-externally-managed install_data
[4.744s] running egg_info
[4.765s] creating ../../build/ml_algorithm_pkg/ml_algorithm_pkg.egg-info
[4.767s] writing ../../build/ml_algorithm_pkg/ml_algorithm_pkg.egg-info/PKG-INFO
[4.784s] writing dependency_links to ../../build/ml_algorithm_pkg/ml_algorithm_pkg.egg-info/dependency_links.txt
[4.784s] writing entry points to ../../build/ml_algorithm_pkg/ml_algorithm_pkg.egg-info/entry_points.txt
[4.784s] writing requirements to ../../build/ml_algorithm_pkg/ml_algorithm_pkg.egg-info/requires.txt
[4.784s] writing top-level names to ../../build/ml_algorithm_pkg/ml_algorithm_pkg.egg-info/top_level.txt
[4.785s] writing manifest file '../../build/ml_algorithm_pkg/ml_algorithm_pkg.egg-info/SOURCES.txt'
[4.785s] reading manifest file '../../build/ml_algorithm_pkg/ml_algorithm_pkg.egg-info/SOURCES.txt'
[4.785s] writing manifest file '../../build/ml_algorithm_pkg/ml_algorithm_pkg.egg-info/SOURCES.txt'
[4.791s] running build
[4.792s] running build_py
[4.793s] creating /home/ecd507/f1tenth_ws/build/ml_algorithm_pkg/build
[4.793s] creating /home/ecd507/f1tenth_ws/build/ml_algorithm_pkg/build/lib
[4.794s] creating /home/ecd507/f1tenth_ws/build/ml_algorithm_pkg/build/lib/ml_algorithm_pkg
[4.795s] copying ml_algorithm_pkg/test.py -> /home/ecd507/f1tenth_ws/build/ml_algorithm_pkg/build/lib/ml_algorithm_pkg
[4.796s] copying ml_algorithm_pkg/__init__.py -> /home/ecd507/f1tenth_ws/build/ml_algorithm_pkg/build/lib/ml_algorithm_pkg
[4.805s] running install
[4.808s] running install_lib
[4.812s] creating /home/ecd507/f1tenth_ws/install/ml_algorithm_pkg/lib/python3.10/site-packages/ml_algorithm_pkg
[4.813s] copying /home/ecd507/f1tenth_ws/build/ml_algorithm_pkg/build/lib/ml_algorithm_pkg/test.py -> /home/ecd507/f1tenth_ws/install/ml_algorithm_pkg/lib/python3.10/site-packages/ml_algorithm_pkg
[4.814s] copying /home/ecd507/f1tenth_ws/build/ml_algorithm_pkg/build/lib/ml_algorithm_pkg/__init__.py -> /home/ecd507/f1tenth_ws/install/ml_algorithm_pkg/lib/python3.10/site-packages/ml_algorithm_pkg
[4.816s] byte-compiling /home/ecd507/f1tenth_ws/install/ml_algorithm_pkg/lib/python3.10/site-packages/ml_algorithm_pkg/test.py to test.cpython-310.pyc
[4.821s] byte-compiling /home/ecd507/f1tenth_ws/install/ml_algorithm_pkg/lib/python3.10/site-packages/ml_algorithm_pkg/__init__.py to __init__.cpython-310.pyc
[4.823s] running install_data
[4.824s] creating /home/ecd507/f1tenth_ws/install/ml_algorithm_pkg/share/ament_index
[4.826s] creating /home/ecd507/f1tenth_ws/install/ml_algorithm_pkg/share/ament_index/resource_index
[4.827s] creating /home/ecd507/f1tenth_ws/install/ml_algorithm_pkg/share/ament_index/resource_index/packages
[4.828s] copying resource/ml_algorithm_pkg -> /home/ecd507/f1tenth_ws/install/ml_algorithm_pkg/share/ament_index/resource_index/packages
[4.829s] copying package.xml -> /home/ecd507/f1tenth_ws/install/ml_algorithm_pkg/share/ml_algorithm_pkg
[4.830s] running install_egg_info
[4.838s] Copying ../../build/ml_algorithm_pkg/ml_algorithm_pkg.egg-info to /home/ecd507/f1tenth_ws/install/ml_algorithm_pkg/lib/python3.10/site-packages/ml_algorithm_pkg-0.0.0-py3.10.egg-info
[4.845s] running install_scripts
[4.934s] writing list of installed files to '/home/ecd507/f1tenth_ws/build/ml_algorithm_pkg/install.log'
[5.042s] Invoked command in '/home/ecd507/f1tenth_ws/src/ml_algorithm_pkg' returned '0': PYTHONPATH=/home/ecd507/f1tenth_ws/build/ml_algorithm_pkg/prefix_override:/usr/lib/python3/dist-packages/colcon_core/task/python/colcon_distutils_commands:/home/ecd507/f1tenth_ws/install/ml_algorithm_pkg/lib/python3.10/site-packages:${PYTHONPATH} /usr/bin/python3 -W ignore:setup.py install is deprecated -W ignore:easy_install command is deprecated setup.py egg_info --egg-base ../../build/ml_algorithm_pkg build --build-base /home/ecd507/f1tenth_ws/build/ml_algorithm_pkg/build install --record /home/ecd507/f1tenth_ws/build/ml_algorithm_pkg/install.log --single-version-externally-managed install_data
