[2.097s] Invoking command in '/home/ecd507/f1tenth_ws/src/f1tenth_system/teleop_tools/key_teleop': PYTHONPATH=/home/ecd507/f1tenth_ws/build/key_teleop/prefix_override:/usr/lib/python3/dist-packages/colcon_core/task/python/colcon_distutils_commands:/home/ecd507/f1tenth_ws/install/key_teleop/lib/python3.10/site-packages: /usr/bin/python3 -W ignore:setup.py install is deprecated -W ignore:easy_install command is deprecated setup.py egg_info --egg-base ../../../../build/key_teleop build --build-base /home/ecd507/f1tenth_ws/build/key_teleop/build install --record /home/ecd507/f1tenth_ws/build/key_teleop/install.log --install-scripts $base/lib/key_teleop --single-version-externally-managed install_data
[2.500s] /usr/lib/python3/dist-packages/setuptools/dist.py:723: UserWarning: Usage of dash-separated 'script-dir' will not be supported in future versions. Please use the underscore name 'script_dir' instead
[2.501s]   warnings.warn(
[2.519s] running egg_info
[2.522s] writing ../../../../build/key_teleop/key_teleop.egg-info/PKG-INFO
[2.524s] writing dependency_links to ../../../../build/key_teleop/key_teleop.egg-info/dependency_links.txt
[2.525s] writing entry points to ../../../../build/key_teleop/key_teleop.egg-info/entry_points.txt
[2.526s] writing requirements to ../../../../build/key_teleop/key_teleop.egg-info/requires.txt
[2.526s] writing top-level names to ../../../../build/key_teleop/key_teleop.egg-info/top_level.txt
[2.530s] reading manifest file '../../../../build/key_teleop/key_teleop.egg-info/SOURCES.txt'
[2.531s] adding license file 'LICENSE'
[2.533s] writing manifest file '../../../../build/key_teleop/key_teleop.egg-info/SOURCES.txt'
[2.533s] running build
[2.533s] running build_py
[2.539s] running install
[2.540s] running install_lib
[2.543s] running install_data
[2.549s] running install_egg_info
[2.555s] removing '/home/ecd507/f1tenth_ws/install/key_teleop/lib/python3.10/site-packages/key_teleop-0.3.0-py3.10.egg-info' (and everything under it)
[2.555s] Copying ../../../../build/key_teleop/key_teleop.egg-info to /home/ecd507/f1tenth_ws/install/key_teleop/lib/python3.10/site-packages/key_teleop-0.3.0-py3.10.egg-info
[2.556s] running install_scripts
[2.600s] Installing key_teleop script to /home/ecd507/f1tenth_ws/install/key_teleop/lib/key_teleop
[2.601s] writing list of installed files to '/home/ecd507/f1tenth_ws/build/key_teleop/install.log'
[2.738s] Invoked command in '/home/ecd507/f1tenth_ws/src/f1tenth_system/teleop_tools/key_teleop' returned '0': PYTHONPATH=/home/ecd507/f1tenth_ws/build/key_teleop/prefix_override:/usr/lib/python3/dist-packages/colcon_core/task/python/colcon_distutils_commands:/home/ecd507/f1tenth_ws/install/key_teleop/lib/python3.10/site-packages: /usr/bin/python3 -W ignore:setup.py install is deprecated -W ignore:easy_install command is deprecated setup.py egg_info --egg-base ../../../../build/key_teleop build --build-base /home/ecd507/f1tenth_ws/build/key_teleop/build install --record /home/ecd507/f1tenth_ws/build/key_teleop/install.log --install-scripts $base/lib/key_teleop --single-version-externally-managed install_data
