[0.091s] Invoking command in '/home/ecd507/f1tenth_ws/build/vesc_msgs': CMAKE_PREFIX_PATH=${CMAKE_PREFIX_PATH}:/home/ecd507/f1tenth_ws/install/f1tenth_stack:/home/ecd507/f1tenth_ws/install/joy_teleop:/home/ecd507/f1tenth_ws/install/ros2_camera:/home/ecd507/f1tenth_ws/install/mouse_teleop:/home/ecd507/f1tenth_ws/install/ml_drive:/home/ecd507/f1tenth_ws/install/ml_algorithm_pkg:/home/ecd507/f1tenth_ws/install/ml_algorithm:/home/ecd507/f1tenth_ws/install/key_teleop:/home/ecd507/f1tenth_ws/install/data_logger:/opt/ros/humble /usr/bin/cmake --build /home/ecd507/f1tenth_ws/build/vesc_msgs -- -j6 -l6
[2.635s] [  1%] Built target vesc_msgs__cpp
[2.636s] [ 12%] Built target vesc_msgs__rosidl_generator_c
[2.636s] [ 12%] Built target ament_cmake_python_copy_vesc_msgs
[2.636s] [ 23%] Built target vesc_msgs__rosidl_typesupport_cpp
[2.638s] [ 34%] Built target vesc_msgs__rosidl_typesupport_fastrtps_cpp
[2.638s] [ 45%] Built target vesc_msgs__rosidl_typesupport_introspection_cpp
[2.639s] [ 56%] Built target vesc_msgs__rosidl_typesupport_fastrtps_c
[2.639s] [ 67%] Built target vesc_msgs__rosidl_typesupport_introspection_c
[2.639s] [ 78%] Built target vesc_msgs__rosidl_typesupport_c
[2.639s] [ 78%] Built target vesc_msgs
[2.639s] [ 80%] Built target vesc_msgs__py
[2.639s] [ 89%] Built target vesc_msgs__rosidl_generator_py
[2.640s] [ 92%] Built target vesc_msgs__rosidl_typesupport_fastrtps_c__pyext
[2.640s] [ 96%] Built target vesc_msgs__rosidl_typesupport_introspection_c__pyext
[2.640s] [100%] Built target vesc_msgs__rosidl_typesupport_c__pyext
[2.640s] running egg_info
[2.640s] writing vesc_msgs.egg-info/PKG-INFO
[2.641s] writing dependency_links to vesc_msgs.egg-info/dependency_links.txt
[2.642s] writing top-level names to vesc_msgs.egg-info/top_level.txt
[2.643s] reading manifest file 'vesc_msgs.egg-info/SOURCES.txt'
[2.643s] writing manifest file 'vesc_msgs.egg-info/SOURCES.txt'
[2.643s] [100%] Built target ament_cmake_python_build_vesc_msgs_egg
[2.682s] Invoked command in '/home/ecd507/f1tenth_ws/build/vesc_msgs' returned '0': CMAKE_PREFIX_PATH=${CMAKE_PREFIX_PATH}:/home/ecd507/f1tenth_ws/install/f1tenth_stack:/home/ecd507/f1tenth_ws/install/joy_teleop:/home/ecd507/f1tenth_ws/install/ros2_camera:/home/ecd507/f1tenth_ws/install/mouse_teleop:/home/ecd507/f1tenth_ws/install/ml_drive:/home/ecd507/f1tenth_ws/install/ml_algorithm_pkg:/home/ecd507/f1tenth_ws/install/ml_algorithm:/home/ecd507/f1tenth_ws/install/key_teleop:/home/ecd507/f1tenth_ws/install/data_logger:/opt/ros/humble /usr/bin/cmake --build /home/ecd507/f1tenth_ws/build/vesc_msgs -- -j6 -l6
[2.685s] Invoking command in '/home/ecd507/f1tenth_ws/build/vesc_msgs': CMAKE_PREFIX_PATH=${CMAKE_PREFIX_PATH}:/home/ecd507/f1tenth_ws/install/f1tenth_stack:/home/ecd507/f1tenth_ws/install/joy_teleop:/home/ecd507/f1tenth_ws/install/ros2_camera:/home/ecd507/f1tenth_ws/install/mouse_teleop:/home/ecd507/f1tenth_ws/install/ml_drive:/home/ecd507/f1tenth_ws/install/ml_algorithm_pkg:/home/ecd507/f1tenth_ws/install/ml_algorithm:/home/ecd507/f1tenth_ws/install/key_teleop:/home/ecd507/f1tenth_ws/install/data_logger:/opt/ros/humble /usr/bin/cmake --install /home/ecd507/f1tenth_ws/build/vesc_msgs
[2.744s] -- Install configuration: ""
[2.745s] -- Up-to-date: /home/ecd507/f1tenth_ws/install/vesc_msgs/share/ament_index/resource_index/rosidl_interfaces/vesc_msgs
[2.745s] -- Up-to-date: /home/ecd507/f1tenth_ws/install/vesc_msgs/include/vesc_msgs/vesc_msgs
[2.745s] -- Up-to-date: /home/ecd507/f1tenth_ws/install/vesc_msgs/include/vesc_msgs/vesc_msgs/msg
[2.745s] -- Up-to-date: /home/ecd507/f1tenth_ws/install/vesc_msgs/include/vesc_msgs/vesc_msgs/msg/vesc_imu_stamped.h
[2.745s] -- Up-to-date: /home/ecd507/f1tenth_ws/install/vesc_msgs/include/vesc_msgs/vesc_msgs/msg/rosidl_generator_c__visibility_control.h
[2.745s] -- Up-to-date: /home/ecd507/f1tenth_ws/install/vesc_msgs/include/vesc_msgs/vesc_msgs/msg/vesc_imu.h
[2.746s] -- Up-to-date: /home/ecd507/f1tenth_ws/install/vesc_msgs/include/vesc_msgs/vesc_msgs/msg/detail
[2.746s] -- Up-to-date: /home/ecd507/f1tenth_ws/install/vesc_msgs/include/vesc_msgs/vesc_msgs/msg/detail/vesc_imu_stamped__functions.c
[2.746s] -- Up-to-date: /home/ecd507/f1tenth_ws/install/vesc_msgs/include/vesc_msgs/vesc_msgs/msg/detail/vesc_imu__functions.c
[2.746s] -- Up-to-date: /home/ecd507/f1tenth_ws/install/vesc_msgs/include/vesc_msgs/vesc_msgs/msg/detail/vesc_state__functions.c
[2.746s] -- Up-to-date: /home/ecd507/f1tenth_ws/install/vesc_msgs/include/vesc_msgs/vesc_msgs/msg/detail/vesc_state__functions.h
[2.746s] -- Up-to-date: /home/ecd507/f1tenth_ws/install/vesc_msgs/include/vesc_msgs/vesc_msgs/msg/detail/vesc_state_stamped__type_support.h
[2.746s] -- Up-to-date: /home/ecd507/f1tenth_ws/install/vesc_msgs/include/vesc_msgs/vesc_msgs/msg/detail/vesc_imu_stamped__type_support.h
[2.747s] -- Up-to-date: /home/ecd507/f1tenth_ws/install/vesc_msgs/include/vesc_msgs/vesc_msgs/msg/detail/vesc_state_stamped__functions.h
[2.747s] -- Up-to-date: /home/ecd507/f1tenth_ws/install/vesc_msgs/include/vesc_msgs/vesc_msgs/msg/detail/vesc_imu__type_support.h
[2.747s] -- Up-to-date: /home/ecd507/f1tenth_ws/install/vesc_msgs/include/vesc_msgs/vesc_msgs/msg/detail/vesc_state_stamped__functions.c
[2.747s] -- Up-to-date: /home/ecd507/f1tenth_ws/install/vesc_msgs/include/vesc_msgs/vesc_msgs/msg/detail/vesc_state__struct.h
[2.747s] -- Up-to-date: /home/ecd507/f1tenth_ws/install/vesc_msgs/include/vesc_msgs/vesc_msgs/msg/detail/vesc_state_stamped__struct.h
[2.747s] -- Up-to-date: /home/ecd507/f1tenth_ws/install/vesc_msgs/include/vesc_msgs/vesc_msgs/msg/detail/vesc_imu__struct.h
[2.747s] -- Up-to-date: /home/ecd507/f1tenth_ws/install/vesc_msgs/include/vesc_msgs/vesc_msgs/msg/detail/vesc_imu__functions.h
[2.747s] -- Up-to-date: /home/ecd507/f1tenth_ws/install/vesc_msgs/include/vesc_msgs/vesc_msgs/msg/detail/vesc_state__type_support.h
[2.748s] -- Up-to-date: /home/ecd507/f1tenth_ws/install/vesc_msgs/include/vesc_msgs/vesc_msgs/msg/detail/vesc_imu_stamped__functions.h
[2.748s] -- Up-to-date: /home/ecd507/f1tenth_ws/install/vesc_msgs/include/vesc_msgs/vesc_msgs/msg/detail/vesc_imu_stamped__struct.h
[2.748s] -- Up-to-date: /home/ecd507/f1tenth_ws/install/vesc_msgs/include/vesc_msgs/vesc_msgs/msg/vesc_state_stamped.h
[2.748s] -- Up-to-date: /home/ecd507/f1tenth_ws/install/vesc_msgs/include/vesc_msgs/vesc_msgs/msg/vesc_state.h
[2.748s] -- Up-to-date: /home/ecd507/f1tenth_ws/install/vesc_msgs/share/vesc_msgs/environment/library_path.sh
[2.748s] -- Up-to-date: /home/ecd507/f1tenth_ws/install/vesc_msgs/share/vesc_msgs/environment/library_path.dsv
[2.748s] -- Up-to-date: /home/ecd507/f1tenth_ws/install/vesc_msgs/lib/libvesc_msgs__rosidl_generator_c.so
[2.749s] -- Up-to-date: /home/ecd507/f1tenth_ws/install/vesc_msgs/include/vesc_msgs/vesc_msgs
[2.749s] -- Up-to-date: /home/ecd507/f1tenth_ws/install/vesc_msgs/include/vesc_msgs/vesc_msgs/msg
[2.749s] -- Up-to-date: /home/ecd507/f1tenth_ws/install/vesc_msgs/include/vesc_msgs/vesc_msgs/msg/detail
[2.749s] -- Up-to-date: /home/ecd507/f1tenth_ws/install/vesc_msgs/include/vesc_msgs/vesc_msgs/msg/detail/vesc_imu_stamped__rosidl_typesupport_fastrtps_c.h
[2.749s] -- Up-to-date: /home/ecd507/f1tenth_ws/install/vesc_msgs/include/vesc_msgs/vesc_msgs/msg/detail/vesc_state_stamped__rosidl_typesupport_fastrtps_c.h
[2.749s] -- Up-to-date: /home/ecd507/f1tenth_ws/install/vesc_msgs/include/vesc_msgs/vesc_msgs/msg/detail/vesc_state__rosidl_typesupport_fastrtps_c.h
[2.749s] -- Up-to-date: /home/ecd507/f1tenth_ws/install/vesc_msgs/include/vesc_msgs/vesc_msgs/msg/detail/vesc_imu__rosidl_typesupport_fastrtps_c.h
[2.765s] -- Up-to-date: /home/ecd507/f1tenth_ws/install/vesc_msgs/include/vesc_msgs/vesc_msgs/msg/rosidl_typesupport_fastrtps_c__visibility_control.h
[2.765s] -- Up-to-date: /home/ecd507/f1tenth_ws/install/vesc_msgs/lib/libvesc_msgs__rosidl_typesupport_fastrtps_c.so
[2.766s] -- Up-to-date: /home/ecd507/f1tenth_ws/install/vesc_msgs/include/vesc_msgs/vesc_msgs
[2.766s] -- Up-to-date: /home/ecd507/f1tenth_ws/install/vesc_msgs/include/vesc_msgs/vesc_msgs/msg
[2.766s] -- Up-to-date: /home/ecd507/f1tenth_ws/install/vesc_msgs/include/vesc_msgs/vesc_msgs/msg/detail
[2.766s] -- Up-to-date: /home/ecd507/f1tenth_ws/install/vesc_msgs/include/vesc_msgs/vesc_msgs/msg/detail/vesc_imu_stamped__rosidl_typesupport_introspection_c.h
[2.766s] -- Up-to-date: /home/ecd507/f1tenth_ws/install/vesc_msgs/include/vesc_msgs/vesc_msgs/msg/detail/vesc_imu__type_support.c
[2.766s] -- Up-to-date: /home/ecd507/f1tenth_ws/install/vesc_msgs/include/vesc_msgs/vesc_msgs/msg/detail/vesc_imu_stamped__type_support.c
[2.766s] -- Up-to-date: /home/ecd507/f1tenth_ws/install/vesc_msgs/include/vesc_msgs/vesc_msgs/msg/detail/vesc_state__rosidl_typesupport_introspection_c.h
[2.767s] -- Up-to-date: /home/ecd507/f1tenth_ws/install/vesc_msgs/include/vesc_msgs/vesc_msgs/msg/detail/vesc_state__type_support.c
[2.767s] -- Up-to-date: /home/ecd507/f1tenth_ws/install/vesc_msgs/include/vesc_msgs/vesc_msgs/msg/detail/vesc_state_stamped__type_support.c
[2.767s] -- Up-to-date: /home/ecd507/f1tenth_ws/install/vesc_msgs/include/vesc_msgs/vesc_msgs/msg/detail/vesc_imu__rosidl_typesupport_introspection_c.h
[2.767s] -- Up-to-date: /home/ecd507/f1tenth_ws/install/vesc_msgs/include/vesc_msgs/vesc_msgs/msg/detail/vesc_state_stamped__rosidl_typesupport_introspection_c.h
[2.767s] -- Up-to-date: /home/ecd507/f1tenth_ws/install/vesc_msgs/include/vesc_msgs/vesc_msgs/msg/rosidl_typesupport_introspection_c__visibility_control.h
[2.767s] -- Up-to-date: /home/ecd507/f1tenth_ws/install/vesc_msgs/lib/libvesc_msgs__rosidl_typesupport_introspection_c.so
[2.767s] -- Up-to-date: /home/ecd507/f1tenth_ws/install/vesc_msgs/lib/libvesc_msgs__rosidl_typesupport_c.so
[2.767s] -- Up-to-date: /home/ecd507/f1tenth_ws/install/vesc_msgs/include/vesc_msgs/vesc_msgs
[2.768s] -- Up-to-date: /home/ecd507/f1tenth_ws/install/vesc_msgs/include/vesc_msgs/vesc_msgs/msg
[2.768s] -- Up-to-date: /home/ecd507/f1tenth_ws/install/vesc_msgs/include/vesc_msgs/vesc_msgs/msg/vesc_imu_stamped.hpp
[2.768s] -- Up-to-date: /home/ecd507/f1tenth_ws/install/vesc_msgs/include/vesc_msgs/vesc_msgs/msg/detail
[2.768s] -- Up-to-date: /home/ecd507/f1tenth_ws/install/vesc_msgs/include/vesc_msgs/vesc_msgs/msg/detail/vesc_imu_stamped__type_support.hpp
[2.768s] -- Up-to-date: /home/ecd507/f1tenth_ws/install/vesc_msgs/include/vesc_msgs/vesc_msgs/msg/detail/vesc_state__struct.hpp
[2.768s] -- Up-to-date: /home/ecd507/f1tenth_ws/install/vesc_msgs/include/vesc_msgs/vesc_msgs/msg/detail/vesc_state_stamped__type_support.hpp
[2.768s] -- Up-to-date: /home/ecd507/f1tenth_ws/install/vesc_msgs/include/vesc_msgs/vesc_msgs/msg/detail/vesc_imu__type_support.hpp
[2.769s] -- Up-to-date: /home/ecd507/f1tenth_ws/install/vesc_msgs/include/vesc_msgs/vesc_msgs/msg/detail/vesc_imu_stamped__traits.hpp
[2.769s] -- Up-to-date: /home/ecd507/f1tenth_ws/install/vesc_msgs/include/vesc_msgs/vesc_msgs/msg/detail/vesc_state__traits.hpp
[2.769s] -- Up-to-date: /home/ecd507/f1tenth_ws/install/vesc_msgs/include/vesc_msgs/vesc_msgs/msg/detail/vesc_imu__builder.hpp
[2.769s] -- Up-to-date: /home/ecd507/f1tenth_ws/install/vesc_msgs/include/vesc_msgs/vesc_msgs/msg/detail/vesc_imu__struct.hpp
[2.769s] -- Up-to-date: /home/ecd507/f1tenth_ws/install/vesc_msgs/include/vesc_msgs/vesc_msgs/msg/detail/vesc_imu_stamped__builder.hpp
[2.769s] -- Up-to-date: /home/ecd507/f1tenth_ws/install/vesc_msgs/include/vesc_msgs/vesc_msgs/msg/detail/vesc_imu_stamped__struct.hpp
[2.769s] -- Up-to-date: /home/ecd507/f1tenth_ws/install/vesc_msgs/include/vesc_msgs/vesc_msgs/msg/detail/vesc_state__type_support.hpp
[2.769s] -- Up-to-date: /home/ecd507/f1tenth_ws/install/vesc_msgs/include/vesc_msgs/vesc_msgs/msg/detail/vesc_state_stamped__builder.hpp
[2.770s] -- Up-to-date: /home/ecd507/f1tenth_ws/install/vesc_msgs/include/vesc_msgs/vesc_msgs/msg/detail/vesc_state_stamped__traits.hpp
[2.770s] -- Up-to-date: /home/ecd507/f1tenth_ws/install/vesc_msgs/include/vesc_msgs/vesc_msgs/msg/detail/vesc_imu__traits.hpp
[2.770s] -- Up-to-date: /home/ecd507/f1tenth_ws/install/vesc_msgs/include/vesc_msgs/vesc_msgs/msg/detail/vesc_state__builder.hpp
[2.770s] -- Up-to-date: /home/ecd507/f1tenth_ws/install/vesc_msgs/include/vesc_msgs/vesc_msgs/msg/detail/vesc_state_stamped__struct.hpp
[2.770s] -- Up-to-date: /home/ecd507/f1tenth_ws/install/vesc_msgs/include/vesc_msgs/vesc_msgs/msg/vesc_state.hpp
[2.770s] -- Up-to-date: /home/ecd507/f1tenth_ws/install/vesc_msgs/include/vesc_msgs/vesc_msgs/msg/vesc_imu.hpp
[2.770s] -- Up-to-date: /home/ecd507/f1tenth_ws/install/vesc_msgs/include/vesc_msgs/vesc_msgs/msg/vesc_state_stamped.hpp
[2.770s] -- Up-to-date: /home/ecd507/f1tenth_ws/install/vesc_msgs/include/vesc_msgs/vesc_msgs/msg/rosidl_generator_cpp__visibility_control.hpp
[2.771s] -- Up-to-date: /home/ecd507/f1tenth_ws/install/vesc_msgs/include/vesc_msgs/vesc_msgs
[2.771s] -- Up-to-date: /home/ecd507/f1tenth_ws/install/vesc_msgs/include/vesc_msgs/vesc_msgs/msg
[2.771s] -- Up-to-date: /home/ecd507/f1tenth_ws/install/vesc_msgs/include/vesc_msgs/vesc_msgs/msg/detail
[2.771s] -- Up-to-date: /home/ecd507/f1tenth_ws/install/vesc_msgs/include/vesc_msgs/vesc_msgs/msg/detail/vesc_imu__rosidl_typesupport_fastrtps_cpp.hpp
[2.771s] -- Up-to-date: /home/ecd507/f1tenth_ws/install/vesc_msgs/include/vesc_msgs/vesc_msgs/msg/detail/dds_fastrtps
[2.771s] -- Up-to-date: /home/ecd507/f1tenth_ws/install/vesc_msgs/include/vesc_msgs/vesc_msgs/msg/detail/vesc_state__rosidl_typesupport_fastrtps_cpp.hpp
[2.771s] -- Up-to-date: /home/ecd507/f1tenth_ws/install/vesc_msgs/include/vesc_msgs/vesc_msgs/msg/detail/vesc_imu_stamped__rosidl_typesupport_fastrtps_cpp.hpp
[2.771s] -- Up-to-date: /home/ecd507/f1tenth_ws/install/vesc_msgs/include/vesc_msgs/vesc_msgs/msg/detail/vesc_state_stamped__rosidl_typesupport_fastrtps_cpp.hpp
[2.771s] -- Up-to-date: /home/ecd507/f1tenth_ws/install/vesc_msgs/include/vesc_msgs/vesc_msgs/msg/rosidl_typesupport_fastrtps_cpp__visibility_control.h
[2.772s] -- Up-to-date: /home/ecd507/f1tenth_ws/install/vesc_msgs/lib/libvesc_msgs__rosidl_typesupport_fastrtps_cpp.so
[2.772s] -- Up-to-date: /home/ecd507/f1tenth_ws/install/vesc_msgs/include/vesc_msgs/vesc_msgs
[2.772s] -- Up-to-date: /home/ecd507/f1tenth_ws/install/vesc_msgs/include/vesc_msgs/vesc_msgs/msg
[2.772s] -- Up-to-date: /home/ecd507/f1tenth_ws/install/vesc_msgs/include/vesc_msgs/vesc_msgs/msg/detail
[2.772s] -- Up-to-date: /home/ecd507/f1tenth_ws/install/vesc_msgs/include/vesc_msgs/vesc_msgs/msg/detail/vesc_state__type_support.cpp
[2.772s] -- Up-to-date: /home/ecd507/f1tenth_ws/install/vesc_msgs/include/vesc_msgs/vesc_msgs/msg/detail/vesc_imu__type_support.cpp
[2.773s] -- Up-to-date: /home/ecd507/f1tenth_ws/install/vesc_msgs/include/vesc_msgs/vesc_msgs/msg/detail/vesc_state_stamped__type_support.cpp
[2.773s] -- Up-to-date: /home/ecd507/f1tenth_ws/install/vesc_msgs/include/vesc_msgs/vesc_msgs/msg/detail/vesc_state_stamped__rosidl_typesupport_introspection_cpp.hpp
[2.773s] -- Up-to-date: /home/ecd507/f1tenth_ws/install/vesc_msgs/include/vesc_msgs/vesc_msgs/msg/detail/vesc_imu__rosidl_typesupport_introspection_cpp.hpp
[2.773s] -- Up-to-date: /home/ecd507/f1tenth_ws/install/vesc_msgs/include/vesc_msgs/vesc_msgs/msg/detail/vesc_state__rosidl_typesupport_introspection_cpp.hpp
[2.773s] -- Up-to-date: /home/ecd507/f1tenth_ws/install/vesc_msgs/include/vesc_msgs/vesc_msgs/msg/detail/vesc_imu_stamped__type_support.cpp
[2.773s] -- Up-to-date: /home/ecd507/f1tenth_ws/install/vesc_msgs/include/vesc_msgs/vesc_msgs/msg/detail/vesc_imu_stamped__rosidl_typesupport_introspection_cpp.hpp
[2.773s] -- Up-to-date: /home/ecd507/f1tenth_ws/install/vesc_msgs/lib/libvesc_msgs__rosidl_typesupport_introspection_cpp.so
[2.773s] -- Up-to-date: /home/ecd507/f1tenth_ws/install/vesc_msgs/lib/libvesc_msgs__rosidl_typesupport_cpp.so
[2.774s] -- Up-to-date: /home/ecd507/f1tenth_ws/install/vesc_msgs/share/vesc_msgs/environment/pythonpath.sh
[2.774s] -- Up-to-date: /home/ecd507/f1tenth_ws/install/vesc_msgs/share/vesc_msgs/environment/pythonpath.dsv
[2.774s] -- Up-to-date: /home/ecd507/f1tenth_ws/install/vesc_msgs/local/lib/python3.10/dist-packages/vesc_msgs-1.1.0-py3.10.egg-info
[2.774s] -- Installing: /home/ecd507/f1tenth_ws/install/vesc_msgs/local/lib/python3.10/dist-packages/vesc_msgs-1.1.0-py3.10.egg-info/dependency_links.txt
[2.774s] -- Installing: /home/ecd507/f1tenth_ws/install/vesc_msgs/local/lib/python3.10/dist-packages/vesc_msgs-1.1.0-py3.10.egg-info/PKG-INFO
[2.774s] -- Installing: /home/ecd507/f1tenth_ws/install/vesc_msgs/local/lib/python3.10/dist-packages/vesc_msgs-1.1.0-py3.10.egg-info/SOURCES.txt
[2.774s] -- Installing: /home/ecd507/f1tenth_ws/install/vesc_msgs/local/lib/python3.10/dist-packages/vesc_msgs-1.1.0-py3.10.egg-info/top_level.txt
[2.774s] -- Up-to-date: /home/ecd507/f1tenth_ws/install/vesc_msgs/local/lib/python3.10/dist-packages/vesc_msgs
[2.775s] -- Up-to-date: /home/ecd507/f1tenth_ws/install/vesc_msgs/local/lib/python3.10/dist-packages/vesc_msgs/_vesc_msgs_s.ep.rosidl_typesupport_fastrtps_c.c
[2.775s] -- Up-to-date: /home/ecd507/f1tenth_ws/install/vesc_msgs/local/lib/python3.10/dist-packages/vesc_msgs/vesc_msgs_s__rosidl_typesupport_c.cpython-310-aarch64-linux-gnu.so
[2.775s] -- Up-to-date: /home/ecd507/f1tenth_ws/install/vesc_msgs/local/lib/python3.10/dist-packages/vesc_msgs/libvesc_msgs__rosidl_generator_py.so
[2.775s] -- Up-to-date: /home/ecd507/f1tenth_ws/install/vesc_msgs/local/lib/python3.10/dist-packages/vesc_msgs/_vesc_msgs_s.ep.rosidl_typesupport_introspection_c.c
[2.775s] -- Up-to-date: /home/ecd507/f1tenth_ws/install/vesc_msgs/local/lib/python3.10/dist-packages/vesc_msgs/msg
[2.775s] -- Up-to-date: /home/ecd507/f1tenth_ws/install/vesc_msgs/local/lib/python3.10/dist-packages/vesc_msgs/msg/_vesc_state_stamped.py
[2.775s] -- Up-to-date: /home/ecd507/f1tenth_ws/install/vesc_msgs/local/lib/python3.10/dist-packages/vesc_msgs/msg/_vesc_imu.py
[2.775s] -- Up-to-date: /home/ecd507/f1tenth_ws/install/vesc_msgs/local/lib/python3.10/dist-packages/vesc_msgs/msg/_vesc_imu_stamped.py
[2.776s] -- Up-to-date: /home/ecd507/f1tenth_ws/install/vesc_msgs/local/lib/python3.10/dist-packages/vesc_msgs/msg/_vesc_imu_stamped_s.c
[2.776s] -- Up-to-date: /home/ecd507/f1tenth_ws/install/vesc_msgs/local/lib/python3.10/dist-packages/vesc_msgs/msg/_vesc_state.py
[2.776s] -- Up-to-date: /home/ecd507/f1tenth_ws/install/vesc_msgs/local/lib/python3.10/dist-packages/vesc_msgs/msg/_vesc_state_stamped_s.c
[2.776s] -- Up-to-date: /home/ecd507/f1tenth_ws/install/vesc_msgs/local/lib/python3.10/dist-packages/vesc_msgs/msg/__init__.py
[2.776s] -- Up-to-date: /home/ecd507/f1tenth_ws/install/vesc_msgs/local/lib/python3.10/dist-packages/vesc_msgs/msg/_vesc_state_s.c
[2.776s] -- Up-to-date: /home/ecd507/f1tenth_ws/install/vesc_msgs/local/lib/python3.10/dist-packages/vesc_msgs/msg/_vesc_imu_s.c
[2.776s] -- Up-to-date: /home/ecd507/f1tenth_ws/install/vesc_msgs/local/lib/python3.10/dist-packages/vesc_msgs/_vesc_msgs_s.ep.rosidl_typesupport_c.c
[2.776s] -- Up-to-date: /home/ecd507/f1tenth_ws/install/vesc_msgs/local/lib/python3.10/dist-packages/vesc_msgs/__init__.py
[2.777s] -- Up-to-date: /home/ecd507/f1tenth_ws/install/vesc_msgs/local/lib/python3.10/dist-packages/vesc_msgs/vesc_msgs_s__rosidl_typesupport_fastrtps_c.cpython-310-aarch64-linux-gnu.so
[2.777s] -- Up-to-date: /home/ecd507/f1tenth_ws/install/vesc_msgs/local/lib/python3.10/dist-packages/vesc_msgs/vesc_msgs_s__rosidl_typesupport_introspection_c.cpython-310-aarch64-linux-gnu.so
[2.888s] Listing '/home/ecd507/f1tenth_ws/install/vesc_msgs/local/lib/python3.10/dist-packages/vesc_msgs'...
[2.889s] Listing '/home/ecd507/f1tenth_ws/install/vesc_msgs/local/lib/python3.10/dist-packages/vesc_msgs/msg'...
[2.919s] -- Up-to-date: /home/ecd507/f1tenth_ws/install/vesc_msgs/local/lib/python3.10/dist-packages/vesc_msgs/vesc_msgs_s__rosidl_typesupport_fastrtps_c.cpython-310-aarch64-linux-gnu.so
[2.920s] -- Up-to-date: /home/ecd507/f1tenth_ws/install/vesc_msgs/local/lib/python3.10/dist-packages/vesc_msgs/vesc_msgs_s__rosidl_typesupport_introspection_c.cpython-310-aarch64-linux-gnu.so
[2.921s] -- Up-to-date: /home/ecd507/f1tenth_ws/install/vesc_msgs/local/lib/python3.10/dist-packages/vesc_msgs/vesc_msgs_s__rosidl_typesupport_c.cpython-310-aarch64-linux-gnu.so
[2.921s] -- Up-to-date: /home/ecd507/f1tenth_ws/install/vesc_msgs/lib/libvesc_msgs__rosidl_generator_py.so
[2.930s] -- Up-to-date: /home/ecd507/f1tenth_ws/install/vesc_msgs/share/vesc_msgs/msg/VescState.idl
[2.931s] -- Up-to-date: /home/ecd507/f1tenth_ws/install/vesc_msgs/share/vesc_msgs/msg/VescStateStamped.idl
[2.931s] -- Up-to-date: /home/ecd507/f1tenth_ws/install/vesc_msgs/share/vesc_msgs/msg/VescImu.idl
[2.931s] -- Up-to-date: /home/ecd507/f1tenth_ws/install/vesc_msgs/share/vesc_msgs/msg/VescImuStamped.idl
[2.931s] -- Up-to-date: /home/ecd507/f1tenth_ws/install/vesc_msgs/share/vesc_msgs/msg/VescState.msg
[2.931s] -- Up-to-date: /home/ecd507/f1tenth_ws/install/vesc_msgs/share/vesc_msgs/msg/VescStateStamped.msg
[2.931s] -- Up-to-date: /home/ecd507/f1tenth_ws/install/vesc_msgs/share/vesc_msgs/msg/VescImu.msg
[2.932s] -- Up-to-date: /home/ecd507/f1tenth_ws/install/vesc_msgs/share/vesc_msgs/msg/VescImuStamped.msg
[2.933s] -- Up-to-date: /home/ecd507/f1tenth_ws/install/vesc_msgs/share/ament_index/resource_index/package_run_dependencies/vesc_msgs
[2.933s] -- Up-to-date: /home/ecd507/f1tenth_ws/install/vesc_msgs/share/ament_index/resource_index/parent_prefix_path/vesc_msgs
[2.933s] -- Up-to-date: /home/ecd507/f1tenth_ws/install/vesc_msgs/share/vesc_msgs/environment/ament_prefix_path.sh
[2.933s] -- Up-to-date: /home/ecd507/f1tenth_ws/install/vesc_msgs/share/vesc_msgs/environment/ament_prefix_path.dsv
[2.935s] -- Up-to-date: /home/ecd507/f1tenth_ws/install/vesc_msgs/share/vesc_msgs/environment/path.sh
[2.935s] -- Up-to-date: /home/ecd507/f1tenth_ws/install/vesc_msgs/share/vesc_msgs/environment/path.dsv
[2.935s] -- Up-to-date: /home/ecd507/f1tenth_ws/install/vesc_msgs/share/vesc_msgs/local_setup.bash
[2.935s] -- Up-to-date: /home/ecd507/f1tenth_ws/install/vesc_msgs/share/vesc_msgs/local_setup.sh
[2.936s] -- Up-to-date: /home/ecd507/f1tenth_ws/install/vesc_msgs/share/vesc_msgs/local_setup.zsh
[2.937s] -- Up-to-date: /home/ecd507/f1tenth_ws/install/vesc_msgs/share/vesc_msgs/local_setup.dsv
[2.937s] -- Installing: /home/ecd507/f1tenth_ws/install/vesc_msgs/share/vesc_msgs/package.dsv
[2.937s] -- Up-to-date: /home/ecd507/f1tenth_ws/install/vesc_msgs/share/ament_index/resource_index/packages/vesc_msgs
[2.937s] -- Up-to-date: /home/ecd507/f1tenth_ws/install/vesc_msgs/share/vesc_msgs/cmake/export_vesc_msgs__rosidl_generator_cExport.cmake
[2.937s] -- Up-to-date: /home/ecd507/f1tenth_ws/install/vesc_msgs/share/vesc_msgs/cmake/export_vesc_msgs__rosidl_generator_cExport-noconfig.cmake
[2.938s] -- Up-to-date: /home/ecd507/f1tenth_ws/install/vesc_msgs/share/vesc_msgs/cmake/export_vesc_msgs__rosidl_typesupport_fastrtps_cExport.cmake
[2.938s] -- Up-to-date: /home/ecd507/f1tenth_ws/install/vesc_msgs/share/vesc_msgs/cmake/export_vesc_msgs__rosidl_typesupport_fastrtps_cExport-noconfig.cmake
[2.938s] -- Up-to-date: /home/ecd507/f1tenth_ws/install/vesc_msgs/share/vesc_msgs/cmake/vesc_msgs__rosidl_typesupport_introspection_cExport.cmake
[2.938s] -- Up-to-date: /home/ecd507/f1tenth_ws/install/vesc_msgs/share/vesc_msgs/cmake/vesc_msgs__rosidl_typesupport_introspection_cExport-noconfig.cmake
[2.938s] -- Up-to-date: /home/ecd507/f1tenth_ws/install/vesc_msgs/share/vesc_msgs/cmake/vesc_msgs__rosidl_typesupport_cExport.cmake
[2.938s] -- Up-to-date: /home/ecd507/f1tenth_ws/install/vesc_msgs/share/vesc_msgs/cmake/vesc_msgs__rosidl_typesupport_cExport-noconfig.cmake
[2.939s] -- Up-to-date: /home/ecd507/f1tenth_ws/install/vesc_msgs/share/vesc_msgs/cmake/export_vesc_msgs__rosidl_generator_cppExport.cmake
[2.939s] -- Up-to-date: /home/ecd507/f1tenth_ws/install/vesc_msgs/share/vesc_msgs/cmake/export_vesc_msgs__rosidl_typesupport_fastrtps_cppExport.cmake
[2.939s] -- Up-to-date: /home/ecd507/f1tenth_ws/install/vesc_msgs/share/vesc_msgs/cmake/export_vesc_msgs__rosidl_typesupport_fastrtps_cppExport-noconfig.cmake
[2.939s] -- Up-to-date: /home/ecd507/f1tenth_ws/install/vesc_msgs/share/vesc_msgs/cmake/vesc_msgs__rosidl_typesupport_introspection_cppExport.cmake
[2.939s] -- Up-to-date: /home/ecd507/f1tenth_ws/install/vesc_msgs/share/vesc_msgs/cmake/vesc_msgs__rosidl_typesupport_introspection_cppExport-noconfig.cmake
[2.939s] -- Up-to-date: /home/ecd507/f1tenth_ws/install/vesc_msgs/share/vesc_msgs/cmake/vesc_msgs__rosidl_typesupport_cppExport.cmake
[2.939s] -- Up-to-date: /home/ecd507/f1tenth_ws/install/vesc_msgs/share/vesc_msgs/cmake/vesc_msgs__rosidl_typesupport_cppExport-noconfig.cmake
[2.940s] -- Up-to-date: /home/ecd507/f1tenth_ws/install/vesc_msgs/share/vesc_msgs/cmake/export_vesc_msgs__rosidl_generator_pyExport.cmake
[2.940s] -- Up-to-date: /home/ecd507/f1tenth_ws/install/vesc_msgs/share/vesc_msgs/cmake/export_vesc_msgs__rosidl_generator_pyExport-noconfig.cmake
[2.940s] -- Up-to-date: /home/ecd507/f1tenth_ws/install/vesc_msgs/share/vesc_msgs/cmake/rosidl_cmake-extras.cmake
[2.940s] -- Up-to-date: /home/ecd507/f1tenth_ws/install/vesc_msgs/share/vesc_msgs/cmake/ament_cmake_export_dependencies-extras.cmake
[2.940s] -- Up-to-date: /home/ecd507/f1tenth_ws/install/vesc_msgs/share/vesc_msgs/cmake/ament_cmake_export_include_directories-extras.cmake
[2.940s] -- Up-to-date: /home/ecd507/f1tenth_ws/install/vesc_msgs/share/vesc_msgs/cmake/ament_cmake_export_libraries-extras.cmake
[2.941s] -- Up-to-date: /home/ecd507/f1tenth_ws/install/vesc_msgs/share/vesc_msgs/cmake/ament_cmake_export_targets-extras.cmake
[2.941s] -- Up-to-date: /home/ecd507/f1tenth_ws/install/vesc_msgs/share/vesc_msgs/cmake/rosidl_cmake_export_typesupport_targets-extras.cmake
[2.941s] -- Up-to-date: /home/ecd507/f1tenth_ws/install/vesc_msgs/share/vesc_msgs/cmake/rosidl_cmake_export_typesupport_libraries-extras.cmake
[2.941s] -- Up-to-date: /home/ecd507/f1tenth_ws/install/vesc_msgs/share/vesc_msgs/cmake/vesc_msgsConfig.cmake
[2.941s] -- Up-to-date: /home/ecd507/f1tenth_ws/install/vesc_msgs/share/vesc_msgs/cmake/vesc_msgsConfig-version.cmake
[2.941s] -- Up-to-date: /home/ecd507/f1tenth_ws/install/vesc_msgs/share/vesc_msgs/package.xml
[3.789s] Invoked command in '/home/ecd507/f1tenth_ws/build/vesc_msgs' returned '0': CMAKE_PREFIX_PATH=${CMAKE_PREFIX_PATH}:/home/ecd507/f1tenth_ws/install/f1tenth_stack:/home/ecd507/f1tenth_ws/install/joy_teleop:/home/ecd507/f1tenth_ws/install/ros2_camera:/home/ecd507/f1tenth_ws/install/mouse_teleop:/home/ecd507/f1tenth_ws/install/ml_drive:/home/ecd507/f1tenth_ws/install/ml_algorithm_pkg:/home/ecd507/f1tenth_ws/install/ml_algorithm:/home/ecd507/f1tenth_ws/install/key_teleop:/home/ecd507/f1tenth_ws/install/data_logger:/opt/ros/humble /usr/bin/cmake --install /home/ecd507/f1tenth_ws/build/vesc_msgs
