[0.019s] Invoking command in '/home/ecd507/f1tenth_ws/build/teleop_tools': AMENT_PREFIX_PATH=/home/ecd507/f1tenth_ws/install/joy_teleop:/home/ecd507/f1tenth_ws/install/teleop_tools_msgs:/home/ecd507/f1tenth_ws/install/key_teleop CMAKE_PREFIX_PATH=/home/ecd507/f1tenth_ws/install/teleop_tools_msgs LD_LIBRARY_PATH=/home/ecd507/f1tenth_ws/install/teleop_tools_msgs/lib PYTHONPATH=/home/ecd507/f1tenth_ws/install/joy_teleop/lib/python3.10/site-packages:/home/ecd507/f1tenth_ws/install/teleop_tools_msgs/local/lib/python3.10/dist-packages:/home/ecd507/f1tenth_ws/install/key_teleop/lib/python3.10/site-packages /usr/bin/cmake --build /home/ecd507/f1tenth_ws/build/teleop_tools -- -j6 -l6
[0.528s] Invoked command in '/home/ecd507/f1tenth_ws/build/teleop_tools' returned '0': AMENT_PREFIX_PATH=/home/ecd507/f1tenth_ws/install/joy_teleop:/home/ecd507/f1tenth_ws/install/teleop_tools_msgs:/home/ecd507/f1tenth_ws/install/key_teleop CMAKE_PREFIX_PATH=/home/ecd507/f1tenth_ws/install/teleop_tools_msgs LD_LIBRARY_PATH=/home/ecd507/f1tenth_ws/install/teleop_tools_msgs/lib PYTHONPATH=/home/ecd507/f1tenth_ws/install/joy_teleop/lib/python3.10/site-packages:/home/ecd507/f1tenth_ws/install/teleop_tools_msgs/local/lib/python3.10/dist-packages:/home/ecd507/f1tenth_ws/install/key_teleop/lib/python3.10/site-packages /usr/bin/cmake --build /home/ecd507/f1tenth_ws/build/teleop_tools -- -j6 -l6
[0.532s] Invoking command in '/home/ecd507/f1tenth_ws/build/teleop_tools': AMENT_PREFIX_PATH=/home/ecd507/f1tenth_ws/install/joy_teleop:/home/ecd507/f1tenth_ws/install/teleop_tools_msgs:/home/ecd507/f1tenth_ws/install/key_teleop CMAKE_PREFIX_PATH=/home/ecd507/f1tenth_ws/install/teleop_tools_msgs LD_LIBRARY_PATH=/home/ecd507/f1tenth_ws/install/teleop_tools_msgs/lib PYTHONPATH=/home/ecd507/f1tenth_ws/install/joy_teleop/lib/python3.10/site-packages:/home/ecd507/f1tenth_ws/install/teleop_tools_msgs/local/lib/python3.10/dist-packages:/home/ecd507/f1tenth_ws/install/key_teleop/lib/python3.10/site-packages /usr/bin/cmake --install /home/ecd507/f1tenth_ws/build/teleop_tools
[0.548s] -- Install configuration: ""
[0.549s] -- Up-to-date: /home/ecd507/f1tenth_ws/install/teleop_tools/share/ament_index/resource_index/package_run_dependencies/teleop_tools
[0.550s] -- Up-to-date: /home/ecd507/f1tenth_ws/install/teleop_tools/share/ament_index/resource_index/parent_prefix_path/teleop_tools
[0.551s] -- Up-to-date: /home/ecd507/f1tenth_ws/install/teleop_tools/share/teleop_tools/environment/ament_prefix_path.sh
[0.551s] -- Up-to-date: /home/ecd507/f1tenth_ws/install/teleop_tools/share/teleop_tools/environment/ament_prefix_path.dsv
[0.552s] -- Up-to-date: /home/ecd507/f1tenth_ws/install/teleop_tools/share/teleop_tools/environment/path.sh
[0.553s] -- Up-to-date: /home/ecd507/f1tenth_ws/install/teleop_tools/share/teleop_tools/environment/path.dsv
[0.553s] -- Up-to-date: /home/ecd507/f1tenth_ws/install/teleop_tools/share/teleop_tools/local_setup.bash
[0.553s] -- Up-to-date: /home/ecd507/f1tenth_ws/install/teleop_tools/share/teleop_tools/local_setup.sh
[0.554s] -- Up-to-date: /home/ecd507/f1tenth_ws/install/teleop_tools/share/teleop_tools/local_setup.zsh
[0.556s] -- Up-to-date: /home/ecd507/f1tenth_ws/install/teleop_tools/share/teleop_tools/local_setup.dsv
[0.557s] -- Installing: /home/ecd507/f1tenth_ws/install/teleop_tools/share/teleop_tools/package.dsv
[0.558s] -- Up-to-date: /home/ecd507/f1tenth_ws/install/teleop_tools/share/ament_index/resource_index/packages/teleop_tools
[0.559s] -- Up-to-date: /home/ecd507/f1tenth_ws/install/teleop_tools/share/teleop_tools/cmake/teleop_toolsConfig.cmake
[0.559s] -- Up-to-date: /home/ecd507/f1tenth_ws/install/teleop_tools/share/teleop_tools/cmake/teleop_toolsConfig-version.cmake
[0.559s] -- Up-to-date: /home/ecd507/f1tenth_ws/install/teleop_tools/share/teleop_tools/package.xml
[0.560s] Invoked command in '/home/ecd507/f1tenth_ws/build/teleop_tools' returned '0': AMENT_PREFIX_PATH=/home/ecd507/f1tenth_ws/install/joy_teleop:/home/ecd507/f1tenth_ws/install/teleop_tools_msgs:/home/ecd507/f1tenth_ws/install/key_teleop CMAKE_PREFIX_PATH=/home/ecd507/f1tenth_ws/install/teleop_tools_msgs LD_LIBRARY_PATH=/home/ecd507/f1tenth_ws/install/teleop_tools_msgs/lib PYTHONPATH=/home/ecd507/f1tenth_ws/install/joy_teleop/lib/python3.10/site-packages:/home/ecd507/f1tenth_ws/install/teleop_tools_msgs/local/lib/python3.10/dist-packages:/home/ecd507/f1tenth_ws/install/key_teleop/lib/python3.10/site-packages /usr/bin/cmake --install /home/ecd507/f1tenth_ws/build/teleop_tools
