[0.138s] Invoking command in '/home/ecd507/f1tenth_ws/build/ackermann_mux': /usr/bin/cmake --build /home/ecd507/f1tenth_ws/build/ackermann_mux -- -j6 -l6
[1.223s] [100%] Built target ackermann_mux
[1.244s] Invoked command in '/home/ecd507/f1tenth_ws/build/ackermann_mux' returned '0': /usr/bin/cmake --build /home/ecd507/f1tenth_ws/build/ackermann_mux -- -j6 -l6
[1.249s] Invoking command in '/home/ecd507/f1tenth_ws/build/ackermann_mux': /usr/bin/cmake --install /home/ecd507/f1tenth_ws/build/ackermann_mux
[1.270s] -- Install configuration: ""
[1.281s] -- Up-to-date: /home/ecd507/f1tenth_ws/install/ackermann_mux/lib/ackermann_mux/ackermann_mux
[1.284s] -- Up-to-date: /home/ecd507/f1tenth_ws/install/ackermann_mux/share/ackermann_mux/launch
[1.289s] -- Up-to-date: /home/ecd507/f1tenth_ws/install/ackermann_mux/share/ackermann_mux/launch/ackermann_mux_launch.py
[1.289s] -- Up-to-date: /home/ecd507/f1tenth_ws/install/ackermann_mux/share/ackermann_mux/config
[1.290s] -- Up-to-date: /home/ecd507/f1tenth_ws/install/ackermann_mux/share/ackermann_mux/config/joystick.yaml
[1.290s] -- Up-to-date: /home/ecd507/f1tenth_ws/install/ackermann_mux/share/ackermann_mux/config/ackermann_mux_topics.yaml
[1.290s] -- Up-to-date: /home/ecd507/f1tenth_ws/install/ackermann_mux/share/ackermann_mux/config/ackermann_mux_locks.yaml
[1.290s] -- Up-to-date: /home/ecd507/f1tenth_ws/install/ackermann_mux/include
[1.291s] -- Up-to-date: /home/ecd507/f1tenth_ws/install/ackermann_mux/include/ackermann_mux
[1.293s] -- Up-to-date: /home/ecd507/f1tenth_ws/install/ackermann_mux/include/ackermann_mux/ackermann_mux.hpp
[1.293s] -- Up-to-date: /home/ecd507/f1tenth_ws/install/ackermann_mux/include/ackermann_mux/utils.hpp
[1.293s] -- Up-to-date: /home/ecd507/f1tenth_ws/install/ackermann_mux/include/ackermann_mux/ackermann_mux_diagnostics.hpp
[1.293s] -- Up-to-date: /home/ecd507/f1tenth_ws/install/ackermann_mux/include/ackermann_mux/ackermann_mux_diagnostics_status.hpp
[1.293s] -- Up-to-date: /home/ecd507/f1tenth_ws/install/ackermann_mux/include/ackermann_mux/params_helpers.hpp
[1.293s] -- Up-to-date: /home/ecd507/f1tenth_ws/install/ackermann_mux/include/ackermann_mux/topic_handle.hpp
[1.296s] -- Up-to-date: /home/ecd507/f1tenth_ws/install/ackermann_mux/share/ament_index/resource_index/package_run_dependencies/ackermann_mux
[1.297s] -- Up-to-date: /home/ecd507/f1tenth_ws/install/ackermann_mux/share/ament_index/resource_index/parent_prefix_path/ackermann_mux
[1.297s] -- Up-to-date: /home/ecd507/f1tenth_ws/install/ackermann_mux/share/ackermann_mux/environment/ament_prefix_path.sh
[1.298s] -- Up-to-date: /home/ecd507/f1tenth_ws/install/ackermann_mux/share/ackermann_mux/environment/ament_prefix_path.dsv
[1.298s] -- Up-to-date: /home/ecd507/f1tenth_ws/install/ackermann_mux/share/ackermann_mux/environment/path.sh
[1.299s] -- Up-to-date: /home/ecd507/f1tenth_ws/install/ackermann_mux/share/ackermann_mux/environment/path.dsv
[1.300s] -- Up-to-date: /home/ecd507/f1tenth_ws/install/ackermann_mux/share/ackermann_mux/local_setup.bash
[1.301s] -- Up-to-date: /home/ecd507/f1tenth_ws/install/ackermann_mux/share/ackermann_mux/local_setup.sh
[1.301s] -- Up-to-date: /home/ecd507/f1tenth_ws/install/ackermann_mux/share/ackermann_mux/local_setup.zsh
[1.303s] -- Up-to-date: /home/ecd507/f1tenth_ws/install/ackermann_mux/share/ackermann_mux/local_setup.dsv
[1.303s] -- Installing: /home/ecd507/f1tenth_ws/install/ackermann_mux/share/ackermann_mux/package.dsv
[1.306s] -- Up-to-date: /home/ecd507/f1tenth_ws/install/ackermann_mux/share/ament_index/resource_index/packages/ackermann_mux
[1.307s] -- Up-to-date: /home/ecd507/f1tenth_ws/install/ackermann_mux/share/ackermann_mux/cmake/ament_cmake_export_include_directories-extras.cmake
[1.307s] -- Up-to-date: /home/ecd507/f1tenth_ws/install/ackermann_mux/share/ackermann_mux/cmake/ament_cmake_export_dependencies-extras.cmake
[1.307s] -- Up-to-date: /home/ecd507/f1tenth_ws/install/ackermann_mux/share/ackermann_mux/cmake/ackermann_muxConfig.cmake
[1.308s] -- Up-to-date: /home/ecd507/f1tenth_ws/install/ackermann_mux/share/ackermann_mux/cmake/ackermann_muxConfig-version.cmake
[1.308s] -- Up-to-date: /home/ecd507/f1tenth_ws/install/ackermann_mux/share/ackermann_mux/package.xml
[1.313s] Invoked command in '/home/ecd507/f1tenth_ws/build/ackermann_mux' returned '0': /usr/bin/cmake --install /home/ecd507/f1tenth_ws/build/ackermann_mux
