[0.216s] DEBUG:colcon:Command line arguments: ['/usr/bin/colcon', 'build']
[0.216s] DEBUG:colcon:Parsed command line arguments: Namespace(log_base=None, log_level=None, verb_name='build', build_base='build', install_base='install', merge_install=False, symlink_install=False, test_result_base=None, continue_on_error=False, executor='parallel', parallel_workers=6, event_handlers=None, ignore_user_meta=False, metas=['./colcon.meta'], base_paths=['.'], packages_ignore=None, packages_ignore_regex=None, paths=None, packages_up_to=None, packages_up_to_regex=None, packages_above=None, packages_above_and_dependencies=None, packages_above_depth=None, packages_select_by_dep=None, packages_skip_by_dep=None, packages_skip_up_to=None, packages_select_build_failed=False, packages_skip_build_finished=False, packages_select_test_failures=False, packages_skip_test_passed=False, packages_select=None, packages_skip=None, packages_select_regex=None, packages_skip_regex=None, packages_start=None, packages_end=None, allow_overriding=[], cmake_args=None, cmake_target=None, cmake_target_skip_unavailable=False, cmake_clean_cache=False, cmake_clean_first=False, cmake_force_configure=False, ament_cmake_args=None, catkin_cmake_args=None, catkin_skip_building_tests=False, mixin_files=None, mixin=None, verb_parser=<colcon_mixin.mixin.mixin_argument.MixinArgumentDecorator object at 0xffffab42c700>, verb_extension=<colcon_core.verb.build.BuildVerb object at 0xffffab42c250>, main=<bound method BuildVerb.main of <colcon_core.verb.build.BuildVerb object at 0xffffab42c250>>, mixin_verb=('build',))
[0.503s] Level 1:colcon.colcon_core.package_discovery:discover_packages(colcon_meta) check parameters
[0.503s] Level 1:colcon.colcon_core.package_discovery:discover_packages(recursive) check parameters
[0.504s] Level 1:colcon.colcon_core.package_discovery:discover_packages(ignore) check parameters
[0.504s] Level 1:colcon.colcon_core.package_discovery:discover_packages(path) check parameters
[0.504s] Level 1:colcon.colcon_core.package_discovery:discover_packages(colcon_meta) discover
[0.504s] Level 1:colcon.colcon_core.package_discovery:discover_packages(recursive) discover
[0.504s] INFO:colcon.colcon_core.package_discovery:Crawling recursively for packages in '/home/ecd507/f1tenth_ws'
[0.504s] Level 1:colcon.colcon_core.package_identification:_identify(.) by extensions ['ignore', 'ignore_ament_install']
[0.504s] Level 1:colcon.colcon_core.package_identification:_identify(.) by extension 'ignore'
[0.505s] Level 1:colcon.colcon_core.package_identification:_identify(.) by extension 'ignore_ament_install'
[0.505s] Level 1:colcon.colcon_core.package_identification:_identify(.) by extensions ['colcon_pkg']
[0.505s] Level 1:colcon.colcon_core.package_identification:_identify(.) by extension 'colcon_pkg'
[0.505s] Level 1:colcon.colcon_core.package_identification:_identify(.) by extensions ['colcon_meta']
[0.505s] Level 1:colcon.colcon_core.package_identification:_identify(.) by extension 'colcon_meta'
[0.505s] Level 1:colcon.colcon_core.package_identification:_identify(.) by extensions ['ros']
[0.505s] Level 1:colcon.colcon_core.package_identification:_identify(.) by extension 'ros'
[0.531s] Level 1:colcon.colcon_core.package_identification:_identify(.) by extensions ['cmake', 'python']
[0.531s] Level 1:colcon.colcon_core.package_identification:_identify(.) by extension 'cmake'
[0.532s] Level 1:colcon.colcon_core.package_identification:_identify(.) by extension 'python'
[0.532s] Level 1:colcon.colcon_core.package_identification:_identify(.) by extensions ['python_setup_py']
[0.532s] Level 1:colcon.colcon_core.package_identification:_identify(.) by extension 'python_setup_py'
[0.532s] Level 1:colcon.colcon_core.package_identification:_identify(build) by extensions ['ignore', 'ignore_ament_install']
[0.532s] Level 1:colcon.colcon_core.package_identification:_identify(build) by extension 'ignore'
[0.533s] Level 1:colcon.colcon_core.package_identification:_identify(build) ignored
[0.533s] Level 1:colcon.colcon_core.package_identification:_identify(install) by extensions ['ignore', 'ignore_ament_install']
[0.533s] Level 1:colcon.colcon_core.package_identification:_identify(install) by extension 'ignore'
[0.533s] Level 1:colcon.colcon_core.package_identification:_identify(install) ignored
[0.533s] Level 1:colcon.colcon_core.package_identification:_identify(log) by extensions ['ignore', 'ignore_ament_install']
[0.534s] Level 1:colcon.colcon_core.package_identification:_identify(log) by extension 'ignore'
[0.534s] Level 1:colcon.colcon_core.package_identification:_identify(log) ignored
[0.534s] Level 1:colcon.colcon_core.package_identification:_identify(ml_algorithim_pkg) by extensions ['ignore', 'ignore_ament_install']
[0.534s] Level 1:colcon.colcon_core.package_identification:_identify(ml_algorithim_pkg) by extension 'ignore'
[0.534s] Level 1:colcon.colcon_core.package_identification:_identify(ml_algorithim_pkg) by extension 'ignore_ament_install'
[0.534s] Level 1:colcon.colcon_core.package_identification:_identify(ml_algorithim_pkg) by extensions ['colcon_pkg']
[0.534s] Level 1:colcon.colcon_core.package_identification:_identify(ml_algorithim_pkg) by extension 'colcon_pkg'
[0.535s] Level 1:colcon.colcon_core.package_identification:_identify(ml_algorithim_pkg) by extensions ['colcon_meta']
[0.535s] Level 1:colcon.colcon_core.package_identification:_identify(ml_algorithim_pkg) by extension 'colcon_meta'
[0.535s] Level 1:colcon.colcon_core.package_identification:_identify(ml_algorithim_pkg) by extensions ['ros']
[0.535s] Level 1:colcon.colcon_core.package_identification:_identify(ml_algorithim_pkg) by extension 'ros'
[0.540s] DEBUG:colcon.colcon_core.package_identification:Package 'ml_algorithim_pkg' with type 'ros.ament_python' and name 'ml_algorithm_pkg'
[0.540s] Level 1:colcon.colcon_core.package_identification:_identify(src) by extensions ['ignore', 'ignore_ament_install']
[0.541s] Level 1:colcon.colcon_core.package_identification:_identify(src) by extension 'ignore'
[0.541s] Level 1:colcon.colcon_core.package_identification:_identify(src) by extension 'ignore_ament_install'
[0.541s] Level 1:colcon.colcon_core.package_identification:_identify(src) by extensions ['colcon_pkg']
[0.541s] Level 1:colcon.colcon_core.package_identification:_identify(src) by extension 'colcon_pkg'
[0.541s] Level 1:colcon.colcon_core.package_identification:_identify(src) by extensions ['colcon_meta']
[0.541s] Level 1:colcon.colcon_core.package_identification:_identify(src) by extension 'colcon_meta'
[0.541s] Level 1:colcon.colcon_core.package_identification:_identify(src) by extensions ['ros']
[0.541s] Level 1:colcon.colcon_core.package_identification:_identify(src) by extension 'ros'
[0.542s] Level 1:colcon.colcon_core.package_identification:_identify(src) by extensions ['cmake', 'python']
[0.542s] Level 1:colcon.colcon_core.package_identification:_identify(src) by extension 'cmake'
[0.542s] Level 1:colcon.colcon_core.package_identification:_identify(src) by extension 'python'
[0.542s] Level 1:colcon.colcon_core.package_identification:_identify(src) by extensions ['python_setup_py']
[0.542s] Level 1:colcon.colcon_core.package_identification:_identify(src) by extension 'python_setup_py'
[0.542s] Level 1:colcon.colcon_core.package_identification:_identify(src/f1tenth_system) by extensions ['ignore', 'ignore_ament_install']
[0.543s] Level 1:colcon.colcon_core.package_identification:_identify(src/f1tenth_system) by extension 'ignore'
[0.543s] Level 1:colcon.colcon_core.package_identification:_identify(src/f1tenth_system) by extension 'ignore_ament_install'
[0.543s] Level 1:colcon.colcon_core.package_identification:_identify(src/f1tenth_system) by extensions ['colcon_pkg']
[0.543s] Level 1:colcon.colcon_core.package_identification:_identify(src/f1tenth_system) by extension 'colcon_pkg'
[0.543s] Level 1:colcon.colcon_core.package_identification:_identify(src/f1tenth_system) by extensions ['colcon_meta']
[0.543s] Level 1:colcon.colcon_core.package_identification:_identify(src/f1tenth_system) by extension 'colcon_meta'
[0.543s] Level 1:colcon.colcon_core.package_identification:_identify(src/f1tenth_system) by extensions ['ros']
[0.543s] Level 1:colcon.colcon_core.package_identification:_identify(src/f1tenth_system) by extension 'ros'
[0.544s] Level 1:colcon.colcon_core.package_identification:_identify(src/f1tenth_system) by extensions ['cmake', 'python']
[0.544s] Level 1:colcon.colcon_core.package_identification:_identify(src/f1tenth_system) by extension 'cmake'
[0.544s] Level 1:colcon.colcon_core.package_identification:_identify(src/f1tenth_system) by extension 'python'
[0.544s] Level 1:colcon.colcon_core.package_identification:_identify(src/f1tenth_system) by extensions ['python_setup_py']
[0.544s] Level 1:colcon.colcon_core.package_identification:_identify(src/f1tenth_system) by extension 'python_setup_py'
[0.544s] Level 1:colcon.colcon_core.package_identification:_identify(src/f1tenth_system/ackermann_mux) by extensions ['ignore', 'ignore_ament_install']
[0.544s] Level 1:colcon.colcon_core.package_identification:_identify(src/f1tenth_system/ackermann_mux) by extension 'ignore'
[0.544s] Level 1:colcon.colcon_core.package_identification:_identify(src/f1tenth_system/ackermann_mux) by extension 'ignore_ament_install'
[0.545s] Level 1:colcon.colcon_core.package_identification:_identify(src/f1tenth_system/ackermann_mux) by extensions ['colcon_pkg']
[0.545s] Level 1:colcon.colcon_core.package_identification:_identify(src/f1tenth_system/ackermann_mux) by extension 'colcon_pkg'
[0.545s] Level 1:colcon.colcon_core.package_identification:_identify(src/f1tenth_system/ackermann_mux) by extensions ['colcon_meta']
[0.545s] Level 1:colcon.colcon_core.package_identification:_identify(src/f1tenth_system/ackermann_mux) by extension 'colcon_meta'
[0.545s] Level 1:colcon.colcon_core.package_identification:_identify(src/f1tenth_system/ackermann_mux) by extensions ['ros']
[0.545s] Level 1:colcon.colcon_core.package_identification:_identify(src/f1tenth_system/ackermann_mux) by extension 'ros'
[0.547s] DEBUG:colcon.colcon_core.package_identification:Package 'src/f1tenth_system/ackermann_mux' with type 'ros.ament_cmake' and name 'ackermann_mux'
[0.547s] Level 1:colcon.colcon_core.package_identification:_identify(src/f1tenth_system/f1tenth_stack) by extensions ['ignore', 'ignore_ament_install']
[0.547s] Level 1:colcon.colcon_core.package_identification:_identify(src/f1tenth_system/f1tenth_stack) by extension 'ignore'
[0.547s] Level 1:colcon.colcon_core.package_identification:_identify(src/f1tenth_system/f1tenth_stack) by extension 'ignore_ament_install'
[0.547s] Level 1:colcon.colcon_core.package_identification:_identify(src/f1tenth_system/f1tenth_stack) by extensions ['colcon_pkg']
[0.548s] Level 1:colcon.colcon_core.package_identification:_identify(src/f1tenth_system/f1tenth_stack) by extension 'colcon_pkg'
[0.548s] Level 1:colcon.colcon_core.package_identification:_identify(src/f1tenth_system/f1tenth_stack) by extensions ['colcon_meta']
[0.548s] Level 1:colcon.colcon_core.package_identification:_identify(src/f1tenth_system/f1tenth_stack) by extension 'colcon_meta'
[0.548s] Level 1:colcon.colcon_core.package_identification:_identify(src/f1tenth_system/f1tenth_stack) by extensions ['ros']
[0.548s] Level 1:colcon.colcon_core.package_identification:_identify(src/f1tenth_system/f1tenth_stack) by extension 'ros'
[0.550s] DEBUG:colcon.colcon_core.package_identification:Package 'src/f1tenth_system/f1tenth_stack' with type 'ros.ament_python' and name 'f1tenth_stack'
[0.550s] Level 1:colcon.colcon_core.package_identification:_identify(src/f1tenth_system/scripts) by extensions ['ignore', 'ignore_ament_install']
[0.550s] Level 1:colcon.colcon_core.package_identification:_identify(src/f1tenth_system/scripts) by extension 'ignore'
[0.550s] Level 1:colcon.colcon_core.package_identification:_identify(src/f1tenth_system/scripts) by extension 'ignore_ament_install'
[0.551s] Level 1:colcon.colcon_core.package_identification:_identify(src/f1tenth_system/scripts) by extensions ['colcon_pkg']
[0.551s] Level 1:colcon.colcon_core.package_identification:_identify(src/f1tenth_system/scripts) by extension 'colcon_pkg'
[0.551s] Level 1:colcon.colcon_core.package_identification:_identify(src/f1tenth_system/scripts) by extensions ['colcon_meta']
[0.551s] Level 1:colcon.colcon_core.package_identification:_identify(src/f1tenth_system/scripts) by extension 'colcon_meta'
[0.551s] Level 1:colcon.colcon_core.package_identification:_identify(src/f1tenth_system/scripts) by extensions ['ros']
[0.551s] Level 1:colcon.colcon_core.package_identification:_identify(src/f1tenth_system/scripts) by extension 'ros'
[0.551s] Level 1:colcon.colcon_core.package_identification:_identify(src/f1tenth_system/scripts) by extensions ['cmake', 'python']
[0.551s] Level 1:colcon.colcon_core.package_identification:_identify(src/f1tenth_system/scripts) by extension 'cmake'
[0.551s] Level 1:colcon.colcon_core.package_identification:_identify(src/f1tenth_system/scripts) by extension 'python'
[0.552s] Level 1:colcon.colcon_core.package_identification:_identify(src/f1tenth_system/scripts) by extensions ['python_setup_py']
[0.552s] Level 1:colcon.colcon_core.package_identification:_identify(src/f1tenth_system/scripts) by extension 'python_setup_py'
[0.552s] Level 1:colcon.colcon_core.package_identification:_identify(src/f1tenth_system/teleop_tools) by extensions ['ignore', 'ignore_ament_install']
[0.552s] Level 1:colcon.colcon_core.package_identification:_identify(src/f1tenth_system/teleop_tools) by extension 'ignore'
[0.552s] Level 1:colcon.colcon_core.package_identification:_identify(src/f1tenth_system/teleop_tools) by extension 'ignore_ament_install'
[0.552s] Level 1:colcon.colcon_core.package_identification:_identify(src/f1tenth_system/teleop_tools) by extensions ['colcon_pkg']
[0.552s] Level 1:colcon.colcon_core.package_identification:_identify(src/f1tenth_system/teleop_tools) by extension 'colcon_pkg'
[0.552s] Level 1:colcon.colcon_core.package_identification:_identify(src/f1tenth_system/teleop_tools) by extensions ['colcon_meta']
[0.552s] Level 1:colcon.colcon_core.package_identification:_identify(src/f1tenth_system/teleop_tools) by extension 'colcon_meta'
[0.553s] Level 1:colcon.colcon_core.package_identification:_identify(src/f1tenth_system/teleop_tools) by extensions ['ros']
[0.553s] Level 1:colcon.colcon_core.package_identification:_identify(src/f1tenth_system/teleop_tools) by extension 'ros'
[0.553s] Level 1:colcon.colcon_core.package_identification:_identify(src/f1tenth_system/teleop_tools) by extensions ['cmake', 'python']
[0.553s] Level 1:colcon.colcon_core.package_identification:_identify(src/f1tenth_system/teleop_tools) by extension 'cmake'
[0.553s] Level 1:colcon.colcon_core.package_identification:_identify(src/f1tenth_system/teleop_tools) by extension 'python'
[0.553s] Level 1:colcon.colcon_core.package_identification:_identify(src/f1tenth_system/teleop_tools) by extensions ['python_setup_py']
[0.553s] Level 1:colcon.colcon_core.package_identification:_identify(src/f1tenth_system/teleop_tools) by extension 'python_setup_py'
[0.553s] Level 1:colcon.colcon_core.package_identification:_identify(src/f1tenth_system/teleop_tools/joy_teleop) by extensions ['ignore', 'ignore_ament_install']
[0.554s] Level 1:colcon.colcon_core.package_identification:_identify(src/f1tenth_system/teleop_tools/joy_teleop) by extension 'ignore'
[0.554s] Level 1:colcon.colcon_core.package_identification:_identify(src/f1tenth_system/teleop_tools/joy_teleop) by extension 'ignore_ament_install'
[0.554s] Level 1:colcon.colcon_core.package_identification:_identify(src/f1tenth_system/teleop_tools/joy_teleop) by extensions ['colcon_pkg']
[0.554s] Level 1:colcon.colcon_core.package_identification:_identify(src/f1tenth_system/teleop_tools/joy_teleop) by extension 'colcon_pkg'
[0.554s] Level 1:colcon.colcon_core.package_identification:_identify(src/f1tenth_system/teleop_tools/joy_teleop) by extensions ['colcon_meta']
[0.554s] Level 1:colcon.colcon_core.package_identification:_identify(src/f1tenth_system/teleop_tools/joy_teleop) by extension 'colcon_meta'
[0.554s] Level 1:colcon.colcon_core.package_identification:_identify(src/f1tenth_system/teleop_tools/joy_teleop) by extensions ['ros']
[0.554s] Level 1:colcon.colcon_core.package_identification:_identify(src/f1tenth_system/teleop_tools/joy_teleop) by extension 'ros'
[0.556s] DEBUG:colcon.colcon_core.package_identification:Package 'src/f1tenth_system/teleop_tools/joy_teleop' with type 'ros.ament_python' and name 'joy_teleop'
[0.556s] Level 1:colcon.colcon_core.package_identification:_identify(src/f1tenth_system/teleop_tools/key_teleop) by extensions ['ignore', 'ignore_ament_install']
[0.556s] Level 1:colcon.colcon_core.package_identification:_identify(src/f1tenth_system/teleop_tools/key_teleop) by extension 'ignore'
[0.556s] Level 1:colcon.colcon_core.package_identification:_identify(src/f1tenth_system/teleop_tools/key_teleop) by extension 'ignore_ament_install'
[0.556s] Level 1:colcon.colcon_core.package_identification:_identify(src/f1tenth_system/teleop_tools/key_teleop) by extensions ['colcon_pkg']
[0.556s] Level 1:colcon.colcon_core.package_identification:_identify(src/f1tenth_system/teleop_tools/key_teleop) by extension 'colcon_pkg'
[0.556s] Level 1:colcon.colcon_core.package_identification:_identify(src/f1tenth_system/teleop_tools/key_teleop) by extensions ['colcon_meta']
[0.557s] Level 1:colcon.colcon_core.package_identification:_identify(src/f1tenth_system/teleop_tools/key_teleop) by extension 'colcon_meta'
[0.557s] Level 1:colcon.colcon_core.package_identification:_identify(src/f1tenth_system/teleop_tools/key_teleop) by extensions ['ros']
[0.557s] Level 1:colcon.colcon_core.package_identification:_identify(src/f1tenth_system/teleop_tools/key_teleop) by extension 'ros'
[0.558s] DEBUG:colcon.colcon_core.package_identification:Package 'src/f1tenth_system/teleop_tools/key_teleop' with type 'ros.ament_python' and name 'key_teleop'
[0.558s] Level 1:colcon.colcon_core.package_identification:_identify(src/f1tenth_system/teleop_tools/mouse_teleop) by extensions ['ignore', 'ignore_ament_install']
[0.558s] Level 1:colcon.colcon_core.package_identification:_identify(src/f1tenth_system/teleop_tools/mouse_teleop) by extension 'ignore'
[0.558s] Level 1:colcon.colcon_core.package_identification:_identify(src/f1tenth_system/teleop_tools/mouse_teleop) by extension 'ignore_ament_install'
[0.558s] Level 1:colcon.colcon_core.package_identification:_identify(src/f1tenth_system/teleop_tools/mouse_teleop) by extensions ['colcon_pkg']
[0.558s] Level 1:colcon.colcon_core.package_identification:_identify(src/f1tenth_system/teleop_tools/mouse_teleop) by extension 'colcon_pkg'
[0.559s] Level 1:colcon.colcon_core.package_identification:_identify(src/f1tenth_system/teleop_tools/mouse_teleop) by extensions ['colcon_meta']
[0.559s] Level 1:colcon.colcon_core.package_identification:_identify(src/f1tenth_system/teleop_tools/mouse_teleop) by extension 'colcon_meta'
[0.559s] Level 1:colcon.colcon_core.package_identification:_identify(src/f1tenth_system/teleop_tools/mouse_teleop) by extensions ['ros']
[0.559s] Level 1:colcon.colcon_core.package_identification:_identify(src/f1tenth_system/teleop_tools/mouse_teleop) by extension 'ros'
[0.560s] DEBUG:colcon.colcon_core.package_identification:Package 'src/f1tenth_system/teleop_tools/mouse_teleop' with type 'ros.ament_python' and name 'mouse_teleop'
[0.560s] Level 1:colcon.colcon_core.package_identification:_identify(src/f1tenth_system/teleop_tools/teleop_tools) by extensions ['ignore', 'ignore_ament_install']
[0.561s] Level 1:colcon.colcon_core.package_identification:_identify(src/f1tenth_system/teleop_tools/teleop_tools) by extension 'ignore'
[0.561s] Level 1:colcon.colcon_core.package_identification:_identify(src/f1tenth_system/teleop_tools/teleop_tools) by extension 'ignore_ament_install'
[0.561s] Level 1:colcon.colcon_core.package_identification:_identify(src/f1tenth_system/teleop_tools/teleop_tools) by extensions ['colcon_pkg']
[0.561s] Level 1:colcon.colcon_core.package_identification:_identify(src/f1tenth_system/teleop_tools/teleop_tools) by extension 'colcon_pkg'
[0.561s] Level 1:colcon.colcon_core.package_identification:_identify(src/f1tenth_system/teleop_tools/teleop_tools) by extensions ['colcon_meta']
[0.561s] Level 1:colcon.colcon_core.package_identification:_identify(src/f1tenth_system/teleop_tools/teleop_tools) by extension 'colcon_meta'
[0.561s] Level 1:colcon.colcon_core.package_identification:_identify(src/f1tenth_system/teleop_tools/teleop_tools) by extensions ['ros']
[0.561s] Level 1:colcon.colcon_core.package_identification:_identify(src/f1tenth_system/teleop_tools/teleop_tools) by extension 'ros'
[0.562s] DEBUG:colcon.colcon_core.package_identification:Package 'src/f1tenth_system/teleop_tools/teleop_tools' with type 'ros.ament_cmake' and name 'teleop_tools'
[0.563s] Level 1:colcon.colcon_core.package_identification:_identify(src/f1tenth_system/teleop_tools/teleop_tools_msgs) by extensions ['ignore', 'ignore_ament_install']
[0.563s] Level 1:colcon.colcon_core.package_identification:_identify(src/f1tenth_system/teleop_tools/teleop_tools_msgs) by extension 'ignore'
[0.563s] Level 1:colcon.colcon_core.package_identification:_identify(src/f1tenth_system/teleop_tools/teleop_tools_msgs) by extension 'ignore_ament_install'
[0.563s] Level 1:colcon.colcon_core.package_identification:_identify(src/f1tenth_system/teleop_tools/teleop_tools_msgs) by extensions ['colcon_pkg']
[0.563s] Level 1:colcon.colcon_core.package_identification:_identify(src/f1tenth_system/teleop_tools/teleop_tools_msgs) by extension 'colcon_pkg'
[0.564s] Level 1:colcon.colcon_core.package_identification:_identify(src/f1tenth_system/teleop_tools/teleop_tools_msgs) by extensions ['colcon_meta']
[0.564s] Level 1:colcon.colcon_core.package_identification:_identify(src/f1tenth_system/teleop_tools/teleop_tools_msgs) by extension 'colcon_meta'
[0.564s] Level 1:colcon.colcon_core.package_identification:_identify(src/f1tenth_system/teleop_tools/teleop_tools_msgs) by extensions ['ros']
[0.564s] Level 1:colcon.colcon_core.package_identification:_identify(src/f1tenth_system/teleop_tools/teleop_tools_msgs) by extension 'ros'
[0.565s] DEBUG:colcon.colcon_core.package_identification:Package 'src/f1tenth_system/teleop_tools/teleop_tools_msgs' with type 'ros.ament_cmake' and name 'teleop_tools_msgs'
[0.565s] Level 1:colcon.colcon_core.package_identification:_identify(src/f1tenth_system/vesc) by extensions ['ignore', 'ignore_ament_install']
[0.565s] Level 1:colcon.colcon_core.package_identification:_identify(src/f1tenth_system/vesc) by extension 'ignore'
[0.565s] Level 1:colcon.colcon_core.package_identification:_identify(src/f1tenth_system/vesc) by extension 'ignore_ament_install'
[0.566s] Level 1:colcon.colcon_core.package_identification:_identify(src/f1tenth_system/vesc) by extensions ['colcon_pkg']
[0.566s] Level 1:colcon.colcon_core.package_identification:_identify(src/f1tenth_system/vesc) by extension 'colcon_pkg'
[0.566s] Level 1:colcon.colcon_core.package_identification:_identify(src/f1tenth_system/vesc) by extensions ['colcon_meta']
[0.566s] Level 1:colcon.colcon_core.package_identification:_identify(src/f1tenth_system/vesc) by extension 'colcon_meta'
[0.566s] Level 1:colcon.colcon_core.package_identification:_identify(src/f1tenth_system/vesc) by extensions ['ros']
[0.566s] Level 1:colcon.colcon_core.package_identification:_identify(src/f1tenth_system/vesc) by extension 'ros'
[0.566s] Level 1:colcon.colcon_core.package_identification:_identify(src/f1tenth_system/vesc) by extensions ['cmake', 'python']
[0.566s] Level 1:colcon.colcon_core.package_identification:_identify(src/f1tenth_system/vesc) by extension 'cmake'
[0.566s] Level 1:colcon.colcon_core.package_identification:_identify(src/f1tenth_system/vesc) by extension 'python'
[0.566s] Level 1:colcon.colcon_core.package_identification:_identify(src/f1tenth_system/vesc) by extensions ['python_setup_py']
[0.567s] Level 1:colcon.colcon_core.package_identification:_identify(src/f1tenth_system/vesc) by extension 'python_setup_py'
[0.567s] Level 1:colcon.colcon_core.package_identification:_identify(src/f1tenth_system/vesc/vesc) by extensions ['ignore', 'ignore_ament_install']
[0.567s] Level 1:colcon.colcon_core.package_identification:_identify(src/f1tenth_system/vesc/vesc) by extension 'ignore'
[0.567s] Level 1:colcon.colcon_core.package_identification:_identify(src/f1tenth_system/vesc/vesc) by extension 'ignore_ament_install'
[0.567s] Level 1:colcon.colcon_core.package_identification:_identify(src/f1tenth_system/vesc/vesc) by extensions ['colcon_pkg']
[0.567s] Level 1:colcon.colcon_core.package_identification:_identify(src/f1tenth_system/vesc/vesc) by extension 'colcon_pkg'
[0.567s] Level 1:colcon.colcon_core.package_identification:_identify(src/f1tenth_system/vesc/vesc) by extensions ['colcon_meta']
[0.567s] Level 1:colcon.colcon_core.package_identification:_identify(src/f1tenth_system/vesc/vesc) by extension 'colcon_meta'
[0.568s] Level 1:colcon.colcon_core.package_identification:_identify(src/f1tenth_system/vesc/vesc) by extensions ['ros']
[0.568s] Level 1:colcon.colcon_core.package_identification:_identify(src/f1tenth_system/vesc/vesc) by extension 'ros'
[0.569s] DEBUG:colcon.colcon_core.package_identification:Package 'src/f1tenth_system/vesc/vesc' with type 'ros.ament_cmake' and name 'vesc'
[0.569s] Level 1:colcon.colcon_core.package_identification:_identify(src/f1tenth_system/vesc/vesc_ackermann) by extensions ['ignore', 'ignore_ament_install']
[0.569s] Level 1:colcon.colcon_core.package_identification:_identify(src/f1tenth_system/vesc/vesc_ackermann) by extension 'ignore'
[0.569s] Level 1:colcon.colcon_core.package_identification:_identify(src/f1tenth_system/vesc/vesc_ackermann) by extension 'ignore_ament_install'
[0.569s] Level 1:colcon.colcon_core.package_identification:_identify(src/f1tenth_system/vesc/vesc_ackermann) by extensions ['colcon_pkg']
[0.569s] Level 1:colcon.colcon_core.package_identification:_identify(src/f1tenth_system/vesc/vesc_ackermann) by extension 'colcon_pkg'
[0.570s] Level 1:colcon.colcon_core.package_identification:_identify(src/f1tenth_system/vesc/vesc_ackermann) by extensions ['colcon_meta']
[0.570s] Level 1:colcon.colcon_core.package_identification:_identify(src/f1tenth_system/vesc/vesc_ackermann) by extension 'colcon_meta'
[0.570s] Level 1:colcon.colcon_core.package_identification:_identify(src/f1tenth_system/vesc/vesc_ackermann) by extensions ['ros']
[0.570s] Level 1:colcon.colcon_core.package_identification:_identify(src/f1tenth_system/vesc/vesc_ackermann) by extension 'ros'
[0.572s] DEBUG:colcon.colcon_core.package_identification:Package 'src/f1tenth_system/vesc/vesc_ackermann' with type 'ros.ament_cmake' and name 'vesc_ackermann'
[0.572s] Level 1:colcon.colcon_core.package_identification:_identify(src/f1tenth_system/vesc/vesc_driver) by extensions ['ignore', 'ignore_ament_install']
[0.572s] Level 1:colcon.colcon_core.package_identification:_identify(src/f1tenth_system/vesc/vesc_driver) by extension 'ignore'
[0.572s] Level 1:colcon.colcon_core.package_identification:_identify(src/f1tenth_system/vesc/vesc_driver) by extension 'ignore_ament_install'
[0.573s] Level 1:colcon.colcon_core.package_identification:_identify(src/f1tenth_system/vesc/vesc_driver) by extensions ['colcon_pkg']
[0.573s] Level 1:colcon.colcon_core.package_identification:_identify(src/f1tenth_system/vesc/vesc_driver) by extension 'colcon_pkg'
[0.573s] Level 1:colcon.colcon_core.package_identification:_identify(src/f1tenth_system/vesc/vesc_driver) by extensions ['colcon_meta']
[0.573s] Level 1:colcon.colcon_core.package_identification:_identify(src/f1tenth_system/vesc/vesc_driver) by extension 'colcon_meta'
[0.573s] Level 1:colcon.colcon_core.package_identification:_identify(src/f1tenth_system/vesc/vesc_driver) by extensions ['ros']
[0.573s] Level 1:colcon.colcon_core.package_identification:_identify(src/f1tenth_system/vesc/vesc_driver) by extension 'ros'
[0.575s] DEBUG:colcon.colcon_core.package_identification:Package 'src/f1tenth_system/vesc/vesc_driver' with type 'ros.ament_cmake' and name 'vesc_driver'
[0.575s] Level 1:colcon.colcon_core.package_identification:_identify(src/f1tenth_system/vesc/vesc_msgs) by extensions ['ignore', 'ignore_ament_install']
[0.576s] Level 1:colcon.colcon_core.package_identification:_identify(src/f1tenth_system/vesc/vesc_msgs) by extension 'ignore'
[0.576s] Level 1:colcon.colcon_core.package_identification:_identify(src/f1tenth_system/vesc/vesc_msgs) by extension 'ignore_ament_install'
[0.576s] Level 1:colcon.colcon_core.package_identification:_identify(src/f1tenth_system/vesc/vesc_msgs) by extensions ['colcon_pkg']
[0.576s] Level 1:colcon.colcon_core.package_identification:_identify(src/f1tenth_system/vesc/vesc_msgs) by extension 'colcon_pkg'
[0.576s] Level 1:colcon.colcon_core.package_identification:_identify(src/f1tenth_system/vesc/vesc_msgs) by extensions ['colcon_meta']
[0.576s] Level 1:colcon.colcon_core.package_identification:_identify(src/f1tenth_system/vesc/vesc_msgs) by extension 'colcon_meta'
[0.576s] Level 1:colcon.colcon_core.package_identification:_identify(src/f1tenth_system/vesc/vesc_msgs) by extensions ['ros']
[0.576s] Level 1:colcon.colcon_core.package_identification:_identify(src/f1tenth_system/vesc/vesc_msgs) by extension 'ros'
[0.578s] DEBUG:colcon.colcon_core.package_identification:Package 'src/f1tenth_system/vesc/vesc_msgs' with type 'ros.ament_cmake' and name 'vesc_msgs'
[0.578s] Level 1:colcon.colcon_core.package_identification:_identify(src/ros2_camera) by extensions ['ignore', 'ignore_ament_install']
[0.578s] Level 1:colcon.colcon_core.package_identification:_identify(src/ros2_camera) by extension 'ignore'
[0.578s] Level 1:colcon.colcon_core.package_identification:_identify(src/ros2_camera) by extension 'ignore_ament_install'
[0.578s] Level 1:colcon.colcon_core.package_identification:_identify(src/ros2_camera) by extensions ['colcon_pkg']
[0.578s] Level 1:colcon.colcon_core.package_identification:_identify(src/ros2_camera) by extension 'colcon_pkg'
[0.579s] Level 1:colcon.colcon_core.package_identification:_identify(src/ros2_camera) by extensions ['colcon_meta']
[0.579s] Level 1:colcon.colcon_core.package_identification:_identify(src/ros2_camera) by extension 'colcon_meta'
[0.579s] Level 1:colcon.colcon_core.package_identification:_identify(src/ros2_camera) by extensions ['ros']
[0.579s] Level 1:colcon.colcon_core.package_identification:_identify(src/ros2_camera) by extension 'ros'
[0.580s] DEBUG:colcon.colcon_core.package_identification:Package 'src/ros2_camera' with type 'ros.ament_python' and name 'ros2_camera'
[0.580s] Level 1:colcon.colcon_core.package_discovery:discover_packages(recursive) using defaults
[0.580s] Level 1:colcon.colcon_core.package_discovery:discover_packages(ignore) discover
[0.580s] Level 1:colcon.colcon_core.package_discovery:discover_packages(ignore) using defaults
[0.580s] Level 1:colcon.colcon_core.package_discovery:discover_packages(path) discover
[0.580s] Level 1:colcon.colcon_core.package_discovery:discover_packages(path) using defaults
[0.626s] Level 1:colcon.colcon_core.package_discovery:discover_packages(prefix_path) check parameters
[0.626s] Level 1:colcon.colcon_core.package_discovery:discover_packages(prefix_path) discover
[0.628s] Level 1:colcon.colcon_core.package_discovery:discover_packages(prefix_path) using defaults
[0.631s] Level 5:colcon.colcon_core.verb:set package 'ackermann_mux' build argument 'cmake_args' from command line to 'None'
[0.631s] Level 5:colcon.colcon_core.verb:set package 'ackermann_mux' build argument 'cmake_target' from command line to 'None'
[0.631s] Level 5:colcon.colcon_core.verb:set package 'ackermann_mux' build argument 'cmake_target_skip_unavailable' from command line to 'False'
[0.631s] Level 5:colcon.colcon_core.verb:set package 'ackermann_mux' build argument 'cmake_clean_cache' from command line to 'False'
[0.631s] Level 5:colcon.colcon_core.verb:set package 'ackermann_mux' build argument 'cmake_clean_first' from command line to 'False'
[0.631s] Level 5:colcon.colcon_core.verb:set package 'ackermann_mux' build argument 'cmake_force_configure' from command line to 'False'
[0.631s] Level 5:colcon.colcon_core.verb:set package 'ackermann_mux' build argument 'ament_cmake_args' from command line to 'None'
[0.631s] Level 5:colcon.colcon_core.verb:set package 'ackermann_mux' build argument 'catkin_cmake_args' from command line to 'None'
[0.631s] Level 5:colcon.colcon_core.verb:set package 'ackermann_mux' build argument 'catkin_skip_building_tests' from command line to 'False'
[0.631s] DEBUG:colcon.colcon_core.verb:Building package 'ackermann_mux' with the following arguments: {'ament_cmake_args': None, 'build_base': '/home/ecd507/f1tenth_ws/build/ackermann_mux', 'catkin_cmake_args': None, 'catkin_skip_building_tests': False, 'cmake_args': None, 'cmake_clean_cache': False, 'cmake_clean_first': False, 'cmake_force_configure': False, 'cmake_target': None, 'cmake_target_skip_unavailable': False, 'install_base': '/home/ecd507/f1tenth_ws/install/ackermann_mux', 'merge_install': False, 'path': '/home/ecd507/f1tenth_ws/src/f1tenth_system/ackermann_mux', 'symlink_install': False, 'test_result_base': None}
[0.632s] Level 5:colcon.colcon_core.verb:set package 'key_teleop' build argument 'cmake_args' from command line to 'None'
[0.632s] Level 5:colcon.colcon_core.verb:set package 'key_teleop' build argument 'cmake_target' from command line to 'None'
[0.632s] Level 5:colcon.colcon_core.verb:set package 'key_teleop' build argument 'cmake_target_skip_unavailable' from command line to 'False'
[0.632s] Level 5:colcon.colcon_core.verb:set package 'key_teleop' build argument 'cmake_clean_cache' from command line to 'False'
[0.632s] Level 5:colcon.colcon_core.verb:set package 'key_teleop' build argument 'cmake_clean_first' from command line to 'False'
[0.632s] Level 5:colcon.colcon_core.verb:set package 'key_teleop' build argument 'cmake_force_configure' from command line to 'False'
[0.632s] Level 5:colcon.colcon_core.verb:set package 'key_teleop' build argument 'ament_cmake_args' from command line to 'None'
[0.633s] Level 5:colcon.colcon_core.verb:set package 'key_teleop' build argument 'catkin_cmake_args' from command line to 'None'
[0.633s] Level 5:colcon.colcon_core.verb:set package 'key_teleop' build argument 'catkin_skip_building_tests' from command line to 'False'
[0.633s] DEBUG:colcon.colcon_core.verb:Building package 'key_teleop' with the following arguments: {'ament_cmake_args': None, 'build_base': '/home/ecd507/f1tenth_ws/build/key_teleop', 'catkin_cmake_args': None, 'catkin_skip_building_tests': False, 'cmake_args': None, 'cmake_clean_cache': False, 'cmake_clean_first': False, 'cmake_force_configure': False, 'cmake_target': None, 'cmake_target_skip_unavailable': False, 'install_base': '/home/ecd507/f1tenth_ws/install/key_teleop', 'merge_install': False, 'path': '/home/ecd507/f1tenth_ws/src/f1tenth_system/teleop_tools/key_teleop', 'symlink_install': False, 'test_result_base': None}
[0.633s] Level 5:colcon.colcon_core.verb:set package 'ml_algorithm_pkg' build argument 'cmake_args' from command line to 'None'
[0.633s] Level 5:colcon.colcon_core.verb:set package 'ml_algorithm_pkg' build argument 'cmake_target' from command line to 'None'
[0.633s] Level 5:colcon.colcon_core.verb:set package 'ml_algorithm_pkg' build argument 'cmake_target_skip_unavailable' from command line to 'False'
[0.633s] Level 5:colcon.colcon_core.verb:set package 'ml_algorithm_pkg' build argument 'cmake_clean_cache' from command line to 'False'
[0.634s] Level 5:colcon.colcon_core.verb:set package 'ml_algorithm_pkg' build argument 'cmake_clean_first' from command line to 'False'
[0.634s] Level 5:colcon.colcon_core.verb:set package 'ml_algorithm_pkg' build argument 'cmake_force_configure' from command line to 'False'
[0.634s] Level 5:colcon.colcon_core.verb:set package 'ml_algorithm_pkg' build argument 'ament_cmake_args' from command line to 'None'
[0.634s] Level 5:colcon.colcon_core.verb:set package 'ml_algorithm_pkg' build argument 'catkin_cmake_args' from command line to 'None'
[0.634s] Level 5:colcon.colcon_core.verb:set package 'ml_algorithm_pkg' build argument 'catkin_skip_building_tests' from command line to 'False'
[0.634s] DEBUG:colcon.colcon_core.verb:Building package 'ml_algorithm_pkg' with the following arguments: {'ament_cmake_args': None, 'build_base': '/home/ecd507/f1tenth_ws/build/ml_algorithm_pkg', 'catkin_cmake_args': None, 'catkin_skip_building_tests': False, 'cmake_args': None, 'cmake_clean_cache': False, 'cmake_clean_first': False, 'cmake_force_configure': False, 'cmake_target': None, 'cmake_target_skip_unavailable': False, 'install_base': '/home/ecd507/f1tenth_ws/install/ml_algorithm_pkg', 'merge_install': False, 'path': '/home/ecd507/f1tenth_ws/ml_algorithim_pkg', 'symlink_install': False, 'test_result_base': None}
[0.634s] Level 5:colcon.colcon_core.verb:set package 'mouse_teleop' build argument 'cmake_args' from command line to 'None'
[0.635s] Level 5:colcon.colcon_core.verb:set package 'mouse_teleop' build argument 'cmake_target' from command line to 'None'
[0.635s] Level 5:colcon.colcon_core.verb:set package 'mouse_teleop' build argument 'cmake_target_skip_unavailable' from command line to 'False'
[0.635s] Level 5:colcon.colcon_core.verb:set package 'mouse_teleop' build argument 'cmake_clean_cache' from command line to 'False'
[0.635s] Level 5:colcon.colcon_core.verb:set package 'mouse_teleop' build argument 'cmake_clean_first' from command line to 'False'
[0.635s] Level 5:colcon.colcon_core.verb:set package 'mouse_teleop' build argument 'cmake_force_configure' from command line to 'False'
[0.635s] Level 5:colcon.colcon_core.verb:set package 'mouse_teleop' build argument 'ament_cmake_args' from command line to 'None'
[0.635s] Level 5:colcon.colcon_core.verb:set package 'mouse_teleop' build argument 'catkin_cmake_args' from command line to 'None'
[0.635s] Level 5:colcon.colcon_core.verb:set package 'mouse_teleop' build argument 'catkin_skip_building_tests' from command line to 'False'
[0.635s] DEBUG:colcon.colcon_core.verb:Building package 'mouse_teleop' with the following arguments: {'ament_cmake_args': None, 'build_base': '/home/ecd507/f1tenth_ws/build/mouse_teleop', 'catkin_cmake_args': None, 'catkin_skip_building_tests': False, 'cmake_args': None, 'cmake_clean_cache': False, 'cmake_clean_first': False, 'cmake_force_configure': False, 'cmake_target': None, 'cmake_target_skip_unavailable': False, 'install_base': '/home/ecd507/f1tenth_ws/install/mouse_teleop', 'merge_install': False, 'path': '/home/ecd507/f1tenth_ws/src/f1tenth_system/teleop_tools/mouse_teleop', 'symlink_install': False, 'test_result_base': None}
[0.636s] Level 5:colcon.colcon_core.verb:set package 'ros2_camera' build argument 'cmake_args' from command line to 'None'
[0.636s] Level 5:colcon.colcon_core.verb:set package 'ros2_camera' build argument 'cmake_target' from command line to 'None'
[0.636s] Level 5:colcon.colcon_core.verb:set package 'ros2_camera' build argument 'cmake_target_skip_unavailable' from command line to 'False'
[0.636s] Level 5:colcon.colcon_core.verb:set package 'ros2_camera' build argument 'cmake_clean_cache' from command line to 'False'
[0.636s] Level 5:colcon.colcon_core.verb:set package 'ros2_camera' build argument 'cmake_clean_first' from command line to 'False'
[0.636s] Level 5:colcon.colcon_core.verb:set package 'ros2_camera' build argument 'cmake_force_configure' from command line to 'False'
[0.636s] Level 5:colcon.colcon_core.verb:set package 'ros2_camera' build argument 'ament_cmake_args' from command line to 'None'
[0.636s] Level 5:colcon.colcon_core.verb:set package 'ros2_camera' build argument 'catkin_cmake_args' from command line to 'None'
[0.636s] Level 5:colcon.colcon_core.verb:set package 'ros2_camera' build argument 'catkin_skip_building_tests' from command line to 'False'
[0.636s] DEBUG:colcon.colcon_core.verb:Building package 'ros2_camera' with the following arguments: {'ament_cmake_args': None, 'build_base': '/home/ecd507/f1tenth_ws/build/ros2_camera', 'catkin_cmake_args': None, 'catkin_skip_building_tests': False, 'cmake_args': None, 'cmake_clean_cache': False, 'cmake_clean_first': False, 'cmake_force_configure': False, 'cmake_target': None, 'cmake_target_skip_unavailable': False, 'install_base': '/home/ecd507/f1tenth_ws/install/ros2_camera', 'merge_install': False, 'path': '/home/ecd507/f1tenth_ws/src/ros2_camera', 'symlink_install': False, 'test_result_base': None}
[0.637s] Level 5:colcon.colcon_core.verb:set package 'teleop_tools_msgs' build argument 'cmake_args' from command line to 'None'
[0.637s] Level 5:colcon.colcon_core.verb:set package 'teleop_tools_msgs' build argument 'cmake_target' from command line to 'None'
[0.637s] Level 5:colcon.colcon_core.verb:set package 'teleop_tools_msgs' build argument 'cmake_target_skip_unavailable' from command line to 'False'
[0.637s] Level 5:colcon.colcon_core.verb:set package 'teleop_tools_msgs' build argument 'cmake_clean_cache' from command line to 'False'
[0.637s] Level 5:colcon.colcon_core.verb:set package 'teleop_tools_msgs' build argument 'cmake_clean_first' from command line to 'False'
[0.637s] Level 5:colcon.colcon_core.verb:set package 'teleop_tools_msgs' build argument 'cmake_force_configure' from command line to 'False'
[0.637s] Level 5:colcon.colcon_core.verb:set package 'teleop_tools_msgs' build argument 'ament_cmake_args' from command line to 'None'
[0.637s] Level 5:colcon.colcon_core.verb:set package 'teleop_tools_msgs' build argument 'catkin_cmake_args' from command line to 'None'
[0.637s] Level 5:colcon.colcon_core.verb:set package 'teleop_tools_msgs' build argument 'catkin_skip_building_tests' from command line to 'False'
[0.637s] DEBUG:colcon.colcon_core.verb:Building package 'teleop_tools_msgs' with the following arguments: {'ament_cmake_args': None, 'build_base': '/home/ecd507/f1tenth_ws/build/teleop_tools_msgs', 'catkin_cmake_args': None, 'catkin_skip_building_tests': False, 'cmake_args': None, 'cmake_clean_cache': False, 'cmake_clean_first': False, 'cmake_force_configure': False, 'cmake_target': None, 'cmake_target_skip_unavailable': False, 'install_base': '/home/ecd507/f1tenth_ws/install/teleop_tools_msgs', 'merge_install': False, 'path': '/home/ecd507/f1tenth_ws/src/f1tenth_system/teleop_tools/teleop_tools_msgs', 'symlink_install': False, 'test_result_base': None}
[0.638s] Level 5:colcon.colcon_core.verb:set package 'vesc_msgs' build argument 'cmake_args' from command line to 'None'
[0.638s] Level 5:colcon.colcon_core.verb:set package 'vesc_msgs' build argument 'cmake_target' from command line to 'None'
[0.638s] Level 5:colcon.colcon_core.verb:set package 'vesc_msgs' build argument 'cmake_target_skip_unavailable' from command line to 'False'
[0.638s] Level 5:colcon.colcon_core.verb:set package 'vesc_msgs' build argument 'cmake_clean_cache' from command line to 'False'
[0.638s] Level 5:colcon.colcon_core.verb:set package 'vesc_msgs' build argument 'cmake_clean_first' from command line to 'False'
[0.638s] Level 5:colcon.colcon_core.verb:set package 'vesc_msgs' build argument 'cmake_force_configure' from command line to 'False'
[0.638s] Level 5:colcon.colcon_core.verb:set package 'vesc_msgs' build argument 'ament_cmake_args' from command line to 'None'
[0.638s] Level 5:colcon.colcon_core.verb:set package 'vesc_msgs' build argument 'catkin_cmake_args' from command line to 'None'
[0.638s] Level 5:colcon.colcon_core.verb:set package 'vesc_msgs' build argument 'catkin_skip_building_tests' from command line to 'False'
[0.638s] DEBUG:colcon.colcon_core.verb:Building package 'vesc_msgs' with the following arguments: {'ament_cmake_args': None, 'build_base': '/home/ecd507/f1tenth_ws/build/vesc_msgs', 'catkin_cmake_args': None, 'catkin_skip_building_tests': False, 'cmake_args': None, 'cmake_clean_cache': False, 'cmake_clean_first': False, 'cmake_force_configure': False, 'cmake_target': None, 'cmake_target_skip_unavailable': False, 'install_base': '/home/ecd507/f1tenth_ws/install/vesc_msgs', 'merge_install': False, 'path': '/home/ecd507/f1tenth_ws/src/f1tenth_system/vesc/vesc_msgs', 'symlink_install': False, 'test_result_base': None}
[0.639s] Level 5:colcon.colcon_core.verb:set package 'joy_teleop' build argument 'cmake_args' from command line to 'None'
[0.639s] Level 5:colcon.colcon_core.verb:set package 'joy_teleop' build argument 'cmake_target' from command line to 'None'
[0.639s] Level 5:colcon.colcon_core.verb:set package 'joy_teleop' build argument 'cmake_target_skip_unavailable' from command line to 'False'
[0.639s] Level 5:colcon.colcon_core.verb:set package 'joy_teleop' build argument 'cmake_clean_cache' from command line to 'False'
[0.639s] Level 5:colcon.colcon_core.verb:set package 'joy_teleop' build argument 'cmake_clean_first' from command line to 'False'
[0.639s] Level 5:colcon.colcon_core.verb:set package 'joy_teleop' build argument 'cmake_force_configure' from command line to 'False'
[0.639s] Level 5:colcon.colcon_core.verb:set package 'joy_teleop' build argument 'ament_cmake_args' from command line to 'None'
[0.639s] Level 5:colcon.colcon_core.verb:set package 'joy_teleop' build argument 'catkin_cmake_args' from command line to 'None'
[0.639s] Level 5:colcon.colcon_core.verb:set package 'joy_teleop' build argument 'catkin_skip_building_tests' from command line to 'False'
[0.640s] DEBUG:colcon.colcon_core.verb:Building package 'joy_teleop' with the following arguments: {'ament_cmake_args': None, 'build_base': '/home/ecd507/f1tenth_ws/build/joy_teleop', 'catkin_cmake_args': None, 'catkin_skip_building_tests': False, 'cmake_args': None, 'cmake_clean_cache': False, 'cmake_clean_first': False, 'cmake_force_configure': False, 'cmake_target': None, 'cmake_target_skip_unavailable': False, 'install_base': '/home/ecd507/f1tenth_ws/install/joy_teleop', 'merge_install': False, 'path': '/home/ecd507/f1tenth_ws/src/f1tenth_system/teleop_tools/joy_teleop', 'symlink_install': False, 'test_result_base': None}
[0.640s] Level 5:colcon.colcon_core.verb:set package 'vesc_ackermann' build argument 'cmake_args' from command line to 'None'
[0.640s] Level 5:colcon.colcon_core.verb:set package 'vesc_ackermann' build argument 'cmake_target' from command line to 'None'
[0.640s] Level 5:colcon.colcon_core.verb:set package 'vesc_ackermann' build argument 'cmake_target_skip_unavailable' from command line to 'False'
[0.640s] Level 5:colcon.colcon_core.verb:set package 'vesc_ackermann' build argument 'cmake_clean_cache' from command line to 'False'
[0.640s] Level 5:colcon.colcon_core.verb:set package 'vesc_ackermann' build argument 'cmake_clean_first' from command line to 'False'
[0.640s] Level 5:colcon.colcon_core.verb:set package 'vesc_ackermann' build argument 'cmake_force_configure' from command line to 'False'
[0.640s] Level 5:colcon.colcon_core.verb:set package 'vesc_ackermann' build argument 'ament_cmake_args' from command line to 'None'
[0.641s] Level 5:colcon.colcon_core.verb:set package 'vesc_ackermann' build argument 'catkin_cmake_args' from command line to 'None'
[0.641s] Level 5:colcon.colcon_core.verb:set package 'vesc_ackermann' build argument 'catkin_skip_building_tests' from command line to 'False'
[0.641s] DEBUG:colcon.colcon_core.verb:Building package 'vesc_ackermann' with the following arguments: {'ament_cmake_args': None, 'build_base': '/home/ecd507/f1tenth_ws/build/vesc_ackermann', 'catkin_cmake_args': None, 'catkin_skip_building_tests': False, 'cmake_args': None, 'cmake_clean_cache': False, 'cmake_clean_first': False, 'cmake_force_configure': False, 'cmake_target': None, 'cmake_target_skip_unavailable': False, 'install_base': '/home/ecd507/f1tenth_ws/install/vesc_ackermann', 'merge_install': False, 'path': '/home/ecd507/f1tenth_ws/src/f1tenth_system/vesc/vesc_ackermann', 'symlink_install': False, 'test_result_base': None}
[0.641s] Level 5:colcon.colcon_core.verb:set package 'vesc_driver' build argument 'cmake_args' from command line to 'None'
[0.641s] Level 5:colcon.colcon_core.verb:set package 'vesc_driver' build argument 'cmake_target' from command line to 'None'
[0.641s] Level 5:colcon.colcon_core.verb:set package 'vesc_driver' build argument 'cmake_target_skip_unavailable' from command line to 'False'
[0.641s] Level 5:colcon.colcon_core.verb:set package 'vesc_driver' build argument 'cmake_clean_cache' from command line to 'False'
[0.641s] Level 5:colcon.colcon_core.verb:set package 'vesc_driver' build argument 'cmake_clean_first' from command line to 'False'
[0.642s] Level 5:colcon.colcon_core.verb:set package 'vesc_driver' build argument 'cmake_force_configure' from command line to 'False'
[0.642s] Level 5:colcon.colcon_core.verb:set package 'vesc_driver' build argument 'ament_cmake_args' from command line to 'None'
[0.642s] Level 5:colcon.colcon_core.verb:set package 'vesc_driver' build argument 'catkin_cmake_args' from command line to 'None'
[0.642s] Level 5:colcon.colcon_core.verb:set package 'vesc_driver' build argument 'catkin_skip_building_tests' from command line to 'False'
[0.642s] DEBUG:colcon.colcon_core.verb:Building package 'vesc_driver' with the following arguments: {'ament_cmake_args': None, 'build_base': '/home/ecd507/f1tenth_ws/build/vesc_driver', 'catkin_cmake_args': None, 'catkin_skip_building_tests': False, 'cmake_args': None, 'cmake_clean_cache': False, 'cmake_clean_first': False, 'cmake_force_configure': False, 'cmake_target': None, 'cmake_target_skip_unavailable': False, 'install_base': '/home/ecd507/f1tenth_ws/install/vesc_driver', 'merge_install': False, 'path': '/home/ecd507/f1tenth_ws/src/f1tenth_system/vesc/vesc_driver', 'symlink_install': False, 'test_result_base': None}
[0.642s] Level 5:colcon.colcon_core.verb:set package 'teleop_tools' build argument 'cmake_args' from command line to 'None'
[0.642s] Level 5:colcon.colcon_core.verb:set package 'teleop_tools' build argument 'cmake_target' from command line to 'None'
[0.642s] Level 5:colcon.colcon_core.verb:set package 'teleop_tools' build argument 'cmake_target_skip_unavailable' from command line to 'False'
[0.643s] Level 5:colcon.colcon_core.verb:set package 'teleop_tools' build argument 'cmake_clean_cache' from command line to 'False'
[0.643s] Level 5:colcon.colcon_core.verb:set package 'teleop_tools' build argument 'cmake_clean_first' from command line to 'False'
[0.643s] Level 5:colcon.colcon_core.verb:set package 'teleop_tools' build argument 'cmake_force_configure' from command line to 'False'
[0.643s] Level 5:colcon.colcon_core.verb:set package 'teleop_tools' build argument 'ament_cmake_args' from command line to 'None'
[0.643s] Level 5:colcon.colcon_core.verb:set package 'teleop_tools' build argument 'catkin_cmake_args' from command line to 'None'
[0.643s] Level 5:colcon.colcon_core.verb:set package 'teleop_tools' build argument 'catkin_skip_building_tests' from command line to 'False'
[0.643s] DEBUG:colcon.colcon_core.verb:Building package 'teleop_tools' with the following arguments: {'ament_cmake_args': None, 'build_base': '/home/ecd507/f1tenth_ws/build/teleop_tools', 'catkin_cmake_args': None, 'catkin_skip_building_tests': False, 'cmake_args': None, 'cmake_clean_cache': False, 'cmake_clean_first': False, 'cmake_force_configure': False, 'cmake_target': None, 'cmake_target_skip_unavailable': False, 'install_base': '/home/ecd507/f1tenth_ws/install/teleop_tools', 'merge_install': False, 'path': '/home/ecd507/f1tenth_ws/src/f1tenth_system/teleop_tools/teleop_tools', 'symlink_install': False, 'test_result_base': None}
[0.643s] Level 5:colcon.colcon_core.verb:set package 'vesc' build argument 'cmake_args' from command line to 'None'
[0.644s] Level 5:colcon.colcon_core.verb:set package 'vesc' build argument 'cmake_target' from command line to 'None'
[0.644s] Level 5:colcon.colcon_core.verb:set package 'vesc' build argument 'cmake_target_skip_unavailable' from command line to 'False'
[0.644s] Level 5:colcon.colcon_core.verb:set package 'vesc' build argument 'cmake_clean_cache' from command line to 'False'
[0.644s] Level 5:colcon.colcon_core.verb:set package 'vesc' build argument 'cmake_clean_first' from command line to 'False'
[0.644s] Level 5:colcon.colcon_core.verb:set package 'vesc' build argument 'cmake_force_configure' from command line to 'False'
[0.644s] Level 5:colcon.colcon_core.verb:set package 'vesc' build argument 'ament_cmake_args' from command line to 'None'
[0.644s] Level 5:colcon.colcon_core.verb:set package 'vesc' build argument 'catkin_cmake_args' from command line to 'None'
[0.644s] Level 5:colcon.colcon_core.verb:set package 'vesc' build argument 'catkin_skip_building_tests' from command line to 'False'
[0.644s] DEBUG:colcon.colcon_core.verb:Building package 'vesc' with the following arguments: {'ament_cmake_args': None, 'build_base': '/home/ecd507/f1tenth_ws/build/vesc', 'catkin_cmake_args': None, 'catkin_skip_building_tests': False, 'cmake_args': None, 'cmake_clean_cache': False, 'cmake_clean_first': False, 'cmake_force_configure': False, 'cmake_target': None, 'cmake_target_skip_unavailable': False, 'install_base': '/home/ecd507/f1tenth_ws/install/vesc', 'merge_install': False, 'path': '/home/ecd507/f1tenth_ws/src/f1tenth_system/vesc/vesc', 'symlink_install': False, 'test_result_base': None}
[0.645s] Level 5:colcon.colcon_core.verb:set package 'f1tenth_stack' build argument 'cmake_args' from command line to 'None'
[0.645s] Level 5:colcon.colcon_core.verb:set package 'f1tenth_stack' build argument 'cmake_target' from command line to 'None'
[0.645s] Level 5:colcon.colcon_core.verb:set package 'f1tenth_stack' build argument 'cmake_target_skip_unavailable' from command line to 'False'
[0.645s] Level 5:colcon.colcon_core.verb:set package 'f1tenth_stack' build argument 'cmake_clean_cache' from command line to 'False'
[0.645s] Level 5:colcon.colcon_core.verb:set package 'f1tenth_stack' build argument 'cmake_clean_first' from command line to 'False'
[0.645s] Level 5:colcon.colcon_core.verb:set package 'f1tenth_stack' build argument 'cmake_force_configure' from command line to 'False'
[0.645s] Level 5:colcon.colcon_core.verb:set package 'f1tenth_stack' build argument 'ament_cmake_args' from command line to 'None'
[0.645s] Level 5:colcon.colcon_core.verb:set package 'f1tenth_stack' build argument 'catkin_cmake_args' from command line to 'None'
[0.645s] Level 5:colcon.colcon_core.verb:set package 'f1tenth_stack' build argument 'catkin_skip_building_tests' from command line to 'False'
[0.645s] DEBUG:colcon.colcon_core.verb:Building package 'f1tenth_stack' with the following arguments: {'ament_cmake_args': None, 'build_base': '/home/ecd507/f1tenth_ws/build/f1tenth_stack', 'catkin_cmake_args': None, 'catkin_skip_building_tests': False, 'cmake_args': None, 'cmake_clean_cache': False, 'cmake_clean_first': False, 'cmake_force_configure': False, 'cmake_target': None, 'cmake_target_skip_unavailable': False, 'install_base': '/home/ecd507/f1tenth_ws/install/f1tenth_stack', 'merge_install': False, 'path': '/home/ecd507/f1tenth_ws/src/f1tenth_system/f1tenth_stack', 'symlink_install': False, 'test_result_base': None}
[0.645s] INFO:colcon.colcon_core.executor:Executing jobs using 'parallel' executor
[0.650s] DEBUG:colcon.colcon_parallel_executor.executor.parallel:run_until_complete
[0.650s] INFO:colcon.colcon_ros.task.ament_cmake.build:Building ROS package in '/home/ecd507/f1tenth_ws/src/f1tenth_system/vesc/vesc_msgs' with build type 'ament_cmake'
[0.651s] INFO:colcon.colcon_cmake.task.cmake.build:Building CMake package in '/home/ecd507/f1tenth_ws/src/f1tenth_system/vesc/vesc_msgs'
[0.655s] INFO:colcon.colcon_core.plugin_system:Skipping extension 'colcon_core.shell.bat': Not used on non-Windows systems
[0.656s] INFO:colcon.colcon_core.shell:Skip shell extension 'powershell' for command environment: Not usable outside of PowerShell
[0.656s] DEBUG:colcon.colcon_core.shell:Skip shell extension 'dsv' for command environment
[0.659s] INFO:colcon.colcon_ros.task.ament_cmake.build:Building ROS package in '/home/ecd507/f1tenth_ws/src/f1tenth_system/teleop_tools/teleop_tools_msgs' with build type 'ament_cmake'
[0.659s] INFO:colcon.colcon_cmake.task.cmake.build:Building CMake package in '/home/ecd507/f1tenth_ws/src/f1tenth_system/teleop_tools/teleop_tools_msgs'
[0.660s] INFO:colcon.colcon_core.shell:Skip shell extension 'powershell' for command environment: Not usable outside of PowerShell
[0.660s] DEBUG:colcon.colcon_core.shell:Skip shell extension 'dsv' for command environment
[0.692s] INFO:colcon.colcon_ros.task.ament_cmake.build:Building ROS package in '/home/ecd507/f1tenth_ws/src/f1tenth_system/ackermann_mux' with build type 'ament_cmake'
[0.692s] INFO:colcon.colcon_cmake.task.cmake.build:Building CMake package in '/home/ecd507/f1tenth_ws/src/f1tenth_system/ackermann_mux'
[0.693s] INFO:colcon.colcon_core.shell:Skip shell extension 'powershell' for command environment: Not usable outside of PowerShell
[0.693s] DEBUG:colcon.colcon_core.shell:Skip shell extension 'dsv' for command environment
[0.696s] INFO:colcon.colcon_ros.task.ament_python.build:Building ROS package in '/home/ecd507/f1tenth_ws/src/f1tenth_system/teleop_tools/key_teleop' with build type 'ament_python'
[0.696s] Level 1:colcon.colcon_core.shell:create_environment_hook('key_teleop', 'ament_prefix_path')
[0.697s] INFO:colcon.colcon_core.shell:Creating environment hook '/home/ecd507/f1tenth_ws/install/key_teleop/share/key_teleop/hook/ament_prefix_path.ps1'
[0.699s] INFO:colcon.colcon_core.shell:Creating environment descriptor '/home/ecd507/f1tenth_ws/install/key_teleop/share/key_teleop/hook/ament_prefix_path.dsv'
[0.700s] INFO:colcon.colcon_core.shell:Creating environment hook '/home/ecd507/f1tenth_ws/install/key_teleop/share/key_teleop/hook/ament_prefix_path.sh'
[0.702s] INFO:colcon.colcon_core.shell:Skip shell extension 'powershell' for command environment: Not usable outside of PowerShell
[0.702s] DEBUG:colcon.colcon_core.shell:Skip shell extension 'dsv' for command environment
[0.704s] INFO:colcon.colcon_ros.task.ament_python.build:Building ROS package in '/home/ecd507/f1tenth_ws/ml_algorithim_pkg' with build type 'ament_python'
[0.704s] Level 1:colcon.colcon_core.shell:create_environment_hook('ml_algorithm_pkg', 'ament_prefix_path')
[0.705s] INFO:colcon.colcon_core.shell:Creating environment hook '/home/ecd507/f1tenth_ws/install/ml_algorithm_pkg/share/ml_algorithm_pkg/hook/ament_prefix_path.ps1'
[0.706s] INFO:colcon.colcon_core.shell:Creating environment descriptor '/home/ecd507/f1tenth_ws/install/ml_algorithm_pkg/share/ml_algorithm_pkg/hook/ament_prefix_path.dsv'
[0.706s] INFO:colcon.colcon_core.shell:Creating environment hook '/home/ecd507/f1tenth_ws/install/ml_algorithm_pkg/share/ml_algorithm_pkg/hook/ament_prefix_path.sh'
[0.708s] INFO:colcon.colcon_core.shell:Skip shell extension 'powershell' for command environment: Not usable outside of PowerShell
[0.708s] DEBUG:colcon.colcon_core.shell:Skip shell extension 'dsv' for command environment
[0.710s] INFO:colcon.colcon_ros.task.ament_python.build:Building ROS package in '/home/ecd507/f1tenth_ws/src/f1tenth_system/teleop_tools/mouse_teleop' with build type 'ament_python'
[0.710s] Level 1:colcon.colcon_core.shell:create_environment_hook('mouse_teleop', 'ament_prefix_path')
[0.711s] INFO:colcon.colcon_core.shell:Creating environment hook '/home/ecd507/f1tenth_ws/install/mouse_teleop/share/mouse_teleop/hook/ament_prefix_path.ps1'
[0.713s] INFO:colcon.colcon_core.shell:Creating environment descriptor '/home/ecd507/f1tenth_ws/install/mouse_teleop/share/mouse_teleop/hook/ament_prefix_path.dsv'
[0.714s] INFO:colcon.colcon_core.shell:Creating environment hook '/home/ecd507/f1tenth_ws/install/mouse_teleop/share/mouse_teleop/hook/ament_prefix_path.sh'
[0.715s] INFO:colcon.colcon_core.shell:Skip shell extension 'powershell' for command environment: Not usable outside of PowerShell
[0.715s] DEBUG:colcon.colcon_core.shell:Skip shell extension 'dsv' for command environment
[0.730s] DEBUG:colcon.colcon_core.event_handler.log_command:Invoking command in '/home/ecd507/f1tenth_ws/build/vesc_msgs': /usr/bin/cmake --build /home/ecd507/f1tenth_ws/build/vesc_msgs -- -j6 -l6
[0.737s] DEBUG:colcon.colcon_core.event_handler.log_command:Invoking command in '/home/ecd507/f1tenth_ws/build/teleop_tools_msgs': /usr/bin/cmake --build /home/ecd507/f1tenth_ws/build/teleop_tools_msgs -- -j6 -l6
[0.743s] DEBUG:colcon.colcon_core.event_handler.log_command:Invoking command in '/home/ecd507/f1tenth_ws/build/ackermann_mux': /usr/bin/cmake --build /home/ecd507/f1tenth_ws/build/ackermann_mux -- -j6 -l6
[1.317s] INFO:colcon.colcon_core.task.python.build:Building Python package in '/home/ecd507/f1tenth_ws/src/f1tenth_system/teleop_tools/key_teleop'
[1.318s] INFO:colcon.colcon_core.shell:Skip shell extension 'powershell' for command environment: Not usable outside of PowerShell
[1.318s] DEBUG:colcon.colcon_core.shell:Skip shell extension 'dsv' for command environment
[1.872s] INFO:colcon.colcon_core.task.python.build:Building Python package in '/home/ecd507/f1tenth_ws/ml_algorithim_pkg'
[1.873s] INFO:colcon.colcon_core.shell:Skip shell extension 'powershell' for command environment: Not usable outside of PowerShell
[1.873s] DEBUG:colcon.colcon_core.shell:Skip shell extension 'dsv' for command environment
[2.342s] INFO:colcon.colcon_core.task.python.build:Building Python package in '/home/ecd507/f1tenth_ws/src/f1tenth_system/teleop_tools/mouse_teleop'
[2.343s] INFO:colcon.colcon_core.shell:Skip shell extension 'powershell' for command environment: Not usable outside of PowerShell
[2.344s] DEBUG:colcon.colcon_core.shell:Skip shell extension 'dsv' for command environment
[2.366s] DEBUG:colcon.colcon_core.event_handler.log_command:Invoked command in '/home/ecd507/f1tenth_ws/build/ackermann_mux' returned '0': /usr/bin/cmake --build /home/ecd507/f1tenth_ws/build/ackermann_mux -- -j6 -l6
[2.377s] DEBUG:colcon.colcon_core.event_handler.log_command:Invoking command in '/home/ecd507/f1tenth_ws/build/ackermann_mux': /usr/bin/cmake --install /home/ecd507/f1tenth_ws/build/ackermann_mux
[2.379s] DEBUG:colcon.colcon_core.event_handler.log_command:Invoked command in '/home/ecd507/f1tenth_ws/build/teleop_tools_msgs' returned '0': /usr/bin/cmake --build /home/ecd507/f1tenth_ws/build/teleop_tools_msgs -- -j6 -l6
[2.381s] DEBUG:colcon.colcon_core.event_handler.log_command:Invoking command in '/home/ecd507/f1tenth_ws/build/teleop_tools_msgs': /usr/bin/cmake --install /home/ecd507/f1tenth_ws/build/teleop_tools_msgs
[2.382s] DEBUG:colcon.colcon_core.event_handler.log_command:Invoked command in '/home/ecd507/f1tenth_ws/build/vesc_msgs' returned '0': /usr/bin/cmake --build /home/ecd507/f1tenth_ws/build/vesc_msgs -- -j6 -l6
[2.385s] DEBUG:colcon.colcon_core.event_handler.log_command:Invoking command in '/home/ecd507/f1tenth_ws/build/vesc_msgs': /usr/bin/cmake --install /home/ecd507/f1tenth_ws/build/vesc_msgs
[2.470s] Level 1:colcon.colcon_core.environment:create_environment_scripts_only(ackermann_mux)
[2.478s] Level 1:colcon.colcon_core.environment:checking '/home/ecd507/f1tenth_ws/install/ackermann_mux' for CMake module files
[2.479s] Level 1:colcon.colcon_core.environment:checking '/home/ecd507/f1tenth_ws/install/ackermann_mux' for CMake config files
[2.480s] DEBUG:colcon.colcon_core.event_handler.log_command:Invoked command in '/home/ecd507/f1tenth_ws/build/ackermann_mux' returned '0': /usr/bin/cmake --install /home/ecd507/f1tenth_ws/build/ackermann_mux
[2.487s] Level 1:colcon.colcon_core.shell:create_environment_hook('ackermann_mux', 'cmake_prefix_path')
[2.488s] INFO:colcon.colcon_core.shell:Creating environment hook '/home/ecd507/f1tenth_ws/install/ackermann_mux/share/ackermann_mux/hook/cmake_prefix_path.ps1'
[2.489s] INFO:colcon.colcon_core.shell:Creating environment descriptor '/home/ecd507/f1tenth_ws/install/ackermann_mux/share/ackermann_mux/hook/cmake_prefix_path.dsv'
[2.490s] INFO:colcon.colcon_core.shell:Creating environment hook '/home/ecd507/f1tenth_ws/install/ackermann_mux/share/ackermann_mux/hook/cmake_prefix_path.sh'
[2.492s] Level 1:colcon.colcon_core.environment:checking '/home/ecd507/f1tenth_ws/install/ackermann_mux/lib'
[2.494s] Level 1:colcon.colcon_core.environment:checking '/home/ecd507/f1tenth_ws/install/ackermann_mux/bin'
[2.494s] Level 1:colcon.colcon_core.environment:checking '/home/ecd507/f1tenth_ws/install/ackermann_mux/lib/pkgconfig/ackermann_mux.pc'
[2.496s] Level 1:colcon.colcon_core.environment:checking '/home/ecd507/f1tenth_ws/install/ackermann_mux/lib/python3.10/site-packages'
[2.497s] Level 1:colcon.colcon_core.environment:checking '/home/ecd507/f1tenth_ws/install/ackermann_mux/bin'
[2.498s] INFO:colcon.colcon_core.shell:Creating package script '/home/ecd507/f1tenth_ws/install/ackermann_mux/share/ackermann_mux/package.ps1'
[2.506s] INFO:colcon.colcon_core.shell:Creating package descriptor '/home/ecd507/f1tenth_ws/install/ackermann_mux/share/ackermann_mux/package.dsv'
[2.525s] INFO:colcon.colcon_core.shell:Creating package script '/home/ecd507/f1tenth_ws/install/ackermann_mux/share/ackermann_mux/package.sh'
[2.543s] INFO:colcon.colcon_core.shell:Creating package script '/home/ecd507/f1tenth_ws/install/ackermann_mux/share/ackermann_mux/package.bash'
[2.546s] INFO:colcon.colcon_core.shell:Creating package script '/home/ecd507/f1tenth_ws/install/ackermann_mux/share/ackermann_mux/package.zsh'
[2.549s] Level 1:colcon.colcon_core.environment:create_file_with_runtime_dependencies(/home/ecd507/f1tenth_ws/install/ackermann_mux/share/colcon-core/packages/ackermann_mux)
[2.551s] Level 1:colcon.colcon_core.environment:create_environment_scripts_only(ackermann_mux)
[2.552s] Level 1:colcon.colcon_core.environment:checking '/home/ecd507/f1tenth_ws/install/ackermann_mux' for CMake module files
[2.553s] Level 1:colcon.colcon_core.environment:checking '/home/ecd507/f1tenth_ws/install/ackermann_mux' for CMake config files
[2.554s] Level 1:colcon.colcon_core.shell:create_environment_hook('ackermann_mux', 'cmake_prefix_path')
[2.554s] INFO:colcon.colcon_core.shell:Creating environment hook '/home/ecd507/f1tenth_ws/install/ackermann_mux/share/ackermann_mux/hook/cmake_prefix_path.ps1'
[2.555s] INFO:colcon.colcon_core.shell:Creating environment descriptor '/home/ecd507/f1tenth_ws/install/ackermann_mux/share/ackermann_mux/hook/cmake_prefix_path.dsv'
[2.557s] INFO:colcon.colcon_core.shell:Creating environment hook '/home/ecd507/f1tenth_ws/install/ackermann_mux/share/ackermann_mux/hook/cmake_prefix_path.sh'
[2.558s] Level 1:colcon.colcon_core.environment:checking '/home/ecd507/f1tenth_ws/install/ackermann_mux/lib'
[2.558s] Level 1:colcon.colcon_core.environment:checking '/home/ecd507/f1tenth_ws/install/ackermann_mux/bin'
[2.558s] Level 1:colcon.colcon_core.environment:checking '/home/ecd507/f1tenth_ws/install/ackermann_mux/lib/pkgconfig/ackermann_mux.pc'
[2.559s] Level 1:colcon.colcon_core.environment:checking '/home/ecd507/f1tenth_ws/install/ackermann_mux/lib/python3.10/site-packages'
[2.559s] Level 1:colcon.colcon_core.environment:checking '/home/ecd507/f1tenth_ws/install/ackermann_mux/bin'
[2.560s] INFO:colcon.colcon_core.shell:Creating package script '/home/ecd507/f1tenth_ws/install/ackermann_mux/share/ackermann_mux/package.ps1'
[2.561s] INFO:colcon.colcon_core.shell:Creating package descriptor '/home/ecd507/f1tenth_ws/install/ackermann_mux/share/ackermann_mux/package.dsv'
[2.567s] INFO:colcon.colcon_core.shell:Creating package script '/home/ecd507/f1tenth_ws/install/ackermann_mux/share/ackermann_mux/package.sh'
[2.568s] INFO:colcon.colcon_core.shell:Creating package script '/home/ecd507/f1tenth_ws/install/ackermann_mux/share/ackermann_mux/package.bash'
[2.570s] INFO:colcon.colcon_core.shell:Creating package script '/home/ecd507/f1tenth_ws/install/ackermann_mux/share/ackermann_mux/package.zsh'
[2.571s] Level 1:colcon.colcon_core.environment:create_file_with_runtime_dependencies(/home/ecd507/f1tenth_ws/install/ackermann_mux/share/colcon-core/packages/ackermann_mux)
[2.573s] INFO:colcon.colcon_ros.task.ament_python.build:Building ROS package in '/home/ecd507/f1tenth_ws/src/ros2_camera' with build type 'ament_python'
[2.573s] Level 1:colcon.colcon_core.shell:create_environment_hook('ros2_camera', 'ament_prefix_path')
[2.573s] INFO:colcon.colcon_core.shell:Creating environment hook '/home/ecd507/f1tenth_ws/install/ros2_camera/share/ros2_camera/hook/ament_prefix_path.ps1'
[2.575s] INFO:colcon.colcon_core.shell:Creating environment descriptor '/home/ecd507/f1tenth_ws/install/ros2_camera/share/ros2_camera/hook/ament_prefix_path.dsv'
[2.576s] INFO:colcon.colcon_core.shell:Creating environment hook '/home/ecd507/f1tenth_ws/install/ros2_camera/share/ros2_camera/hook/ament_prefix_path.sh'
[2.577s] INFO:colcon.colcon_core.shell:Skip shell extension 'powershell' for command environment: Not usable outside of PowerShell
[2.577s] DEBUG:colcon.colcon_core.shell:Skip shell extension 'dsv' for command environment
[2.605s] Level 1:colcon.colcon_core.environment:create_environment_scripts_only(teleop_tools_msgs)
[2.606s] Level 1:colcon.colcon_core.environment:checking '/home/ecd507/f1tenth_ws/install/teleop_tools_msgs' for CMake module files
[2.607s] DEBUG:colcon.colcon_core.event_handler.log_command:Invoked command in '/home/ecd507/f1tenth_ws/build/teleop_tools_msgs' returned '0': /usr/bin/cmake --install /home/ecd507/f1tenth_ws/build/teleop_tools_msgs
[2.609s] Level 1:colcon.colcon_core.environment:checking '/home/ecd507/f1tenth_ws/install/teleop_tools_msgs' for CMake config files
[2.610s] Level 1:colcon.colcon_core.shell:create_environment_hook('teleop_tools_msgs', 'cmake_prefix_path')
[2.610s] INFO:colcon.colcon_core.shell:Creating environment hook '/home/ecd507/f1tenth_ws/install/teleop_tools_msgs/share/teleop_tools_msgs/hook/cmake_prefix_path.ps1'
[2.613s] INFO:colcon.colcon_core.shell:Creating environment descriptor '/home/ecd507/f1tenth_ws/install/teleop_tools_msgs/share/teleop_tools_msgs/hook/cmake_prefix_path.dsv'
[2.614s] INFO:colcon.colcon_core.shell:Creating environment hook '/home/ecd507/f1tenth_ws/install/teleop_tools_msgs/share/teleop_tools_msgs/hook/cmake_prefix_path.sh'
[2.616s] Level 1:colcon.colcon_core.environment:checking '/home/ecd507/f1tenth_ws/install/teleop_tools_msgs/lib'
[2.616s] Level 1:colcon.colcon_core.shell:create_environment_hook('teleop_tools_msgs', 'ld_library_path_lib')
[2.617s] INFO:colcon.colcon_core.shell:Creating environment hook '/home/ecd507/f1tenth_ws/install/teleop_tools_msgs/share/teleop_tools_msgs/hook/ld_library_path_lib.ps1'
[2.618s] INFO:colcon.colcon_core.shell:Creating environment descriptor '/home/ecd507/f1tenth_ws/install/teleop_tools_msgs/share/teleop_tools_msgs/hook/ld_library_path_lib.dsv'
[2.619s] INFO:colcon.colcon_core.shell:Creating environment hook '/home/ecd507/f1tenth_ws/install/teleop_tools_msgs/share/teleop_tools_msgs/hook/ld_library_path_lib.sh'
[2.620s] Level 1:colcon.colcon_core.environment:checking '/home/ecd507/f1tenth_ws/install/teleop_tools_msgs/bin'
[2.620s] Level 1:colcon.colcon_core.environment:checking '/home/ecd507/f1tenth_ws/install/teleop_tools_msgs/lib/pkgconfig/teleop_tools_msgs.pc'
[2.621s] Level 1:colcon.colcon_core.environment:checking '/home/ecd507/f1tenth_ws/install/teleop_tools_msgs/lib/python3.10/site-packages'
[2.621s] Level 1:colcon.colcon_core.environment:checking '/home/ecd507/f1tenth_ws/install/teleop_tools_msgs/bin'
[2.622s] INFO:colcon.colcon_core.shell:Creating package script '/home/ecd507/f1tenth_ws/install/teleop_tools_msgs/share/teleop_tools_msgs/package.ps1'
[2.624s] INFO:colcon.colcon_core.shell:Creating package descriptor '/home/ecd507/f1tenth_ws/install/teleop_tools_msgs/share/teleop_tools_msgs/package.dsv'
[2.625s] INFO:colcon.colcon_core.shell:Creating package script '/home/ecd507/f1tenth_ws/install/teleop_tools_msgs/share/teleop_tools_msgs/package.sh'
[2.626s] INFO:colcon.colcon_core.shell:Creating package script '/home/ecd507/f1tenth_ws/install/teleop_tools_msgs/share/teleop_tools_msgs/package.bash'
[2.627s] INFO:colcon.colcon_core.shell:Creating package script '/home/ecd507/f1tenth_ws/install/teleop_tools_msgs/share/teleop_tools_msgs/package.zsh'
[2.628s] Level 1:colcon.colcon_core.environment:create_file_with_runtime_dependencies(/home/ecd507/f1tenth_ws/install/teleop_tools_msgs/share/colcon-core/packages/teleop_tools_msgs)
[2.630s] Level 1:colcon.colcon_core.environment:create_environment_scripts_only(teleop_tools_msgs)
[2.631s] Level 1:colcon.colcon_core.environment:checking '/home/ecd507/f1tenth_ws/install/teleop_tools_msgs' for CMake module files
[2.633s] Level 1:colcon.colcon_core.environment:checking '/home/ecd507/f1tenth_ws/install/teleop_tools_msgs' for CMake config files
[2.634s] Level 1:colcon.colcon_core.shell:create_environment_hook('teleop_tools_msgs', 'cmake_prefix_path')
[2.634s] INFO:colcon.colcon_core.shell:Creating environment hook '/home/ecd507/f1tenth_ws/install/teleop_tools_msgs/share/teleop_tools_msgs/hook/cmake_prefix_path.ps1'
[2.636s] INFO:colcon.colcon_core.shell:Creating environment descriptor '/home/ecd507/f1tenth_ws/install/teleop_tools_msgs/share/teleop_tools_msgs/hook/cmake_prefix_path.dsv'
[2.637s] INFO:colcon.colcon_core.shell:Creating environment hook '/home/ecd507/f1tenth_ws/install/teleop_tools_msgs/share/teleop_tools_msgs/hook/cmake_prefix_path.sh'
[2.638s] Level 1:colcon.colcon_core.environment:checking '/home/ecd507/f1tenth_ws/install/teleop_tools_msgs/lib'
[2.638s] Level 1:colcon.colcon_core.shell:create_environment_hook('teleop_tools_msgs', 'ld_library_path_lib')
[2.639s] INFO:colcon.colcon_core.shell:Creating environment hook '/home/ecd507/f1tenth_ws/install/teleop_tools_msgs/share/teleop_tools_msgs/hook/ld_library_path_lib.ps1'
[2.640s] INFO:colcon.colcon_core.shell:Creating environment descriptor '/home/ecd507/f1tenth_ws/install/teleop_tools_msgs/share/teleop_tools_msgs/hook/ld_library_path_lib.dsv'
[2.640s] INFO:colcon.colcon_core.shell:Creating environment hook '/home/ecd507/f1tenth_ws/install/teleop_tools_msgs/share/teleop_tools_msgs/hook/ld_library_path_lib.sh'
[2.641s] Level 1:colcon.colcon_core.environment:checking '/home/ecd507/f1tenth_ws/install/teleop_tools_msgs/bin'
[2.641s] Level 1:colcon.colcon_core.environment:checking '/home/ecd507/f1tenth_ws/install/teleop_tools_msgs/lib/pkgconfig/teleop_tools_msgs.pc'
[2.642s] Level 1:colcon.colcon_core.environment:checking '/home/ecd507/f1tenth_ws/install/teleop_tools_msgs/lib/python3.10/site-packages'
[2.642s] Level 1:colcon.colcon_core.environment:checking '/home/ecd507/f1tenth_ws/install/teleop_tools_msgs/bin'
[2.643s] INFO:colcon.colcon_core.shell:Creating package script '/home/ecd507/f1tenth_ws/install/teleop_tools_msgs/share/teleop_tools_msgs/package.ps1'
[2.644s] INFO:colcon.colcon_core.shell:Creating package descriptor '/home/ecd507/f1tenth_ws/install/teleop_tools_msgs/share/teleop_tools_msgs/package.dsv'
[2.646s] INFO:colcon.colcon_core.shell:Creating package script '/home/ecd507/f1tenth_ws/install/teleop_tools_msgs/share/teleop_tools_msgs/package.sh'
[2.647s] INFO:colcon.colcon_core.shell:Creating package script '/home/ecd507/f1tenth_ws/install/teleop_tools_msgs/share/teleop_tools_msgs/package.bash'
[2.648s] INFO:colcon.colcon_core.shell:Creating package script '/home/ecd507/f1tenth_ws/install/teleop_tools_msgs/share/teleop_tools_msgs/package.zsh'
[2.649s] Level 1:colcon.colcon_core.environment:create_file_with_runtime_dependencies(/home/ecd507/f1tenth_ws/install/teleop_tools_msgs/share/colcon-core/packages/teleop_tools_msgs)
[2.650s] Level 1:colcon.colcon_core.environment:create_environment_scripts_only(vesc_msgs)
[2.652s] Level 1:colcon.colcon_core.environment:checking '/home/ecd507/f1tenth_ws/install/vesc_msgs' for CMake module files
[2.653s] DEBUG:colcon.colcon_core.event_handler.log_command:Invoked command in '/home/ecd507/f1tenth_ws/build/vesc_msgs' returned '0': /usr/bin/cmake --install /home/ecd507/f1tenth_ws/build/vesc_msgs
[2.654s] Level 1:colcon.colcon_core.environment:checking '/home/ecd507/f1tenth_ws/install/vesc_msgs' for CMake config files
[2.656s] Level 1:colcon.colcon_core.shell:create_environment_hook('vesc_msgs', 'cmake_prefix_path')
[2.656s] INFO:colcon.colcon_core.shell:Creating environment hook '/home/ecd507/f1tenth_ws/install/vesc_msgs/share/vesc_msgs/hook/cmake_prefix_path.ps1'
[2.657s] INFO:colcon.colcon_core.shell:Creating environment descriptor '/home/ecd507/f1tenth_ws/install/vesc_msgs/share/vesc_msgs/hook/cmake_prefix_path.dsv'
[2.658s] INFO:colcon.colcon_core.shell:Creating environment hook '/home/ecd507/f1tenth_ws/install/vesc_msgs/share/vesc_msgs/hook/cmake_prefix_path.sh'
[2.660s] Level 1:colcon.colcon_core.environment:checking '/home/ecd507/f1tenth_ws/install/vesc_msgs/lib'
[2.660s] Level 1:colcon.colcon_core.shell:create_environment_hook('vesc_msgs', 'ld_library_path_lib')
[2.661s] INFO:colcon.colcon_core.shell:Creating environment hook '/home/ecd507/f1tenth_ws/install/vesc_msgs/share/vesc_msgs/hook/ld_library_path_lib.ps1'
[2.661s] INFO:colcon.colcon_core.shell:Creating environment descriptor '/home/ecd507/f1tenth_ws/install/vesc_msgs/share/vesc_msgs/hook/ld_library_path_lib.dsv'
[2.664s] INFO:colcon.colcon_core.shell:Creating environment hook '/home/ecd507/f1tenth_ws/install/vesc_msgs/share/vesc_msgs/hook/ld_library_path_lib.sh'
[2.665s] Level 1:colcon.colcon_core.environment:checking '/home/ecd507/f1tenth_ws/install/vesc_msgs/bin'
[2.665s] Level 1:colcon.colcon_core.environment:checking '/home/ecd507/f1tenth_ws/install/vesc_msgs/lib/pkgconfig/vesc_msgs.pc'
[2.666s] Level 1:colcon.colcon_core.environment:checking '/home/ecd507/f1tenth_ws/install/vesc_msgs/lib/python3.10/site-packages'
[2.666s] Level 1:colcon.colcon_core.environment:checking '/home/ecd507/f1tenth_ws/install/vesc_msgs/bin'
[2.667s] INFO:colcon.colcon_core.shell:Creating package script '/home/ecd507/f1tenth_ws/install/vesc_msgs/share/vesc_msgs/package.ps1'
[2.668s] INFO:colcon.colcon_core.shell:Creating package descriptor '/home/ecd507/f1tenth_ws/install/vesc_msgs/share/vesc_msgs/package.dsv'
[2.670s] INFO:colcon.colcon_core.shell:Creating package script '/home/ecd507/f1tenth_ws/install/vesc_msgs/share/vesc_msgs/package.sh'
[2.671s] INFO:colcon.colcon_core.shell:Creating package script '/home/ecd507/f1tenth_ws/install/vesc_msgs/share/vesc_msgs/package.bash'
[2.672s] INFO:colcon.colcon_core.shell:Creating package script '/home/ecd507/f1tenth_ws/install/vesc_msgs/share/vesc_msgs/package.zsh'
[2.673s] Level 1:colcon.colcon_core.environment:create_file_with_runtime_dependencies(/home/ecd507/f1tenth_ws/install/vesc_msgs/share/colcon-core/packages/vesc_msgs)
[2.675s] Level 1:colcon.colcon_core.environment:create_environment_scripts_only(vesc_msgs)
[2.676s] Level 1:colcon.colcon_core.environment:checking '/home/ecd507/f1tenth_ws/install/vesc_msgs' for CMake module files
[2.678s] Level 1:colcon.colcon_core.environment:checking '/home/ecd507/f1tenth_ws/install/vesc_msgs' for CMake config files
[2.679s] Level 1:colcon.colcon_core.shell:create_environment_hook('vesc_msgs', 'cmake_prefix_path')
[2.679s] INFO:colcon.colcon_core.shell:Creating environment hook '/home/ecd507/f1tenth_ws/install/vesc_msgs/share/vesc_msgs/hook/cmake_prefix_path.ps1'
[2.681s] INFO:colcon.colcon_core.shell:Creating environment descriptor '/home/ecd507/f1tenth_ws/install/vesc_msgs/share/vesc_msgs/hook/cmake_prefix_path.dsv'
[2.681s] INFO:colcon.colcon_core.shell:Creating environment hook '/home/ecd507/f1tenth_ws/install/vesc_msgs/share/vesc_msgs/hook/cmake_prefix_path.sh'
[2.683s] Level 1:colcon.colcon_core.environment:checking '/home/ecd507/f1tenth_ws/install/vesc_msgs/lib'
[2.683s] Level 1:colcon.colcon_core.shell:create_environment_hook('vesc_msgs', 'ld_library_path_lib')
[2.684s] INFO:colcon.colcon_core.shell:Creating environment hook '/home/ecd507/f1tenth_ws/install/vesc_msgs/share/vesc_msgs/hook/ld_library_path_lib.ps1'
[2.684s] INFO:colcon.colcon_core.shell:Creating environment descriptor '/home/ecd507/f1tenth_ws/install/vesc_msgs/share/vesc_msgs/hook/ld_library_path_lib.dsv'
[2.685s] INFO:colcon.colcon_core.shell:Creating environment hook '/home/ecd507/f1tenth_ws/install/vesc_msgs/share/vesc_msgs/hook/ld_library_path_lib.sh'
[2.686s] Level 1:colcon.colcon_core.environment:checking '/home/ecd507/f1tenth_ws/install/vesc_msgs/bin'
[2.686s] Level 1:colcon.colcon_core.environment:checking '/home/ecd507/f1tenth_ws/install/vesc_msgs/lib/pkgconfig/vesc_msgs.pc'
[2.687s] Level 1:colcon.colcon_core.environment:checking '/home/ecd507/f1tenth_ws/install/vesc_msgs/lib/python3.10/site-packages'
[2.687s] Level 1:colcon.colcon_core.environment:checking '/home/ecd507/f1tenth_ws/install/vesc_msgs/bin'
[2.688s] INFO:colcon.colcon_core.shell:Creating package script '/home/ecd507/f1tenth_ws/install/vesc_msgs/share/vesc_msgs/package.ps1'
[2.689s] INFO:colcon.colcon_core.shell:Creating package descriptor '/home/ecd507/f1tenth_ws/install/vesc_msgs/share/vesc_msgs/package.dsv'
[2.691s] INFO:colcon.colcon_core.shell:Creating package script '/home/ecd507/f1tenth_ws/install/vesc_msgs/share/vesc_msgs/package.sh'
[2.692s] INFO:colcon.colcon_core.shell:Creating package script '/home/ecd507/f1tenth_ws/install/vesc_msgs/share/vesc_msgs/package.bash'
[2.694s] INFO:colcon.colcon_core.shell:Creating package script '/home/ecd507/f1tenth_ws/install/vesc_msgs/share/vesc_msgs/package.zsh'
[2.695s] Level 1:colcon.colcon_core.environment:create_file_with_runtime_dependencies(/home/ecd507/f1tenth_ws/install/vesc_msgs/share/colcon-core/packages/vesc_msgs)
[2.699s] INFO:colcon.colcon_ros.task.ament_python.build:Building ROS package in '/home/ecd507/f1tenth_ws/src/f1tenth_system/teleop_tools/joy_teleop' with build type 'ament_python'
[2.700s] Level 1:colcon.colcon_core.shell:create_environment_hook('joy_teleop', 'ament_prefix_path')
[2.700s] INFO:colcon.colcon_core.shell:Creating environment hook '/home/ecd507/f1tenth_ws/install/joy_teleop/share/joy_teleop/hook/ament_prefix_path.ps1'
[2.702s] INFO:colcon.colcon_core.shell:Creating environment descriptor '/home/ecd507/f1tenth_ws/install/joy_teleop/share/joy_teleop/hook/ament_prefix_path.dsv'
[2.702s] INFO:colcon.colcon_core.shell:Creating environment hook '/home/ecd507/f1tenth_ws/install/joy_teleop/share/joy_teleop/hook/ament_prefix_path.sh'
[2.705s] INFO:colcon.colcon_core.shell:Skip shell extension 'powershell' for command environment: Not usable outside of PowerShell
[2.705s] DEBUG:colcon.colcon_core.shell:Skip shell extension 'dsv' for command environment
[2.708s] INFO:colcon.colcon_ros.task.ament_cmake.build:Building ROS package in '/home/ecd507/f1tenth_ws/src/f1tenth_system/vesc/vesc_ackermann' with build type 'ament_cmake'
[2.708s] INFO:colcon.colcon_cmake.task.cmake.build:Building CMake package in '/home/ecd507/f1tenth_ws/src/f1tenth_system/vesc/vesc_ackermann'
[2.709s] INFO:colcon.colcon_core.shell:Skip shell extension 'powershell' for command environment: Not usable outside of PowerShell
[2.709s] DEBUG:colcon.colcon_core.shell:Skip shell extension 'dsv' for command environment
[3.234s] INFO:colcon.colcon_core.task.python.build:Building Python package in '/home/ecd507/f1tenth_ws/src/ros2_camera'
[3.234s] INFO:colcon.colcon_core.shell:Skip shell extension 'powershell' for command environment: Not usable outside of PowerShell
[3.234s] DEBUG:colcon.colcon_core.shell:Skip shell extension 'dsv' for command environment
[3.750s] INFO:colcon.colcon_core.task.python.build:Building Python package in '/home/ecd507/f1tenth_ws/src/f1tenth_system/teleop_tools/joy_teleop'
[3.751s] INFO:colcon.colcon_core.shell:Skip shell extension 'powershell' for command environment: Not usable outside of PowerShell
[3.751s] DEBUG:colcon.colcon_core.shell:Skip shell extension 'dsv' for command environment
[3.763s] DEBUG:colcon.colcon_core.event_handler.log_command:Invoking command in '/home/ecd507/f1tenth_ws/build/vesc_ackermann': AMENT_PREFIX_PATH=/home/ecd507/f1tenth_ws/install/vesc_msgs CMAKE_PREFIX_PATH=/home/ecd507/f1tenth_ws/install/vesc_msgs LD_LIBRARY_PATH=/home/ecd507/f1tenth_ws/install/vesc_msgs/lib PYTHONPATH=/home/ecd507/f1tenth_ws/install/vesc_msgs/local/lib/python3.10/dist-packages /usr/bin/cmake --build /home/ecd507/f1tenth_ws/build/vesc_ackermann -- -j6 -l6
[3.765s] DEBUG:colcon.colcon_core.event_handler.log_command:Invoking command in '/home/ecd507/f1tenth_ws/ml_algorithim_pkg': PYTHONPATH=/home/ecd507/f1tenth_ws/build/ml_algorithm_pkg/prefix_override:/usr/lib/python3/dist-packages/colcon_core/task/python/colcon_distutils_commands:/home/ecd507/f1tenth_ws/install/ml_algorithm_pkg/lib/python3.10/site-packages: /usr/bin/python3 -W ignore:setup.py install is deprecated -W ignore:easy_install command is deprecated setup.py egg_info --egg-base ../build/ml_algorithm_pkg build --build-base /home/ecd507/f1tenth_ws/build/ml_algorithm_pkg/build install --record /home/ecd507/f1tenth_ws/build/ml_algorithm_pkg/install.log --single-version-externally-managed install_data
[3.771s] DEBUG:colcon.colcon_core.event_handler.log_command:Invoking command in '/home/ecd507/f1tenth_ws/src/f1tenth_system/teleop_tools/key_teleop': PYTHONPATH=/home/ecd507/f1tenth_ws/build/key_teleop/prefix_override:/usr/lib/python3/dist-packages/colcon_core/task/python/colcon_distutils_commands:/home/ecd507/f1tenth_ws/install/key_teleop/lib/python3.10/site-packages: /usr/bin/python3 -W ignore:setup.py install is deprecated -W ignore:easy_install command is deprecated setup.py egg_info --egg-base ../../../../build/key_teleop build --build-base /home/ecd507/f1tenth_ws/build/key_teleop/build install --record /home/ecd507/f1tenth_ws/build/key_teleop/install.log --install-scripts $base/lib/key_teleop --single-version-externally-managed install_data
[3.776s] DEBUG:colcon.colcon_core.event_handler.log_command:Invoking command in '/home/ecd507/f1tenth_ws/src/f1tenth_system/teleop_tools/mouse_teleop': PYTHONPATH=/home/ecd507/f1tenth_ws/build/mouse_teleop/prefix_override:/usr/lib/python3/dist-packages/colcon_core/task/python/colcon_distutils_commands:/home/ecd507/f1tenth_ws/install/mouse_teleop/lib/python3.10/site-packages: /usr/bin/python3 -W ignore:setup.py install is deprecated -W ignore:easy_install command is deprecated setup.py egg_info --egg-base ../../../../build/mouse_teleop build --build-base /home/ecd507/f1tenth_ws/build/mouse_teleop/build install --record /home/ecd507/f1tenth_ws/build/mouse_teleop/install.log --install-scripts $base/lib/mouse_teleop --single-version-externally-managed install_data
[4.128s] DEBUG:colcon.colcon_core.event_handler.log_command:Invoked command in '/home/ecd507/f1tenth_ws/build/vesc_ackermann' returned '0': AMENT_PREFIX_PATH=/home/ecd507/f1tenth_ws/install/vesc_msgs CMAKE_PREFIX_PATH=/home/ecd507/f1tenth_ws/install/vesc_msgs LD_LIBRARY_PATH=/home/ecd507/f1tenth_ws/install/vesc_msgs/lib PYTHONPATH=/home/ecd507/f1tenth_ws/install/vesc_msgs/local/lib/python3.10/dist-packages /usr/bin/cmake --build /home/ecd507/f1tenth_ws/build/vesc_ackermann -- -j6 -l6
[4.130s] DEBUG:colcon.colcon_core.event_handler.log_command:Invoking command in '/home/ecd507/f1tenth_ws/build/vesc_ackermann': AMENT_PREFIX_PATH=/home/ecd507/f1tenth_ws/install/vesc_msgs CMAKE_PREFIX_PATH=/home/ecd507/f1tenth_ws/install/vesc_msgs LD_LIBRARY_PATH=/home/ecd507/f1tenth_ws/install/vesc_msgs/lib PYTHONPATH=/home/ecd507/f1tenth_ws/install/vesc_msgs/local/lib/python3.10/dist-packages /usr/bin/cmake --install /home/ecd507/f1tenth_ws/build/vesc_ackermann
[4.153s] Level 1:colcon.colcon_core.environment:create_environment_scripts_only(vesc_ackermann)
[4.153s] Level 1:colcon.colcon_core.environment:checking '/home/ecd507/f1tenth_ws/install/vesc_ackermann' for CMake module files
[4.154s] Level 1:colcon.colcon_core.environment:checking '/home/ecd507/f1tenth_ws/install/vesc_ackermann' for CMake config files
[4.155s] Level 1:colcon.colcon_core.shell:create_environment_hook('vesc_ackermann', 'cmake_prefix_path')
[4.156s] INFO:colcon.colcon_core.shell:Creating environment hook '/home/ecd507/f1tenth_ws/install/vesc_ackermann/share/vesc_ackermann/hook/cmake_prefix_path.ps1'
[4.157s] DEBUG:colcon.colcon_core.event_handler.log_command:Invoked command in '/home/ecd507/f1tenth_ws/build/vesc_ackermann' returned '0': AMENT_PREFIX_PATH=/home/ecd507/f1tenth_ws/install/vesc_msgs CMAKE_PREFIX_PATH=/home/ecd507/f1tenth_ws/install/vesc_msgs LD_LIBRARY_PATH=/home/ecd507/f1tenth_ws/install/vesc_msgs/lib PYTHONPATH=/home/ecd507/f1tenth_ws/install/vesc_msgs/local/lib/python3.10/dist-packages /usr/bin/cmake --install /home/ecd507/f1tenth_ws/build/vesc_ackermann
[4.158s] INFO:colcon.colcon_core.shell:Creating environment descriptor '/home/ecd507/f1tenth_ws/install/vesc_ackermann/share/vesc_ackermann/hook/cmake_prefix_path.dsv'
[4.159s] INFO:colcon.colcon_core.shell:Creating environment hook '/home/ecd507/f1tenth_ws/install/vesc_ackermann/share/vesc_ackermann/hook/cmake_prefix_path.sh'
[4.160s] Level 1:colcon.colcon_core.environment:checking '/home/ecd507/f1tenth_ws/install/vesc_ackermann/lib'
[4.160s] Level 1:colcon.colcon_core.shell:create_environment_hook('vesc_ackermann', 'ld_library_path_lib')
[4.161s] INFO:colcon.colcon_core.shell:Creating environment hook '/home/ecd507/f1tenth_ws/install/vesc_ackermann/share/vesc_ackermann/hook/ld_library_path_lib.ps1'
[4.162s] INFO:colcon.colcon_core.shell:Creating environment descriptor '/home/ecd507/f1tenth_ws/install/vesc_ackermann/share/vesc_ackermann/hook/ld_library_path_lib.dsv'
[4.163s] INFO:colcon.colcon_core.shell:Creating environment hook '/home/ecd507/f1tenth_ws/install/vesc_ackermann/share/vesc_ackermann/hook/ld_library_path_lib.sh'
[4.164s] Level 1:colcon.colcon_core.environment:checking '/home/ecd507/f1tenth_ws/install/vesc_ackermann/bin'
[4.164s] Level 1:colcon.colcon_core.environment:checking '/home/ecd507/f1tenth_ws/install/vesc_ackermann/lib/pkgconfig/vesc_ackermann.pc'
[4.165s] Level 1:colcon.colcon_core.environment:checking '/home/ecd507/f1tenth_ws/install/vesc_ackermann/lib/python3.10/site-packages'
[4.165s] Level 1:colcon.colcon_core.environment:checking '/home/ecd507/f1tenth_ws/install/vesc_ackermann/bin'
[4.166s] INFO:colcon.colcon_core.shell:Creating package script '/home/ecd507/f1tenth_ws/install/vesc_ackermann/share/vesc_ackermann/package.ps1'
[4.168s] INFO:colcon.colcon_core.shell:Creating package descriptor '/home/ecd507/f1tenth_ws/install/vesc_ackermann/share/vesc_ackermann/package.dsv'
[4.169s] INFO:colcon.colcon_core.shell:Creating package script '/home/ecd507/f1tenth_ws/install/vesc_ackermann/share/vesc_ackermann/package.sh'
[4.170s] INFO:colcon.colcon_core.shell:Creating package script '/home/ecd507/f1tenth_ws/install/vesc_ackermann/share/vesc_ackermann/package.bash'
[4.171s] INFO:colcon.colcon_core.shell:Creating package script '/home/ecd507/f1tenth_ws/install/vesc_ackermann/share/vesc_ackermann/package.zsh'
[4.172s] Level 1:colcon.colcon_core.environment:create_file_with_runtime_dependencies(/home/ecd507/f1tenth_ws/install/vesc_ackermann/share/colcon-core/packages/vesc_ackermann)
[4.173s] Level 1:colcon.colcon_core.environment:create_environment_scripts_only(vesc_ackermann)
[4.174s] Level 1:colcon.colcon_core.environment:checking '/home/ecd507/f1tenth_ws/install/vesc_ackermann' for CMake module files
[4.175s] Level 1:colcon.colcon_core.environment:checking '/home/ecd507/f1tenth_ws/install/vesc_ackermann' for CMake config files
[4.176s] Level 1:colcon.colcon_core.shell:create_environment_hook('vesc_ackermann', 'cmake_prefix_path')
[4.176s] INFO:colcon.colcon_core.shell:Creating environment hook '/home/ecd507/f1tenth_ws/install/vesc_ackermann/share/vesc_ackermann/hook/cmake_prefix_path.ps1'
[4.177s] INFO:colcon.colcon_core.shell:Creating environment descriptor '/home/ecd507/f1tenth_ws/install/vesc_ackermann/share/vesc_ackermann/hook/cmake_prefix_path.dsv'
[4.178s] INFO:colcon.colcon_core.shell:Creating environment hook '/home/ecd507/f1tenth_ws/install/vesc_ackermann/share/vesc_ackermann/hook/cmake_prefix_path.sh'
[4.179s] Level 1:colcon.colcon_core.environment:checking '/home/ecd507/f1tenth_ws/install/vesc_ackermann/lib'
[4.180s] Level 1:colcon.colcon_core.shell:create_environment_hook('vesc_ackermann', 'ld_library_path_lib')
[4.180s] INFO:colcon.colcon_core.shell:Creating environment hook '/home/ecd507/f1tenth_ws/install/vesc_ackermann/share/vesc_ackermann/hook/ld_library_path_lib.ps1'
[4.181s] INFO:colcon.colcon_core.shell:Creating environment descriptor '/home/ecd507/f1tenth_ws/install/vesc_ackermann/share/vesc_ackermann/hook/ld_library_path_lib.dsv'
[4.182s] INFO:colcon.colcon_core.shell:Creating environment hook '/home/ecd507/f1tenth_ws/install/vesc_ackermann/share/vesc_ackermann/hook/ld_library_path_lib.sh'
[4.183s] Level 1:colcon.colcon_core.environment:checking '/home/ecd507/f1tenth_ws/install/vesc_ackermann/bin'
[4.183s] Level 1:colcon.colcon_core.environment:checking '/home/ecd507/f1tenth_ws/install/vesc_ackermann/lib/pkgconfig/vesc_ackermann.pc'
[4.184s] Level 1:colcon.colcon_core.environment:checking '/home/ecd507/f1tenth_ws/install/vesc_ackermann/lib/python3.10/site-packages'
[4.184s] Level 1:colcon.colcon_core.environment:checking '/home/ecd507/f1tenth_ws/install/vesc_ackermann/bin'
[4.185s] INFO:colcon.colcon_core.shell:Creating package script '/home/ecd507/f1tenth_ws/install/vesc_ackermann/share/vesc_ackermann/package.ps1'
[4.187s] INFO:colcon.colcon_core.shell:Creating package descriptor '/home/ecd507/f1tenth_ws/install/vesc_ackermann/share/vesc_ackermann/package.dsv'
[4.188s] INFO:colcon.colcon_core.shell:Creating package script '/home/ecd507/f1tenth_ws/install/vesc_ackermann/share/vesc_ackermann/package.sh'
[4.189s] INFO:colcon.colcon_core.shell:Creating package script '/home/ecd507/f1tenth_ws/install/vesc_ackermann/share/vesc_ackermann/package.bash'
[4.190s] INFO:colcon.colcon_core.shell:Creating package script '/home/ecd507/f1tenth_ws/install/vesc_ackermann/share/vesc_ackermann/package.zsh'
[4.191s] Level 1:colcon.colcon_core.environment:create_file_with_runtime_dependencies(/home/ecd507/f1tenth_ws/install/vesc_ackermann/share/colcon-core/packages/vesc_ackermann)
[4.193s] INFO:colcon.colcon_ros.task.ament_cmake.build:Building ROS package in '/home/ecd507/f1tenth_ws/src/f1tenth_system/vesc/vesc_driver' with build type 'ament_cmake'
[4.194s] INFO:colcon.colcon_cmake.task.cmake.build:Building CMake package in '/home/ecd507/f1tenth_ws/src/f1tenth_system/vesc/vesc_driver'
[4.195s] INFO:colcon.colcon_core.shell:Skip shell extension 'powershell' for command environment: Not usable outside of PowerShell
[4.195s] DEBUG:colcon.colcon_core.shell:Skip shell extension 'dsv' for command environment
[4.273s] DEBUG:colcon.colcon_core.event_handler.log_command:Invoking command in '/home/ecd507/f1tenth_ws/build/vesc_driver': AMENT_PREFIX_PATH=/home/ecd507/f1tenth_ws/install/vesc_msgs CMAKE_PREFIX_PATH=/home/ecd507/f1tenth_ws/install/vesc_msgs LD_LIBRARY_PATH=/home/ecd507/f1tenth_ws/install/vesc_msgs/lib PYTHONPATH=/home/ecd507/f1tenth_ws/install/vesc_msgs/local/lib/python3.10/dist-packages /usr/bin/cmake --build /home/ecd507/f1tenth_ws/build/vesc_driver -- -j6 -l6
[4.343s] DEBUG:colcon.colcon_core.event_handler.log_command:Invoked command in '/home/ecd507/f1tenth_ws/ml_algorithim_pkg' returned '1': PYTHONPATH=/home/ecd507/f1tenth_ws/build/ml_algorithm_pkg/prefix_override:/usr/lib/python3/dist-packages/colcon_core/task/python/colcon_distutils_commands:/home/ecd507/f1tenth_ws/install/ml_algorithm_pkg/lib/python3.10/site-packages: /usr/bin/python3 -W ignore:setup.py install is deprecated -W ignore:easy_install command is deprecated setup.py egg_info --egg-base ../build/ml_algorithm_pkg build --build-base /home/ecd507/f1tenth_ws/build/ml_algorithm_pkg/build install --record /home/ecd507/f1tenth_ws/build/ml_algorithm_pkg/install.log --single-version-externally-managed install_data
[4.806s] DEBUG:colcon.colcon_parallel_executor.executor.parallel:closing loop
[4.807s] DEBUG:colcon.colcon_parallel_executor.executor.parallel:loop closed
[4.807s] DEBUG:colcon.colcon_parallel_executor.executor.parallel:run_until_complete finished with '1'
[4.808s] DEBUG:colcon.colcon_core.event_reactor:joining thread
[4.825s] INFO:colcon.colcon_core.plugin_system:Skipping extension 'colcon_notification.desktop_notification.terminal_notifier': Not used on non-Darwin systems
[4.825s] INFO:colcon.colcon_core.plugin_system:Skipping extension 'colcon_notification.desktop_notification.win32': Not used on non-Windows systems
[4.826s] INFO:colcon.colcon_notification.desktop_notification:Sending desktop notification using 'notify2'
[4.858s] DEBUG:colcon.colcon_core.event_reactor:joined thread
[4.859s] INFO:colcon.colcon_core.shell:Creating prefix script '/home/ecd507/f1tenth_ws/install/local_setup.ps1'
[4.861s] INFO:colcon.colcon_core.shell:Creating prefix util module '/home/ecd507/f1tenth_ws/install/_local_setup_util_ps1.py'
[4.867s] INFO:colcon.colcon_core.shell:Creating prefix chain script '/home/ecd507/f1tenth_ws/install/setup.ps1'
[4.870s] INFO:colcon.colcon_core.shell:Creating prefix script '/home/ecd507/f1tenth_ws/install/local_setup.sh'
[4.872s] INFO:colcon.colcon_core.shell:Creating prefix util module '/home/ecd507/f1tenth_ws/install/_local_setup_util_sh.py'
[4.874s] INFO:colcon.colcon_core.shell:Creating prefix chain script '/home/ecd507/f1tenth_ws/install/setup.sh'
[4.876s] INFO:colcon.colcon_core.shell:Creating prefix script '/home/ecd507/f1tenth_ws/install/local_setup.bash'
[4.877s] INFO:colcon.colcon_core.shell:Creating prefix chain script '/home/ecd507/f1tenth_ws/install/setup.bash'
[4.879s] INFO:colcon.colcon_core.shell:Creating prefix script '/home/ecd507/f1tenth_ws/install/local_setup.zsh'
[4.880s] INFO:colcon.colcon_core.shell:Creating prefix chain script '/home/ecd507/f1tenth_ws/install/setup.zsh'
