[3.112s] Invoking command in '/home/ecd507/f1tenth_ws/src/ros2_camera': PYTHONPATH=/home/ecd507/f1tenth_ws/build/ros2_camera/prefix_override:/usr/lib/python3/dist-packages/colcon_core/task/python/colcon_distutils_commands:/home/ecd507/f1tenth_ws/install/ros2_camera/lib/python3.10/site-packages:${PYTHONPATH} /usr/bin/python3 -W ignore:setup.py install is deprecated -W ignore:easy_install command is deprecated setup.py egg_info --egg-base ../../build/ros2_camera build --build-base /home/ecd507/f1tenth_ws/build/ros2_camera/build install --record /home/ecd507/f1tenth_ws/build/ros2_camera/install.log --single-version-externally-managed install_data
[4.247s] running egg_info
[4.251s] writing ../../build/ros2_camera/ros2_camera.egg-info/PKG-INFO
[4.253s] writing dependency_links to ../../build/ros2_camera/ros2_camera.egg-info/dependency_links.txt
[4.254s] writing entry points to ../../build/ros2_camera/ros2_camera.egg-info/entry_points.txt
[4.255s] writing requirements to ../../build/ros2_camera/ros2_camera.egg-info/requires.txt
[4.256s] writing top-level names to ../../build/ros2_camera/ros2_camera.egg-info/top_level.txt
[4.263s] reading manifest file '../../build/ros2_camera/ros2_camera.egg-info/SOURCES.txt'
[4.263s] adding license file 'LICENSE'
[4.263s] writing manifest file '../../build/ros2_camera/ros2_camera.egg-info/SOURCES.txt'
[4.263s] running build
[4.264s] running build_py
[4.264s] copying ros2_camera/camera_node.py -> /home/ecd507/f1tenth_ws/build/ros2_camera/build/lib/ros2_camera
[4.264s] running install
[4.268s] running install_lib
[4.271s] copying /home/ecd507/f1tenth_ws/build/ros2_camera/build/lib/ros2_camera/camera_node.py -> /home/ecd507/f1tenth_ws/install/ros2_camera/lib/python3.10/site-packages/ros2_camera
[4.272s] byte-compiling /home/ecd507/f1tenth_ws/install/ros2_camera/lib/python3.10/site-packages/ros2_camera/camera_node.py to camera_node.cpython-310.pyc
[4.274s] running install_data
[4.274s] running install_egg_info
[4.279s] removing '/home/ecd507/f1tenth_ws/install/ros2_camera/lib/python3.10/site-packages/ros2_camera-0.0.0-py3.10.egg-info' (and everything under it)
[4.279s] Copying ../../build/ros2_camera/ros2_camera.egg-info to /home/ecd507/f1tenth_ws/install/ros2_camera/lib/python3.10/site-packages/ros2_camera-0.0.0-py3.10.egg-info
[4.281s] running install_scripts
[4.329s] Installing camera_node script to /home/ecd507/f1tenth_ws/install/ros2_camera/lib/ros2_camera
[4.330s] writing list of installed files to '/home/ecd507/f1tenth_ws/build/ros2_camera/install.log'
[4.416s] Invoked command in '/home/ecd507/f1tenth_ws/src/ros2_camera' returned '0': PYTHONPATH=/home/ecd507/f1tenth_ws/build/ros2_camera/prefix_override:/usr/lib/python3/dist-packages/colcon_core/task/python/colcon_distutils_commands:/home/ecd507/f1tenth_ws/install/ros2_camera/lib/python3.10/site-packages:${PYTHONPATH} /usr/bin/python3 -W ignore:setup.py install is deprecated -W ignore:easy_install command is deprecated setup.py egg_info --egg-base ../../build/ros2_camera build --build-base /home/ecd507/f1tenth_ws/build/ros2_camera/build install --record /home/ecd507/f1tenth_ws/build/ros2_camera/install.log --single-version-externally-managed install_data
