running egg_info
writing ../../build/ml_algorithm/ml_algorithm.egg-info/PKG-INFO
writing dependency_links to ../../build/ml_algorithm/ml_algorithm.egg-info/dependency_links.txt
writing entry points to ../../build/ml_algorithm/ml_algorithm.egg-info/entry_points.txt
writing requirements to ../../build/ml_algorithm/ml_algorithm.egg-info/requires.txt
writing top-level names to ../../build/ml_algorithm/ml_algorithm.egg-info/top_level.txt
reading manifest file '../../build/ml_algorithm/ml_algorithm.egg-info/SOURCES.txt'
writing manifest file '../../build/ml_algorithm/ml_algorithm.egg-info/SOURCES.txt'
running build
running build_py
copying ml_algorithm/ml_algorithm_node.py -> /home/ecd507/f1tenth_ws/build/ml_algorithm/build/lib/ml_algorithm
running install
running install_lib
copying /home/ecd507/f1tenth_ws/build/ml_algorithm/build/lib/ml_algorithm/ml_algorithm_node.py -> /home/ecd507/f1tenth_ws/install/ml_algorithm/lib/python3.10/site-packages/ml_algorithm
byte-compiling /home/ecd507/f1tenth_ws/install/ml_algorithm/lib/python3.10/site-packages/ml_algorithm/ml_algorithm_node.py to ml_algorithm_node.cpython-310.pyc
running install_data
running install_egg_info
removing '/home/ecd507/f1tenth_ws/install/ml_algorithm/lib/python3.10/site-packages/ml_algorithm-0.0.0-py3.10.egg-info' (and everything under it)
Copying ../../build/ml_algorithm/ml_algorithm.egg-info to /home/ecd507/f1tenth_ws/install/ml_algorithm/lib/python3.10/site-packages/ml_algorithm-0.0.0-py3.10.egg-info
running install_scripts
Installing ml_algorithm_node script to /home/ecd507/f1tenth_ws/install/ml_algorithm/lib/ml_algorithm
writing list of installed files to '/home/ecd507/f1tenth_ws/build/ml_algorithm/install.log'
