[1.411s] Invoking command in '/home/ecd507/f1tenth_ws/src/ml_drive': PYTHONPATH=/home/ecd507/f1tenth_ws/build/ml_drive/prefix_override:/usr/lib/python3/dist-packages/colcon_core/task/python/colcon_distutils_commands:/home/ecd507/f1tenth_ws/install/ml_drive/lib/python3.10/site-packages:${PYTHONPATH} /usr/bin/python3 -W ignore:setup.py install is deprecated -W ignore:easy_install command is deprecated setup.py egg_info --egg-base ../../build/ml_drive build --build-base /home/ecd507/f1tenth_ws/build/ml_drive/build install --record /home/ecd507/f1tenth_ws/build/ml_drive/install.log --single-version-externally-managed install_data
[1.988s] running egg_info
[1.989s] writing ../../build/ml_drive/ml_drive.egg-info/PKG-INFO
[1.990s] writing dependency_links to ../../build/ml_drive/ml_drive.egg-info/dependency_links.txt
[1.990s] writing entry points to ../../build/ml_drive/ml_drive.egg-info/entry_points.txt
[1.990s] writing requirements to ../../build/ml_drive/ml_drive.egg-info/requires.txt
[1.991s] writing top-level names to ../../build/ml_drive/ml_drive.egg-info/top_level.txt
[1.995s] reading manifest file '../../build/ml_drive/ml_drive.egg-info/SOURCES.txt'
[1.996s] writing manifest file '../../build/ml_drive/ml_drive.egg-info/SOURCES.txt'
[1.997s] running build
[1.997s] running build_py
[1.997s] copying ml_drive/ml_vesc_controller.py -> /home/ecd507/f1tenth_ws/build/ml_drive/build/lib/ml_drive
[1.998s] running install
[1.998s] running install_lib
[2.003s] copying /home/ecd507/f1tenth_ws/build/ml_drive/build/lib/ml_drive/ml_vesc_controller.py -> /home/ecd507/f1tenth_ws/install/ml_drive/lib/python3.10/site-packages/ml_drive
[2.004s] byte-compiling /home/ecd507/f1tenth_ws/install/ml_drive/lib/python3.10/site-packages/ml_drive/ml_vesc_controller.py to ml_vesc_controller.cpython-310.pyc
[2.005s] running install_data
[2.005s] running install_egg_info
[2.009s] removing '/home/ecd507/f1tenth_ws/install/ml_drive/lib/python3.10/site-packages/ml_drive-0.0.0-py3.10.egg-info' (and everything under it)
[2.010s] Copying ../../build/ml_drive/ml_drive.egg-info to /home/ecd507/f1tenth_ws/install/ml_drive/lib/python3.10/site-packages/ml_drive-0.0.0-py3.10.egg-info
[2.012s] running install_scripts
[2.057s] Installing camera_subscriber script to /home/ecd507/f1tenth_ws/install/ml_drive/lib/ml_drive
[2.061s] writing list of installed files to '/home/ecd507/f1tenth_ws/build/ml_drive/install.log'
[2.135s] Invoked command in '/home/ecd507/f1tenth_ws/src/ml_drive' returned '0': PYTHONPATH=/home/ecd507/f1tenth_ws/build/ml_drive/prefix_override:/usr/lib/python3/dist-packages/colcon_core/task/python/colcon_distutils_commands:/home/ecd507/f1tenth_ws/install/ml_drive/lib/python3.10/site-packages:${PYTHONPATH} /usr/bin/python3 -W ignore:setup.py install is deprecated -W ignore:easy_install command is deprecated setup.py egg_info --egg-base ../../build/ml_drive build --build-base /home/ecd507/f1tenth_ws/build/ml_drive/build install --record /home/ecd507/f1tenth_ws/build/ml_drive/install.log --single-version-externally-managed install_data
