[3.474s] Invoking command in '/home/ecd507/f1tenth_ws/src/data_logger': PYTHONPATH=/home/ecd507/f1tenth_ws/build/data_logger/prefix_override:/usr/lib/python3/dist-packages/colcon_core/task/python/colcon_distutils_commands:/home/ecd507/f1tenth_ws/install/data_logger/lib/python3.10/site-packages: /usr/bin/python3 -W ignore:setup.py install is deprecated -W ignore:easy_install command is deprecated setup.py egg_info --egg-base ../../build/data_logger build --build-base /home/ecd507/f1tenth_ws/build/data_logger/build install --record /home/ecd507/f1tenth_ws/build/data_logger/install.log --single-version-externally-managed install_data
[4.108s] running egg_info
[4.109s] writing ../../build/data_logger/data_logger.egg-info/PKG-INFO
[4.110s] writing dependency_links to ../../build/data_logger/data_logger.egg-info/dependency_links.txt
[4.111s] writing entry points to ../../build/data_logger/data_logger.egg-info/entry_points.txt
[4.112s] writing requirements to ../../build/data_logger/data_logger.egg-info/requires.txt
[4.112s] writing top-level names to ../../build/data_logger/data_logger.egg-info/top_level.txt
[4.118s] reading manifest file '../../build/data_logger/data_logger.egg-info/SOURCES.txt'
[4.126s] writing manifest file '../../build/data_logger/data_logger.egg-info/SOURCES.txt'
[4.126s] running build
[4.126s] running build_py
[4.127s] running install
[4.128s] running install_lib
[4.132s] running install_data
[4.134s] running install_egg_info
[4.138s] removing '/home/ecd507/f1tenth_ws/install/data_logger/lib/python3.10/site-packages/data_logger-0.0.0-py3.10.egg-info' (and everything under it)
[4.172s] Copying ../../build/data_logger/data_logger.egg-info to /home/ecd507/f1tenth_ws/install/data_logger/lib/python3.10/site-packages/data_logger-0.0.0-py3.10.egg-info
[4.180s] running install_scripts
[4.256s] Installing data_collector script to /home/ecd507/f1tenth_ws/install/data_logger/lib/data_logger
[4.257s] writing list of installed files to '/home/ecd507/f1tenth_ws/build/data_logger/install.log'
[4.411s] Invoked command in '/home/ecd507/f1tenth_ws/src/data_logger' returned '0': PYTHONPATH=/home/ecd507/f1tenth_ws/build/data_logger/prefix_override:/usr/lib/python3/dist-packages/colcon_core/task/python/colcon_distutils_commands:/home/ecd507/f1tenth_ws/install/data_logger/lib/python3.10/site-packages: /usr/bin/python3 -W ignore:setup.py install is deprecated -W ignore:easy_install command is deprecated setup.py egg_info --egg-base ../../build/data_logger build --build-base /home/ecd507/f1tenth_ws/build/data_logger/build install --record /home/ecd507/f1tenth_ws/build/data_logger/install.log --single-version-externally-managed install_data
