[3.608s] Invoking command in '/home/ecd507/f1tenth_ws/src/ros2_camera': PYTHONPATH=/home/ecd507/f1tenth_ws/build/ros2_camera/prefix_override:/usr/lib/python3/dist-packages/colcon_core/task/python/colcon_distutils_commands:/home/ecd507/f1tenth_ws/install/ros2_camera/lib/python3.10/site-packages:${PYTHONPATH} /usr/bin/python3 -W ignore:setup.py install is deprecated -W ignore:easy_install command is deprecated setup.py egg_info --egg-base ../../build/ros2_camera build --build-base /home/ecd507/f1tenth_ws/build/ros2_camera/build install --record /home/ecd507/f1tenth_ws/build/ros2_camera/install.log --single-version-externally-managed install_data
[4.318s] running egg_info
[4.320s] writing ../../build/ros2_camera/ros2_camera.egg-info/PKG-INFO
[4.320s] writing dependency_links to ../../build/ros2_camera/ros2_camera.egg-info/dependency_links.txt
[4.321s] writing entry points to ../../build/ros2_camera/ros2_camera.egg-info/entry_points.txt
[4.321s] writing requirements to ../../build/ros2_camera/ros2_camera.egg-info/requires.txt
[4.322s] writing top-level names to ../../build/ros2_camera/ros2_camera.egg-info/top_level.txt
[4.326s] reading manifest file '../../build/ros2_camera/ros2_camera.egg-info/SOURCES.txt'
[4.326s] adding license file 'LICENSE'
[4.329s] writing manifest file '../../build/ros2_camera/ros2_camera.egg-info/SOURCES.txt'
[4.330s] running build
[4.330s] running build_py
[4.330s] running install
[4.331s] running install_lib
[4.335s] running install_data
[4.335s] running install_egg_info
[4.339s] removing '/home/ecd507/f1tenth_ws/install/ros2_camera/lib/python3.10/site-packages/ros2_camera-0.0.0-py3.10.egg-info' (and everything under it)
[4.340s] Copying ../../build/ros2_camera/ros2_camera.egg-info to /home/ecd507/f1tenth_ws/install/ros2_camera/lib/python3.10/site-packages/ros2_camera-0.0.0-py3.10.egg-info
[4.342s] running install_scripts
[4.397s] Installing camera_node script to /home/ecd507/f1tenth_ws/install/ros2_camera/lib/ros2_camera
[4.398s] writing list of installed files to '/home/ecd507/f1tenth_ws/build/ros2_camera/install.log'
[4.484s] Invoked command in '/home/ecd507/f1tenth_ws/src/ros2_camera' returned '0': PYTHONPATH=/home/ecd507/f1tenth_ws/build/ros2_camera/prefix_override:/usr/lib/python3/dist-packages/colcon_core/task/python/colcon_distutils_commands:/home/ecd507/f1tenth_ws/install/ros2_camera/lib/python3.10/site-packages:${PYTHONPATH} /usr/bin/python3 -W ignore:setup.py install is deprecated -W ignore:easy_install command is deprecated setup.py egg_info --egg-base ../../build/ros2_camera build --build-base /home/ecd507/f1tenth_ws/build/ros2_camera/build install --record /home/ecd507/f1tenth_ws/build/ros2_camera/install.log --single-version-externally-managed install_data
