[2.882s] Invoking command in '/home/ecd507/f1tenth_ws/src/ml_algorithim_pkg': PYTHONPATH=/home/ecd507/f1tenth_ws/build/ml_algorithim_pkg/prefix_override:/usr/lib/python3/dist-packages/colcon_core/task/python/colcon_distutils_commands:/home/ecd507/f1tenth_ws/install/ml_algorithim_pkg/lib/python3.10/site-packages: /usr/bin/python3 -W ignore:setup.py install is deprecated -W ignore:easy_install command is deprecated setup.py egg_info --egg-base ../../build/ml_algorithim_pkg build --build-base /home/ecd507/f1tenth_ws/build/ml_algorithim_pkg/build install --record /home/ecd507/f1tenth_ws/build/ml_algorithim_pkg/install.log --single-version-externally-managed install_data
[3.398s] running egg_info
[3.400s] writing ../../build/ml_algorithim_pkg/ml_algorithim_pkg.egg-info/PKG-INFO
[3.401s] writing dependency_links to ../../build/ml_algorithim_pkg/ml_algorithim_pkg.egg-info/dependency_links.txt
[3.403s] writing entry points to ../../build/ml_algorithim_pkg/ml_algorithim_pkg.egg-info/entry_points.txt
[3.403s] writing requirements to ../../build/ml_algorithim_pkg/ml_algorithim_pkg.egg-info/requires.txt
[3.403s] writing top-level names to ../../build/ml_algorithim_pkg/ml_algorithim_pkg.egg-info/top_level.txt
[3.408s] reading manifest file '../../build/ml_algorithim_pkg/ml_algorithim_pkg.egg-info/SOURCES.txt'
[3.410s] writing manifest file '../../build/ml_algorithim_pkg/ml_algorithim_pkg.egg-info/SOURCES.txt'
[3.410s] running build
[3.411s] running build_py
[3.411s] running install
[3.412s] running install_lib
[3.415s] running install_data
[3.415s] running install_egg_info
[3.419s] removing '/home/ecd507/f1tenth_ws/install/ml_algorithim_pkg/lib/python3.10/site-packages/ml_algorithim_pkg-0.0.0-py3.10.egg-info' (and everything under it)
[3.420s] Copying ../../build/ml_algorithim_pkg/ml_algorithim_pkg.egg-info to /home/ecd507/f1tenth_ws/install/ml_algorithim_pkg/lib/python3.10/site-packages/ml_algorithim_pkg-0.0.0-py3.10.egg-info
[3.422s] running install_scripts
[3.469s] writing list of installed files to '/home/ecd507/f1tenth_ws/build/ml_algorithim_pkg/install.log'
[3.562s] Invoked command in '/home/ecd507/f1tenth_ws/src/ml_algorithim_pkg' returned '0': PYTHONPATH=/home/ecd507/f1tenth_ws/build/ml_algorithim_pkg/prefix_override:/usr/lib/python3/dist-packages/colcon_core/task/python/colcon_distutils_commands:/home/ecd507/f1tenth_ws/install/ml_algorithim_pkg/lib/python3.10/site-packages: /usr/bin/python3 -W ignore:setup.py install is deprecated -W ignore:easy_install command is deprecated setup.py egg_info --egg-base ../../build/ml_algorithim_pkg build --build-base /home/ecd507/f1tenth_ws/build/ml_algorithim_pkg/build install --record /home/ecd507/f1tenth_ws/build/ml_algorithim_pkg/install.log --single-version-externally-managed install_data
