running egg_info
writing ../../build/data_logger/data_logger.egg-info/PKG-INFO
writing dependency_links to ../../build/data_logger/data_logger.egg-info/dependency_links.txt
writing entry points to ../../build/data_logger/data_logger.egg-info/entry_points.txt
writing requirements to ../../build/data_logger/data_logger.egg-info/requires.txt
writing top-level names to ../../build/data_logger/data_logger.egg-info/top_level.txt
reading manifest file '../../build/data_logger/data_logger.egg-info/SOURCES.txt'
writing manifest file '../../build/data_logger/data_logger.egg-info/SOURCES.txt'
running build
running build_py
copying data_logger/data_collector.py -> /home/ecd507/f1tenth_ws/build/data_logger/build/lib/data_logger
running install
running install_lib
copying /home/ecd507/f1tenth_ws/build/data_logger/build/lib/data_logger/data_collector.py -> /home/ecd507/f1tenth_ws/install/data_logger/lib/python3.10/site-packages/data_logger
byte-compiling /home/ecd507/f1tenth_ws/install/data_logger/lib/python3.10/site-packages/data_logger/data_collector.py to data_collector.cpython-310.pyc
running install_data
running install_egg_info
removing '/home/ecd507/f1tenth_ws/install/data_logger/lib/python3.10/site-packages/data_logger-0.0.0-py3.10.egg-info' (and everything under it)
Copying ../../build/data_logger/data_logger.egg-info to /home/ecd507/f1tenth_ws/install/data_logger/lib/python3.10/site-packages/data_logger-0.0.0-py3.10.egg-info
running install_scripts
Installing data_collector script to /home/ecd507/f1tenth_ws/install/data_logger/lib/data_logger
writing list of installed files to '/home/ecd507/f1tenth_ws/build/data_logger/install.log'
