[3.076s] Invoking command in '/home/ecd507/f1tenth_ws/src/data_logger': PYTHONPATH=/home/ecd507/f1tenth_ws/build/data_logger/prefix_override:/usr/lib/python3/dist-packages/colcon_core/task/python/colcon_distutils_commands:/home/ecd507/f1tenth_ws/install/data_logger/lib/python3.10/site-packages:${PYTHONPATH} /usr/bin/python3 -W ignore:setup.py install is deprecated -W ignore:easy_install command is deprecated setup.py egg_info --egg-base ../../build/data_logger build --build-base /home/ecd507/f1tenth_ws/build/data_logger/build install --record /home/ecd507/f1tenth_ws/build/data_logger/install.log --single-version-externally-managed install_data
[3.731s] running egg_info
[3.731s] writing ../../build/data_logger/data_logger.egg-info/PKG-INFO
[3.732s] writing dependency_links to ../../build/data_logger/data_logger.egg-info/dependency_links.txt
[3.732s] writing entry points to ../../build/data_logger/data_logger.egg-info/entry_points.txt
[3.732s] writing requirements to ../../build/data_logger/data_logger.egg-info/requires.txt
[3.732s] writing top-level names to ../../build/data_logger/data_logger.egg-info/top_level.txt
[3.732s] reading manifest file '../../build/data_logger/data_logger.egg-info/SOURCES.txt'
[3.732s] writing manifest file '../../build/data_logger/data_logger.egg-info/SOURCES.txt'
[3.732s] running build
[3.732s] running build_py
[3.738s] copying data_logger/data_collector.py -> /home/ecd507/f1tenth_ws/build/data_logger/build/lib/data_logger
[3.742s] running install
[3.742s] running install_lib
[3.743s] copying /home/ecd507/f1tenth_ws/build/data_logger/build/lib/data_logger/data_collector.py -> /home/ecd507/f1tenth_ws/install/data_logger/lib/python3.10/site-packages/data_logger
[3.744s] byte-compiling /home/ecd507/f1tenth_ws/install/data_logger/lib/python3.10/site-packages/data_logger/data_collector.py to data_collector.cpython-310.pyc
[3.744s] running install_data
[3.746s] running install_egg_info
[3.747s] removing '/home/ecd507/f1tenth_ws/install/data_logger/lib/python3.10/site-packages/data_logger-0.0.0-py3.10.egg-info' (and everything under it)
[3.747s] Copying ../../build/data_logger/data_logger.egg-info to /home/ecd507/f1tenth_ws/install/data_logger/lib/python3.10/site-packages/data_logger-0.0.0-py3.10.egg-info
[3.747s] running install_scripts
[3.751s] Installing data_collector script to /home/ecd507/f1tenth_ws/install/data_logger/lib/data_logger
[3.751s] writing list of installed files to '/home/ecd507/f1tenth_ws/build/data_logger/install.log'
[3.884s] Invoked command in '/home/ecd507/f1tenth_ws/src/data_logger' returned '0': PYTHONPATH=/home/ecd507/f1tenth_ws/build/data_logger/prefix_override:/usr/lib/python3/dist-packages/colcon_core/task/python/colcon_distutils_commands:/home/ecd507/f1tenth_ws/install/data_logger/lib/python3.10/site-packages:${PYTHONPATH} /usr/bin/python3 -W ignore:setup.py install is deprecated -W ignore:easy_install command is deprecated setup.py egg_info --egg-base ../../build/data_logger build --build-base /home/ecd507/f1tenth_ws/build/data_logger/build install --record /home/ecd507/f1tenth_ws/build/data_logger/install.log --single-version-externally-managed install_data
