[4.802s] Invoking command in '/home/ecd507/f1tenth_ws/src/f1tenth_system/teleop_tools/key_teleop': PYTHONPATH=/home/ecd507/f1tenth_ws/build/key_teleop/prefix_override:/usr/lib/python3/dist-packages/colcon_core/task/python/colcon_distutils_commands:/home/ecd507/f1tenth_ws/install/key_teleop/lib/python3.10/site-packages:${PYTHONPATH} /usr/bin/python3 -W ignore:setup.py install is deprecated -W ignore:easy_install command is deprecated setup.py egg_info --egg-base ../../../../build/key_teleop build --build-base /home/ecd507/f1tenth_ws/build/key_teleop/build install --record /home/ecd507/f1tenth_ws/build/key_teleop/install.log --install-scripts $base/lib/key_teleop --single-version-externally-managed install_data
[5.858s] /usr/lib/python3/dist-packages/setuptools/dist.py:723: UserWarning: Usage of dash-separated 'script-dir' will not be supported in future versions. Please use the underscore name 'script_dir' instead
[5.858s]   warnings.warn(
[5.911s] running egg_info
[5.924s] writing ../../../../build/key_teleop/key_teleop.egg-info/PKG-INFO
[5.930s] writing dependency_links to ../../../../build/key_teleop/key_teleop.egg-info/dependency_links.txt
[5.937s] writing entry points to ../../../../build/key_teleop/key_teleop.egg-info/entry_points.txt
[5.941s] writing requirements to ../../../../build/key_teleop/key_teleop.egg-info/requires.txt
[5.945s] writing top-level names to ../../../../build/key_teleop/key_teleop.egg-info/top_level.txt
[5.957s] reading manifest file '../../../../build/key_teleop/key_teleop.egg-info/SOURCES.txt'
[5.959s] adding license file 'LICENSE'
[5.963s] writing manifest file '../../../../build/key_teleop/key_teleop.egg-info/SOURCES.txt'
[5.964s] running build
[5.965s] running build_py
[5.965s] running install
[5.966s] running install_lib
[5.970s] running install_data
[5.970s] running install_egg_info
[5.980s] removing '/home/ecd507/f1tenth_ws/install/key_teleop/lib/python3.10/site-packages/key_teleop-0.3.0-py3.10.egg-info' (and everything under it)
[5.992s] Copying ../../../../build/key_teleop/key_teleop.egg-info to /home/ecd507/f1tenth_ws/install/key_teleop/lib/python3.10/site-packages/key_teleop-0.3.0-py3.10.egg-info
[6.015s] running install_scripts
[6.070s] Installing key_teleop script to /home/ecd507/f1tenth_ws/install/key_teleop/lib/key_teleop
[6.076s] writing list of installed files to '/home/ecd507/f1tenth_ws/build/key_teleop/install.log'
[7.343s] Invoked command in '/home/ecd507/f1tenth_ws/src/f1tenth_system/teleop_tools/key_teleop' returned '0': PYTHONPATH=/home/ecd507/f1tenth_ws/build/key_teleop/prefix_override:/usr/lib/python3/dist-packages/colcon_core/task/python/colcon_distutils_commands:/home/ecd507/f1tenth_ws/install/key_teleop/lib/python3.10/site-packages:${PYTHONPATH} /usr/bin/python3 -W ignore:setup.py install is deprecated -W ignore:easy_install command is deprecated setup.py egg_info --egg-base ../../../../build/key_teleop build --build-base /home/ecd507/f1tenth_ws/build/key_teleop/build install --record /home/ecd507/f1tenth_ws/build/key_teleop/install.log --install-scripts $base/lib/key_teleop --single-version-externally-managed install_data
