[3.999s] Invoking command in '/home/ecd507/f1tenth_ws/src/data_logger': PYTHONPATH=/home/ecd507/f1tenth_ws/build/data_logger/prefix_override:/usr/lib/python3/dist-packages/colcon_core/task/python/colcon_distutils_commands:/home/ecd507/f1tenth_ws/install/data_logger/lib/python3.10/site-packages:${PYTHONPATH} /usr/bin/python3 -W ignore:setup.py install is deprecated -W ignore:easy_install command is deprecated setup.py egg_info --egg-base ../../build/data_logger build --build-base /home/ecd507/f1tenth_ws/build/data_logger/build install --record /home/ecd507/f1tenth_ws/build/data_logger/install.log --single-version-externally-managed install_data
[5.023s] running egg_info
[5.026s] writing ../../build/data_logger/data_logger.egg-info/PKG-INFO
[5.027s] writing dependency_links to ../../build/data_logger/data_logger.egg-info/dependency_links.txt
[5.028s] writing entry points to ../../build/data_logger/data_logger.egg-info/entry_points.txt
[5.029s] writing requirements to ../../build/data_logger/data_logger.egg-info/requires.txt
[5.029s] writing top-level names to ../../build/data_logger/data_logger.egg-info/top_level.txt
[5.035s] reading manifest file '../../build/data_logger/data_logger.egg-info/SOURCES.txt'
[5.038s] writing manifest file '../../build/data_logger/data_logger.egg-info/SOURCES.txt'
[5.039s] running build
[5.040s] running build_py
[5.041s] running install
[5.042s] running install_lib
[5.046s] running install_data
[5.046s] running install_egg_info
[5.052s] removing '/home/ecd507/f1tenth_ws/install/data_logger/lib/python3.10/site-packages/data_logger-0.0.0-py3.10.egg-info' (and everything under it)
[5.053s] Copying ../../build/data_logger/data_logger.egg-info to /home/ecd507/f1tenth_ws/install/data_logger/lib/python3.10/site-packages/data_logger-0.0.0-py3.10.egg-info
[5.056s] running install_scripts
[5.110s] Installing data_collector script to /home/ecd507/f1tenth_ws/install/data_logger/lib/data_logger
[5.112s] writing list of installed files to '/home/ecd507/f1tenth_ws/build/data_logger/install.log'
[5.906s] Invoked command in '/home/ecd507/f1tenth_ws/src/data_logger' returned '0': PYTHONPATH=/home/ecd507/f1tenth_ws/build/data_logger/prefix_override:/usr/lib/python3/dist-packages/colcon_core/task/python/colcon_distutils_commands:/home/ecd507/f1tenth_ws/install/data_logger/lib/python3.10/site-packages:${PYTHONPATH} /usr/bin/python3 -W ignore:setup.py install is deprecated -W ignore:easy_install command is deprecated setup.py egg_info --egg-base ../../build/data_logger build --build-base /home/ecd507/f1tenth_ws/build/data_logger/build install --record /home/ecd507/f1tenth_ws/build/data_logger/install.log --single-version-externally-managed install_data
