[2.185s] Invoking command in '/home/ecd507/f1tenth_ws/src/f1tenth_system/teleop_tools/mouse_teleop': PYTHONPATH=/home/ecd507/f1tenth_ws/build/mouse_teleop/prefix_override:/usr/lib/python3/dist-packages/colcon_core/task/python/colcon_distutils_commands:/home/ecd507/f1tenth_ws/install/mouse_teleop/lib/python3.10/site-packages:${PYTHONPATH} /usr/bin/python3 -W ignore:setup.py install is deprecated -W ignore:easy_install command is deprecated setup.py egg_info --egg-base ../../../../build/mouse_teleop build --build-base /home/ecd507/f1tenth_ws/build/mouse_teleop/build install --record /home/ecd507/f1tenth_ws/build/mouse_teleop/install.log --install-scripts $base/lib/mouse_teleop --single-version-externally-managed install_data
[2.723s] /usr/lib/python3/dist-packages/setuptools/dist.py:723: UserWarning: Usage of dash-separated 'script-dir' will not be supported in future versions. Please use the underscore name 'script_dir' instead
[2.723s]   warnings.warn(
[2.741s] running egg_info
[2.742s] writing ../../../../build/mouse_teleop/mouse_teleop.egg-info/PKG-INFO
[2.743s] writing dependency_links to ../../../../build/mouse_teleop/mouse_teleop.egg-info/dependency_links.txt
[2.743s] writing entry points to ../../../../build/mouse_teleop/mouse_teleop.egg-info/entry_points.txt
[2.744s] writing requirements to ../../../../build/mouse_teleop/mouse_teleop.egg-info/requires.txt
[2.744s] writing top-level names to ../../../../build/mouse_teleop/mouse_teleop.egg-info/top_level.txt
[2.748s] reading manifest file '../../../../build/mouse_teleop/mouse_teleop.egg-info/SOURCES.txt'
[2.749s] adding license file 'LICENSE'
[2.750s] writing manifest file '../../../../build/mouse_teleop/mouse_teleop.egg-info/SOURCES.txt'
[2.750s] running build
[2.751s] running build_py
[2.751s] running install
[2.752s] running install_lib
[2.755s] running install_data
[2.755s] running install_egg_info
[2.762s] removing '/home/ecd507/f1tenth_ws/install/mouse_teleop/lib/python3.10/site-packages/mouse_teleop-0.3.0-py3.10.egg-info' (and everything under it)
[2.763s] Copying ../../../../build/mouse_teleop/mouse_teleop.egg-info to /home/ecd507/f1tenth_ws/install/mouse_teleop/lib/python3.10/site-packages/mouse_teleop-0.3.0-py3.10.egg-info
[2.765s] running install_scripts
[2.808s] Installing mouse_teleop script to /home/ecd507/f1tenth_ws/install/mouse_teleop/lib/mouse_teleop
[2.809s] writing list of installed files to '/home/ecd507/f1tenth_ws/build/mouse_teleop/install.log'
[2.904s] Invoked command in '/home/ecd507/f1tenth_ws/src/f1tenth_system/teleop_tools/mouse_teleop' returned '0': PYTHONPATH=/home/ecd507/f1tenth_ws/build/mouse_teleop/prefix_override:/usr/lib/python3/dist-packages/colcon_core/task/python/colcon_distutils_commands:/home/ecd507/f1tenth_ws/install/mouse_teleop/lib/python3.10/site-packages:${PYTHONPATH} /usr/bin/python3 -W ignore:setup.py install is deprecated -W ignore:easy_install command is deprecated setup.py egg_info --egg-base ../../../../build/mouse_teleop build --build-base /home/ecd507/f1tenth_ws/build/mouse_teleop/build install --record /home/ecd507/f1tenth_ws/build/mouse_teleop/install.log --install-scripts $base/lib/mouse_teleop --single-version-externally-managed install_data
