[0.074s] Invoking command in '/home/ecd507/f1tenth_ws/build/teleop_tools_msgs': CMAKE_PREFIX_PATH=${CMAKE_PREFIX_PATH}:/home/ecd507/f1tenth_ws/install/f1tenth_stack:/home/ecd507/f1tenth_ws/install/joy_teleop:/home/ecd507/f1tenth_ws/install/ros2_camera:/home/ecd507/f1tenth_ws/install/mouse_teleop:/home/ecd507/f1tenth_ws/install/ml_algorithim_pkg:/home/ecd507/f1tenth_ws/install/key_teleop:/opt/ros/humble /usr/bin/cmake --build /home/ecd507/f1tenth_ws/build/teleop_tools_msgs -- -j6 -l6
[1.050s] [  3%] Built target teleop_tools_msgs__cpp
[1.050s] [ 12%] Built target teleop_tools_msgs__rosidl_generator_c
[1.050s] [ 12%] Built target ament_cmake_python_copy_teleop_tools_msgs
[1.051s] [ 22%] Built target teleop_tools_msgs__rosidl_typesupport_cpp
[1.051s] [ 32%] Built target teleop_tools_msgs__rosidl_typesupport_fastrtps_cpp
[1.051s] [ 41%] Built target teleop_tools_msgs__rosidl_typesupport_introspection_cpp
[1.051s] [ 51%] Built target teleop_tools_msgs__rosidl_typesupport_fastrtps_c
[1.051s] [ 61%] Built target teleop_tools_msgs__rosidl_typesupport_introspection_c
[1.051s] [ 70%] Built target teleop_tools_msgs__rosidl_typesupport_c
[1.051s] [ 70%] Built target teleop_tools_msgs
[1.051s] [ 74%] Built target teleop_tools_msgs__py
[1.052s] [ 80%] Built target teleop_tools_msgs__rosidl_generator_py
[1.052s] [ 87%] Built target teleop_tools_msgs__rosidl_typesupport_c__pyext
[1.052s] [ 93%] Built target teleop_tools_msgs__rosidl_typesupport_introspection_c__pyext
[1.052s] [100%] Built target teleop_tools_msgs__rosidl_typesupport_fastrtps_c__pyext
[1.052s] running egg_info
[1.052s] writing teleop_tools_msgs.egg-info/PKG-INFO
[1.053s] writing dependency_links to teleop_tools_msgs.egg-info/dependency_links.txt
[1.053s] writing top-level names to teleop_tools_msgs.egg-info/top_level.txt
[1.053s] reading manifest file 'teleop_tools_msgs.egg-info/SOURCES.txt'
[1.053s] writing manifest file 'teleop_tools_msgs.egg-info/SOURCES.txt'
[1.053s] gmake[1]: *** [CMakeFiles/Makefile2:448: CMakeFiles/ament_cmake_python_build_teleop_tools_msgs_egg.dir/all] Interrupt
[1.053s] gmake: *** [Makefile:146: all] Interrupt
