[4.325s] Invoking command in '/home/ecd507/f1tenth_ws/src/ml_algorithm': PYTHONPATH=/home/ecd507/f1tenth_ws/build/ml_algorithm/prefix_override:/usr/lib/python3/dist-packages/colcon_core/task/python/colcon_distutils_commands:/home/ecd507/f1tenth_ws/install/ml_algorithm/lib/python3.10/site-packages:${PYTHONPATH} /usr/bin/python3 -W ignore:setup.py install is deprecated -W ignore:easy_install command is deprecated setup.py egg_info --egg-base ../../build/ml_algorithm build --build-base /home/ecd507/f1tenth_ws/build/ml_algorithm/build install --record /home/ecd507/f1tenth_ws/build/ml_algorithm/install.log --single-version-externally-managed install_data
[5.741s] running egg_info
[5.748s] writing ../../build/ml_algorithm/ml_algorithm.egg-info/PKG-INFO
[5.752s] writing dependency_links to ../../build/ml_algorithm/ml_algorithm.egg-info/dependency_links.txt
[5.755s] writing entry points to ../../build/ml_algorithm/ml_algorithm.egg-info/entry_points.txt
[5.758s] writing requirements to ../../build/ml_algorithm/ml_algorithm.egg-info/requires.txt
[5.761s] writing top-level names to ../../build/ml_algorithm/ml_algorithm.egg-info/top_level.txt
[5.783s] reading manifest file '../../build/ml_algorithm/ml_algorithm.egg-info/SOURCES.txt'
[5.783s] writing manifest file '../../build/ml_algorithm/ml_algorithm.egg-info/SOURCES.txt'
[5.783s] running build
[5.783s] running build_py
[5.783s] copying ml_algorithm/ml_algorithm_node.py -> /home/ecd507/f1tenth_ws/build/ml_algorithm/build/lib/ml_algorithm
[5.784s] running install
[5.784s] running install_lib
[5.784s] copying /home/ecd507/f1tenth_ws/build/ml_algorithm/build/lib/ml_algorithm/ml_algorithm_node.py -> /home/ecd507/f1tenth_ws/install/ml_algorithm/lib/python3.10/site-packages/ml_algorithm
[5.786s] byte-compiling /home/ecd507/f1tenth_ws/install/ml_algorithm/lib/python3.10/site-packages/ml_algorithm/ml_algorithm_node.py to ml_algorithm_node.cpython-310.pyc
[5.789s] running install_data
[5.790s] running install_egg_info
[5.809s] removing '/home/ecd507/f1tenth_ws/install/ml_algorithm/lib/python3.10/site-packages/ml_algorithm-0.0.0-py3.10.egg-info' (and everything under it)
[5.809s] Copying ../../build/ml_algorithm/ml_algorithm.egg-info to /home/ecd507/f1tenth_ws/install/ml_algorithm/lib/python3.10/site-packages/ml_algorithm-0.0.0-py3.10.egg-info
[5.810s] running install_scripts
[5.869s] Installing ml_algorithm_node script to /home/ecd507/f1tenth_ws/install/ml_algorithm/lib/ml_algorithm
[5.871s] writing list of installed files to '/home/ecd507/f1tenth_ws/build/ml_algorithm/install.log'
[6.797s] Invoked command in '/home/ecd507/f1tenth_ws/src/ml_algorithm' returned '0': PYTHONPATH=/home/ecd507/f1tenth_ws/build/ml_algorithm/prefix_override:/usr/lib/python3/dist-packages/colcon_core/task/python/colcon_distutils_commands:/home/ecd507/f1tenth_ws/install/ml_algorithm/lib/python3.10/site-packages:${PYTHONPATH} /usr/bin/python3 -W ignore:setup.py install is deprecated -W ignore:easy_install command is deprecated setup.py egg_info --egg-base ../../build/ml_algorithm build --build-base /home/ecd507/f1tenth_ws/build/ml_algorithm/build install --record /home/ecd507/f1tenth_ws/build/ml_algorithm/install.log --single-version-externally-managed install_data
