running egg_info
writing ../../build/ml_drive/ml_drive.egg-info/PKG-INFO
writing dependency_links to ../../build/ml_drive/ml_drive.egg-info/dependency_links.txt
writing entry points to ../../build/ml_drive/ml_drive.egg-info/entry_points.txt
writing requirements to ../../build/ml_drive/ml_drive.egg-info/requires.txt
writing top-level names to ../../build/ml_drive/ml_drive.egg-info/top_level.txt
reading manifest file '../../build/ml_drive/ml_drive.egg-info/SOURCES.txt'
writing manifest file '../../build/ml_drive/ml_drive.egg-info/SOURCES.txt'
running build
running build_py
running install
running install_lib
running install_data
copying package.xml -> /home/ecd507/f1tenth_ws/install/ml_drive/share/ml_drive
running install_egg_info
removing '/home/ecd507/f1tenth_ws/install/ml_drive/lib/python3.10/site-packages/ml_drive-0.0.0-py3.10.egg-info' (and everything under it)
Copying ../../build/ml_drive/ml_drive.egg-info to /home/ecd507/f1tenth_ws/install/ml_drive/lib/python3.10/site-packages/ml_drive-0.0.0-py3.10.egg-info
running install_scripts
Installing camera_subscriber script to /home/ecd507/f1tenth_ws/install/ml_drive/lib/ml_drive
writing list of installed files to '/home/ecd507/f1tenth_ws/build/ml_drive/install.log'
