[3.710s] Invoking command in '/home/ecd507/f1tenth_ws/src/ml_drive': PYTHONPATH=/home/ecd507/f1tenth_ws/build/ml_drive/prefix_override:/usr/lib/python3/dist-packages/colcon_core/task/python/colcon_distutils_commands:/home/ecd507/f1tenth_ws/install/ml_drive/lib/python3.10/site-packages:${PYTHONPATH} /usr/bin/python3 -W ignore:setup.py install is deprecated -W ignore:easy_install command is deprecated setup.py egg_info --egg-base ../../build/ml_drive build --build-base /home/ecd507/f1tenth_ws/build/ml_drive/build install --record /home/ecd507/f1tenth_ws/build/ml_drive/install.log --single-version-externally-managed install_data
[4.331s] running egg_info
[4.333s] writing ../../build/ml_drive/ml_drive.egg-info/PKG-INFO
[4.334s] writing dependency_links to ../../build/ml_drive/ml_drive.egg-info/dependency_links.txt
[4.334s] writing entry points to ../../build/ml_drive/ml_drive.egg-info/entry_points.txt
[4.335s] writing requirements to ../../build/ml_drive/ml_drive.egg-info/requires.txt
[4.335s] writing top-level names to ../../build/ml_drive/ml_drive.egg-info/top_level.txt
[4.339s] reading manifest file '../../build/ml_drive/ml_drive.egg-info/SOURCES.txt'
[4.342s] writing manifest file '../../build/ml_drive/ml_drive.egg-info/SOURCES.txt'
[4.343s] running build
[4.343s] running build_py
[4.344s] running install
[4.344s] running install_lib
[4.349s] running install_data
[4.350s] copying package.xml -> /home/ecd507/f1tenth_ws/install/ml_drive/share/ml_drive
[4.350s] running install_egg_info
[4.354s] removing '/home/ecd507/f1tenth_ws/install/ml_drive/lib/python3.10/site-packages/ml_drive-0.0.0-py3.10.egg-info' (and everything under it)
[4.355s] Copying ../../build/ml_drive/ml_drive.egg-info to /home/ecd507/f1tenth_ws/install/ml_drive/lib/python3.10/site-packages/ml_drive-0.0.0-py3.10.egg-info
[4.357s] running install_scripts
[4.405s] Installing camera_subscriber script to /home/ecd507/f1tenth_ws/install/ml_drive/lib/ml_drive
[4.406s] writing list of installed files to '/home/ecd507/f1tenth_ws/build/ml_drive/install.log'
[4.513s] Invoked command in '/home/ecd507/f1tenth_ws/src/ml_drive' returned '0': PYTHONPATH=/home/ecd507/f1tenth_ws/build/ml_drive/prefix_override:/usr/lib/python3/dist-packages/colcon_core/task/python/colcon_distutils_commands:/home/ecd507/f1tenth_ws/install/ml_drive/lib/python3.10/site-packages:${PYTHONPATH} /usr/bin/python3 -W ignore:setup.py install is deprecated -W ignore:easy_install command is deprecated setup.py egg_info --egg-base ../../build/ml_drive build --build-base /home/ecd507/f1tenth_ws/build/ml_drive/build install --record /home/ecd507/f1tenth_ws/build/ml_drive/install.log --single-version-externally-managed install_data
