[4.176s] Invoking command in '/home/ecd507/f1tenth_ws/src/data_logger': PYTHONPATH=/home/ecd507/f1tenth_ws/build/data_logger/prefix_override:/usr/lib/python3/dist-packages/colcon_core/task/python/colcon_distutils_commands:/home/ecd507/f1tenth_ws/install/data_logger/lib/python3.10/site-packages:${PYTHONPATH} /usr/bin/python3 -W ignore:setup.py install is deprecated -W ignore:easy_install command is deprecated setup.py egg_info --egg-base ../../build/data_logger build --build-base /home/ecd507/f1tenth_ws/build/data_logger/build install --record /home/ecd507/f1tenth_ws/build/data_logger/install.log --single-version-externally-managed install_data
[4.923s] running egg_info
[4.925s] writing ../../build/data_logger/data_logger.egg-info/PKG-INFO
[4.925s] writing dependency_links to ../../build/data_logger/data_logger.egg-info/dependency_links.txt
[4.930s] writing entry points to ../../build/data_logger/data_logger.egg-info/entry_points.txt
[4.932s] writing requirements to ../../build/data_logger/data_logger.egg-info/requires.txt
[4.932s] writing top-level names to ../../build/data_logger/data_logger.egg-info/top_level.txt
[4.942s] reading manifest file '../../build/data_logger/data_logger.egg-info/SOURCES.txt'
[4.945s] writing manifest file '../../build/data_logger/data_logger.egg-info/SOURCES.txt'
[4.945s] running build
[4.946s] running build_py
[4.946s] running install
[4.947s] running install_lib
[4.950s] running install_data
[4.951s] running install_egg_info
[4.955s] removing '/home/ecd507/f1tenth_ws/install/data_logger/lib/python3.10/site-packages/data_logger-0.0.0-py3.10.egg-info' (and everything under it)
[4.957s] Copying ../../build/data_logger/data_logger.egg-info to /home/ecd507/f1tenth_ws/install/data_logger/lib/python3.10/site-packages/data_logger-0.0.0-py3.10.egg-info
[4.964s] running install_scripts
[5.015s] Installing data_collector script to /home/ecd507/f1tenth_ws/install/data_logger/lib/data_logger
[5.016s] writing list of installed files to '/home/ecd507/f1tenth_ws/build/data_logger/install.log'
[5.178s] Invoked command in '/home/ecd507/f1tenth_ws/src/data_logger' returned '0': PYTHONPATH=/home/ecd507/f1tenth_ws/build/data_logger/prefix_override:/usr/lib/python3/dist-packages/colcon_core/task/python/colcon_distutils_commands:/home/ecd507/f1tenth_ws/install/data_logger/lib/python3.10/site-packages:${PYTHONPATH} /usr/bin/python3 -W ignore:setup.py install is deprecated -W ignore:easy_install command is deprecated setup.py egg_info --egg-base ../../build/data_logger build --build-base /home/ecd507/f1tenth_ws/build/data_logger/build install --record /home/ecd507/f1tenth_ws/build/data_logger/install.log --single-version-externally-managed install_data
