gmake[1]: *** [CMakeFiles/Makefile2:589: vesc_msgs__py/CMakeFiles/vesc_msgs__py.dir/all] Interrupt
Traceback (most recent call last):
  File "/home/ecd507/f1tenth_ws/build/vesc_msgs/ament_cmake_python/vesc_msgs/setup.py", line 1, in <module>
    from setuptools import find_packages
  File "/usr/lib/python3/dist-packages/setuptools/__init__.py", line 10, in <module>
    import distutils.core
  File "/usr/lib/python3.10/distutils/core.py", line 17, in <module>
    from distutils.cmd import Command
  File "/usr/lib/python3.10/distutils/cmd.py", line 9, in <module>
    from distutils import util, dir_util, file_util, archive_util, dep_util
  File "/usr/lib/python3.10/distutils/archive_util.py", line 11, in <module>
    import zipfile
  File "/usr/lib/python3.10/zipfile.py", line 20, in <module>
    import pathlib
  File "/usr/lib/python3.10/pathlib.py", line 14, in <module>
    from urllib.parse import quote_from_bytes as urlquote_from_bytes
  File "/usr/lib/python3.10/urllib/parse.py", line 257, in <module>
    _SplitResultBase = namedtuple(
  File "/usr/lib/python3.10/collections/__init__.py", line 397, in namedtuple
    field_names = tuple(map(_sys.intern, field_names))
KeyboardInterrupt
gmake[2]: *** [CMakeFiles/ament_cmake_python_build_vesc_msgs_egg.dir/build.make:70: CMakeFiles/ament_cmake_python_build_vesc_msgs_egg] Interrupt
gmake[1]: *** [CMakeFiles/Makefile2:447: CMakeFiles/ament_cmake_python_build_vesc_msgs_egg.dir/all] Interrupt
gmake: *** [Makefile:146: all] Interrupt
