[1.416s] Invoking command in '/home/ecd507/f1tenth_ws/src/f1tenth_system/f1tenth_stack': AMENT_PREFIX_PATH=/home/ecd507/f1tenth_ws/install/joy_teleop:/home/ecd507/f1tenth_ws/install/f1tenth_stack:/home/ecd507/f1tenth_ws/install/vesc:/home/ecd507/f1tenth_ws/install/vesc_driver:/home/ecd507/f1tenth_ws/install/vesc_ackermann:/home/ecd507/f1tenth_ws/install/vesc_msgs:/home/ecd507/f1tenth_ws/install/udp_driver:/home/ecd507/f1tenth_ws/install/teleop_tools:/home/ecd507/f1tenth_ws/install/teleop_tools_msgs:/home/ecd507/f1tenth_ws/install/serial_driver:/home/ecd507/f1tenth_ws/install/mouse_teleop:/home/ecd507/f1tenth_ws/install/key_teleop:/home/ecd507/f1tenth_ws/install/io_context:/home/ecd507/f1tenth_ws/install/asio_cmake_module:/home/ecd507/f1tenth_ws/install/ackermann_mux:/opt/ros/humble CMAKE_PREFIX_PATH=/home/ecd507/f1tenth_ws/install/vesc:/home/ecd507/f1tenth_ws/install/vesc_driver:/home/ecd507/f1tenth_ws/install/vesc_ackermann:/home/ecd507/f1tenth_ws/install/vesc_msgs:/home/ecd507/f1tenth_ws/install/teleop_tools_msgs:/home/ecd507/f1tenth_ws/install/ackermann_mux:/home/ecd507/f1tenth_ws/install/udp_driver:/home/ecd507/f1tenth_ws/install/teleop_tools:/home/ecd507/f1tenth_ws/install/serial_driver:/home/ecd507/f1tenth_ws/install/io_context:/home/ecd507/f1tenth_ws/install/asio_cmake_module LD_LIBRARY_PATH=/home/ecd507/f1tenth_ws/install/vesc_driver/lib:/home/ecd507/f1tenth_ws/install/vesc_ackermann/lib:/home/ecd507/f1tenth_ws/install/vesc_msgs/lib:/home/ecd507/f1tenth_ws/install/teleop_tools_msgs/lib:/home/ecd507/f1tenth_ws/install/udp_driver/lib:/home/ecd507/f1tenth_ws/install/serial_driver/lib:/home/ecd507/f1tenth_ws/install/io_context/lib:/opt/ros/humble/opt/rviz_ogre_vendor/lib:/opt/ros/humble/lib/aarch64-linux-gnu:/opt/ros/humble/lib PYTHONPATH=/home/ecd507/f1tenth_ws/build/f1tenth_stack/prefix_override:/usr/lib/python3/dist-packages/colcon_core/task/python/colcon_distutils_commands:/home/ecd507/f1tenth_ws/install/f1tenth_stack/lib/python3.10/site-packages:/home/ecd507/f1tenth_ws/install/joy_teleop/lib/python3.10/site-packages:/home/ecd507/f1tenth_ws/install/f1tenth_stack/lib/python3.10/site-packages:/home/ecd507/f1tenth_ws/install/vesc_msgs/local/lib/python3.10/dist-packages:/home/ecd507/f1tenth_ws/install/teleop_tools_msgs/local/lib/python3.10/dist-packages:/home/ecd507/f1tenth_ws/install/mouse_teleop/lib/python3.10/site-packages:/home/ecd507/f1tenth_ws/install/key_teleop/lib/python3.10/site-packages:/opt/ros/humble/lib/python3.10/site-packages:/opt/ros/humble/local/lib/python3.10/dist-packages /usr/bin/python3 -W ignore:setup.py install is deprecated -W ignore:easy_install command is deprecated setup.py egg_info --egg-base ../../../build/f1tenth_stack build --build-base /home/ecd507/f1tenth_ws/build/f1tenth_stack/build install --record /home/ecd507/f1tenth_ws/build/f1tenth_stack/install.log --install-scripts $base/lib/f1tenth_stack --single-version-externally-managed install_data
[1.917s] /usr/lib/python3/dist-packages/setuptools/dist.py:723: UserWarning: Usage of dash-separated 'script-dir' will not be supported in future versions. Please use the underscore name 'script_dir' instead
[1.917s]   warnings.warn(
[1.935s] running egg_info
[1.936s] creating ../../../build/f1tenth_stack/f1tenth_stack.egg-info
[1.936s] writing ../../../build/f1tenth_stack/f1tenth_stack.egg-info/PKG-INFO
[1.937s] writing dependency_links to ../../../build/f1tenth_stack/f1tenth_stack.egg-info/dependency_links.txt
[1.937s] writing entry points to ../../../build/f1tenth_stack/f1tenth_stack.egg-info/entry_points.txt
[1.937s] writing requirements to ../../../build/f1tenth_stack/f1tenth_stack.egg-info/requires.txt
[1.937s] writing top-level names to ../../../build/f1tenth_stack/f1tenth_stack.egg-info/top_level.txt
[1.938s] writing manifest file '../../../build/f1tenth_stack/f1tenth_stack.egg-info/SOURCES.txt'
[1.941s] reading manifest file '../../../build/f1tenth_stack/f1tenth_stack.egg-info/SOURCES.txt'
[1.942s] writing manifest file '../../../build/f1tenth_stack/f1tenth_stack.egg-info/SOURCES.txt'
[1.943s] running build
[1.943s] running build_py
[1.943s] creating /home/ecd507/f1tenth_ws/build/f1tenth_stack/build
[1.943s] creating /home/ecd507/f1tenth_ws/build/f1tenth_stack/build/lib
[1.943s] creating /home/ecd507/f1tenth_ws/build/f1tenth_stack/build/lib/f1tenth_stack
[1.944s] copying f1tenth_stack/throttle_interpolator.py -> /home/ecd507/f1tenth_ws/build/f1tenth_stack/build/lib/f1tenth_stack
[1.944s] copying f1tenth_stack/__init__.py -> /home/ecd507/f1tenth_ws/build/f1tenth_stack/build/lib/f1tenth_stack
[1.944s] copying f1tenth_stack/tf_publisher.py -> /home/ecd507/f1tenth_ws/build/f1tenth_stack/build/lib/f1tenth_stack
[1.945s] running install
[1.945s] running install_lib
[1.947s] creating /home/ecd507/f1tenth_ws/install/f1tenth_stack/lib/python3.10/site-packages/f1tenth_stack
[1.947s] copying /home/ecd507/f1tenth_ws/build/f1tenth_stack/build/lib/f1tenth_stack/throttle_interpolator.py -> /home/ecd507/f1tenth_ws/install/f1tenth_stack/lib/python3.10/site-packages/f1tenth_stack
[1.947s] copying /home/ecd507/f1tenth_ws/build/f1tenth_stack/build/lib/f1tenth_stack/__init__.py -> /home/ecd507/f1tenth_ws/install/f1tenth_stack/lib/python3.10/site-packages/f1tenth_stack
[1.947s] copying /home/ecd507/f1tenth_ws/build/f1tenth_stack/build/lib/f1tenth_stack/tf_publisher.py -> /home/ecd507/f1tenth_ws/install/f1tenth_stack/lib/python3.10/site-packages/f1tenth_stack
[1.949s] byte-compiling /home/ecd507/f1tenth_ws/install/f1tenth_stack/lib/python3.10/site-packages/f1tenth_stack/throttle_interpolator.py to throttle_interpolator.cpython-310.pyc
[1.951s] byte-compiling /home/ecd507/f1tenth_ws/install/f1tenth_stack/lib/python3.10/site-packages/f1tenth_stack/__init__.py to __init__.cpython-310.pyc
[1.951s] byte-compiling /home/ecd507/f1tenth_ws/install/f1tenth_stack/lib/python3.10/site-packages/f1tenth_stack/tf_publisher.py to tf_publisher.cpython-310.pyc
[1.952s] running install_data
[1.952s] creating /home/ecd507/f1tenth_ws/install/f1tenth_stack/share/ament_index
[1.952s] creating /home/ecd507/f1tenth_ws/install/f1tenth_stack/share/ament_index/resource_index
[1.952s] creating /home/ecd507/f1tenth_ws/install/f1tenth_stack/share/ament_index/resource_index/packages
[1.952s] copying resource/f1tenth_stack -> /home/ecd507/f1tenth_ws/install/f1tenth_stack/share/ament_index/resource_index/packages
[1.953s] copying package.xml -> /home/ecd507/f1tenth_ws/install/f1tenth_stack/share/f1tenth_stack
[1.953s] creating /home/ecd507/f1tenth_ws/install/f1tenth_stack/share/f1tenth_stack/launch
[1.953s] copying launch/bringup_launch.py -> /home/ecd507/f1tenth_ws/install/f1tenth_stack/share/f1tenth_stack/launch
[1.953s] creating /home/ecd507/f1tenth_ws/install/f1tenth_stack/share/f1tenth_stack/config
[1.953s] copying config/joy_teleop.yaml -> /home/ecd507/f1tenth_ws/install/f1tenth_stack/share/f1tenth_stack/config
[1.954s] copying config/f1tenth_online_async.yaml -> /home/ecd507/f1tenth_ws/install/f1tenth_stack/share/f1tenth_stack/config
[1.954s] copying config/vesc.yaml -> /home/ecd507/f1tenth_ws/install/f1tenth_stack/share/f1tenth_stack/config
[1.954s] copying config/sensors.yaml -> /home/ecd507/f1tenth_ws/install/f1tenth_stack/share/f1tenth_stack/config
[1.954s] copying config/mux.yaml -> /home/ecd507/f1tenth_ws/install/f1tenth_stack/share/f1tenth_stack/config
[1.954s] running install_egg_info
[1.961s] Copying ../../../build/f1tenth_stack/f1tenth_stack.egg-info to /home/ecd507/f1tenth_ws/install/f1tenth_stack/lib/python3.10/site-packages/f1tenth_stack-0.0.1-py3.10.egg-info
[1.963s] running install_scripts
[2.004s] Installing tf_publisher script to /home/ecd507/f1tenth_ws/install/f1tenth_stack/lib/f1tenth_stack
[2.005s] Installing throttle_interpolator script to /home/ecd507/f1tenth_ws/install/f1tenth_stack/lib/f1tenth_stack
[2.006s] writing list of installed files to '/home/ecd507/f1tenth_ws/build/f1tenth_stack/install.log'
[2.076s] Invoked command in '/home/ecd507/f1tenth_ws/src/f1tenth_system/f1tenth_stack' returned '0': AMENT_PREFIX_PATH=/home/ecd507/f1tenth_ws/install/joy_teleop:/home/ecd507/f1tenth_ws/install/f1tenth_stack:/home/ecd507/f1tenth_ws/install/vesc:/home/ecd507/f1tenth_ws/install/vesc_driver:/home/ecd507/f1tenth_ws/install/vesc_ackermann:/home/ecd507/f1tenth_ws/install/vesc_msgs:/home/ecd507/f1tenth_ws/install/udp_driver:/home/ecd507/f1tenth_ws/install/teleop_tools:/home/ecd507/f1tenth_ws/install/teleop_tools_msgs:/home/ecd507/f1tenth_ws/install/serial_driver:/home/ecd507/f1tenth_ws/install/mouse_teleop:/home/ecd507/f1tenth_ws/install/key_teleop:/home/ecd507/f1tenth_ws/install/io_context:/home/ecd507/f1tenth_ws/install/asio_cmake_module:/home/ecd507/f1tenth_ws/install/ackermann_mux:/opt/ros/humble CMAKE_PREFIX_PATH=/home/ecd507/f1tenth_ws/install/vesc:/home/ecd507/f1tenth_ws/install/vesc_driver:/home/ecd507/f1tenth_ws/install/vesc_ackermann:/home/ecd507/f1tenth_ws/install/vesc_msgs:/home/ecd507/f1tenth_ws/install/teleop_tools_msgs:/home/ecd507/f1tenth_ws/install/ackermann_mux:/home/ecd507/f1tenth_ws/install/udp_driver:/home/ecd507/f1tenth_ws/install/teleop_tools:/home/ecd507/f1tenth_ws/install/serial_driver:/home/ecd507/f1tenth_ws/install/io_context:/home/ecd507/f1tenth_ws/install/asio_cmake_module LD_LIBRARY_PATH=/home/ecd507/f1tenth_ws/install/vesc_driver/lib:/home/ecd507/f1tenth_ws/install/vesc_ackermann/lib:/home/ecd507/f1tenth_ws/install/vesc_msgs/lib:/home/ecd507/f1tenth_ws/install/teleop_tools_msgs/lib:/home/ecd507/f1tenth_ws/install/udp_driver/lib:/home/ecd507/f1tenth_ws/install/serial_driver/lib:/home/ecd507/f1tenth_ws/install/io_context/lib:/opt/ros/humble/opt/rviz_ogre_vendor/lib:/opt/ros/humble/lib/aarch64-linux-gnu:/opt/ros/humble/lib PYTHONPATH=/home/ecd507/f1tenth_ws/build/f1tenth_stack/prefix_override:/usr/lib/python3/dist-packages/colcon_core/task/python/colcon_distutils_commands:/home/ecd507/f1tenth_ws/install/f1tenth_stack/lib/python3.10/site-packages:/home/ecd507/f1tenth_ws/install/joy_teleop/lib/python3.10/site-packages:/home/ecd507/f1tenth_ws/install/f1tenth_stack/lib/python3.10/site-packages:/home/ecd507/f1tenth_ws/install/vesc_msgs/local/lib/python3.10/dist-packages:/home/ecd507/f1tenth_ws/install/teleop_tools_msgs/local/lib/python3.10/dist-packages:/home/ecd507/f1tenth_ws/install/mouse_teleop/lib/python3.10/site-packages:/home/ecd507/f1tenth_ws/install/key_teleop/lib/python3.10/site-packages:/opt/ros/humble/lib/python3.10/site-packages:/opt/ros/humble/local/lib/python3.10/dist-packages /usr/bin/python3 -W ignore:setup.py install is deprecated -W ignore:easy_install command is deprecated setup.py egg_info --egg-base ../../../build/f1tenth_stack build --build-base /home/ecd507/f1tenth_ws/build/f1tenth_stack/build install --record /home/ecd507/f1tenth_ws/build/f1tenth_stack/install.log --install-scripts $base/lib/f1tenth_stack --single-version-externally-managed install_data
