[4.819s] Invoking command in '/home/ecd507/f1tenth_ws/src/data_logger': PYTHONPATH=/home/ecd507/f1tenth_ws/build/data_logger/prefix_override:/usr/lib/python3/dist-packages/colcon_core/task/python/colcon_distutils_commands:/home/ecd507/f1tenth_ws/install/data_logger/lib/python3.10/site-packages:${PYTHONPATH} /usr/bin/python3 -W ignore:setup.py install is deprecated -W ignore:easy_install command is deprecated setup.py egg_info --egg-base ../../build/data_logger build --build-base /home/ecd507/f1tenth_ws/build/data_logger/build install --record /home/ecd507/f1tenth_ws/build/data_logger/install.log --single-version-externally-managed install_data
[5.750s] running egg_info
[5.754s] writing ../../build/data_logger/data_logger.egg-info/PKG-INFO
[5.757s] writing dependency_links to ../../build/data_logger/data_logger.egg-info/dependency_links.txt
[5.769s] writing entry points to ../../build/data_logger/data_logger.egg-info/entry_points.txt
[5.771s] writing requirements to ../../build/data_logger/data_logger.egg-info/requires.txt
[5.775s] writing top-level names to ../../build/data_logger/data_logger.egg-info/top_level.txt
[5.782s] reading manifest file '../../build/data_logger/data_logger.egg-info/SOURCES.txt'
[5.934s] writing manifest file '../../build/data_logger/data_logger.egg-info/SOURCES.txt'
[5.935s] running build
[5.935s] running build_py
[5.935s] running install
[5.936s] running install_lib
[5.940s] running install_data
[5.940s] running install_egg_info
[5.948s] removing '/home/ecd507/f1tenth_ws/install/data_logger/lib/python3.10/site-packages/data_logger-0.0.0-py3.10.egg-info' (and everything under it)
[6.533s] Copying ../../build/data_logger/data_logger.egg-info to /home/ecd507/f1tenth_ws/install/data_logger/lib/python3.10/site-packages/data_logger-0.0.0-py3.10.egg-info
[6.541s] running install_scripts
[6.675s] Installing data_collector script to /home/ecd507/f1tenth_ws/install/data_logger/lib/data_logger
[6.680s] writing list of installed files to '/home/ecd507/f1tenth_ws/build/data_logger/install.log'
[6.918s] Invoked command in '/home/ecd507/f1tenth_ws/src/data_logger' returned '0': PYTHONPATH=/home/ecd507/f1tenth_ws/build/data_logger/prefix_override:/usr/lib/python3/dist-packages/colcon_core/task/python/colcon_distutils_commands:/home/ecd507/f1tenth_ws/install/data_logger/lib/python3.10/site-packages:${PYTHONPATH} /usr/bin/python3 -W ignore:setup.py install is deprecated -W ignore:easy_install command is deprecated setup.py egg_info --egg-base ../../build/data_logger build --build-base /home/ecd507/f1tenth_ws/build/data_logger/build install --record /home/ecd507/f1tenth_ws/build/data_logger/install.log --single-version-externally-managed install_data
