[3.359s] Invoking command in '/home/ecd507/f1tenth_ws/src/ml_algorithm': PYTHONPATH=/home/ecd507/f1tenth_ws/build/ml_algorithm/prefix_override:/usr/lib/python3/dist-packages/colcon_core/task/python/colcon_distutils_commands:/home/ecd507/f1tenth_ws/install/ml_algorithm/lib/python3.10/site-packages:${PYTHONPATH} /usr/bin/python3 -W ignore:setup.py install is deprecated -W ignore:easy_install command is deprecated setup.py egg_info --egg-base ../../build/ml_algorithm build --build-base /home/ecd507/f1tenth_ws/build/ml_algorithm/build install --record /home/ecd507/f1tenth_ws/build/ml_algorithm/install.log --single-version-externally-managed install_data
[4.108s]   File "/home/ecd507/f1tenth_ws/install/ml_algorithm/lib/python3.10/site-packages/ml_algorithm/ml_algorithm_node.py", line 18
[4.108s]     self.model = torch.load(os.path.expanduser('~/f1tenth_ws/model.pth'),weights_only=False map_location=torch.device(self.device))
[4.108s]                                                                                       ^^^^^^^^^^^^^^^^^^
[4.108s] SyntaxError: invalid syntax. Perhaps you forgot a comma?
[4.108s] 
[4.109s] running egg_info
[4.109s] writing ../../build/ml_algorithm/ml_algorithm.egg-info/PKG-INFO
[4.109s] writing dependency_links to ../../build/ml_algorithm/ml_algorithm.egg-info/dependency_links.txt
[4.109s] writing entry points to ../../build/ml_algorithm/ml_algorithm.egg-info/entry_points.txt
[4.109s] writing requirements to ../../build/ml_algorithm/ml_algorithm.egg-info/requires.txt
[4.109s] writing top-level names to ../../build/ml_algorithm/ml_algorithm.egg-info/top_level.txt
[4.109s] reading manifest file '../../build/ml_algorithm/ml_algorithm.egg-info/SOURCES.txt'
[4.109s] writing manifest file '../../build/ml_algorithm/ml_algorithm.egg-info/SOURCES.txt'
[4.110s] running build
[4.110s] running build_py
[4.110s] copying ml_algorithm/ml_algorithm_node.py -> /home/ecd507/f1tenth_ws/build/ml_algorithm/build/lib/ml_algorithm
[4.110s] running install
[4.110s] running install_lib
[4.110s] copying /home/ecd507/f1tenth_ws/build/ml_algorithm/build/lib/ml_algorithm/ml_algorithm_node.py -> /home/ecd507/f1tenth_ws/install/ml_algorithm/lib/python3.10/site-packages/ml_algorithm
[4.110s] byte-compiling /home/ecd507/f1tenth_ws/install/ml_algorithm/lib/python3.10/site-packages/ml_algorithm/ml_algorithm_node.py to ml_algorithm_node.cpython-310.pyc
[4.110s] running install_data
[4.111s] running install_egg_info
[4.111s] removing '/home/ecd507/f1tenth_ws/install/ml_algorithm/lib/python3.10/site-packages/ml_algorithm-0.0.0-py3.10.egg-info' (and everything under it)
[4.111s] Copying ../../build/ml_algorithm/ml_algorithm.egg-info to /home/ecd507/f1tenth_ws/install/ml_algorithm/lib/python3.10/site-packages/ml_algorithm-0.0.0-py3.10.egg-info
[4.111s] running install_scripts
[4.111s] Installing ml_algorithm_node script to /home/ecd507/f1tenth_ws/install/ml_algorithm/lib/ml_algorithm
[4.111s] writing list of installed files to '/home/ecd507/f1tenth_ws/build/ml_algorithm/install.log'
[4.135s] Invoked command in '/home/ecd507/f1tenth_ws/src/ml_algorithm' returned '0': PYTHONPATH=/home/ecd507/f1tenth_ws/build/ml_algorithm/prefix_override:/usr/lib/python3/dist-packages/colcon_core/task/python/colcon_distutils_commands:/home/ecd507/f1tenth_ws/install/ml_algorithm/lib/python3.10/site-packages:${PYTHONPATH} /usr/bin/python3 -W ignore:setup.py install is deprecated -W ignore:easy_install command is deprecated setup.py egg_info --egg-base ../../build/ml_algorithm build --build-base /home/ecd507/f1tenth_ws/build/ml_algorithm/build install --record /home/ecd507/f1tenth_ws/build/ml_algorithm/install.log --single-version-externally-managed install_data
