[0.126s] Invoking command in '/home/ecd507/f1tenth_ws/build/vesc_msgs': CMAKE_PREFIX_PATH=${CMAKE_PREFIX_PATH}:/home/ecd507/f1tenth_ws/install/f1tenth_stack:/home/ecd507/f1tenth_ws/install/joy_teleop:/home/ecd507/f1tenth_ws/install/ros2_camera:/home/ecd507/f1tenth_ws/install/mouse_teleop:/home/ecd507/f1tenth_ws/install/ml_drive:/home/ecd507/f1tenth_ws/install/ml_algorithm_pkg:/home/ecd507/f1tenth_ws/install/ml_algorithm:/home/ecd507/f1tenth_ws/install/key_teleop:/home/ecd507/f1tenth_ws/install/data_logger:/opt/ros/humble /usr/bin/cmake --build /home/ecd507/f1tenth_ws/build/vesc_msgs -- -j6 -l6
[1.725s] [  1%] Built target vesc_msgs__cpp
[1.726s] [  1%] Built target ament_cmake_python_copy_vesc_msgs
[1.726s] [ 12%] Built target vesc_msgs__rosidl_typesupport_cpp
[1.726s] [ 23%] Built target vesc_msgs__rosidl_typesupport_fastrtps_cpp
[1.727s] [ 34%] Built target vesc_msgs__rosidl_typesupport_introspection_cpp
[1.727s] [ 45%] Built target vesc_msgs__rosidl_generator_c
[1.727s] [ 56%] Built target vesc_msgs__rosidl_typesupport_introspection_c
[1.727s] [ 67%] Built target vesc_msgs__rosidl_typesupport_c
[1.727s] [ 78%] Built target vesc_msgs__rosidl_typesupport_fastrtps_c
[1.728s] [ 78%] Built target vesc_msgs
[1.732s] [ 80%] Built target vesc_msgs__py
[1.733s] [ 89%] Built target vesc_msgs__rosidl_generator_py
[1.734s] [ 94%] Built target vesc_msgs__rosidl_typesupport_c__pyext
[1.734s] [ 96%] Built target vesc_msgs__rosidl_typesupport_introspection_c__pyext
[1.734s] [100%] Built target vesc_msgs__rosidl_typesupport_fastrtps_c__pyext
[1.734s] running egg_info
[1.734s] writing vesc_msgs.egg-info/PKG-INFO
[1.735s] writing dependency_links to vesc_msgs.egg-info/dependency_links.txt
[1.735s] writing top-level names to vesc_msgs.egg-info/top_level.txt
[1.762s] reading manifest file 'vesc_msgs.egg-info/SOURCES.txt'
[1.774s] writing manifest file 'vesc_msgs.egg-info/SOURCES.txt'
[1.863s] [100%] Built target ament_cmake_python_build_vesc_msgs_egg
[2.548s] Invoked command in '/home/ecd507/f1tenth_ws/build/vesc_msgs' returned '0': CMAKE_PREFIX_PATH=${CMAKE_PREFIX_PATH}:/home/ecd507/f1tenth_ws/install/f1tenth_stack:/home/ecd507/f1tenth_ws/install/joy_teleop:/home/ecd507/f1tenth_ws/install/ros2_camera:/home/ecd507/f1tenth_ws/install/mouse_teleop:/home/ecd507/f1tenth_ws/install/ml_drive:/home/ecd507/f1tenth_ws/install/ml_algorithm_pkg:/home/ecd507/f1tenth_ws/install/ml_algorithm:/home/ecd507/f1tenth_ws/install/key_teleop:/home/ecd507/f1tenth_ws/install/data_logger:/opt/ros/humble /usr/bin/cmake --build /home/ecd507/f1tenth_ws/build/vesc_msgs -- -j6 -l6
[2.640s] Invoking command in '/home/ecd507/f1tenth_ws/build/vesc_msgs': CMAKE_PREFIX_PATH=${CMAKE_PREFIX_PATH}:/home/ecd507/f1tenth_ws/install/f1tenth_stack:/home/ecd507/f1tenth_ws/install/joy_teleop:/home/ecd507/f1tenth_ws/install/ros2_camera:/home/ecd507/f1tenth_ws/install/mouse_teleop:/home/ecd507/f1tenth_ws/install/ml_drive:/home/ecd507/f1tenth_ws/install/ml_algorithm_pkg:/home/ecd507/f1tenth_ws/install/ml_algorithm:/home/ecd507/f1tenth_ws/install/key_teleop:/home/ecd507/f1tenth_ws/install/data_logger:/opt/ros/humble /usr/bin/cmake --install /home/ecd507/f1tenth_ws/build/vesc_msgs
[2.674s] -- Install configuration: ""
[2.675s] -- Up-to-date: /home/ecd507/f1tenth_ws/install/vesc_msgs/share/ament_index/resource_index/rosidl_interfaces/vesc_msgs
[2.675s] -- Up-to-date: /home/ecd507/f1tenth_ws/install/vesc_msgs/include/vesc_msgs/vesc_msgs
[2.675s] -- Up-to-date: /home/ecd507/f1tenth_ws/install/vesc_msgs/include/vesc_msgs/vesc_msgs/msg
[2.675s] -- Up-to-date: /home/ecd507/f1tenth_ws/install/vesc_msgs/include/vesc_msgs/vesc_msgs/msg/vesc_imu_stamped.h
[2.675s] -- Up-to-date: /home/ecd507/f1tenth_ws/install/vesc_msgs/include/vesc_msgs/vesc_msgs/msg/rosidl_generator_c__visibility_control.h
[2.675s] -- Up-to-date: /home/ecd507/f1tenth_ws/install/vesc_msgs/include/vesc_msgs/vesc_msgs/msg/vesc_imu.h
[2.675s] -- Up-to-date: /home/ecd507/f1tenth_ws/install/vesc_msgs/include/vesc_msgs/vesc_msgs/msg/detail
[2.676s] -- Up-to-date: /home/ecd507/f1tenth_ws/install/vesc_msgs/include/vesc_msgs/vesc_msgs/msg/detail/vesc_imu_stamped__functions.c
[2.676s] -- Up-to-date: /home/ecd507/f1tenth_ws/install/vesc_msgs/include/vesc_msgs/vesc_msgs/msg/detail/vesc_imu__functions.c
[2.676s] -- Up-to-date: /home/ecd507/f1tenth_ws/install/vesc_msgs/include/vesc_msgs/vesc_msgs/msg/detail/vesc_state__functions.c
[2.676s] -- Up-to-date: /home/ecd507/f1tenth_ws/install/vesc_msgs/include/vesc_msgs/vesc_msgs/msg/detail/vesc_state__functions.h
[2.677s] -- Up-to-date: /home/ecd507/f1tenth_ws/install/vesc_msgs/include/vesc_msgs/vesc_msgs/msg/detail/vesc_state_stamped__type_support.h
[2.677s] -- Up-to-date: /home/ecd507/f1tenth_ws/install/vesc_msgs/include/vesc_msgs/vesc_msgs/msg/detail/vesc_imu_stamped__type_support.h
[2.677s] -- Up-to-date: /home/ecd507/f1tenth_ws/install/vesc_msgs/include/vesc_msgs/vesc_msgs/msg/detail/vesc_state_stamped__functions.h
[2.677s] -- Up-to-date: /home/ecd507/f1tenth_ws/install/vesc_msgs/include/vesc_msgs/vesc_msgs/msg/detail/vesc_imu__type_support.h
[2.677s] -- Up-to-date: /home/ecd507/f1tenth_ws/install/vesc_msgs/include/vesc_msgs/vesc_msgs/msg/detail/vesc_state_stamped__functions.c
[2.677s] -- Up-to-date: /home/ecd507/f1tenth_ws/install/vesc_msgs/include/vesc_msgs/vesc_msgs/msg/detail/vesc_state__struct.h
[2.677s] -- Up-to-date: /home/ecd507/f1tenth_ws/install/vesc_msgs/include/vesc_msgs/vesc_msgs/msg/detail/vesc_state_stamped__struct.h
[2.678s] -- Up-to-date: /home/ecd507/f1tenth_ws/install/vesc_msgs/include/vesc_msgs/vesc_msgs/msg/detail/vesc_imu__struct.h
[2.678s] -- Up-to-date: /home/ecd507/f1tenth_ws/install/vesc_msgs/include/vesc_msgs/vesc_msgs/msg/detail/vesc_imu__functions.h
[2.678s] -- Up-to-date: /home/ecd507/f1tenth_ws/install/vesc_msgs/include/vesc_msgs/vesc_msgs/msg/detail/vesc_state__type_support.h
[2.678s] -- Up-to-date: /home/ecd507/f1tenth_ws/install/vesc_msgs/include/vesc_msgs/vesc_msgs/msg/detail/vesc_imu_stamped__functions.h
[2.678s] -- Up-to-date: /home/ecd507/f1tenth_ws/install/vesc_msgs/include/vesc_msgs/vesc_msgs/msg/detail/vesc_imu_stamped__struct.h
[2.678s] -- Up-to-date: /home/ecd507/f1tenth_ws/install/vesc_msgs/include/vesc_msgs/vesc_msgs/msg/vesc_state_stamped.h
[2.679s] -- Up-to-date: /home/ecd507/f1tenth_ws/install/vesc_msgs/include/vesc_msgs/vesc_msgs/msg/vesc_state.h
[2.679s] -- Up-to-date: /home/ecd507/f1tenth_ws/install/vesc_msgs/share/vesc_msgs/environment/library_path.sh
[2.679s] -- Up-to-date: /home/ecd507/f1tenth_ws/install/vesc_msgs/share/vesc_msgs/environment/library_path.dsv
[2.685s] -- Up-to-date: /home/ecd507/f1tenth_ws/install/vesc_msgs/lib/libvesc_msgs__rosidl_generator_c.so
[2.689s] -- Up-to-date: /home/ecd507/f1tenth_ws/install/vesc_msgs/include/vesc_msgs/vesc_msgs
[2.693s] -- Up-to-date: /home/ecd507/f1tenth_ws/install/vesc_msgs/include/vesc_msgs/vesc_msgs/msg
[2.694s] -- Up-to-date: /home/ecd507/f1tenth_ws/install/vesc_msgs/include/vesc_msgs/vesc_msgs/msg/detail
[2.694s] -- Up-to-date: /home/ecd507/f1tenth_ws/install/vesc_msgs/include/vesc_msgs/vesc_msgs/msg/detail/vesc_imu_stamped__rosidl_typesupport_fastrtps_c.h
[2.695s] -- Up-to-date: /home/ecd507/f1tenth_ws/install/vesc_msgs/include/vesc_msgs/vesc_msgs/msg/detail/vesc_state_stamped__rosidl_typesupport_fastrtps_c.h
[2.696s] -- Up-to-date: /home/ecd507/f1tenth_ws/install/vesc_msgs/include/vesc_msgs/vesc_msgs/msg/detail/vesc_state__rosidl_typesupport_fastrtps_c.h
[2.697s] -- Up-to-date: /home/ecd507/f1tenth_ws/install/vesc_msgs/include/vesc_msgs/vesc_msgs/msg/detail/vesc_imu__rosidl_typesupport_fastrtps_c.h
[2.698s] -- Up-to-date: /home/ecd507/f1tenth_ws/install/vesc_msgs/include/vesc_msgs/vesc_msgs/msg/rosidl_typesupport_fastrtps_c__visibility_control.h
[2.699s] -- Up-to-date: /home/ecd507/f1tenth_ws/install/vesc_msgs/lib/libvesc_msgs__rosidl_typesupport_fastrtps_c.so
[2.702s] -- Up-to-date: /home/ecd507/f1tenth_ws/install/vesc_msgs/include/vesc_msgs/vesc_msgs
[2.702s] -- Up-to-date: /home/ecd507/f1tenth_ws/install/vesc_msgs/include/vesc_msgs/vesc_msgs/msg
[2.706s] -- Up-to-date: /home/ecd507/f1tenth_ws/install/vesc_msgs/include/vesc_msgs/vesc_msgs/msg/detail
[2.707s] -- Up-to-date: /home/ecd507/f1tenth_ws/install/vesc_msgs/include/vesc_msgs/vesc_msgs/msg/detail/vesc_imu_stamped__rosidl_typesupport_introspection_c.h
[2.707s] -- Up-to-date: /home/ecd507/f1tenth_ws/install/vesc_msgs/include/vesc_msgs/vesc_msgs/msg/detail/vesc_imu__type_support.c
[2.707s] -- Up-to-date: /home/ecd507/f1tenth_ws/install/vesc_msgs/include/vesc_msgs/vesc_msgs/msg/detail/vesc_imu_stamped__type_support.c
[2.707s] -- Up-to-date: /home/ecd507/f1tenth_ws/install/vesc_msgs/include/vesc_msgs/vesc_msgs/msg/detail/vesc_state__rosidl_typesupport_introspection_c.h
[2.709s] -- Up-to-date: /home/ecd507/f1tenth_ws/install/vesc_msgs/include/vesc_msgs/vesc_msgs/msg/detail/vesc_state__type_support.c
[2.709s] -- Up-to-date: /home/ecd507/f1tenth_ws/install/vesc_msgs/include/vesc_msgs/vesc_msgs/msg/detail/vesc_state_stamped__type_support.c
[2.709s] -- Up-to-date: /home/ecd507/f1tenth_ws/install/vesc_msgs/include/vesc_msgs/vesc_msgs/msg/detail/vesc_imu__rosidl_typesupport_introspection_c.h
[2.709s] -- Up-to-date: /home/ecd507/f1tenth_ws/install/vesc_msgs/include/vesc_msgs/vesc_msgs/msg/detail/vesc_state_stamped__rosidl_typesupport_introspection_c.h
[2.710s] -- Up-to-date: /home/ecd507/f1tenth_ws/install/vesc_msgs/include/vesc_msgs/vesc_msgs/msg/rosidl_typesupport_introspection_c__visibility_control.h
[2.710s] -- Up-to-date: /home/ecd507/f1tenth_ws/install/vesc_msgs/lib/libvesc_msgs__rosidl_typesupport_introspection_c.so
[2.722s] -- Up-to-date: /home/ecd507/f1tenth_ws/install/vesc_msgs/lib/libvesc_msgs__rosidl_typesupport_c.so
[2.723s] -- Up-to-date: /home/ecd507/f1tenth_ws/install/vesc_msgs/include/vesc_msgs/vesc_msgs
[2.723s] -- Up-to-date: /home/ecd507/f1tenth_ws/install/vesc_msgs/include/vesc_msgs/vesc_msgs/msg
[2.724s] -- Up-to-date: /home/ecd507/f1tenth_ws/install/vesc_msgs/include/vesc_msgs/vesc_msgs/msg/vesc_imu_stamped.hpp
[2.724s] -- Up-to-date: /home/ecd507/f1tenth_ws/install/vesc_msgs/include/vesc_msgs/vesc_msgs/msg/detail
[2.725s] -- Up-to-date: /home/ecd507/f1tenth_ws/install/vesc_msgs/include/vesc_msgs/vesc_msgs/msg/detail/vesc_imu_stamped__type_support.hpp
[2.726s] -- Up-to-date: /home/ecd507/f1tenth_ws/install/vesc_msgs/include/vesc_msgs/vesc_msgs/msg/detail/vesc_state__struct.hpp
[2.726s] -- Up-to-date: /home/ecd507/f1tenth_ws/install/vesc_msgs/include/vesc_msgs/vesc_msgs/msg/detail/vesc_state_stamped__type_support.hpp
[2.726s] -- Up-to-date: /home/ecd507/f1tenth_ws/install/vesc_msgs/include/vesc_msgs/vesc_msgs/msg/detail/vesc_imu__type_support.hpp
[2.727s] -- Up-to-date: /home/ecd507/f1tenth_ws/install/vesc_msgs/include/vesc_msgs/vesc_msgs/msg/detail/vesc_imu_stamped__traits.hpp
[2.727s] -- Up-to-date: /home/ecd507/f1tenth_ws/install/vesc_msgs/include/vesc_msgs/vesc_msgs/msg/detail/vesc_state__traits.hpp
[2.727s] -- Up-to-date: /home/ecd507/f1tenth_ws/install/vesc_msgs/include/vesc_msgs/vesc_msgs/msg/detail/vesc_imu__builder.hpp
[2.728s] -- Up-to-date: /home/ecd507/f1tenth_ws/install/vesc_msgs/include/vesc_msgs/vesc_msgs/msg/detail/vesc_imu__struct.hpp
[2.728s] -- Up-to-date: /home/ecd507/f1tenth_ws/install/vesc_msgs/include/vesc_msgs/vesc_msgs/msg/detail/vesc_imu_stamped__builder.hpp
[2.729s] -- Up-to-date: /home/ecd507/f1tenth_ws/install/vesc_msgs/include/vesc_msgs/vesc_msgs/msg/detail/vesc_imu_stamped__struct.hpp
[2.730s] -- Up-to-date: /home/ecd507/f1tenth_ws/install/vesc_msgs/include/vesc_msgs/vesc_msgs/msg/detail/vesc_state__type_support.hpp
[2.730s] -- Up-to-date: /home/ecd507/f1tenth_ws/install/vesc_msgs/include/vesc_msgs/vesc_msgs/msg/detail/vesc_state_stamped__builder.hpp
[2.730s] -- Up-to-date: /home/ecd507/f1tenth_ws/install/vesc_msgs/include/vesc_msgs/vesc_msgs/msg/detail/vesc_state_stamped__traits.hpp
[2.730s] -- Up-to-date: /home/ecd507/f1tenth_ws/install/vesc_msgs/include/vesc_msgs/vesc_msgs/msg/detail/vesc_imu__traits.hpp
[2.730s] -- Up-to-date: /home/ecd507/f1tenth_ws/install/vesc_msgs/include/vesc_msgs/vesc_msgs/msg/detail/vesc_state__builder.hpp
[2.741s] -- Up-to-date: /home/ecd507/f1tenth_ws/install/vesc_msgs/include/vesc_msgs/vesc_msgs/msg/detail/vesc_state_stamped__struct.hpp
[2.741s] -- Up-to-date: /home/ecd507/f1tenth_ws/install/vesc_msgs/include/vesc_msgs/vesc_msgs/msg/vesc_state.hpp
[2.742s] -- Up-to-date: /home/ecd507/f1tenth_ws/install/vesc_msgs/include/vesc_msgs/vesc_msgs/msg/vesc_imu.hpp
[2.742s] -- Up-to-date: /home/ecd507/f1tenth_ws/install/vesc_msgs/include/vesc_msgs/vesc_msgs/msg/vesc_state_stamped.hpp
[2.742s] -- Up-to-date: /home/ecd507/f1tenth_ws/install/vesc_msgs/include/vesc_msgs/vesc_msgs/msg/rosidl_generator_cpp__visibility_control.hpp
[2.742s] -- Up-to-date: /home/ecd507/f1tenth_ws/install/vesc_msgs/include/vesc_msgs/vesc_msgs
[2.742s] -- Up-to-date: /home/ecd507/f1tenth_ws/install/vesc_msgs/include/vesc_msgs/vesc_msgs/msg
[2.742s] -- Up-to-date: /home/ecd507/f1tenth_ws/install/vesc_msgs/include/vesc_msgs/vesc_msgs/msg/detail
[2.743s] -- Up-to-date: /home/ecd507/f1tenth_ws/install/vesc_msgs/include/vesc_msgs/vesc_msgs/msg/detail/vesc_imu__rosidl_typesupport_fastrtps_cpp.hpp
[2.743s] -- Up-to-date: /home/ecd507/f1tenth_ws/install/vesc_msgs/include/vesc_msgs/vesc_msgs/msg/detail/dds_fastrtps
[2.743s] -- Up-to-date: /home/ecd507/f1tenth_ws/install/vesc_msgs/include/vesc_msgs/vesc_msgs/msg/detail/vesc_state__rosidl_typesupport_fastrtps_cpp.hpp
[2.743s] -- Up-to-date: /home/ecd507/f1tenth_ws/install/vesc_msgs/include/vesc_msgs/vesc_msgs/msg/detail/vesc_imu_stamped__rosidl_typesupport_fastrtps_cpp.hpp
[2.743s] -- Up-to-date: /home/ecd507/f1tenth_ws/install/vesc_msgs/include/vesc_msgs/vesc_msgs/msg/detail/vesc_state_stamped__rosidl_typesupport_fastrtps_cpp.hpp
[2.743s] -- Up-to-date: /home/ecd507/f1tenth_ws/install/vesc_msgs/include/vesc_msgs/vesc_msgs/msg/rosidl_typesupport_fastrtps_cpp__visibility_control.h
[2.743s] -- Up-to-date: /home/ecd507/f1tenth_ws/install/vesc_msgs/lib/libvesc_msgs__rosidl_typesupport_fastrtps_cpp.so
[2.744s] -- Up-to-date: /home/ecd507/f1tenth_ws/install/vesc_msgs/include/vesc_msgs/vesc_msgs
[2.744s] -- Up-to-date: /home/ecd507/f1tenth_ws/install/vesc_msgs/include/vesc_msgs/vesc_msgs/msg
[2.744s] -- Up-to-date: /home/ecd507/f1tenth_ws/install/vesc_msgs/include/vesc_msgs/vesc_msgs/msg/detail
[2.744s] -- Up-to-date: /home/ecd507/f1tenth_ws/install/vesc_msgs/include/vesc_msgs/vesc_msgs/msg/detail/vesc_state__type_support.cpp
[2.744s] -- Up-to-date: /home/ecd507/f1tenth_ws/install/vesc_msgs/include/vesc_msgs/vesc_msgs/msg/detail/vesc_imu__type_support.cpp
[2.744s] -- Up-to-date: /home/ecd507/f1tenth_ws/install/vesc_msgs/include/vesc_msgs/vesc_msgs/msg/detail/vesc_state_stamped__type_support.cpp
[2.755s] -- Up-to-date: /home/ecd507/f1tenth_ws/install/vesc_msgs/include/vesc_msgs/vesc_msgs/msg/detail/vesc_state_stamped__rosidl_typesupport_introspection_cpp.hpp
[2.755s] -- Up-to-date: /home/ecd507/f1tenth_ws/install/vesc_msgs/include/vesc_msgs/vesc_msgs/msg/detail/vesc_imu__rosidl_typesupport_introspection_cpp.hpp
[2.755s] -- Up-to-date: /home/ecd507/f1tenth_ws/install/vesc_msgs/include/vesc_msgs/vesc_msgs/msg/detail/vesc_state__rosidl_typesupport_introspection_cpp.hpp
[2.755s] -- Up-to-date: /home/ecd507/f1tenth_ws/install/vesc_msgs/include/vesc_msgs/vesc_msgs/msg/detail/vesc_imu_stamped__type_support.cpp
[2.755s] -- Up-to-date: /home/ecd507/f1tenth_ws/install/vesc_msgs/include/vesc_msgs/vesc_msgs/msg/detail/vesc_imu_stamped__rosidl_typesupport_introspection_cpp.hpp
[2.792s] -- Up-to-date: /home/ecd507/f1tenth_ws/install/vesc_msgs/lib/libvesc_msgs__rosidl_typesupport_introspection_cpp.so
[2.810s] -- Up-to-date: /home/ecd507/f1tenth_ws/install/vesc_msgs/lib/libvesc_msgs__rosidl_typesupport_cpp.so
[2.810s] -- Up-to-date: /home/ecd507/f1tenth_ws/install/vesc_msgs/share/vesc_msgs/environment/pythonpath.sh
[2.810s] -- Up-to-date: /home/ecd507/f1tenth_ws/install/vesc_msgs/share/vesc_msgs/environment/pythonpath.dsv
[2.810s] -- Up-to-date: /home/ecd507/f1tenth_ws/install/vesc_msgs/local/lib/python3.10/dist-packages/vesc_msgs-1.1.0-py3.10.egg-info
[2.810s] -- Installing: /home/ecd507/f1tenth_ws/install/vesc_msgs/local/lib/python3.10/dist-packages/vesc_msgs-1.1.0-py3.10.egg-info/dependency_links.txt
[2.811s] -- Installing: /home/ecd507/f1tenth_ws/install/vesc_msgs/local/lib/python3.10/dist-packages/vesc_msgs-1.1.0-py3.10.egg-info/PKG-INFO
[2.811s] -- Installing: /home/ecd507/f1tenth_ws/install/vesc_msgs/local/lib/python3.10/dist-packages/vesc_msgs-1.1.0-py3.10.egg-info/SOURCES.txt
[2.811s] -- Installing: /home/ecd507/f1tenth_ws/install/vesc_msgs/local/lib/python3.10/dist-packages/vesc_msgs-1.1.0-py3.10.egg-info/top_level.txt
[2.811s] -- Up-to-date: /home/ecd507/f1tenth_ws/install/vesc_msgs/local/lib/python3.10/dist-packages/vesc_msgs
[2.811s] -- Up-to-date: /home/ecd507/f1tenth_ws/install/vesc_msgs/local/lib/python3.10/dist-packages/vesc_msgs/_vesc_msgs_s.ep.rosidl_typesupport_fastrtps_c.c
[2.811s] -- Up-to-date: /home/ecd507/f1tenth_ws/install/vesc_msgs/local/lib/python3.10/dist-packages/vesc_msgs/vesc_msgs_s__rosidl_typesupport_c.cpython-310-aarch64-linux-gnu.so
[2.812s] -- Up-to-date: /home/ecd507/f1tenth_ws/install/vesc_msgs/local/lib/python3.10/dist-packages/vesc_msgs/libvesc_msgs__rosidl_generator_py.so
[2.812s] -- Up-to-date: /home/ecd507/f1tenth_ws/install/vesc_msgs/local/lib/python3.10/dist-packages/vesc_msgs/_vesc_msgs_s.ep.rosidl_typesupport_introspection_c.c
[2.812s] -- Up-to-date: /home/ecd507/f1tenth_ws/install/vesc_msgs/local/lib/python3.10/dist-packages/vesc_msgs/msg
[2.812s] -- Up-to-date: /home/ecd507/f1tenth_ws/install/vesc_msgs/local/lib/python3.10/dist-packages/vesc_msgs/msg/_vesc_state_stamped.py
[2.812s] -- Up-to-date: /home/ecd507/f1tenth_ws/install/vesc_msgs/local/lib/python3.10/dist-packages/vesc_msgs/msg/_vesc_imu.py
[2.812s] -- Up-to-date: /home/ecd507/f1tenth_ws/install/vesc_msgs/local/lib/python3.10/dist-packages/vesc_msgs/msg/_vesc_imu_stamped.py
[2.812s] -- Up-to-date: /home/ecd507/f1tenth_ws/install/vesc_msgs/local/lib/python3.10/dist-packages/vesc_msgs/msg/_vesc_imu_stamped_s.c
[2.813s] -- Up-to-date: /home/ecd507/f1tenth_ws/install/vesc_msgs/local/lib/python3.10/dist-packages/vesc_msgs/msg/_vesc_state.py
[2.813s] -- Up-to-date: /home/ecd507/f1tenth_ws/install/vesc_msgs/local/lib/python3.10/dist-packages/vesc_msgs/msg/_vesc_state_stamped_s.c
[2.813s] -- Up-to-date: /home/ecd507/f1tenth_ws/install/vesc_msgs/local/lib/python3.10/dist-packages/vesc_msgs/msg/__init__.py
[2.813s] -- Up-to-date: /home/ecd507/f1tenth_ws/install/vesc_msgs/local/lib/python3.10/dist-packages/vesc_msgs/msg/_vesc_state_s.c
[2.813s] -- Up-to-date: /home/ecd507/f1tenth_ws/install/vesc_msgs/local/lib/python3.10/dist-packages/vesc_msgs/msg/_vesc_imu_s.c
[2.814s] -- Up-to-date: /home/ecd507/f1tenth_ws/install/vesc_msgs/local/lib/python3.10/dist-packages/vesc_msgs/_vesc_msgs_s.ep.rosidl_typesupport_c.c
[2.814s] -- Up-to-date: /home/ecd507/f1tenth_ws/install/vesc_msgs/local/lib/python3.10/dist-packages/vesc_msgs/__init__.py
[2.814s] -- Up-to-date: /home/ecd507/f1tenth_ws/install/vesc_msgs/local/lib/python3.10/dist-packages/vesc_msgs/vesc_msgs_s__rosidl_typesupport_fastrtps_c.cpython-310-aarch64-linux-gnu.so
[2.814s] -- Up-to-date: /home/ecd507/f1tenth_ws/install/vesc_msgs/local/lib/python3.10/dist-packages/vesc_msgs/vesc_msgs_s__rosidl_typesupport_introspection_c.cpython-310-aarch64-linux-gnu.so
[3.000s] Listing '/home/ecd507/f1tenth_ws/install/vesc_msgs/local/lib/python3.10/dist-packages/vesc_msgs'...
[3.000s] Listing '/home/ecd507/f1tenth_ws/install/vesc_msgs/local/lib/python3.10/dist-packages/vesc_msgs/msg'...
[3.016s] -- Up-to-date: /home/ecd507/f1tenth_ws/install/vesc_msgs/local/lib/python3.10/dist-packages/vesc_msgs/vesc_msgs_s__rosidl_typesupport_fastrtps_c.cpython-310-aarch64-linux-gnu.so
[3.017s] -- Up-to-date: /home/ecd507/f1tenth_ws/install/vesc_msgs/local/lib/python3.10/dist-packages/vesc_msgs/vesc_msgs_s__rosidl_typesupport_introspection_c.cpython-310-aarch64-linux-gnu.so
[3.021s] -- Up-to-date: /home/ecd507/f1tenth_ws/install/vesc_msgs/local/lib/python3.10/dist-packages/vesc_msgs/vesc_msgs_s__rosidl_typesupport_c.cpython-310-aarch64-linux-gnu.so
[3.024s] -- Up-to-date: /home/ecd507/f1tenth_ws/install/vesc_msgs/lib/libvesc_msgs__rosidl_generator_py.so
[3.024s] -- Up-to-date: /home/ecd507/f1tenth_ws/install/vesc_msgs/share/vesc_msgs/msg/VescState.idl
[3.025s] -- Up-to-date: /home/ecd507/f1tenth_ws/install/vesc_msgs/share/vesc_msgs/msg/VescStateStamped.idl
[3.025s] -- Up-to-date: /home/ecd507/f1tenth_ws/install/vesc_msgs/share/vesc_msgs/msg/VescImu.idl
[3.025s] -- Up-to-date: /home/ecd507/f1tenth_ws/install/vesc_msgs/share/vesc_msgs/msg/VescImuStamped.idl
[3.025s] -- Up-to-date: /home/ecd507/f1tenth_ws/install/vesc_msgs/share/vesc_msgs/msg/VescState.msg
[3.026s] -- Up-to-date: /home/ecd507/f1tenth_ws/install/vesc_msgs/share/vesc_msgs/msg/VescStateStamped.msg
[3.027s] -- Up-to-date: /home/ecd507/f1tenth_ws/install/vesc_msgs/share/vesc_msgs/msg/VescImu.msg
[3.027s] -- Up-to-date: /home/ecd507/f1tenth_ws/install/vesc_msgs/share/vesc_msgs/msg/VescImuStamped.msg
[3.029s] -- Up-to-date: /home/ecd507/f1tenth_ws/install/vesc_msgs/share/ament_index/resource_index/package_run_dependencies/vesc_msgs
[3.029s] -- Up-to-date: /home/ecd507/f1tenth_ws/install/vesc_msgs/share/ament_index/resource_index/parent_prefix_path/vesc_msgs
[3.030s] -- Up-to-date: /home/ecd507/f1tenth_ws/install/vesc_msgs/share/vesc_msgs/environment/ament_prefix_path.sh
[3.030s] -- Up-to-date: /home/ecd507/f1tenth_ws/install/vesc_msgs/share/vesc_msgs/environment/ament_prefix_path.dsv
[3.030s] -- Up-to-date: /home/ecd507/f1tenth_ws/install/vesc_msgs/share/vesc_msgs/environment/path.sh
[3.030s] -- Up-to-date: /home/ecd507/f1tenth_ws/install/vesc_msgs/share/vesc_msgs/environment/path.dsv
[3.030s] -- Up-to-date: /home/ecd507/f1tenth_ws/install/vesc_msgs/share/vesc_msgs/local_setup.bash
[3.031s] -- Up-to-date: /home/ecd507/f1tenth_ws/install/vesc_msgs/share/vesc_msgs/local_setup.sh
[3.031s] -- Up-to-date: /home/ecd507/f1tenth_ws/install/vesc_msgs/share/vesc_msgs/local_setup.zsh
[3.031s] -- Up-to-date: /home/ecd507/f1tenth_ws/install/vesc_msgs/share/vesc_msgs/local_setup.dsv
[3.031s] -- Installing: /home/ecd507/f1tenth_ws/install/vesc_msgs/share/vesc_msgs/package.dsv
[3.031s] -- Up-to-date: /home/ecd507/f1tenth_ws/install/vesc_msgs/share/ament_index/resource_index/packages/vesc_msgs
[3.045s] -- Up-to-date: /home/ecd507/f1tenth_ws/install/vesc_msgs/share/vesc_msgs/cmake/export_vesc_msgs__rosidl_generator_cExport.cmake
[3.046s] -- Up-to-date: /home/ecd507/f1tenth_ws/install/vesc_msgs/share/vesc_msgs/cmake/export_vesc_msgs__rosidl_generator_cExport-noconfig.cmake
[3.046s] -- Up-to-date: /home/ecd507/f1tenth_ws/install/vesc_msgs/share/vesc_msgs/cmake/export_vesc_msgs__rosidl_typesupport_fastrtps_cExport.cmake
[3.046s] -- Up-to-date: /home/ecd507/f1tenth_ws/install/vesc_msgs/share/vesc_msgs/cmake/export_vesc_msgs__rosidl_typesupport_fastrtps_cExport-noconfig.cmake
[3.047s] -- Up-to-date: /home/ecd507/f1tenth_ws/install/vesc_msgs/share/vesc_msgs/cmake/vesc_msgs__rosidl_typesupport_introspection_cExport.cmake
[3.047s] -- Up-to-date: /home/ecd507/f1tenth_ws/install/vesc_msgs/share/vesc_msgs/cmake/vesc_msgs__rosidl_typesupport_introspection_cExport-noconfig.cmake
[3.047s] -- Up-to-date: /home/ecd507/f1tenth_ws/install/vesc_msgs/share/vesc_msgs/cmake/vesc_msgs__rosidl_typesupport_cExport.cmake
[3.048s] -- Up-to-date: /home/ecd507/f1tenth_ws/install/vesc_msgs/share/vesc_msgs/cmake/vesc_msgs__rosidl_typesupport_cExport-noconfig.cmake
[3.049s] -- Up-to-date: /home/ecd507/f1tenth_ws/install/vesc_msgs/share/vesc_msgs/cmake/export_vesc_msgs__rosidl_generator_cppExport.cmake
[3.092s] -- Up-to-date: /home/ecd507/f1tenth_ws/install/vesc_msgs/share/vesc_msgs/cmake/export_vesc_msgs__rosidl_typesupport_fastrtps_cppExport.cmake
[3.093s] -- Up-to-date: /home/ecd507/f1tenth_ws/install/vesc_msgs/share/vesc_msgs/cmake/export_vesc_msgs__rosidl_typesupport_fastrtps_cppExport-noconfig.cmake
[3.093s] -- Up-to-date: /home/ecd507/f1tenth_ws/install/vesc_msgs/share/vesc_msgs/cmake/vesc_msgs__rosidl_typesupport_introspection_cppExport.cmake
[3.093s] -- Up-to-date: /home/ecd507/f1tenth_ws/install/vesc_msgs/share/vesc_msgs/cmake/vesc_msgs__rosidl_typesupport_introspection_cppExport-noconfig.cmake
[3.093s] -- Up-to-date: /home/ecd507/f1tenth_ws/install/vesc_msgs/share/vesc_msgs/cmake/vesc_msgs__rosidl_typesupport_cppExport.cmake
[3.093s] -- Up-to-date: /home/ecd507/f1tenth_ws/install/vesc_msgs/share/vesc_msgs/cmake/vesc_msgs__rosidl_typesupport_cppExport-noconfig.cmake
[3.095s] -- Up-to-date: /home/ecd507/f1tenth_ws/install/vesc_msgs/share/vesc_msgs/cmake/export_vesc_msgs__rosidl_generator_pyExport.cmake
[3.095s] -- Up-to-date: /home/ecd507/f1tenth_ws/install/vesc_msgs/share/vesc_msgs/cmake/export_vesc_msgs__rosidl_generator_pyExport-noconfig.cmake
[3.096s] -- Up-to-date: /home/ecd507/f1tenth_ws/install/vesc_msgs/share/vesc_msgs/cmake/rosidl_cmake-extras.cmake
[3.096s] -- Up-to-date: /home/ecd507/f1tenth_ws/install/vesc_msgs/share/vesc_msgs/cmake/ament_cmake_export_dependencies-extras.cmake
[3.096s] -- Up-to-date: /home/ecd507/f1tenth_ws/install/vesc_msgs/share/vesc_msgs/cmake/ament_cmake_export_include_directories-extras.cmake
[3.096s] -- Up-to-date: /home/ecd507/f1tenth_ws/install/vesc_msgs/share/vesc_msgs/cmake/ament_cmake_export_libraries-extras.cmake
[3.096s] -- Up-to-date: /home/ecd507/f1tenth_ws/install/vesc_msgs/share/vesc_msgs/cmake/ament_cmake_export_targets-extras.cmake
[3.096s] -- Up-to-date: /home/ecd507/f1tenth_ws/install/vesc_msgs/share/vesc_msgs/cmake/rosidl_cmake_export_typesupport_targets-extras.cmake
[3.096s] -- Up-to-date: /home/ecd507/f1tenth_ws/install/vesc_msgs/share/vesc_msgs/cmake/rosidl_cmake_export_typesupport_libraries-extras.cmake
[3.100s] -- Up-to-date: /home/ecd507/f1tenth_ws/install/vesc_msgs/share/vesc_msgs/cmake/vesc_msgsConfig.cmake
[3.100s] -- Up-to-date: /home/ecd507/f1tenth_ws/install/vesc_msgs/share/vesc_msgs/cmake/vesc_msgsConfig-version.cmake
[3.101s] -- Up-to-date: /home/ecd507/f1tenth_ws/install/vesc_msgs/share/vesc_msgs/package.xml
[3.139s] Invoked command in '/home/ecd507/f1tenth_ws/build/vesc_msgs' returned '0': CMAKE_PREFIX_PATH=${CMAKE_PREFIX_PATH}:/home/ecd507/f1tenth_ws/install/f1tenth_stack:/home/ecd507/f1tenth_ws/install/joy_teleop:/home/ecd507/f1tenth_ws/install/ros2_camera:/home/ecd507/f1tenth_ws/install/mouse_teleop:/home/ecd507/f1tenth_ws/install/ml_drive:/home/ecd507/f1tenth_ws/install/ml_algorithm_pkg:/home/ecd507/f1tenth_ws/install/ml_algorithm:/home/ecd507/f1tenth_ws/install/key_teleop:/home/ecd507/f1tenth_ws/install/data_logger:/opt/ros/humble /usr/bin/cmake --install /home/ecd507/f1tenth_ws/build/vesc_msgs
